[0.013s] Invoking command in '/home/maul/ws_kinclong_sim/build/vac_bot': CMAKE_PREFIX_PATH=${CMAKE_PREFIX_PATH}:/opt/ros/jazzy DEBUGINFOD_URLS=https://debuginfod.ubuntu.com PS1=\[\e]0;\u@\h: \w\a\]${debian_chroot:+($debian_chroot)}\[\033[01;32m\]\u@\h\[\033[00m\]:\[\033[01;34m\]\w\[\033[00m\]\$ VIRTUAL_ENV_PROMPT=(venv-ardupilot) /usr/bin/cmake /home/maul/ws_kinclong_sim/vac_bot/src/vac_bot -DCMAKE_INSTALL_PREFIX=/home/maul/ws_kinclong_sim/install/vac_bot
[1.053s] -- The C compiler identification is GNU 13.3.0
[1.821s] -- The CXX compiler identification is GNU 13.3.0
[1.988s] -- Detecting C compiler ABI info
[2.295s] -- Detecting C compiler ABI info - done
[2.305s] -- Check for working C compiler: /usr/lib/ccache/cc - skipped
[2.305s] -- Detecting C compile features
[2.306s] -- Detecting C compile features - done
[2.350s] -- Detecting CXX compiler ABI info
[2.524s] -- Detecting CXX compiler ABI info - done
[2.535s] -- Check for working CXX compiler: /usr/lib/ccache/c++ - skipped
[2.535s] -- Detecting CXX compile features
[2.536s] -- Detecting CXX compile features - done
[2.710s] -- Found ament_cmake: 2.5.2 (/opt/ros/jazzy/share/ament_cmake/cmake)
[2.924s] -- Found Python3: /home/maul/venv-ardupilot/bin/python3 (found version "3.12.3") found components: Interpreter 
[3.178s] -- Found ament_lint_auto: 0.17.1 (/opt/ros/jazzy/share/ament_lint_auto/cmake)
[3.435s] -- Added test 'copyright' to check source files copyright and LICENSE
[3.457s] -- Added test 'flake8' to check Python code syntax and style conventions
[3.457s] -- Configured 'flake8' exclude dirs and/or files: 
[3.458s] -- Added test 'lint_cmake' to check CMake code style
[3.460s] -- Added test 'pep257' to check Python code against some of the docstring style conventions in PEP 257
[3.462s] -- Added test 'xmllint' to check XML markup files
[3.464s] -- Configuring done (3.4s)
[3.467s] -- Generating done (0.0s)
[3.468s] -- Build files have been written to: /home/maul/ws_kinclong_sim/build/vac_bot
[3.474s] Invoked command in '/home/maul/ws_kinclong_sim/build/vac_bot' returned '0': CMAKE_PREFIX_PATH=${CMAKE_PREFIX_PATH}:/opt/ros/jazzy DEBUGINFOD_URLS=https://debuginfod.ubuntu.com PS1=\[\e]0;\u@\h: \w\a\]${debian_chroot:+($debian_chroot)}\[\033[01;32m\]\u@\h\[\033[00m\]:\[\033[01;34m\]\w\[\033[00m\]\$ VIRTUAL_ENV_PROMPT=(venv-ardupilot) /usr/bin/cmake /home/maul/ws_kinclong_sim/vac_bot/src/vac_bot -DCMAKE_INSTALL_PREFIX=/home/maul/ws_kinclong_sim/install/vac_bot
[3.475s] Invoking command in '/home/maul/ws_kinclong_sim/build/vac_bot': CMAKE_PREFIX_PATH=${CMAKE_PREFIX_PATH}:/opt/ros/jazzy DEBUGINFOD_URLS=https://debuginfod.ubuntu.com PS1=\[\e]0;\u@\h: \w\a\]${debian_chroot:+($debian_chroot)}\[\033[01;32m\]\u@\h\[\033[00m\]:\[\033[01;34m\]\w\[\033[00m\]\$ VIRTUAL_ENV_PROMPT=(venv-ardupilot) /usr/bin/cmake --build /home/maul/ws_kinclong_sim/build/vac_bot -- -j8 -l8
[3.511s] Invoked command in '/home/maul/ws_kinclong_sim/build/vac_bot' returned '0': CMAKE_PREFIX_PATH=${CMAKE_PREFIX_PATH}:/opt/ros/jazzy DEBUGINFOD_URLS=https://debuginfod.ubuntu.com PS1=\[\e]0;\u@\h: \w\a\]${debian_chroot:+($debian_chroot)}\[\033[01;32m\]\u@\h\[\033[00m\]:\[\033[01;34m\]\w\[\033[00m\]\$ VIRTUAL_ENV_PROMPT=(venv-ardupilot) /usr/bin/cmake --build /home/maul/ws_kinclong_sim/build/vac_bot -- -j8 -l8
[3.538s] Invoking command in '/home/maul/ws_kinclong_sim/build/vac_bot': CMAKE_PREFIX_PATH=${CMAKE_PREFIX_PATH}:/opt/ros/jazzy DEBUGINFOD_URLS=https://debuginfod.ubuntu.com PS1=\[\e]0;\u@\h: \w\a\]${debian_chroot:+($debian_chroot)}\[\033[01;32m\]\u@\h\[\033[00m\]:\[\033[01;34m\]\w\[\033[00m\]\$ VIRTUAL_ENV_PROMPT=(venv-ardupilot) /usr/bin/cmake --install /home/maul/ws_kinclong_sim/build/vac_bot
[3.546s] -- Install configuration: ""
[3.546s] -- Installing: /home/maul/ws_kinclong_sim/install/vac_bot/share/vac_bot/config
[3.546s] -- Installing: /home/maul/ws_kinclong_sim/install/vac_bot/share/vac_bot/config/view_bot.rviz
[3.546s] -- Installing: /home/maul/ws_kinclong_sim/install/vac_bot/share/vac_bot/config/empty.yaml
[3.546s] -- Installing: /home/maul/ws_kinclong_sim/install/vac_bot/share/vac_bot/description
[3.546s] -- Installing: /home/maul/ws_kinclong_sim/install/vac_bot/share/vac_bot/description/robot.urdf.xacro
[3.546s] -- Installing: /home/maul/ws_kinclong_sim/install/vac_bot/share/vac_bot/description/robot_core.xacro
[3.546s] -- Installing: /home/maul/ws_kinclong_sim/install/vac_bot/share/vac_bot/description/inertial_macros.xacro
[3.546s] -- Installing: /home/maul/ws_kinclong_sim/install/vac_bot/share/vac_bot/launch
[3.547s] -- Installing: /home/maul/ws_kinclong_sim/install/vac_bot/share/vac_bot/launch/rsp.launch.py
[3.547s] -- Installing: /home/maul/ws_kinclong_sim/install/vac_bot/share/vac_bot/launch/launch_sim.launch.py
[3.547s] -- Installing: /home/maul/ws_kinclong_sim/install/vac_bot/share/vac_bot/worlds
[3.547s] -- Installing: /home/maul/ws_kinclong_sim/install/vac_bot/share/vac_bot/worlds/empty.world
[3.547s] -- Installing: /home/maul/ws_kinclong_sim/install/vac_bot/share/ament_index/resource_index/package_run_dependencies/vac_bot
[3.547s] -- Installing: /home/maul/ws_kinclong_sim/install/vac_bot/share/ament_index/resource_index/parent_prefix_path/vac_bot
[3.547s] -- Installing: /home/maul/ws_kinclong_sim/install/vac_bot/share/vac_bot/environment/ament_prefix_path.sh
[3.547s] -- Installing: /home/maul/ws_kinclong_sim/install/vac_bot/share/vac_bot/environment/ament_prefix_path.dsv
[3.547s] -- Installing: /home/maul/ws_kinclong_sim/install/vac_bot/share/vac_bot/environment/path.sh
[3.548s] -- Installing: /home/maul/ws_kinclong_sim/install/vac_bot/share/vac_bot/environment/path.dsv
[3.548s] -- Installing: /home/maul/ws_kinclong_sim/install/vac_bot/share/vac_bot/local_setup.bash
[3.548s] -- Installing: /home/maul/ws_kinclong_sim/install/vac_bot/share/vac_bot/local_setup.sh
[3.548s] -- Installing: /home/maul/ws_kinclong_sim/install/vac_bot/share/vac_bot/local_setup.zsh
[3.548s] -- Installing: /home/maul/ws_kinclong_sim/install/vac_bot/share/vac_bot/local_setup.dsv
[3.548s] -- Installing: /home/maul/ws_kinclong_sim/install/vac_bot/share/vac_bot/package.dsv
[3.548s] -- Installing: /home/maul/ws_kinclong_sim/install/vac_bot/share/ament_index/resource_index/packages/vac_bot
[3.548s] -- Installing: /home/maul/ws_kinclong_sim/install/vac_bot/share/vac_bot/cmake/vac_botConfig.cmake
[3.548s] -- Installing: /home/maul/ws_kinclong_sim/install/vac_bot/share/vac_bot/cmake/vac_botConfig-version.cmake
[3.548s] -- Installing: /home/maul/ws_kinclong_sim/install/vac_bot/share/vac_bot/package.xml
[3.550s] Invoked command in '/home/maul/ws_kinclong_sim/build/vac_bot' returned '0': CMAKE_PREFIX_PATH=${CMAKE_PREFIX_PATH}:/opt/ros/jazzy DEBUGINFOD_URLS=https://debuginfod.ubuntu.com PS1=\[\e]0;\u@\h: \w\a\]${debian_chroot:+($debian_chroot)}\[\033[01;32m\]\u@\h\[\033[00m\]:\[\033[01;34m\]\w\[\033[00m\]\$ VIRTUAL_ENV_PROMPT=(venv-ardupilot) /usr/bin/cmake --install /home/maul/ws_kinclong_sim/build/vac_bot
