[0.402s] DEBUG:colcon:Command line arguments: ['/usr/bin/colcon', 'build']
[0.403s] DEBUG:colcon:Parsed command line arguments: Namespace(log_base=None, log_level=None, verb_name='build', build_base='build', install_base='install', merge_install=False, symlink_install=False, test_result_base=None, continue_on_error=False, executor='parallel', parallel_workers=8, event_handlers=None, ignore_user_meta=False, metas=['./colcon.meta'], base_paths=['.'], packages_ignore=None, packages_ignore_regex=None, paths=None, packages_up_to=None, packages_up_to_regex=None, packages_above=None, packages_above_and_dependencies=None, packages_above_depth=None, packages_select_by_dep=None, packages_skip_by_dep=None, packages_skip_up_to=None, packages_select_build_failed=False, packages_skip_build_finished=False, packages_select_test_failures=False, packages_skip_test_passed=False, packages_select=None, packages_skip=None, packages_select_regex=None, packages_skip_regex=None, packages_start=None, packages_end=None, allow_overriding=[], cmake_args=None, cmake_target=None, cmake_target_skip_unavailable=False, cmake_clean_cache=False, cmake_clean_first=False, cmake_force_configure=False, ament_cmake_args=None, catkin_cmake_args=None, catkin_skip_building_tests=False, mixin_files=None, mixin=None, verb_parser=<colcon_mixin.mixin.mixin_argument.MixinArgumentDecorator object at 0x73223dace8d0>, verb_extension=<colcon_core.verb.build.BuildVerb object at 0x73223dace1e0>, main=<bound method BuildVerb.main of <colcon_core.verb.build.BuildVerb object at 0x73223dace1e0>>, mixin_verb=('build',))
[0.608s] Level 1:colcon.colcon_core.package_discovery:discover_packages(colcon_meta) check parameters
[0.608s] Level 1:colcon.colcon_core.package_discovery:discover_packages(recursive) check parameters
[0.608s] Level 1:colcon.colcon_core.package_discovery:discover_packages(ignore) check parameters
[0.608s] Level 1:colcon.colcon_core.package_discovery:discover_packages(path) check parameters
[0.608s] Level 1:colcon.colcon_core.package_discovery:discover_packages(colcon_meta) discover
[0.608s] Level 1:colcon.colcon_core.package_discovery:discover_packages(recursive) discover
[0.608s] INFO:colcon.colcon_core.package_discovery:Crawling recursively for packages in '/home/maul/ws_kinclong_sim'
[0.608s] Level 1:colcon.colcon_core.package_identification:_identify(.) by extensions ['ignore', 'ignore_ament_install']
[0.609s] Level 1:colcon.colcon_core.package_identification:_identify(.) by extension 'ignore'
[0.609s] Level 1:colcon.colcon_core.package_identification:_identify(.) by extension 'ignore_ament_install'
[0.609s] Level 1:colcon.colcon_core.package_identification:_identify(.) by extensions ['colcon_pkg']
[0.609s] Level 1:colcon.colcon_core.package_identification:_identify(.) by extension 'colcon_pkg'
[0.609s] Level 1:colcon.colcon_core.package_identification:_identify(.) by extensions ['colcon_meta']
[0.609s] Level 1:colcon.colcon_core.package_identification:_identify(.) by extension 'colcon_meta'
[0.609s] Level 1:colcon.colcon_core.package_identification:_identify(.) by extensions ['ros']
[0.609s] Level 1:colcon.colcon_core.package_identification:_identify(.) by extension 'ros'
[0.684s] Level 1:colcon.colcon_core.package_identification:_identify(.) by extensions ['cmake', 'python']
[0.684s] Level 1:colcon.colcon_core.package_identification:_identify(.) by extension 'cmake'
[0.684s] Level 1:colcon.colcon_core.package_identification:_identify(.) by extension 'python'
[0.685s] Level 1:colcon.colcon_core.package_identification:_identify(.) by extensions ['python_setup_py']
[0.685s] Level 1:colcon.colcon_core.package_identification:_identify(.) by extension 'python_setup_py'
[0.685s] Level 1:colcon.colcon_core.package_identification:_identify(build) by extensions ['ignore', 'ignore_ament_install']
[0.685s] Level 1:colcon.colcon_core.package_identification:_identify(build) by extension 'ignore'
[0.685s] Level 1:colcon.colcon_core.package_identification:_identify(build) ignored
[0.685s] Level 1:colcon.colcon_core.package_identification:_identify(install) by extensions ['ignore', 'ignore_ament_install']
[0.685s] Level 1:colcon.colcon_core.package_identification:_identify(install) by extension 'ignore'
[0.685s] Level 1:colcon.colcon_core.package_identification:_identify(install) ignored
[0.685s] Level 1:colcon.colcon_core.package_identification:_identify(log) by extensions ['ignore', 'ignore_ament_install']
[0.686s] Level 1:colcon.colcon_core.package_identification:_identify(log) by extension 'ignore'
[0.686s] Level 1:colcon.colcon_core.package_identification:_identify(log) ignored
[0.693s] Level 1:colcon.colcon_core.package_identification:_identify(m-explore-ros2) by extensions ['ignore', 'ignore_ament_install']
[0.693s] Level 1:colcon.colcon_core.package_identification:_identify(m-explore-ros2) by extension 'ignore'
[0.693s] Level 1:colcon.colcon_core.package_identification:_identify(m-explore-ros2) by extension 'ignore_ament_install'
[0.694s] Level 1:colcon.colcon_core.package_identification:_identify(m-explore-ros2) by extensions ['colcon_pkg']
[0.694s] Level 1:colcon.colcon_core.package_identification:_identify(m-explore-ros2) by extension 'colcon_pkg'
[0.694s] Level 1:colcon.colcon_core.package_identification:_identify(m-explore-ros2) by extensions ['colcon_meta']
[0.694s] Level 1:colcon.colcon_core.package_identification:_identify(m-explore-ros2) by extension 'colcon_meta'
[0.694s] Level 1:colcon.colcon_core.package_identification:_identify(m-explore-ros2) by extensions ['ros']
[0.694s] Level 1:colcon.colcon_core.package_identification:_identify(m-explore-ros2) by extension 'ros'
[0.694s] Level 1:colcon.colcon_core.package_identification:_identify(m-explore-ros2) by extensions ['cmake', 'python']
[0.694s] Level 1:colcon.colcon_core.package_identification:_identify(m-explore-ros2) by extension 'cmake'
[0.694s] Level 1:colcon.colcon_core.package_identification:_identify(m-explore-ros2) by extension 'python'
[0.694s] Level 1:colcon.colcon_core.package_identification:_identify(m-explore-ros2) by extensions ['python_setup_py']
[0.694s] Level 1:colcon.colcon_core.package_identification:_identify(m-explore-ros2) by extension 'python_setup_py'
[0.695s] Level 1:colcon.colcon_core.package_identification:_identify(m-explore-ros2/explore) by extensions ['ignore', 'ignore_ament_install']
[0.695s] Level 1:colcon.colcon_core.package_identification:_identify(m-explore-ros2/explore) by extension 'ignore'
[0.695s] Level 1:colcon.colcon_core.package_identification:_identify(m-explore-ros2/explore) by extension 'ignore_ament_install'
[0.695s] Level 1:colcon.colcon_core.package_identification:_identify(m-explore-ros2/explore) by extensions ['colcon_pkg']
[0.695s] Level 1:colcon.colcon_core.package_identification:_identify(m-explore-ros2/explore) by extension 'colcon_pkg'
[0.695s] Level 1:colcon.colcon_core.package_identification:_identify(m-explore-ros2/explore) by extensions ['colcon_meta']
[0.695s] Level 1:colcon.colcon_core.package_identification:_identify(m-explore-ros2/explore) by extension 'colcon_meta'
[0.695s] Level 1:colcon.colcon_core.package_identification:_identify(m-explore-ros2/explore) by extensions ['ros']
[0.695s] Level 1:colcon.colcon_core.package_identification:_identify(m-explore-ros2/explore) by extension 'ros'
[0.714s] DEBUG:colcon.colcon_core.package_identification:Package 'm-explore-ros2/explore' with type 'ros.ament_cmake' and name 'explore_lite'
[0.715s] Level 1:colcon.colcon_core.package_identification:_identify(m-explore-ros2/map_merge) by extensions ['ignore', 'ignore_ament_install']
[0.715s] Level 1:colcon.colcon_core.package_identification:_identify(m-explore-ros2/map_merge) by extension 'ignore'
[0.715s] Level 1:colcon.colcon_core.package_identification:_identify(m-explore-ros2/map_merge) by extension 'ignore_ament_install'
[0.715s] Level 1:colcon.colcon_core.package_identification:_identify(m-explore-ros2/map_merge) by extensions ['colcon_pkg']
[0.715s] Level 1:colcon.colcon_core.package_identification:_identify(m-explore-ros2/map_merge) by extension 'colcon_pkg'
[0.715s] Level 1:colcon.colcon_core.package_identification:_identify(m-explore-ros2/map_merge) by extensions ['colcon_meta']
[0.715s] Level 1:colcon.colcon_core.package_identification:_identify(m-explore-ros2/map_merge) by extension 'colcon_meta'
[0.715s] Level 1:colcon.colcon_core.package_identification:_identify(m-explore-ros2/map_merge) by extensions ['ros']
[0.715s] Level 1:colcon.colcon_core.package_identification:_identify(m-explore-ros2/map_merge) by extension 'ros'
[0.716s] DEBUG:colcon.colcon_core.package_identification:Package 'm-explore-ros2/map_merge' with type 'ros.ament_cmake' and name 'multirobot_map_merge'
[0.716s] Level 1:colcon.colcon_core.package_identification:_identify(vac_bot) by extensions ['ignore', 'ignore_ament_install']
[0.716s] Level 1:colcon.colcon_core.package_identification:_identify(vac_bot) by extension 'ignore'
[0.717s] Level 1:colcon.colcon_core.package_identification:_identify(vac_bot) by extension 'ignore_ament_install'
[0.717s] Level 1:colcon.colcon_core.package_identification:_identify(vac_bot) by extensions ['colcon_pkg']
[0.717s] Level 1:colcon.colcon_core.package_identification:_identify(vac_bot) by extension 'colcon_pkg'
[0.717s] Level 1:colcon.colcon_core.package_identification:_identify(vac_bot) by extensions ['colcon_meta']
[0.717s] Level 1:colcon.colcon_core.package_identification:_identify(vac_bot) by extension 'colcon_meta'
[0.717s] Level 1:colcon.colcon_core.package_identification:_identify(vac_bot) by extensions ['ros']
[0.717s] Level 1:colcon.colcon_core.package_identification:_identify(vac_bot) by extension 'ros'
[0.717s] Level 1:colcon.colcon_core.package_identification:_identify(vac_bot) by extensions ['cmake', 'python']
[0.717s] Level 1:colcon.colcon_core.package_identification:_identify(vac_bot) by extension 'cmake'
[0.717s] Level 1:colcon.colcon_core.package_identification:_identify(vac_bot) by extension 'python'
[0.717s] Level 1:colcon.colcon_core.package_identification:_identify(vac_bot) by extensions ['python_setup_py']
[0.717s] Level 1:colcon.colcon_core.package_identification:_identify(vac_bot) by extension 'python_setup_py'
[0.717s] Level 1:colcon.colcon_core.package_identification:_identify(vac_bot/build) by extensions ['ignore', 'ignore_ament_install']
[0.717s] Level 1:colcon.colcon_core.package_identification:_identify(vac_bot/build) by extension 'ignore'
[0.718s] Level 1:colcon.colcon_core.package_identification:_identify(vac_bot/build) ignored
[0.718s] Level 1:colcon.colcon_core.package_identification:_identify(vac_bot/install) by extensions ['ignore', 'ignore_ament_install']
[0.718s] Level 1:colcon.colcon_core.package_identification:_identify(vac_bot/install) by extension 'ignore'
[0.718s] Level 1:colcon.colcon_core.package_identification:_identify(vac_bot/install) ignored
[0.718s] Level 1:colcon.colcon_core.package_identification:_identify(vac_bot/log) by extensions ['ignore', 'ignore_ament_install']
[0.718s] Level 1:colcon.colcon_core.package_identification:_identify(vac_bot/log) by extension 'ignore'
[0.718s] Level 1:colcon.colcon_core.package_identification:_identify(vac_bot/log) ignored
[0.718s] Level 1:colcon.colcon_core.package_identification:_identify(vac_bot/src) by extensions ['ignore', 'ignore_ament_install']
[0.718s] Level 1:colcon.colcon_core.package_identification:_identify(vac_bot/src) by extension 'ignore'
[0.719s] Level 1:colcon.colcon_core.package_identification:_identify(vac_bot/src) by extension 'ignore_ament_install'
[0.719s] Level 1:colcon.colcon_core.package_identification:_identify(vac_bot/src) by extensions ['colcon_pkg']
[0.719s] Level 1:colcon.colcon_core.package_identification:_identify(vac_bot/src) by extension 'colcon_pkg'
[0.719s] Level 1:colcon.colcon_core.package_identification:_identify(vac_bot/src) by extensions ['colcon_meta']
[0.719s] Level 1:colcon.colcon_core.package_identification:_identify(vac_bot/src) by extension 'colcon_meta'
[0.719s] Level 1:colcon.colcon_core.package_identification:_identify(vac_bot/src) by extensions ['ros']
[0.719s] Level 1:colcon.colcon_core.package_identification:_identify(vac_bot/src) by extension 'ros'
[0.719s] Level 1:colcon.colcon_core.package_identification:_identify(vac_bot/src) by extensions ['cmake', 'python']
[0.719s] Level 1:colcon.colcon_core.package_identification:_identify(vac_bot/src) by extension 'cmake'
[0.719s] Level 1:colcon.colcon_core.package_identification:_identify(vac_bot/src) by extension 'python'
[0.719s] Level 1:colcon.colcon_core.package_identification:_identify(vac_bot/src) by extensions ['python_setup_py']
[0.719s] Level 1:colcon.colcon_core.package_identification:_identify(vac_bot/src) by extension 'python_setup_py'
[0.719s] Level 1:colcon.colcon_core.package_identification:_identify(vac_bot/src/vac_bot) by extensions ['ignore', 'ignore_ament_install']
[0.719s] Level 1:colcon.colcon_core.package_identification:_identify(vac_bot/src/vac_bot) by extension 'ignore'
[0.720s] Level 1:colcon.colcon_core.package_identification:_identify(vac_bot/src/vac_bot) by extension 'ignore_ament_install'
[0.720s] Level 1:colcon.colcon_core.package_identification:_identify(vac_bot/src/vac_bot) by extensions ['colcon_pkg']
[0.720s] Level 1:colcon.colcon_core.package_identification:_identify(vac_bot/src/vac_bot) by extension 'colcon_pkg'
[0.720s] Level 1:colcon.colcon_core.package_identification:_identify(vac_bot/src/vac_bot) by extensions ['colcon_meta']
[0.720s] Level 1:colcon.colcon_core.package_identification:_identify(vac_bot/src/vac_bot) by extension 'colcon_meta'
[0.720s] Level 1:colcon.colcon_core.package_identification:_identify(vac_bot/src/vac_bot) by extensions ['ros']
[0.720s] Level 1:colcon.colcon_core.package_identification:_identify(vac_bot/src/vac_bot) by extension 'ros'
[0.736s] DEBUG:colcon.colcon_core.package_identification:Package 'vac_bot/src/vac_bot' with type 'ros.ament_cmake' and name 'vac_bot'
[0.737s] Level 1:colcon.colcon_core.package_discovery:discover_packages(recursive) using defaults
[0.737s] Level 1:colcon.colcon_core.package_discovery:discover_packages(ignore) discover
[0.737s] Level 1:colcon.colcon_core.package_discovery:discover_packages(ignore) using defaults
[0.737s] Level 1:colcon.colcon_core.package_discovery:discover_packages(path) discover
[0.737s] Level 1:colcon.colcon_core.package_discovery:discover_packages(path) using defaults
[0.817s] Level 1:colcon.colcon_core.package_discovery:discover_packages(prefix_path) check parameters
[0.817s] Level 1:colcon.colcon_core.package_discovery:discover_packages(prefix_path) discover
[0.881s] WARNING:colcon.colcon_ros.prefix_path.catkin:The path '/usr/local/include/mavlink' in the environment variable CMAKE_PREFIX_PATH doesn't exist
[0.881s] WARNING:colcon.colcon_ros.prefix_path.catkin:The path '/usr/local/share/mavlink/cmake' in the environment variable CMAKE_PREFIX_PATH doesn't exist
[0.900s] DEBUG:colcon.colcon_installed_package_information.package_discovery:Found 3 installed packages in /home/maul/ws_kinclong_sim/install
[0.927s] DEBUG:colcon.colcon_installed_package_information.package_discovery:Found 1 installed packages in /home/maul/simulation_learning/sim_ws/install
[0.940s] DEBUG:colcon.colcon_installed_package_information.package_discovery:Found 1 installed packages in /home/maul/simulation_learning/articubot_one/install
[0.980s] DEBUG:colcon.colcon_installed_package_information.package_discovery:Found 424 installed packages in /opt/ros/jazzy
[0.982s] Level 1:colcon.colcon_core.package_discovery:discover_packages(prefix_path) using defaults
[1.054s] Level 5:colcon.colcon_core.verb:set package 'explore_lite' build argument 'cmake_args' from command line to 'None'
[1.054s] Level 5:colcon.colcon_core.verb:set package 'explore_lite' build argument 'cmake_target' from command line to 'None'
[1.054s] Level 5:colcon.colcon_core.verb:set package 'explore_lite' build argument 'cmake_target_skip_unavailable' from command line to 'False'
[1.054s] Level 5:colcon.colcon_core.verb:set package 'explore_lite' build argument 'cmake_clean_cache' from command line to 'False'
[1.054s] Level 5:colcon.colcon_core.verb:set package 'explore_lite' build argument 'cmake_clean_first' from command line to 'False'
[1.054s] Level 5:colcon.colcon_core.verb:set package 'explore_lite' build argument 'cmake_force_configure' from command line to 'False'
[1.054s] Level 5:colcon.colcon_core.verb:set package 'explore_lite' build argument 'ament_cmake_args' from command line to 'None'
[1.054s] Level 5:colcon.colcon_core.verb:set package 'explore_lite' build argument 'catkin_cmake_args' from command line to 'None'
[1.054s] Level 5:colcon.colcon_core.verb:set package 'explore_lite' build argument 'catkin_skip_building_tests' from command line to 'False'
[1.055s] DEBUG:colcon.colcon_core.verb:Building package 'explore_lite' with the following arguments: {'ament_cmake_args': None, 'build_base': '/home/maul/ws_kinclong_sim/build/explore_lite', 'catkin_cmake_args': None, 'catkin_skip_building_tests': False, 'cmake_args': None, 'cmake_clean_cache': False, 'cmake_clean_first': False, 'cmake_force_configure': False, 'cmake_target': None, 'cmake_target_skip_unavailable': False, 'install_base': '/home/maul/ws_kinclong_sim/install/explore_lite', 'merge_install': False, 'path': '/home/maul/ws_kinclong_sim/m-explore-ros2/explore', 'symlink_install': False, 'test_result_base': None}
[1.055s] Level 5:colcon.colcon_core.verb:set package 'multirobot_map_merge' build argument 'cmake_args' from command line to 'None'
[1.055s] Level 5:colcon.colcon_core.verb:set package 'multirobot_map_merge' build argument 'cmake_target' from command line to 'None'
[1.055s] Level 5:colcon.colcon_core.verb:set package 'multirobot_map_merge' build argument 'cmake_target_skip_unavailable' from command line to 'False'
[1.055s] Level 5:colcon.colcon_core.verb:set package 'multirobot_map_merge' build argument 'cmake_clean_cache' from command line to 'False'
[1.055s] Level 5:colcon.colcon_core.verb:set package 'multirobot_map_merge' build argument 'cmake_clean_first' from command line to 'False'
[1.055s] Level 5:colcon.colcon_core.verb:set package 'multirobot_map_merge' build argument 'cmake_force_configure' from command line to 'False'
[1.055s] Level 5:colcon.colcon_core.verb:set package 'multirobot_map_merge' build argument 'ament_cmake_args' from command line to 'None'
[1.055s] Level 5:colcon.colcon_core.verb:set package 'multirobot_map_merge' build argument 'catkin_cmake_args' from command line to 'None'
[1.055s] Level 5:colcon.colcon_core.verb:set package 'multirobot_map_merge' build argument 'catkin_skip_building_tests' from command line to 'False'
[1.055s] DEBUG:colcon.colcon_core.verb:Building package 'multirobot_map_merge' with the following arguments: {'ament_cmake_args': None, 'build_base': '/home/maul/ws_kinclong_sim/build/multirobot_map_merge', 'catkin_cmake_args': None, 'catkin_skip_building_tests': False, 'cmake_args': None, 'cmake_clean_cache': False, 'cmake_clean_first': False, 'cmake_force_configure': False, 'cmake_target': None, 'cmake_target_skip_unavailable': False, 'install_base': '/home/maul/ws_kinclong_sim/install/multirobot_map_merge', 'merge_install': False, 'path': '/home/maul/ws_kinclong_sim/m-explore-ros2/map_merge', 'symlink_install': False, 'test_result_base': None}
[1.055s] Level 5:colcon.colcon_core.verb:set package 'vac_bot' build argument 'cmake_args' from command line to 'None'
[1.055s] Level 5:colcon.colcon_core.verb:set package 'vac_bot' build argument 'cmake_target' from command line to 'None'
[1.056s] Level 5:colcon.colcon_core.verb:set package 'vac_bot' build argument 'cmake_target_skip_unavailable' from command line to 'False'
[1.056s] Level 5:colcon.colcon_core.verb:set package 'vac_bot' build argument 'cmake_clean_cache' from command line to 'False'
[1.056s] Level 5:colcon.colcon_core.verb:set package 'vac_bot' build argument 'cmake_clean_first' from command line to 'False'
[1.056s] Level 5:colcon.colcon_core.verb:set package 'vac_bot' build argument 'cmake_force_configure' from command line to 'False'
[1.056s] Level 5:colcon.colcon_core.verb:set package 'vac_bot' build argument 'ament_cmake_args' from command line to 'None'
[1.056s] Level 5:colcon.colcon_core.verb:set package 'vac_bot' build argument 'catkin_cmake_args' from command line to 'None'
[1.056s] Level 5:colcon.colcon_core.verb:set package 'vac_bot' build argument 'catkin_skip_building_tests' from command line to 'False'
[1.056s] DEBUG:colcon.colcon_core.verb:Building package 'vac_bot' with the following arguments: {'ament_cmake_args': None, 'build_base': '/home/maul/ws_kinclong_sim/build/vac_bot', 'catkin_cmake_args': None, 'catkin_skip_building_tests': False, 'cmake_args': None, 'cmake_clean_cache': False, 'cmake_clean_first': False, 'cmake_force_configure': False, 'cmake_target': None, 'cmake_target_skip_unavailable': False, 'install_base': '/home/maul/ws_kinclong_sim/install/vac_bot', 'merge_install': False, 'path': '/home/maul/ws_kinclong_sim/vac_bot/src/vac_bot', 'symlink_install': False, 'test_result_base': None}
[1.056s] INFO:colcon.colcon_core.executor:Executing jobs using 'parallel' executor
[1.057s] DEBUG:colcon.colcon_parallel_executor.executor.parallel:run_until_complete
[1.057s] INFO:colcon.colcon_ros.task.ament_cmake.build:Building ROS package in '/home/maul/ws_kinclong_sim/m-explore-ros2/explore' with build type 'ament_cmake'
[1.057s] INFO:colcon.colcon_cmake.task.cmake.build:Building CMake package in '/home/maul/ws_kinclong_sim/m-explore-ros2/explore'
[1.061s] INFO:colcon.colcon_core.plugin_system:Skipping extension 'colcon_core.shell.bat': Not used on non-Windows systems
[1.062s] INFO:colcon.colcon_core.shell:Skip shell extension 'powershell' for command environment: Not usable outside of PowerShell
[1.062s] DEBUG:colcon.colcon_core.shell:Skip shell extension 'dsv' for command environment
[1.084s] INFO:colcon.colcon_ros.task.ament_cmake.build:Building ROS package in '/home/maul/ws_kinclong_sim/m-explore-ros2/map_merge' with build type 'ament_cmake'
[1.084s] INFO:colcon.colcon_cmake.task.cmake.build:Building CMake package in '/home/maul/ws_kinclong_sim/m-explore-ros2/map_merge'
[1.084s] INFO:colcon.colcon_core.shell:Skip shell extension 'powershell' for command environment: Not usable outside of PowerShell
[1.085s] DEBUG:colcon.colcon_core.shell:Skip shell extension 'dsv' for command environment
[1.089s] INFO:colcon.colcon_ros.task.ament_cmake.build:Building ROS package in '/home/maul/ws_kinclong_sim/vac_bot/src/vac_bot' with build type 'ament_cmake'
[1.089s] INFO:colcon.colcon_cmake.task.cmake.build:Building CMake package in '/home/maul/ws_kinclong_sim/vac_bot/src/vac_bot'
[1.090s] INFO:colcon.colcon_core.shell:Skip shell extension 'powershell' for command environment: Not usable outside of PowerShell
[1.090s] DEBUG:colcon.colcon_core.shell:Skip shell extension 'dsv' for command environment
[1.099s] DEBUG:colcon.colcon_core.event_handler.log_command:Invoking command in '/home/maul/ws_kinclong_sim/build/explore_lite': CMAKE_PREFIX_PATH=${CMAKE_PREFIX_PATH}:/opt/ros/jazzy DEBUGINFOD_URLS=https://debuginfod.ubuntu.com PS1=\[\e]0;\u@\h: \w\a\]${debian_chroot:+($debian_chroot)}\[\033[01;32m\]\u@\h\[\033[00m\]:\[\033[01;34m\]\w\[\033[00m\]\$ VIRTUAL_ENV_PROMPT=(venv-ardupilot) /usr/bin/cmake --build /home/maul/ws_kinclong_sim/build/explore_lite -- -j8 -l8
[1.156s] DEBUG:colcon.colcon_core.event_handler.log_command:Invoking command in '/home/maul/ws_kinclong_sim/build/multirobot_map_merge': CMAKE_PREFIX_PATH=${CMAKE_PREFIX_PATH}:/opt/ros/jazzy DEBUGINFOD_URLS=https://debuginfod.ubuntu.com PS1=\[\e]0;\u@\h: \w\a\]${debian_chroot:+($debian_chroot)}\[\033[01;32m\]\u@\h\[\033[00m\]:\[\033[01;34m\]\w\[\033[00m\]\$ VIRTUAL_ENV_PROMPT=(venv-ardupilot) /usr/bin/cmake --build /home/maul/ws_kinclong_sim/build/multirobot_map_merge -- -j8 -l8
[1.157s] DEBUG:colcon.colcon_core.event_handler.log_command:Invoking command in '/home/maul/ws_kinclong_sim/build/vac_bot': CMAKE_PREFIX_PATH=${CMAKE_PREFIX_PATH}:/opt/ros/jazzy DEBUGINFOD_URLS=https://debuginfod.ubuntu.com PS1=\[\e]0;\u@\h: \w\a\]${debian_chroot:+($debian_chroot)}\[\033[01;32m\]\u@\h\[\033[00m\]:\[\033[01;34m\]\w\[\033[00m\]\$ VIRTUAL_ENV_PROMPT=(venv-ardupilot) /usr/bin/cmake --build /home/maul/ws_kinclong_sim/build/vac_bot -- -j8 -l8
[1.308s] DEBUG:colcon.colcon_core.event_handler.log_command:Invoked command in '/home/maul/ws_kinclong_sim/build/multirobot_map_merge' returned '0': CMAKE_PREFIX_PATH=${CMAKE_PREFIX_PATH}:/opt/ros/jazzy DEBUGINFOD_URLS=https://debuginfod.ubuntu.com PS1=\[\e]0;\u@\h: \w\a\]${debian_chroot:+($debian_chroot)}\[\033[01;32m\]\u@\h\[\033[00m\]:\[\033[01;34m\]\w\[\033[00m\]\$ VIRTUAL_ENV_PROMPT=(venv-ardupilot) /usr/bin/cmake --build /home/maul/ws_kinclong_sim/build/multirobot_map_merge -- -j8 -l8
[1.337s] DEBUG:colcon.colcon_core.event_handler.log_command:Invoking command in '/home/maul/ws_kinclong_sim/build/multirobot_map_merge': CMAKE_PREFIX_PATH=${CMAKE_PREFIX_PATH}:/opt/ros/jazzy DEBUGINFOD_URLS=https://debuginfod.ubuntu.com PS1=\[\e]0;\u@\h: \w\a\]${debian_chroot:+($debian_chroot)}\[\033[01;32m\]\u@\h\[\033[00m\]:\[\033[01;34m\]\w\[\033[00m\]\$ VIRTUAL_ENV_PROMPT=(venv-ardupilot) /usr/bin/cmake --install /home/maul/ws_kinclong_sim/build/multirobot_map_merge
[1.338s] DEBUG:colcon.colcon_core.event_handler.log_command:Invoked command in '/home/maul/ws_kinclong_sim/build/explore_lite' returned '0': CMAKE_PREFIX_PATH=${CMAKE_PREFIX_PATH}:/opt/ros/jazzy DEBUGINFOD_URLS=https://debuginfod.ubuntu.com PS1=\[\e]0;\u@\h: \w\a\]${debian_chroot:+($debian_chroot)}\[\033[01;32m\]\u@\h\[\033[00m\]:\[\033[01;34m\]\w\[\033[00m\]\$ VIRTUAL_ENV_PROMPT=(venv-ardupilot) /usr/bin/cmake --build /home/maul/ws_kinclong_sim/build/explore_lite -- -j8 -l8
[1.339s] DEBUG:colcon.colcon_core.event_handler.log_command:Invoking command in '/home/maul/ws_kinclong_sim/build/explore_lite': CMAKE_PREFIX_PATH=${CMAKE_PREFIX_PATH}:/opt/ros/jazzy DEBUGINFOD_URLS=https://debuginfod.ubuntu.com PS1=\[\e]0;\u@\h: \w\a\]${debian_chroot:+($debian_chroot)}\[\033[01;32m\]\u@\h\[\033[00m\]:\[\033[01;34m\]\w\[\033[00m\]\$ VIRTUAL_ENV_PROMPT=(venv-ardupilot) /usr/bin/cmake --install /home/maul/ws_kinclong_sim/build/explore_lite
[1.398s] Level 1:colcon.colcon_core.environment:create_environment_scripts_only(multirobot_map_merge)
[1.399s] DEBUG:colcon.colcon_core.event_handler.log_command:Invoked command in '/home/maul/ws_kinclong_sim/build/multirobot_map_merge' returned '0': CMAKE_PREFIX_PATH=${CMAKE_PREFIX_PATH}:/opt/ros/jazzy DEBUGINFOD_URLS=https://debuginfod.ubuntu.com PS1=\[\e]0;\u@\h: \w\a\]${debian_chroot:+($debian_chroot)}\[\033[01;32m\]\u@\h\[\033[00m\]:\[\033[01;34m\]\w\[\033[00m\]\$ VIRTUAL_ENV_PROMPT=(venv-ardupilot) /usr/bin/cmake --install /home/maul/ws_kinclong_sim/build/multirobot_map_merge
[1.402s] Level 1:colcon.colcon_core.environment:checking '/home/maul/ws_kinclong_sim/install/multirobot_map_merge' for CMake module files
[1.403s] Level 1:colcon.colcon_core.environment:checking '/home/maul/ws_kinclong_sim/install/multirobot_map_merge' for CMake config files
[1.403s] Level 1:colcon.colcon_core.shell:create_environment_hook('multirobot_map_merge', 'cmake_prefix_path')
[1.403s] INFO:colcon.colcon_core.shell:Creating environment hook '/home/maul/ws_kinclong_sim/install/multirobot_map_merge/share/multirobot_map_merge/hook/cmake_prefix_path.ps1'
[1.419s] INFO:colcon.colcon_core.shell:Creating environment descriptor '/home/maul/ws_kinclong_sim/install/multirobot_map_merge/share/multirobot_map_merge/hook/cmake_prefix_path.dsv'
[1.420s] INFO:colcon.colcon_core.shell:Creating environment hook '/home/maul/ws_kinclong_sim/install/multirobot_map_merge/share/multirobot_map_merge/hook/cmake_prefix_path.sh'
[1.422s] Level 1:colcon.colcon_core.environment:checking '/home/maul/ws_kinclong_sim/install/multirobot_map_merge/lib'
[1.422s] Level 1:colcon.colcon_core.environment:checking '/home/maul/ws_kinclong_sim/install/multirobot_map_merge/bin'
[1.422s] Level 1:colcon.colcon_core.environment:checking '/home/maul/ws_kinclong_sim/install/multirobot_map_merge/lib/pkgconfig/multirobot_map_merge.pc'
[1.423s] Level 1:colcon.colcon_core.environment:checking '/home/maul/ws_kinclong_sim/install/multirobot_map_merge/lib/python3.12/site-packages'
[1.423s] Level 1:colcon.colcon_core.environment:checking '/home/maul/ws_kinclong_sim/install/multirobot_map_merge/bin'
[1.423s] INFO:colcon.colcon_core.shell:Creating package script '/home/maul/ws_kinclong_sim/install/multirobot_map_merge/share/multirobot_map_merge/package.ps1'
[1.424s] INFO:colcon.colcon_core.shell:Creating package descriptor '/home/maul/ws_kinclong_sim/install/multirobot_map_merge/share/multirobot_map_merge/package.dsv'
[1.425s] INFO:colcon.colcon_core.shell:Creating package script '/home/maul/ws_kinclong_sim/install/multirobot_map_merge/share/multirobot_map_merge/package.sh'
[1.425s] INFO:colcon.colcon_core.shell:Creating package script '/home/maul/ws_kinclong_sim/install/multirobot_map_merge/share/multirobot_map_merge/package.bash'
[1.445s] INFO:colcon.colcon_core.shell:Creating package script '/home/maul/ws_kinclong_sim/install/multirobot_map_merge/share/multirobot_map_merge/package.zsh'
[1.460s] Level 1:colcon.colcon_core.environment:create_file_with_runtime_dependencies(/home/maul/ws_kinclong_sim/install/multirobot_map_merge/share/colcon-core/packages/multirobot_map_merge)
[1.461s] Level 1:colcon.colcon_core.environment:create_environment_scripts_only(multirobot_map_merge)
[1.461s] Level 1:colcon.colcon_core.environment:checking '/home/maul/ws_kinclong_sim/install/multirobot_map_merge' for CMake module files
[1.462s] Level 1:colcon.colcon_core.environment:checking '/home/maul/ws_kinclong_sim/install/multirobot_map_merge' for CMake config files
[1.462s] Level 1:colcon.colcon_core.shell:create_environment_hook('multirobot_map_merge', 'cmake_prefix_path')
[1.462s] INFO:colcon.colcon_core.shell:Creating environment hook '/home/maul/ws_kinclong_sim/install/multirobot_map_merge/share/multirobot_map_merge/hook/cmake_prefix_path.ps1'
[1.463s] INFO:colcon.colcon_core.shell:Creating environment descriptor '/home/maul/ws_kinclong_sim/install/multirobot_map_merge/share/multirobot_map_merge/hook/cmake_prefix_path.dsv'
[1.463s] INFO:colcon.colcon_core.shell:Creating environment hook '/home/maul/ws_kinclong_sim/install/multirobot_map_merge/share/multirobot_map_merge/hook/cmake_prefix_path.sh'
[1.464s] Level 1:colcon.colcon_core.environment:checking '/home/maul/ws_kinclong_sim/install/multirobot_map_merge/lib'
[1.464s] Level 1:colcon.colcon_core.environment:checking '/home/maul/ws_kinclong_sim/install/multirobot_map_merge/bin'
[1.464s] Level 1:colcon.colcon_core.environment:checking '/home/maul/ws_kinclong_sim/install/multirobot_map_merge/lib/pkgconfig/multirobot_map_merge.pc'
[1.464s] Level 1:colcon.colcon_core.environment:checking '/home/maul/ws_kinclong_sim/install/multirobot_map_merge/lib/python3.12/site-packages'
[1.464s] Level 1:colcon.colcon_core.environment:checking '/home/maul/ws_kinclong_sim/install/multirobot_map_merge/bin'
[1.465s] INFO:colcon.colcon_core.shell:Creating package script '/home/maul/ws_kinclong_sim/install/multirobot_map_merge/share/multirobot_map_merge/package.ps1'
[1.465s] INFO:colcon.colcon_core.shell:Creating package descriptor '/home/maul/ws_kinclong_sim/install/multirobot_map_merge/share/multirobot_map_merge/package.dsv'
[1.465s] INFO:colcon.colcon_core.shell:Creating package script '/home/maul/ws_kinclong_sim/install/multirobot_map_merge/share/multirobot_map_merge/package.sh'
[1.466s] INFO:colcon.colcon_core.shell:Creating package script '/home/maul/ws_kinclong_sim/install/multirobot_map_merge/share/multirobot_map_merge/package.bash'
[1.466s] INFO:colcon.colcon_core.shell:Creating package script '/home/maul/ws_kinclong_sim/install/multirobot_map_merge/share/multirobot_map_merge/package.zsh'
[1.467s] Level 1:colcon.colcon_core.environment:create_file_with_runtime_dependencies(/home/maul/ws_kinclong_sim/install/multirobot_map_merge/share/colcon-core/packages/multirobot_map_merge)
[1.468s] Level 1:colcon.colcon_core.environment:create_environment_scripts_only(explore_lite)
[1.468s] Level 1:colcon.colcon_core.environment:checking '/home/maul/ws_kinclong_sim/install/explore_lite' for CMake module files
[1.469s] DEBUG:colcon.colcon_core.event_handler.log_command:Invoked command in '/home/maul/ws_kinclong_sim/build/explore_lite' returned '0': CMAKE_PREFIX_PATH=${CMAKE_PREFIX_PATH}:/opt/ros/jazzy DEBUGINFOD_URLS=https://debuginfod.ubuntu.com PS1=\[\e]0;\u@\h: \w\a\]${debian_chroot:+($debian_chroot)}\[\033[01;32m\]\u@\h\[\033[00m\]:\[\033[01;34m\]\w\[\033[00m\]\$ VIRTUAL_ENV_PROMPT=(venv-ardupilot) /usr/bin/cmake --install /home/maul/ws_kinclong_sim/build/explore_lite
[1.469s] Level 1:colcon.colcon_core.environment:checking '/home/maul/ws_kinclong_sim/install/explore_lite' for CMake config files
[1.469s] Level 1:colcon.colcon_core.shell:create_environment_hook('explore_lite', 'cmake_prefix_path')
[1.469s] INFO:colcon.colcon_core.shell:Creating environment hook '/home/maul/ws_kinclong_sim/install/explore_lite/share/explore_lite/hook/cmake_prefix_path.ps1'
[1.469s] INFO:colcon.colcon_core.shell:Creating environment descriptor '/home/maul/ws_kinclong_sim/install/explore_lite/share/explore_lite/hook/cmake_prefix_path.dsv'
[1.470s] INFO:colcon.colcon_core.shell:Creating environment hook '/home/maul/ws_kinclong_sim/install/explore_lite/share/explore_lite/hook/cmake_prefix_path.sh'
[1.470s] Level 1:colcon.colcon_core.environment:checking '/home/maul/ws_kinclong_sim/install/explore_lite/lib'
[1.470s] Level 1:colcon.colcon_core.environment:checking '/home/maul/ws_kinclong_sim/install/explore_lite/bin'
[1.470s] Level 1:colcon.colcon_core.environment:checking '/home/maul/ws_kinclong_sim/install/explore_lite/lib/pkgconfig/explore_lite.pc'
[1.471s] Level 1:colcon.colcon_core.environment:checking '/home/maul/ws_kinclong_sim/install/explore_lite/lib/python3.12/site-packages'
[1.471s] Level 1:colcon.colcon_core.environment:checking '/home/maul/ws_kinclong_sim/install/explore_lite/bin'
[1.471s] INFO:colcon.colcon_core.shell:Creating package script '/home/maul/ws_kinclong_sim/install/explore_lite/share/explore_lite/package.ps1'
[1.471s] INFO:colcon.colcon_core.shell:Creating package descriptor '/home/maul/ws_kinclong_sim/install/explore_lite/share/explore_lite/package.dsv'
[1.472s] INFO:colcon.colcon_core.shell:Creating package script '/home/maul/ws_kinclong_sim/install/explore_lite/share/explore_lite/package.sh'
[1.472s] INFO:colcon.colcon_core.shell:Creating package script '/home/maul/ws_kinclong_sim/install/explore_lite/share/explore_lite/package.bash'
[1.472s] INFO:colcon.colcon_core.shell:Creating package script '/home/maul/ws_kinclong_sim/install/explore_lite/share/explore_lite/package.zsh'
[1.473s] Level 1:colcon.colcon_core.environment:create_file_with_runtime_dependencies(/home/maul/ws_kinclong_sim/install/explore_lite/share/colcon-core/packages/explore_lite)
[1.473s] Level 1:colcon.colcon_core.environment:create_environment_scripts_only(explore_lite)
[1.473s] Level 1:colcon.colcon_core.environment:checking '/home/maul/ws_kinclong_sim/install/explore_lite' for CMake module files
[1.474s] Level 1:colcon.colcon_core.environment:checking '/home/maul/ws_kinclong_sim/install/explore_lite' for CMake config files
[1.474s] Level 1:colcon.colcon_core.shell:create_environment_hook('explore_lite', 'cmake_prefix_path')
[1.474s] INFO:colcon.colcon_core.shell:Creating environment hook '/home/maul/ws_kinclong_sim/install/explore_lite/share/explore_lite/hook/cmake_prefix_path.ps1'
[1.474s] INFO:colcon.colcon_core.shell:Creating environment descriptor '/home/maul/ws_kinclong_sim/install/explore_lite/share/explore_lite/hook/cmake_prefix_path.dsv'
[1.474s] INFO:colcon.colcon_core.shell:Creating environment hook '/home/maul/ws_kinclong_sim/install/explore_lite/share/explore_lite/hook/cmake_prefix_path.sh'
[1.475s] Level 1:colcon.colcon_core.environment:checking '/home/maul/ws_kinclong_sim/install/explore_lite/lib'
[1.475s] Level 1:colcon.colcon_core.environment:checking '/home/maul/ws_kinclong_sim/install/explore_lite/bin'
[1.475s] Level 1:colcon.colcon_core.environment:checking '/home/maul/ws_kinclong_sim/install/explore_lite/lib/pkgconfig/explore_lite.pc'
[1.475s] Level 1:colcon.colcon_core.environment:checking '/home/maul/ws_kinclong_sim/install/explore_lite/lib/python3.12/site-packages'
[1.476s] Level 1:colcon.colcon_core.environment:checking '/home/maul/ws_kinclong_sim/install/explore_lite/bin'
[1.476s] INFO:colcon.colcon_core.shell:Creating package script '/home/maul/ws_kinclong_sim/install/explore_lite/share/explore_lite/package.ps1'
[1.476s] INFO:colcon.colcon_core.shell:Creating package descriptor '/home/maul/ws_kinclong_sim/install/explore_lite/share/explore_lite/package.dsv'
[1.476s] INFO:colcon.colcon_core.shell:Creating package script '/home/maul/ws_kinclong_sim/install/explore_lite/share/explore_lite/package.sh'
[1.477s] INFO:colcon.colcon_core.shell:Creating package script '/home/maul/ws_kinclong_sim/install/explore_lite/share/explore_lite/package.bash'
[1.477s] INFO:colcon.colcon_core.shell:Creating package script '/home/maul/ws_kinclong_sim/install/explore_lite/share/explore_lite/package.zsh'
[1.477s] Level 1:colcon.colcon_core.environment:create_file_with_runtime_dependencies(/home/maul/ws_kinclong_sim/install/explore_lite/share/colcon-core/packages/explore_lite)
[2.215s] DEBUG:colcon.colcon_core.event_handler.log_command:Invoked command in '/home/maul/ws_kinclong_sim/build/vac_bot' returned '0': CMAKE_PREFIX_PATH=${CMAKE_PREFIX_PATH}:/opt/ros/jazzy DEBUGINFOD_URLS=https://debuginfod.ubuntu.com PS1=\[\e]0;\u@\h: \w\a\]${debian_chroot:+($debian_chroot)}\[\033[01;32m\]\u@\h\[\033[00m\]:\[\033[01;34m\]\w\[\033[00m\]\$ VIRTUAL_ENV_PROMPT=(venv-ardupilot) /usr/bin/cmake --build /home/maul/ws_kinclong_sim/build/vac_bot -- -j8 -l8
[2.234s] DEBUG:colcon.colcon_core.event_handler.log_command:Invoking command in '/home/maul/ws_kinclong_sim/build/vac_bot': CMAKE_PREFIX_PATH=${CMAKE_PREFIX_PATH}:/opt/ros/jazzy DEBUGINFOD_URLS=https://debuginfod.ubuntu.com PS1=\[\e]0;\u@\h: \w\a\]${debian_chroot:+($debian_chroot)}\[\033[01;32m\]\u@\h\[\033[00m\]:\[\033[01;34m\]\w\[\033[00m\]\$ VIRTUAL_ENV_PROMPT=(venv-ardupilot) /usr/bin/cmake --install /home/maul/ws_kinclong_sim/build/vac_bot
[2.246s] Level 1:colcon.colcon_core.environment:create_environment_scripts_only(vac_bot)
[2.246s] Level 1:colcon.colcon_core.environment:checking '/home/maul/ws_kinclong_sim/install/vac_bot' for CMake module files
[2.247s] DEBUG:colcon.colcon_core.event_handler.log_command:Invoked command in '/home/maul/ws_kinclong_sim/build/vac_bot' returned '0': CMAKE_PREFIX_PATH=${CMAKE_PREFIX_PATH}:/opt/ros/jazzy DEBUGINFOD_URLS=https://debuginfod.ubuntu.com PS1=\[\e]0;\u@\h: \w\a\]${debian_chroot:+($debian_chroot)}\[\033[01;32m\]\u@\h\[\033[00m\]:\[\033[01;34m\]\w\[\033[00m\]\$ VIRTUAL_ENV_PROMPT=(venv-ardupilot) /usr/bin/cmake --install /home/maul/ws_kinclong_sim/build/vac_bot
[2.247s] Level 1:colcon.colcon_core.environment:checking '/home/maul/ws_kinclong_sim/install/vac_bot' for CMake config files
[2.248s] Level 1:colcon.colcon_core.shell:create_environment_hook('vac_bot', 'cmake_prefix_path')
[2.248s] INFO:colcon.colcon_core.shell:Creating environment hook '/home/maul/ws_kinclong_sim/install/vac_bot/share/vac_bot/hook/cmake_prefix_path.ps1'
[2.248s] INFO:colcon.colcon_core.shell:Creating environment descriptor '/home/maul/ws_kinclong_sim/install/vac_bot/share/vac_bot/hook/cmake_prefix_path.dsv'
[2.249s] INFO:colcon.colcon_core.shell:Creating environment hook '/home/maul/ws_kinclong_sim/install/vac_bot/share/vac_bot/hook/cmake_prefix_path.sh'
[2.249s] Level 1:colcon.colcon_core.environment:checking '/home/maul/ws_kinclong_sim/install/vac_bot/bin'
[2.249s] Level 1:colcon.colcon_core.environment:checking '/home/maul/ws_kinclong_sim/install/vac_bot/lib/pkgconfig/vac_bot.pc'
[2.249s] Level 1:colcon.colcon_core.environment:checking '/home/maul/ws_kinclong_sim/install/vac_bot/lib/python3.12/site-packages'
[2.250s] Level 1:colcon.colcon_core.environment:checking '/home/maul/ws_kinclong_sim/install/vac_bot/bin'
[2.250s] INFO:colcon.colcon_core.shell:Creating package script '/home/maul/ws_kinclong_sim/install/vac_bot/share/vac_bot/package.ps1'
[2.250s] INFO:colcon.colcon_core.shell:Creating package descriptor '/home/maul/ws_kinclong_sim/install/vac_bot/share/vac_bot/package.dsv'
[2.250s] INFO:colcon.colcon_core.shell:Creating package script '/home/maul/ws_kinclong_sim/install/vac_bot/share/vac_bot/package.sh'
[2.251s] INFO:colcon.colcon_core.shell:Creating package script '/home/maul/ws_kinclong_sim/install/vac_bot/share/vac_bot/package.bash'
[2.251s] INFO:colcon.colcon_core.shell:Creating package script '/home/maul/ws_kinclong_sim/install/vac_bot/share/vac_bot/package.zsh'
[2.251s] Level 1:colcon.colcon_core.environment:create_file_with_runtime_dependencies(/home/maul/ws_kinclong_sim/install/vac_bot/share/colcon-core/packages/vac_bot)
[2.271s] Level 1:colcon.colcon_core.environment:create_environment_scripts_only(vac_bot)
[2.271s] Level 1:colcon.colcon_core.environment:checking '/home/maul/ws_kinclong_sim/install/vac_bot' for CMake module files
[2.271s] Level 1:colcon.colcon_core.environment:checking '/home/maul/ws_kinclong_sim/install/vac_bot' for CMake config files
[2.272s] Level 1:colcon.colcon_core.shell:create_environment_hook('vac_bot', 'cmake_prefix_path')
[2.272s] INFO:colcon.colcon_core.shell:Creating environment hook '/home/maul/ws_kinclong_sim/install/vac_bot/share/vac_bot/hook/cmake_prefix_path.ps1'
[2.272s] INFO:colcon.colcon_core.shell:Creating environment descriptor '/home/maul/ws_kinclong_sim/install/vac_bot/share/vac_bot/hook/cmake_prefix_path.dsv'
[2.272s] INFO:colcon.colcon_core.shell:Creating environment hook '/home/maul/ws_kinclong_sim/install/vac_bot/share/vac_bot/hook/cmake_prefix_path.sh'
[2.273s] Level 1:colcon.colcon_core.environment:checking '/home/maul/ws_kinclong_sim/install/vac_bot/bin'
[2.273s] Level 1:colcon.colcon_core.environment:checking '/home/maul/ws_kinclong_sim/install/vac_bot/lib/pkgconfig/vac_bot.pc'
[2.273s] Level 1:colcon.colcon_core.environment:checking '/home/maul/ws_kinclong_sim/install/vac_bot/lib/python3.12/site-packages'
[2.273s] Level 1:colcon.colcon_core.environment:checking '/home/maul/ws_kinclong_sim/install/vac_bot/bin'
[2.274s] INFO:colcon.colcon_core.shell:Creating package script '/home/maul/ws_kinclong_sim/install/vac_bot/share/vac_bot/package.ps1'
[2.274s] INFO:colcon.colcon_core.shell:Creating package descriptor '/home/maul/ws_kinclong_sim/install/vac_bot/share/vac_bot/package.dsv'
[2.275s] INFO:colcon.colcon_core.shell:Creating package script '/home/maul/ws_kinclong_sim/install/vac_bot/share/vac_bot/package.sh'
[2.275s] INFO:colcon.colcon_core.shell:Creating package script '/home/maul/ws_kinclong_sim/install/vac_bot/share/vac_bot/package.bash'
[2.275s] INFO:colcon.colcon_core.shell:Creating package script '/home/maul/ws_kinclong_sim/install/vac_bot/share/vac_bot/package.zsh'
[2.276s] Level 1:colcon.colcon_core.environment:create_file_with_runtime_dependencies(/home/maul/ws_kinclong_sim/install/vac_bot/share/colcon-core/packages/vac_bot)
[2.276s] DEBUG:colcon.colcon_parallel_executor.executor.parallel:closing loop
[2.276s] DEBUG:colcon.colcon_parallel_executor.executor.parallel:loop closed
[2.276s] DEBUG:colcon.colcon_parallel_executor.executor.parallel:run_until_complete finished with '0'
[2.277s] DEBUG:colcon.colcon_core.event_reactor:joining thread
[2.313s] INFO:colcon.colcon_core.plugin_system:Skipping extension 'colcon_notification.desktop_notification.terminal_notifier': Not used on non-Darwin systems
[2.314s] INFO:colcon.colcon_core.plugin_system:Skipping extension 'colcon_notification.desktop_notification.win32': Not used on non-Windows systems
[2.314s] INFO:colcon.colcon_notification.desktop_notification:Sending desktop notification using 'notify2'
[2.336s] DEBUG:colcon.colcon_core.event_reactor:joined thread
[2.336s] INFO:colcon.colcon_core.shell:Creating prefix script '/home/maul/ws_kinclong_sim/install/local_setup.ps1'
[2.337s] INFO:colcon.colcon_core.shell:Creating prefix util module '/home/maul/ws_kinclong_sim/install/_local_setup_util_ps1.py'
[2.339s] INFO:colcon.colcon_core.shell:Creating prefix chain script '/home/maul/ws_kinclong_sim/install/setup.ps1'
[2.340s] INFO:colcon.colcon_core.shell:Creating prefix script '/home/maul/ws_kinclong_sim/install/local_setup.sh'
[2.341s] INFO:colcon.colcon_core.shell:Creating prefix util module '/home/maul/ws_kinclong_sim/install/_local_setup_util_sh.py'
[2.342s] INFO:colcon.colcon_core.shell:Creating prefix chain script '/home/maul/ws_kinclong_sim/install/setup.sh'
[2.344s] INFO:colcon.colcon_core.shell:Creating prefix script '/home/maul/ws_kinclong_sim/install/local_setup.bash'
[2.345s] INFO:colcon.colcon_core.shell:Creating prefix chain script '/home/maul/ws_kinclong_sim/install/setup.bash'
[2.346s] INFO:colcon.colcon_core.shell:Creating prefix script '/home/maul/ws_kinclong_sim/install/local_setup.zsh'
[2.347s] INFO:colcon.colcon_core.shell:Creating prefix chain script '/home/maul/ws_kinclong_sim/install/setup.zsh'
