-- Install configuration: ""
-- Up-to-date: /home/maul/ws_kinclong_sim/install/vac_bot/share/vac_bot/config
-- Up-to-date: /home/maul/ws_kinclong_sim/install/vac_bot/share/vac_bot/config/slam_toolbox_localization.yaml
-- Up-to-date: /home/maul/ws_kinclong_sim/install/vac_bot/share/vac_bot/config/view_bot.rviz
-- Up-to-date: /home/maul/ws_kinclong_sim/install/vac_bot/share/vac_bot/config/amcl_localization.yaml
-- Up-to-date: /home/maul/ws_kinclong_sim/install/vac_bot/share/vac_bot/config/empty.yaml
-- Up-to-date: /home/maul/ws_kinclong_sim/install/vac_bot/share/vac_bot/config/navigation.yaml
-- Up-to-date: /home/maul/ws_kinclong_sim/install/vac_bot/share/vac_bot/config/slam_toolbox_mapping.yaml
-- Up-to-date: /home/maul/ws_kinclong_sim/install/vac_bot/share/vac_bot/config/mapper_params_online_async.yaml
-- Installing: /home/maul/ws_kinclong_sim/install/vac_bot/share/vac_bot/config/gz_bridge.yaml
-- Up-to-date: /home/maul/ws_kinclong_sim/install/vac_bot/share/vac_bot/description
-- Up-to-date: /home/maul/ws_kinclong_sim/install/vac_bot/share/vac_bot/description/lidar.xacro
-- Up-to-date: /home/maul/ws_kinclong_sim/install/vac_bot/share/vac_bot/description/robot.urdf.xacro
-- Up-to-date: /home/maul/ws_kinclong_sim/install/vac_bot/share/vac_bot/description/robot_core.xacro
-- Up-to-date: /home/maul/ws_kinclong_sim/install/vac_bot/share/vac_bot/description/inertial_macros.xacro
-- Up-to-date: /home/maul/ws_kinclong_sim/install/vac_bot/share/vac_bot/description/gazebo_control.xacro
-- Up-to-date: /home/maul/ws_kinclong_sim/install/vac_bot/share/vac_bot/launch
-- Up-to-date: /home/maul/ws_kinclong_sim/install/vac_bot/share/vac_bot/launch/mapping.launch.py
-- Up-to-date: /home/maul/ws_kinclong_sim/install/vac_bot/share/vac_bot/launch/nav_slam.launch.py
-- Up-to-date: /home/maul/ws_kinclong_sim/install/vac_bot/share/vac_bot/launch/localization_slam_toolbox.launch.py
-- Up-to-date: /home/maul/ws_kinclong_sim/install/vac_bot/share/vac_bot/launch/localization.launch.py
-- Up-to-date: /home/maul/ws_kinclong_sim/install/vac_bot/share/vac_bot/launch/rsp.launch.py
-- Up-to-date: /home/maul/ws_kinclong_sim/install/vac_bot/share/vac_bot/launch/launch_sim.launch.py
-- Up-to-date: /home/maul/ws_kinclong_sim/install/vac_bot/share/vac_bot/launch/nav.launch.py
-- Up-to-date: /home/maul/ws_kinclong_sim/install/vac_bot/share/vac_bot/models
-- Up-to-date: /home/maul/ws_kinclong_sim/install/vac_bot/share/vac_bot/models/room
-- Up-to-date: /home/maul/ws_kinclong_sim/install/vac_bot/share/vac_bot/models/room/room.sdf
-- Up-to-date: /home/maul/ws_kinclong_sim/install/vac_bot/share/vac_bot/models/room/model.config
-- Up-to-date: /home/maul/ws_kinclong_sim/install/vac_bot/share/vac_bot/models/room/meshes
-- Up-to-date: /home/maul/ws_kinclong_sim/install/vac_bot/share/vac_bot/models/room/meshes/room2.dae
-- Up-to-date: /home/maul/ws_kinclong_sim/install/vac_bot/share/vac_bot/models/room/meshes/room.dae
-- Up-to-date: /home/maul/ws_kinclong_sim/install/vac_bot/share/vac_bot/worlds
-- Up-to-date: /home/maul/ws_kinclong_sim/install/vac_bot/share/vac_bot/worlds/obstacle.world
-- Up-to-date: /home/maul/ws_kinclong_sim/install/vac_bot/share/vac_bot/worlds/room.world
-- Up-to-date: /home/maul/ws_kinclong_sim/install/vac_bot/share/vac_bot/worlds/empty.world
-- Up-to-date: /home/maul/ws_kinclong_sim/install/vac_bot/share/vac_bot/maps
-- Up-to-date: /home/maul/ws_kinclong_sim/install/vac_bot/share/vac_bot/maps/room2.pgm
-- Up-to-date: /home/maul/ws_kinclong_sim/install/vac_bot/share/vac_bot/maps/room2Seial.data
-- Up-to-date: /home/maul/ws_kinclong_sim/install/vac_bot/share/vac_bot/maps/room1Serial.posegraph
-- Up-to-date: /home/maul/ws_kinclong_sim/install/vac_bot/share/vac_bot/maps/room1.yaml
-- Up-to-date: /home/maul/ws_kinclong_sim/install/vac_bot/share/vac_bot/maps/room2Seial.posegraph
-- Up-to-date: /home/maul/ws_kinclong_sim/install/vac_bot/share/vac_bot/maps/room1.pgm
-- Up-to-date: /home/maul/ws_kinclong_sim/install/vac_bot/share/vac_bot/maps/room1Serial.data
-- Up-to-date: /home/maul/ws_kinclong_sim/install/vac_bot/share/vac_bot/maps/room2.yaml
-- Up-to-date: /home/maul/ws_kinclong_sim/install/vac_bot/share/ament_index/resource_index/package_run_dependencies/vac_bot
-- Up-to-date: /home/maul/ws_kinclong_sim/install/vac_bot/share/ament_index/resource_index/parent_prefix_path/vac_bot
-- Up-to-date: /home/maul/ws_kinclong_sim/install/vac_bot/share/vac_bot/environment/ament_prefix_path.sh
-- Up-to-date: /home/maul/ws_kinclong_sim/install/vac_bot/share/vac_bot/environment/ament_prefix_path.dsv
-- Up-to-date: /home/maul/ws_kinclong_sim/install/vac_bot/share/vac_bot/environment/path.sh
-- Up-to-date: /home/maul/ws_kinclong_sim/install/vac_bot/share/vac_bot/environment/path.dsv
-- Up-to-date: /home/maul/ws_kinclong_sim/install/vac_bot/share/vac_bot/local_setup.bash
-- Up-to-date: /home/maul/ws_kinclong_sim/install/vac_bot/share/vac_bot/local_setup.sh
-- Up-to-date: /home/maul/ws_kinclong_sim/install/vac_bot/share/vac_bot/local_setup.zsh
-- Up-to-date: /home/maul/ws_kinclong_sim/install/vac_bot/share/vac_bot/local_setup.dsv
-- Installing: /home/maul/ws_kinclong_sim/install/vac_bot/share/vac_bot/package.dsv
-- Up-to-date: /home/maul/ws_kinclong_sim/install/vac_bot/share/ament_index/resource_index/packages/vac_bot
-- Up-to-date: /home/maul/ws_kinclong_sim/install/vac_bot/share/vac_bot/cmake/vac_botConfig.cmake
-- Up-to-date: /home/maul/ws_kinclong_sim/install/vac_bot/share/vac_bot/cmake/vac_botConfig-version.cmake
-- Up-to-date: /home/maul/ws_kinclong_sim/install/vac_bot/share/vac_bot/package.xml
