[0.014s] Invoking command in '/home/maul/ws_kinclong_sim/build/vac_bot': CMAKE_PREFIX_PATH=${CMAKE_PREFIX_PATH}:/opt/ros/jazzy DEBUGINFOD_URLS=https://debuginfod.ubuntu.com PS1=\[\e]0;\u@\h: \w\a\]${debian_chroot:+($debian_chroot)}\[\033[01;32m\]\u@\h\[\033[00m\]:\[\033[01;34m\]\w\[\033[00m\]\$ VIRTUAL_ENV_PROMPT=(venv-ardupilot) /usr/bin/cmake --build /home/maul/ws_kinclong_sim/build/vac_bot -- -j8 -l8
[0.061s] -- Found ament_cmake: 2.5.3 (/opt/ros/jazzy/share/ament_cmake/cmake)
[0.311s] -- Found ament_lint_auto: 0.17.1 (/opt/ros/jazzy/share/ament_lint_auto/cmake)
[0.448s] -- Added test 'copyright' to check source files copyright and LICENSE
[0.454s] -- Added test 'flake8' to check Python code syntax and style conventions
[0.454s] -- Configured 'flake8' exclude dirs and/or files: 
[0.455s] -- Added test 'lint_cmake' to check CMake code style
[0.455s] -- Added test 'pep257' to check Python code against some of the docstring style conventions in PEP 257
[0.459s] -- Added test 'xmllint' to check XML markup files
[0.460s] -- Configuring done (0.4s)
[0.506s] -- Generating done (0.0s)
[0.508s] -- Build files have been written to: /home/maul/ws_kinclong_sim/build/vac_bot
[0.529s] Invoked command in '/home/maul/ws_kinclong_sim/build/vac_bot' returned '0': CMAKE_PREFIX_PATH=${CMAKE_PREFIX_PATH}:/opt/ros/jazzy DEBUGINFOD_URLS=https://debuginfod.ubuntu.com PS1=\[\e]0;\u@\h: \w\a\]${debian_chroot:+($debian_chroot)}\[\033[01;32m\]\u@\h\[\033[00m\]:\[\033[01;34m\]\w\[\033[00m\]\$ VIRTUAL_ENV_PROMPT=(venv-ardupilot) /usr/bin/cmake --build /home/maul/ws_kinclong_sim/build/vac_bot -- -j8 -l8
[0.548s] Invoking command in '/home/maul/ws_kinclong_sim/build/vac_bot': CMAKE_PREFIX_PATH=${CMAKE_PREFIX_PATH}:/opt/ros/jazzy DEBUGINFOD_URLS=https://debuginfod.ubuntu.com PS1=\[\e]0;\u@\h: \w\a\]${debian_chroot:+($debian_chroot)}\[\033[01;32m\]\u@\h\[\033[00m\]:\[\033[01;34m\]\w\[\033[00m\]\$ VIRTUAL_ENV_PROMPT=(venv-ardupilot) /usr/bin/cmake --install /home/maul/ws_kinclong_sim/build/vac_bot
[0.557s] -- Install configuration: ""
[0.557s] -- Up-to-date: /home/maul/ws_kinclong_sim/install/vac_bot/share/vac_bot/config
[0.557s] -- Up-to-date: /home/maul/ws_kinclong_sim/install/vac_bot/share/vac_bot/config/slam_toolbox_localization.yaml
[0.557s] -- Up-to-date: /home/maul/ws_kinclong_sim/install/vac_bot/share/vac_bot/config/view_bot.rviz
[0.557s] -- Up-to-date: /home/maul/ws_kinclong_sim/install/vac_bot/share/vac_bot/config/amcl_localization.yaml
[0.557s] -- Up-to-date: /home/maul/ws_kinclong_sim/install/vac_bot/share/vac_bot/config/empty.yaml
[0.557s] -- Up-to-date: /home/maul/ws_kinclong_sim/install/vac_bot/share/vac_bot/config/navigation.yaml
[0.558s] -- Up-to-date: /home/maul/ws_kinclong_sim/install/vac_bot/share/vac_bot/config/slam_toolbox_mapping.yaml
[0.558s] -- Up-to-date: /home/maul/ws_kinclong_sim/install/vac_bot/share/vac_bot/config/mapper_params_online_async.yaml
[0.558s] -- Up-to-date: /home/maul/ws_kinclong_sim/install/vac_bot/share/vac_bot/config/gz_bridge.yaml
[0.558s] -- Up-to-date: /home/maul/ws_kinclong_sim/install/vac_bot/share/vac_bot/description
[0.558s] -- Up-to-date: /home/maul/ws_kinclong_sim/install/vac_bot/share/vac_bot/description/lidar.xacro
[0.558s] -- Up-to-date: /home/maul/ws_kinclong_sim/install/vac_bot/share/vac_bot/description/robot.urdf.xacro
[0.558s] -- Up-to-date: /home/maul/ws_kinclong_sim/install/vac_bot/share/vac_bot/description/robot_core.xacro
[0.558s] -- Up-to-date: /home/maul/ws_kinclong_sim/install/vac_bot/share/vac_bot/description/inertial_macros.xacro
[0.558s] -- Up-to-date: /home/maul/ws_kinclong_sim/install/vac_bot/share/vac_bot/description/gazebo_control.xacro
[0.559s] -- Up-to-date: /home/maul/ws_kinclong_sim/install/vac_bot/share/vac_bot/launch
[0.559s] -- Up-to-date: /home/maul/ws_kinclong_sim/install/vac_bot/share/vac_bot/launch/mapping.launch.py
[0.559s] -- Up-to-date: /home/maul/ws_kinclong_sim/install/vac_bot/share/vac_bot/launch/localization.launch.py
[0.559s] -- Up-to-date: /home/maul/ws_kinclong_sim/install/vac_bot/share/vac_bot/launch/rsp.launch.py
[0.559s] -- Up-to-date: /home/maul/ws_kinclong_sim/install/vac_bot/share/vac_bot/launch/launch_sim.launch.py
[0.559s] -- Up-to-date: /home/maul/ws_kinclong_sim/install/vac_bot/share/vac_bot/models
[0.559s] -- Up-to-date: /home/maul/ws_kinclong_sim/install/vac_bot/share/vac_bot/models/room
[0.559s] -- Up-to-date: /home/maul/ws_kinclong_sim/install/vac_bot/share/vac_bot/models/room/room.sdf
[0.559s] -- Up-to-date: /home/maul/ws_kinclong_sim/install/vac_bot/share/vac_bot/models/room/model.config
[0.560s] -- Up-to-date: /home/maul/ws_kinclong_sim/install/vac_bot/share/vac_bot/models/room/meshes
[0.560s] -- Up-to-date: /home/maul/ws_kinclong_sim/install/vac_bot/share/vac_bot/models/room/meshes/room2.dae
[0.560s] -- Up-to-date: /home/maul/ws_kinclong_sim/install/vac_bot/share/vac_bot/models/room/meshes/room.dae
[0.560s] -- Up-to-date: /home/maul/ws_kinclong_sim/install/vac_bot/share/vac_bot/worlds
[0.560s] -- Up-to-date: /home/maul/ws_kinclong_sim/install/vac_bot/share/vac_bot/worlds/obstacle.world
[0.560s] -- Up-to-date: /home/maul/ws_kinclong_sim/install/vac_bot/share/vac_bot/worlds/room.world
[0.560s] -- Up-to-date: /home/maul/ws_kinclong_sim/install/vac_bot/share/vac_bot/worlds/empty.world
[0.560s] -- Installing: /home/maul/ws_kinclong_sim/install/vac_bot/share/vac_bot/maps
[0.560s] -- Installing: /home/maul/ws_kinclong_sim/install/vac_bot/share/vac_bot/maps/room2.pgm
[0.560s] -- Installing: /home/maul/ws_kinclong_sim/install/vac_bot/share/vac_bot/maps/room2Seial.data
[0.561s] -- Installing: /home/maul/ws_kinclong_sim/install/vac_bot/share/vac_bot/maps/room1Serial.posegraph
[0.563s] -- Installing: /home/maul/ws_kinclong_sim/install/vac_bot/share/vac_bot/maps/room1.yaml
[0.564s] -- Installing: /home/maul/ws_kinclong_sim/install/vac_bot/share/vac_bot/maps/room2Seial.posegraph
[0.573s] -- Installing: /home/maul/ws_kinclong_sim/install/vac_bot/share/vac_bot/maps/room1.pgm
[0.573s] -- Installing: /home/maul/ws_kinclong_sim/install/vac_bot/share/vac_bot/maps/room1Serial.data
[0.574s] -- Installing: /home/maul/ws_kinclong_sim/install/vac_bot/share/vac_bot/maps/room2.yaml
[0.574s] -- Up-to-date: /home/maul/ws_kinclong_sim/install/vac_bot/share/ament_index/resource_index/package_run_dependencies/vac_bot
[0.574s] -- Installing: /home/maul/ws_kinclong_sim/install/vac_bot/share/ament_index/resource_index/parent_prefix_path/vac_bot
[0.574s] -- Up-to-date: /home/maul/ws_kinclong_sim/install/vac_bot/share/vac_bot/environment/ament_prefix_path.sh
[0.574s] -- Up-to-date: /home/maul/ws_kinclong_sim/install/vac_bot/share/vac_bot/environment/ament_prefix_path.dsv
[0.575s] -- Up-to-date: /home/maul/ws_kinclong_sim/install/vac_bot/share/vac_bot/environment/path.sh
[0.575s] -- Up-to-date: /home/maul/ws_kinclong_sim/install/vac_bot/share/vac_bot/environment/path.dsv
[0.575s] -- Up-to-date: /home/maul/ws_kinclong_sim/install/vac_bot/share/vac_bot/local_setup.bash
[0.575s] -- Up-to-date: /home/maul/ws_kinclong_sim/install/vac_bot/share/vac_bot/local_setup.sh
[0.575s] -- Up-to-date: /home/maul/ws_kinclong_sim/install/vac_bot/share/vac_bot/local_setup.zsh
[0.575s] -- Up-to-date: /home/maul/ws_kinclong_sim/install/vac_bot/share/vac_bot/local_setup.dsv
[0.575s] -- Installing: /home/maul/ws_kinclong_sim/install/vac_bot/share/vac_bot/package.dsv
[0.575s] -- Up-to-date: /home/maul/ws_kinclong_sim/install/vac_bot/share/ament_index/resource_index/packages/vac_bot
[0.576s] -- Up-to-date: /home/maul/ws_kinclong_sim/install/vac_bot/share/vac_bot/cmake/vac_botConfig.cmake
[0.576s] -- Up-to-date: /home/maul/ws_kinclong_sim/install/vac_bot/share/vac_bot/cmake/vac_botConfig-version.cmake
[0.576s] -- Up-to-date: /home/maul/ws_kinclong_sim/install/vac_bot/share/vac_bot/package.xml
[0.576s] Invoked command in '/home/maul/ws_kinclong_sim/build/vac_bot' returned '0': CMAKE_PREFIX_PATH=${CMAKE_PREFIX_PATH}:/opt/ros/jazzy DEBUGINFOD_URLS=https://debuginfod.ubuntu.com PS1=\[\e]0;\u@\h: \w\a\]${debian_chroot:+($debian_chroot)}\[\033[01;32m\]\u@\h\[\033[00m\]:\[\033[01;34m\]\w\[\033[00m\]\$ VIRTUAL_ENV_PROMPT=(venv-ardupilot) /usr/bin/cmake --install /home/maul/ws_kinclong_sim/build/vac_bot
