--2025-05-04 22:36:28--  https://raw.githubusercontent.com/hrnr/m-explore-extra/master/map_merge/hector_maps/map00.pgm
Resolving raw.githubusercontent.com (raw.githubusercontent.com)... 185.199.109.133, 185.199.111.133, 185.199.108.133, ...
Connecting to raw.githubusercontent.com (raw.githubusercontent.com)|185.199.109.133|:443... connected.
HTTP request sent, awaiting response... 200 OK
Length: 4194362 (4.0M) [application/octet-stream]
Saving to: ‘/home/maul/ws_kinclong_sim/build/multirobot_map_merge/map00.pgm’

     0K .......... .......... .......... .......... ..........  1% 2.49M 2s
    50K .......... .......... .......... .......... ..........  2% 2.90M 1s
   100K .......... .......... .......... .......... ..........  3% 9.53M 1s
   150K .......... .......... .......... .......... ..........  4% 4.25M 1s
   200K .......... .......... .......... .......... ..........  6% 16.9M 1s
   250K .......... .......... .......... .......... ..........  7% 6.57M 1s
   300K .......... .......... .......... .......... ..........  8% 9.46M 1s
   350K .......... .......... .......... .......... ..........  9%  227M 1s
   400K .......... .......... .......... .......... .......... 10% 4.43M 1s
   450K .......... .......... .......... .......... .......... 12% 5.66M 1s
   500K .......... .......... .......... .......... .......... 13%  274M 1s
   550K .......... .......... .......... .......... .......... 14% 10.7M 1s
   600K .......... .......... .......... .......... .......... 15% 18.0M 1s
   650K .......... .......... .......... .......... .......... 17% 9.01M 0s
   700K .......... .......... .......... .......... .......... 18% 10.0M 0s
   750K .......... .......... .......... .......... .......... 19% 12.7M 0s
   800K .......... .......... .......... .......... .......... 20% 10.4M 0s
   850K .......... .......... .......... .......... .......... 21% 10.5M 0s
   900K .......... .......... .......... .......... .......... 23%  188M 0s
   950K .......... .......... .......... .......... .......... 24% 11.1M 0s
  1000K .......... .......... .......... .......... .......... 25% 11.0M 0s
  1050K .......... .......... .......... .......... .......... 26%  994K 0s
  1100K .......... .......... .......... .......... .......... 28%  238M 0s
  1150K .......... .......... .......... .......... .......... 29%  336M 0s
  1200K .......... .......... .......... .......... .......... 30%  270M 0s
  1250K .......... .......... .......... .......... .......... 31% 2.52M 0s
  1300K .......... .......... .......... .......... .......... 32%  230M 0s
  1350K .......... .......... .......... .......... .......... 34%  315M 0s
  1400K .......... .......... .......... .......... .......... 35% 1.67M 0s
  1450K .......... .......... .......... .......... .......... 36%  133M 0s
  1500K .......... .......... .......... .......... .......... 37%  351M 0s
  1550K .......... .......... .......... .......... .......... 39% 12.9M 0s
  1600K .......... .......... .......... .......... .......... 40%  230M 0s
  1650K .......... .......... .......... .......... .......... 41%  323M 0s
  1700K .......... .......... .......... .......... .......... 42%  369M 0s
  1750K .......... .......... .......... .......... .......... 43% 6.56M 0s
  1800K .......... .......... .......... .......... .......... 45%  348M 0s
  1850K .......... .......... .......... .......... .......... 46% 7.61M 0s
  1900K .......... .......... .......... .......... .......... 47%  304M 0s
  1950K .......... .......... .......... .......... .......... 48% 13.1M 0s
  2000K .......... .......... .......... .......... .......... 50%  247M 0s
  2050K .......... .......... .......... .......... .......... 51% 6.20M 0s
  2100K .......... .......... .......... .......... .......... 52%  260M 0s
  2150K .......... .......... .......... .......... .......... 53% 2.23M 0s
  2200K .......... .......... .......... .......... .......... 54%  242M 0s
  2250K .......... .......... .......... .......... .......... 56% 16.7M 0s
  2300K .......... .......... .......... .......... .......... 57% 9.50M 0s
  2350K .......... .......... .......... .......... .......... 58% 12.3M 0s
  2400K .......... .......... .......... .......... .......... 59% 1.85M 0s
  2450K .......... .......... .......... .......... .......... 61% 64.9M 0s
  2500K .......... .......... .......... .......... .......... 62% 14.2M 0s
  2550K .......... .......... .......... .......... .......... 63%  303M 0s
  2600K .......... .......... .......... .......... .......... 64%  323M 0s
  2650K .......... .......... .......... .......... .......... 65%  332M 0s
  2700K .......... .......... .......... .......... .......... 67% 67.5M 0s
  2750K .......... .......... .......... .......... .......... 68% 1.54M 0s
  2800K .......... .......... .......... .......... .......... 69%  232M 0s
  2850K .......... .......... .......... .......... .......... 70% 4.16M 0s
  2900K .......... .......... .......... .......... .......... 72% 39.4M 0s
  2950K .......... .......... .......... .......... .......... 73% 4.96M 0s
  3000K .......... .......... .......... .......... .......... 74% 27.0M 0s
  3050K .......... .......... .......... .......... .......... 75%  297M 0s
  3100K .......... .......... .......... .......... .......... 76%  322M 0s
  3150K .......... .......... .......... .......... .......... 78% 5.27M 0s
  3200K .......... .......... .......... .......... .......... 79% 9.98M 0s
  3250K .......... .......... .......... .......... .......... 80% 14.5M 0s
  3300K .......... .......... .......... .......... .......... 81% 4.93M 0s
  3350K .......... .......... .......... .......... .......... 83% 10.2M 0s
  3400K .......... .......... .......... .......... .......... 84% 8.56M 0s
  3450K .......... .......... .......... .......... .......... 85% 5.93M 0s
  3500K .......... .......... .......... .......... .......... 86% 2.38M 0s
  3550K .......... .......... .......... .......... .......... 87%  315M 0s
  3600K .......... .......... .......... .......... .......... 89%  249M 0s
  3650K .......... .......... .......... .......... .......... 90% 12.2M 0s
  3700K .......... .......... .......... .......... .......... 91% 1.62M 0s
  3750K .......... .......... .......... .......... .......... 92% 82.3M 0s
  3800K .......... .......... .......... .......... .......... 93%  269M 0s
  3850K .......... .......... .......... .......... .......... 95%  299M 0s
  3900K .......... .......... .......... .......... .......... 96% 3.34M 0s
  3950K .......... .......... .......... .......... .......... 97% 7.41M 0s
  4000K .......... .......... .......... .......... .......... 98% 1.63M 0s
  4050K .......... .......... .......... .......... ......    100%  293M=0.5s

2025-05-04 22:36:31 (7.47 MB/s) - ‘/home/maul/ws_kinclong_sim/build/multirobot_map_merge/map00.pgm’ saved [4194362/4194362]

--2025-05-04 22:36:31--  https://raw.githubusercontent.com/hrnr/m-explore-extra/master/map_merge/hector_maps/map05.pgm
Resolving raw.githubusercontent.com (raw.githubusercontent.com)... 185.199.108.133, 185.199.110.133, 185.199.111.133, ...
Connecting to raw.githubusercontent.com (raw.githubusercontent.com)|185.199.108.133|:443... connected.
HTTP request sent, awaiting response... 200 OK
Length: 4194362 (4.0M) [application/octet-stream]
Saving to: ‘/home/maul/ws_kinclong_sim/build/multirobot_map_merge/map05.pgm’

     0K .......... .......... .......... .......... ..........  1% 2.40M 2s
    50K .......... .......... .......... .......... ..........  2% 1.51M 2s
   100K .......... .......... .......... .......... ..........  3%  179M 1s
   150K .......... .......... .......... .......... ..........  4% 4.34M 1s
   200K .......... .......... .......... .......... ..........  6% 7.84M 1s
   250K .......... .......... .......... .......... ..........  7% 12.3M 1s
   300K .......... .......... .......... .......... ..........  8% 18.3M 1s
   350K .......... .......... .......... .......... ..........  9% 4.09M 1s
   400K .......... .......... .......... .......... .......... 10% 67.4M 1s
   450K .......... .......... .......... .......... .......... 12% 5.28M 1s
   500K .......... .......... .......... .......... .......... 13% 10.2M 1s
   550K .......... .......... .......... .......... .......... 14%  300M 1s
   600K .......... .......... .......... .......... .......... 15% 9.48M 1s
   650K .......... .......... .......... .......... .......... 17% 11.6M 1s
   700K .......... .......... .......... .......... .......... 18% 11.0M 1s
   750K .......... .......... .......... .......... .......... 19%  191M 0s
   800K .......... .......... .......... .......... .......... 20% 3.51M 1s
   850K .......... .......... .......... .......... .......... 21%  217M 0s
   900K .......... .......... .......... .......... .......... 23% 25.2M 0s
   950K .......... .......... .......... .......... .......... 24% 9.15M 0s
  1000K .......... .......... .......... .......... .......... 25% 11.3M 0s
  1050K .......... .......... .......... .......... .......... 26% 5.61M 0s
  1100K .......... .......... .......... .......... .......... 28%  279M 0s
  1150K .......... .......... .......... .......... .......... 29% 7.42M 0s
  1200K .......... .......... .......... .......... .......... 30% 8.00M 0s
  1250K .......... .......... .......... .......... .......... 31% 8.67M 0s
  1300K .......... .......... .......... .......... .......... 32% 30.7M 0s
  1350K .......... .......... .......... .......... .......... 34% 11.6M 0s
  1400K .......... .......... .......... .......... .......... 35% 9.38M 0s
  1450K .......... .......... .......... .......... .......... 36% 6.75M 0s
  1500K .......... .......... .......... .......... .......... 37% 28.9M 0s
  1550K .......... .......... .......... .......... .......... 39% 2.12M 0s
  1600K .......... .......... .......... .......... .......... 40% 29.5M 0s
  1650K .......... .......... .......... .......... .......... 41% 1.17M 0s
  1700K .......... .......... .......... .......... .......... 42% 15.8M 0s
  1750K .......... .......... .......... .......... .......... 43% 35.9M 0s
  1800K .......... .......... .......... .......... .......... 45% 3.78M 0s
  1850K .......... .......... .......... .......... .......... 46% 36.2M 0s
  1900K .......... .......... .......... .......... .......... 47% 7.13M 0s
  1950K .......... .......... .......... .......... .......... 48% 5.73M 0s
  2000K .......... .......... .......... .......... .......... 50% 8.50M 0s
  2050K .......... .......... .......... .......... .......... 51% 6.57M 0s
  2100K .......... .......... .......... .......... .......... 52% 6.12M 0s
  2150K .......... .......... .......... .......... .......... 53% 8.50M 0s
  2200K .......... .......... .......... .......... .......... 54% 4.45M 0s
  2250K .......... .......... .......... .......... .......... 56% 8.94M 0s
  2300K .......... .......... .......... .......... .......... 57% 3.63M 0s
  2350K .......... .......... .......... .......... .......... 58% 8.83M 0s
  2400K .......... .......... .......... .......... .......... 59% 4.63M 0s
  2450K .......... .......... .......... .......... .......... 61% 5.17M 0s
  2500K .......... .......... .......... .......... .......... 62% 3.84M 0s
  2550K .......... .......... .......... .......... .......... 63% 13.7M 0s
  2600K .......... .......... .......... .......... .......... 64% 12.4M 0s
  2650K .......... .......... .......... .......... .......... 65% 14.8M 0s
  2700K .......... .......... .......... .......... .......... 67% 11.1M 0s
  2750K .......... .......... .......... .......... .......... 68% 12.6M 0s
  2800K .......... .......... .......... .......... .......... 69% 32.0M 0s
  2850K .......... .......... .......... .......... .......... 70% 7.39M 0s
  2900K .......... .......... .......... .......... .......... 72% 15.0M 0s
  2950K .......... .......... .......... .......... .......... 73% 29.0M 0s
  3000K .......... .......... .......... .......... .......... 74% 9.98M 0s
  3050K .......... .......... .......... .......... .......... 75% 13.4M 0s
  3100K .......... .......... .......... .......... .......... 76% 20.3M 0s
  3150K .......... .......... .......... .......... .......... 78% 13.1M 0s
  3200K .......... .......... .......... .......... .......... 79% 10.8M 0s
  3250K .......... .......... .......... .......... .......... 80% 21.0M 0s
  3300K .......... .......... .......... .......... .......... 81% 9.72M 0s
  3350K .......... .......... .......... .......... .......... 83% 17.0M 0s
  3400K .......... .......... .......... .......... .......... 84% 3.31M 0s
  3450K .......... .......... .......... .......... .......... 85% 4.82M 0s
  3500K .......... .......... .......... .......... .......... 86% 9.08M 0s
  3550K .......... .......... .......... .......... .......... 87% 27.5M 0s
  3600K .......... .......... .......... .......... .......... 89% 8.54M 0s
  3650K .......... .......... .......... .......... .......... 90% 4.00M 0s
  3700K .......... .......... .......... .......... .......... 91% 6.66M 0s
  3750K .......... .......... .......... .......... .......... 92% 27.7M 0s
  3800K .......... .......... .......... .......... .......... 93% 4.68M 0s
  3850K .......... .......... .......... .......... .......... 95% 32.9M 0s
  3900K .......... .......... .......... .......... .......... 96% 4.20M 0s
  3950K .......... .......... .......... .......... .......... 97% 33.4M 0s
  4000K .......... .......... .......... .......... .......... 98% 9.00M 0s
  4050K .......... .......... .......... .......... ......    100% 5.07M=0.5s

2025-05-04 22:36:32 (7.32 MB/s) - ‘/home/maul/ws_kinclong_sim/build/multirobot_map_merge/map05.pgm’ saved [4194362/4194362]

--2025-05-04 22:36:32--  https://raw.githubusercontent.com/hrnr/m-explore-extra/master/map_merge/gmapping_maps/2011-08-09-12-22-52.pgm
Resolving raw.githubusercontent.com (raw.githubusercontent.com)... 185.199.110.133, 185.199.109.133, 185.199.108.133, ...
Connecting to raw.githubusercontent.com (raw.githubusercontent.com)|185.199.110.133|:443... connected.
HTTP request sent, awaiting response... 200 OK
Length: 16000058 (15M) [application/octet-stream]
Saving to: ‘/home/maul/ws_kinclong_sim/build/multirobot_map_merge/2011-08-09-12-22-52.pgm’

     0K .......... .......... .......... .......... ..........  0% 2.30M 7s
    50K .......... .......... .......... .......... ..........  0% 2.71M 6s
   100K .......... .......... .......... .......... ..........  0% 10.7M 5s
   150K .......... .......... .......... .......... ..........  1% 4.41M 4s
   200K .......... .......... .......... .......... ..........  1% 4.22M 4s
   250K .......... .......... .......... .......... ..........  1%  307M 3s
   300K .......... .......... .......... .......... ..........  2% 11.0M 3s
   350K .......... .......... .......... .......... ..........  2% 9.77M 3s
   400K .......... .......... .......... .......... ..........  2% 10.4M 3s
   450K .......... .......... .......... .......... ..........  3% 8.76M 3s
   500K .......... .......... .......... .......... ..........  3% 26.5M 2s
   550K .......... .......... .......... .......... ..........  3% 12.4M 2s
   600K .......... .......... .......... .......... ..........  4% 4.90M 2s
   650K .......... .......... .......... .......... ..........  4% 1.11M 3s
   700K .......... .......... .......... .......... ..........  4%  320M 3s
   750K .......... .......... .......... .......... ..........  5% 9.80M 3s
   800K .......... .......... .......... .......... ..........  5%  353M 3s
   850K .......... .......... .......... .......... ..........  5%  348M 2s
   900K .......... .......... .......... .......... ..........  6%  317M 2s
   950K .......... .......... .......... .......... ..........  6%  339M 2s
  1000K .......... .......... .......... .......... ..........  6% 2.02M 2s
  1050K .......... .......... .......... .......... ..........  7%  333M 2s
  1100K .......... .......... .......... .......... ..........  7%  324M 2s
  1150K .......... .......... .......... .......... ..........  7% 10.4M 2s
  1200K .......... .......... .......... .......... ..........  7% 1.03M 3s
  1250K .......... .......... .......... .......... ..........  8%  312M 3s
  1300K .......... .......... .......... .......... ..........  8%  344M 2s
  1350K .......... .......... .......... .......... ..........  8%  344M 2s
  1400K .......... .......... .......... .......... ..........  9%  364M 2s
  1450K .......... .......... .......... .......... ..........  9%  341M 2s
  1500K .......... .......... .......... .......... ..........  9%  354M 2s
  1550K .......... .......... .......... .......... .......... 10% 1.86M 2s
  1600K .......... .......... .......... .......... .......... 10%  239M 2s
  1650K .......... .......... .......... .......... .......... 10%  320M 2s
  1700K .......... .......... .......... .......... .......... 11%  339M 2s
  1750K .......... .......... .......... .......... .......... 11%  357M 2s
  1800K .......... .......... .......... .......... .......... 11%  330M 2s
  1850K .......... .......... .......... .......... .......... 12%  344M 2s
  1900K .......... .......... .......... .......... .......... 12% 7.50M 2s
  1950K .......... .......... .......... .......... .......... 12% 6.02M 2s
  2000K .......... .......... .......... .......... .......... 13% 10.4M 2s
  2050K .......... .......... .......... .......... .......... 13% 26.3M 2s
  2100K .......... .......... .......... .......... .......... 13%  302M 2s
  2150K .......... .......... .......... .......... .......... 14%  364M 2s
  2200K .......... .......... .......... .......... .......... 14% 9.47M 2s
  2250K .......... .......... .......... .......... .......... 14% 10.2M 2s
  2300K .......... .......... .......... .......... .......... 15% 8.16M 2s
  2350K .......... .......... .......... .......... .......... 15% 3.81M 2s
  2400K .......... .......... .......... .......... .......... 15%  191M 2s
  2450K .......... .......... .......... .......... .......... 15% 13.8M 2s
  2500K .......... .......... .......... .......... .......... 16% 12.6M 2s
  2550K .......... .......... .......... .......... .......... 16% 1.23M 2s
  2600K .......... .......... .......... .......... .......... 16% 32.3M 2s
  2650K .......... .......... .......... .......... .......... 17%  237M 2s
  2700K .......... .......... .......... .......... .......... 17%  340M 2s
  2750K .......... .......... .......... .......... .......... 17% 2.40M 2s
  2800K .......... .......... .......... .......... .......... 18% 21.1M 2s
  2850K .......... .......... .......... .......... .......... 18%  270M 2s
  2900K .......... .......... .......... .......... .......... 18% 44.3M 2s
  2950K .......... .......... .......... .......... .......... 19% 3.90M 2s
  3000K .......... .......... .......... .......... .......... 19% 9.93M 2s
  3050K .......... .......... .......... .......... .......... 19% 4.52M 2s
  3100K .......... .......... .......... .......... .......... 20% 7.27M 2s
  3150K .......... .......... .......... .......... .......... 20% 5.81M 2s
  3200K .......... .......... .......... .......... .......... 20% 4.45M 2s
  3250K .......... .......... .......... .......... .......... 21% 12.6M 2s
  3300K .......... .......... .......... .......... .......... 21% 8.53M 2s
  3350K .......... .......... .......... .......... .......... 21% 3.89M 2s
  3400K .......... .......... .......... .......... .......... 22% 8.81M 2s
  3450K .......... .......... .......... .......... .......... 22% 5.36M 2s
  3500K .......... .......... .......... .......... .......... 22% 9.12M 2s
  3550K .......... .......... .......... .......... .......... 23% 6.46M 2s
  3600K .......... .......... .......... .......... .......... 23% 4.31M 2s
  3650K .......... .......... .......... .......... .......... 23% 10.9M 2s
  3700K .......... .......... .......... .......... .......... 23% 4.62M 2s
  3750K .......... .......... .......... .......... .......... 24% 8.49M 2s
  3800K .......... .......... .......... .......... .......... 24% 8.12M 2s
  3850K .......... .......... .......... .......... .......... 24% 6.18M 2s
  3900K .......... .......... .......... .......... .......... 25% 6.32M 2s
  3950K .......... .......... .......... .......... .......... 25% 5.76M 2s
  4000K .......... .......... .......... .......... .......... 25% 1.13M 2s
  4050K .......... .......... .......... .......... .......... 26%  216M 2s
  4100K .......... .......... .......... .......... .......... 26%  311M 2s
  4150K .......... .......... .......... .......... .......... 26%  313M 2s
  4200K .......... .......... .......... .......... .......... 27%  342M 2s
  4250K .......... .......... .......... .......... .......... 27% 7.99M 2s
  4300K .......... .......... .......... .......... .......... 27% 4.73M 2s
  4350K .......... .......... .......... .......... .......... 28% 3.89M 2s
  4400K .......... .......... .......... .......... .......... 28% 5.35M 2s
  4450K .......... .......... .......... .......... .......... 28% 4.86M 2s
  4500K .......... .......... .......... .......... .......... 29% 6.61M 2s
  4550K .......... .......... .......... .......... .......... 29% 4.38M 2s
  4600K .......... .......... .......... .......... .......... 29% 6.76M 2s
  4650K .......... .......... .......... .......... .......... 30% 4.18M 2s
  4700K .......... .......... .......... .......... .......... 30% 7.46M 2s
  4750K .......... .......... .......... .......... .......... 30% 3.08M 2s
  4800K .......... .......... .......... .......... .......... 31% 5.32M 2s
  4850K .......... .......... .......... .......... .......... 31% 4.63M 2s
  4900K .......... .......... .......... .......... .......... 31% 1.38M 2s
  4950K .......... .......... .......... .......... .......... 31%  327M 2s
  5000K .......... .......... .......... .......... .......... 32% 3.12M 2s
  5050K .......... .......... .......... .......... .......... 32%  306M 2s
  5100K .......... .......... .......... .......... .......... 32% 53.1M 2s
  5150K .......... .......... .......... .......... .......... 33% 2.47M 2s
  5200K .......... .......... .......... .......... .......... 33% 3.33M 2s
  5250K .......... .......... .......... .......... .......... 33% 4.12M 2s
  5300K .......... .......... .......... .......... .......... 34% 2.88M 2s
  5350K .......... .......... .......... .......... .......... 34% 1.49M 2s
  5400K .......... .......... .......... .......... .......... 34%  310M 2s
  5450K .......... .......... .......... .......... .......... 35% 3.78M 2s
  5500K .......... .......... .......... .......... .......... 35% 2.35M 2s
  5550K .......... .......... .......... .......... .......... 35% 2.13M 2s
  5600K .......... .......... .......... .......... .......... 36% 2.58M 2s
  5650K .......... .......... .......... .......... .......... 36% 2.58M 2s
  5700K .......... .......... .......... .......... .......... 36% 2.71M 2s
  5750K .......... .......... .......... .......... .......... 37% 3.45M 2s
  5800K .......... .......... .......... .......... .......... 37% 2.70M 2s
  5850K .......... .......... .......... .......... .......... 37% 2.67M 2s
  5900K .......... .......... .......... .......... .......... 38% 3.33M 2s
  5950K .......... .......... .......... .......... .......... 38% 2.37M 2s
  6000K .......... .......... .......... .......... .......... 38% 2.84M 2s
  6050K .......... .......... .......... .......... .......... 39% 3.13M 2s
  6100K .......... .......... .......... .......... .......... 39% 3.27M 2s
  6150K .......... .......... .......... .......... .......... 39% 1.22M 2s
  6200K .......... .......... .......... .......... .......... 39%  291M 2s
  6250K .......... .......... .......... .......... .......... 40% 3.62M 2s
  6300K .......... .......... .......... .......... .......... 40% 2.27M 2s
  6350K .......... .......... .......... .......... .......... 40% 1.71M 2s
  6400K .......... .......... .......... .......... .......... 41% 1.99M 2s
  6450K .......... .......... .......... .......... .......... 41% 1.54M 2s
  6500K .......... .......... .......... .......... .......... 41% 1.76M 2s
  6550K .......... .......... .......... .......... .......... 42% 2.55M 2s
  6600K .......... .......... .......... .......... .......... 42% 2.65M 2s
  6650K .......... .......... .......... .......... .......... 42% 2.70M 2s
  6700K .......... .......... .......... .......... .......... 43% 2.12M 2s
  6750K .......... .......... .......... .......... .......... 43% 2.09M 2s
  6800K .......... .......... .......... .......... .......... 43% 2.74M 2s
  6850K .......... .......... .......... .......... .......... 44% 2.61M 2s
  6900K .......... .......... .......... .......... .......... 44% 2.98M 2s
  6950K .......... .......... .......... .......... .......... 44% 2.80M 2s
  7000K .......... .......... .......... .......... .......... 45% 2.61M 2s
  7050K .......... .......... .......... .......... .......... 45% 2.95M 2s
  7100K .......... .......... .......... .......... .......... 45% 2.98M 2s
  7150K .......... .......... .......... .......... .......... 46%  785K 2s
  7200K .......... .......... .......... .......... .......... 46% 1.69M 2s
  7250K .......... .......... .......... .......... .......... 46% 6.95M 2s
  7300K .......... .......... .......... .......... .......... 47% 1.95M 2s
  7350K .......... .......... .......... .......... .......... 47% 2.56M 2s
  7400K .......... .......... .......... .......... .......... 47% 2.43M 2s
  7450K .......... .......... .......... .......... .......... 47% 2.36M 2s
  7500K .......... .......... .......... .......... .......... 48% 1.35M 2s
  7550K .......... .......... .......... .......... .......... 48% 1.53M 2s
  7600K .......... .......... .......... .......... .......... 48%  649K 2s
  7650K .......... .......... .......... .......... .......... 49% 1.03M 2s
  7700K .......... .......... .......... .......... .......... 49% 1.05M 2s
  7750K .......... .......... .......... .......... .......... 49%  848K 2s
  7800K .......... .......... .......... .......... .......... 50%  609K 2s
  7850K .......... .......... .......... .......... .......... 50%  960K 2s
  7900K .......... .......... .......... .......... .......... 50% 1.24M 2s
  7950K .......... .......... .......... .......... .......... 51%  952K 2s
  8000K .......... .......... .......... .......... .......... 51% 1.35M 2s
  8050K .......... .......... .......... .......... .......... 51% 1.11M 2s
  8100K .......... .......... .......... .......... .......... 52% 1.28M 2s
  8150K .......... .......... .......... .......... .......... 52% 1.80M 2s
  8200K .......... .......... .......... .......... .......... 52% 1.70M 2s
  8250K .......... .......... .......... .......... .......... 53%  925K 2s
  8300K .......... .......... .......... .......... .......... 53% 1.72M 2s
  8350K .......... .......... .......... .......... .......... 53% 1.43M 2s
  8400K .......... .......... .......... .......... .......... 54% 1.73M 2s
  8450K .......... .......... .......... .......... .......... 54% 2.15M 2s
  8500K .......... .......... .......... .......... .......... 54%  716K 2s
  8550K .......... .......... .......... .......... .......... 55% 2.21M 2s
  8600K .......... .......... .......... .......... .......... 55% 1.89M 2s
  8650K .......... .......... .......... .......... .......... 55% 2.36M 2s
  8700K .......... .......... .......... .......... .......... 55% 1.97M 2s
  8750K .......... .......... .......... .......... .......... 56% 1.77M 2s
  8800K .......... .......... .......... .......... .......... 56% 2.54M 2s
  8850K .......... .......... .......... .......... .......... 56% 1.17M 2s
  8900K .......... .......... .......... .......... .......... 57% 2.49M 2s
  8950K .......... .......... .......... .......... .......... 57% 2.58M 2s
  9000K .......... .......... .......... .......... .......... 57% 2.19M 2s
  9050K .......... .......... .......... .......... .......... 58% 2.55M 2s
  9100K .......... .......... .......... .......... .......... 58% 2.69M 2s
  9150K .......... .......... .......... .......... .......... 58% 2.00M 2s
  9200K .......... .......... .......... .......... .......... 59% 2.44M 2s
  9250K .......... .......... .......... .......... .......... 59% 2.61M 2s
  9300K .......... .......... .......... .......... .......... 59% 2.27M 2s
  9350K .......... .......... .......... .......... .......... 60% 2.48M 2s
  9400K .......... .......... .......... .......... .......... 60% 2.92M 2s
  9450K .......... .......... .......... .......... .......... 60% 2.68M 2s
  9500K .......... .......... .......... .......... .......... 61% 2.92M 2s
  9550K .......... .......... .......... .......... .......... 61% 2.28M 2s
  9600K .......... .......... .......... .......... .......... 61% 3.22M 2s
  9650K .......... .......... .......... .......... .......... 62% 3.11M 2s
  9700K .......... .......... .......... .......... .......... 62% 3.43M 2s
  9750K .......... .......... .......... .......... .......... 62% 3.23M 2s
  9800K .......... .......... .......... .......... .......... 63% 2.60M 2s
  9850K .......... .......... .......... .......... .......... 63% 4.03M 2s
  9900K .......... .......... .......... .......... .......... 63% 1.11M 2s
  9950K .......... .......... .......... .......... .......... 63% 87.4M 2s
 10000K .......... .......... .......... .......... .......... 64% 1.74M 2s
 10050K .......... .......... .......... .......... .......... 64% 5.25M 2s
 10100K .......... .......... .......... .......... .......... 64% 2.11M 2s
 10150K .......... .......... .......... .......... .......... 65% 2.45M 2s
 10200K .......... .......... .......... .......... .......... 65% 2.53M 2s
 10250K .......... .......... .......... .......... .......... 65% 1.38M 2s
 10300K .......... .......... .......... .......... .......... 66% 4.60M 2s
 10350K .......... .......... .......... .......... .......... 66% 1.36M 2s
 10400K .......... .......... .......... .......... .......... 66% 1.70M 2s
 10450K .......... .......... .......... .......... .......... 67% 1.65M 2s
 10500K .......... .......... .......... .......... .......... 67% 2.04M 2s
 10550K .......... .......... .......... .......... .......... 67% 1.90M 2s
 10600K .......... .......... .......... .......... .......... 68% 2.16M 2s
 10650K .......... .......... .......... .......... .......... 68% 1.78M 2s
 10700K .......... .......... .......... .......... .......... 68% 2.17M 2s
 10750K .......... .......... .......... .......... .......... 69% 1.63M 2s
 10800K .......... .......... .......... .......... .......... 69% 2.18M 2s
 10850K .......... .......... .......... .......... .......... 69% 2.46M 2s
 10900K .......... .......... .......... .......... .......... 70% 2.40M 2s
 10950K .......... .......... .......... .......... .......... 70% 2.30M 2s
 11000K .......... .......... .......... .......... .......... 70% 2.61M 2s
 11050K .......... .......... .......... .......... .......... 71% 1.04M 2s
 11100K .......... .......... .......... .......... .......... 71% 1.49M 2s
 11150K .......... .......... .......... .......... .......... 71%  593K 2s
 11200K .......... .......... .......... .......... .......... 71% 2.87M 2s
 11250K .......... .......... .......... .......... .......... 72% 1.39M 2s
 11300K .......... .......... .......... .......... .......... 72% 1.88M 1s
 11350K .......... .......... .......... .......... .......... 72% 1.19M 1s
 11400K .......... .......... .......... .......... .......... 73% 2.16M 1s
 11450K .......... .......... .......... .......... .......... 73% 1.28M 1s
 11500K .......... .......... .......... .......... .......... 73% 1.39M 1s
 11550K .......... .......... .......... .......... .......... 74% 1.10M 1s
 11600K .......... .......... .......... .......... .......... 74% 1.51M 1s
 11650K .......... .......... .......... .......... .......... 74% 1.57M 1s
 11700K .......... .......... .......... .......... .......... 75% 1.88M 1s
 11750K .......... .......... .......... .......... .......... 75% 1.74M 1s
 11800K .......... .......... .......... .......... .......... 75% 1020K 1s
 11850K .......... .......... .......... .......... .......... 76% 4.91M 1s
 11900K .......... .......... .......... .......... .......... 76% 1.07M 1s
 11950K .......... .......... .......... .......... .......... 76%  719K 1s
 12000K .......... .......... .......... .......... .......... 77% 1.75M 1s
 12050K .......... .......... .......... .......... .......... 77% 1020K 1s
 12100K .......... .......... .......... .......... .......... 77% 1.10M 1s
 12150K .......... .......... .......... .......... .......... 78% 1.12M 1s
 12200K .......... .......... .......... .......... .......... 78% 1.34M 1s
 12250K .......... .......... .......... .......... .......... 78% 1.03M 1s
 12300K .......... .......... .......... .......... .......... 79%  978K 1s
 12350K .......... .......... .......... .......... .......... 79%  773K 1s
 12400K .......... .......... .......... .......... .......... 79% 1.09M 1s
 12450K .......... .......... .......... .......... .......... 79% 1.25M 1s
 12500K .......... .......... .......... .......... .......... 80% 1.37M 1s
 12550K .......... .......... .......... .......... .......... 80% 1.39M 1s
 12600K .......... .......... .......... .......... .......... 80% 1.54M 1s
 12650K .......... .......... .......... .......... .......... 81% 1.13M 1s
 12700K .......... .......... .......... .......... .......... 81% 1.76M 1s
 12750K .......... .......... .......... .......... .......... 81% 1.23M 1s
 12800K .......... .......... .......... .......... .......... 82% 1.33M 1s
 12850K .......... .......... .......... .......... .......... 82% 1.79M 1s
 12900K .......... .......... .......... .......... .......... 82% 1.96M 1s
 12950K .......... .......... .......... .......... .......... 83% 1.90M 1s
 13000K .......... .......... .......... .......... .......... 83% 2.03M 1s
 13050K .......... .......... .......... .......... .......... 83% 2.16M 1s
 13100K .......... .......... .......... .......... .......... 84% 2.34M 1s
 13150K .......... .......... .......... .......... .......... 84%  547K 1s
 13200K .......... .......... .......... .......... .......... 84% 2.09M 1s
 13250K .......... .......... .......... .......... .......... 85% 1.89M 1s
 13300K .......... .......... .......... .......... .......... 85% 2.38M 1s
 13350K .......... .......... .......... .......... .......... 85% 2.12M 1s
 13400K .......... .......... .......... .......... .......... 86% 1.21M 1s
 13450K .......... .......... .......... .......... .......... 86% 2.01M 1s
 13500K .......... .......... .......... .......... .......... 86% 2.98M 1s
 13550K .......... .......... .......... .......... .......... 87%  927K 1s
 13600K .......... .......... .......... .......... .......... 87% 1.52M 1s
 13650K .......... .......... .......... .......... .......... 87% 2.76M 1s
 13700K .......... .......... .......... .......... .......... 87% 2.70M 1s
 13750K .......... .......... .......... .......... .......... 88% 2.89M 1s
 13800K .......... .......... .......... .......... .......... 88% 2.71M 1s
 13850K .......... .......... .......... .......... .......... 88% 2.61M 1s
 13900K .......... .......... .......... .......... .......... 89% 2.79M 1s
 13950K .......... .......... .......... .......... .......... 89% 2.32M 1s
 14000K .......... .......... .......... .......... .......... 89% 1.76M 1s
 14050K .......... .......... .......... .......... .......... 90% 2.70M 1s
 14100K .......... .......... .......... .......... .......... 90% 1.87M 1s
 14150K .......... .......... .......... .......... .......... 90% 3.60M 1s
 14200K .......... .......... .......... .......... .......... 91% 2.01M 1s
 14250K .......... .......... .......... .......... .......... 91% 2.41M 1s
 14300K .......... .......... .......... .......... .......... 91% 2.20M 1s
 14350K .......... .......... .......... .......... .......... 92% 1.47M 1s
 14400K .......... .......... .......... .......... .......... 92% 2.14M 0s
 14450K .......... .......... .......... .......... .......... 92% 1.68M 0s
 14500K .......... .......... .......... .......... .......... 93% 1.88M 0s
 14550K .......... .......... .......... .......... .......... 93% 1.46M 0s
 14600K .......... .......... .......... .......... .......... 93% 1.97M 0s
 14650K .......... .......... .......... .......... .......... 94% 1.76M 0s
 14700K .......... .......... .......... .......... .......... 94% 2.02M 0s
 14750K .......... .......... .......... .......... .......... 94% 1.43M 0s
 14800K .......... .......... .......... .......... .......... 95% 2.37M 0s
 14850K .......... .......... .......... .......... .......... 95% 1.91M 0s
 14900K .......... .......... .......... .......... .......... 95% 2.28M 0s
 14950K .......... .......... .......... .......... .......... 95% 2.12M 0s
 15000K .......... .......... .......... .......... .......... 96% 2.43M 0s
 15050K .......... .......... .......... .......... .......... 96% 2.18M 0s
 15100K .......... .......... .......... .......... .......... 96% 2.59M 0s
 15150K .......... .......... .......... .......... .......... 97% 1.32M 0s
 15200K .......... .......... .......... .......... .......... 97% 1.91M 0s
 15250K .......... .......... .......... .......... .......... 97% 1.66M 0s
 15300K .......... .......... .......... .......... .......... 98% 1.33M 0s
 15350K .......... .......... .......... .......... .......... 98% 1.31M 0s
 15400K .......... .......... .......... .......... .......... 98% 1.27M 0s
 15450K .......... .......... .......... .......... .......... 99% 1.38M 0s
 15500K .......... .......... .......... .......... .......... 99% 1.46M 0s
 15550K .......... .......... .......... .......... .......... 99% 1.21M 0s
 15600K .......... .......... .....                           100% 2.64M=6.7s

2025-05-04 22:36:41 (2.29 MB/s) - ‘/home/maul/ws_kinclong_sim/build/multirobot_map_merge/2011-08-09-12-22-52.pgm’ saved [16000058/16000058]

--2025-05-04 22:36:41--  https://raw.githubusercontent.com/hrnr/m-explore-extra/master/map_merge/gmapping_maps/2012-01-28-11-12-01.pgm
Resolving raw.githubusercontent.com (raw.githubusercontent.com)... 185.199.108.133, 185.199.109.133, 185.199.111.133, ...
Connecting to raw.githubusercontent.com (raw.githubusercontent.com)|185.199.108.133|:443... connected.
HTTP request sent, awaiting response... 200 OK
Length: 16000058 (15M) [application/octet-stream]
Saving to: ‘/home/maul/ws_kinclong_sim/build/multirobot_map_merge/2012-01-28-11-12-01.pgm’

     0K .......... .......... .......... .......... ..........  0% 2.46M 6s
    50K .......... .......... .......... .......... ..........  0% 2.76M 6s
   100K .......... .......... .......... .......... ..........  0% 6.65M 5s
   150K .......... .......... .......... .......... ..........  1% 4.96M 4s
   200K .......... .......... .......... .......... ..........  1% 3.45M 4s
   250K .......... .......... .......... .......... ..........  1% 9.88M 4s
   300K .......... .......... .......... .......... ..........  2%  278M 3s
   350K .......... .......... .......... .......... ..........  2% 10.7M 3s
   400K .......... .......... .......... .......... ..........  2% 9.90M 3s
   450K .......... .......... .......... .......... ..........  3% 10.2M 3s
   500K .......... .......... .......... .......... ..........  3% 3.57M 3s
   550K .......... .......... .......... .......... ..........  3%  190M 3s
   600K .......... .......... .......... .......... ..........  4% 10.8M 2s
   650K .......... .......... .......... .......... ..........  4% 11.1M 2s
   700K .......... .......... .......... .......... ..........  4% 4.66M 2s
   750K .......... .......... .......... .......... ..........  5% 11.1M 2s
   800K .......... .......... .......... .......... ..........  5%  226M 2s
   850K .......... .......... .......... .......... ..........  5% 11.5M 2s
   900K .......... .......... .......... .......... ..........  6% 3.74M 2s
   950K .......... .......... .......... .......... ..........  6% 12.5M 2s
  1000K .......... .......... .......... .......... ..........  6% 10.1M 2s
  1050K .......... .......... .......... .......... ..........  7% 9.32M 2s
  1100K .......... .......... .......... .......... ..........  7%  334M 2s
  1150K .......... .......... .......... .......... ..........  7% 12.4M 2s
  1200K .......... .......... .......... .......... ..........  7%  439K 3s
  1250K .......... .......... .......... .......... ..........  8%  456M 3s
  1300K .......... .......... .......... .......... ..........  8%  354M 3s
  1350K .......... .......... .......... .......... ..........  8%  325M 3s
  1400K .......... .......... .......... .......... ..........  9%  248M 3s
  1450K .......... .......... .......... .......... ..........  9%  339M 3s
  1500K .......... .......... .......... .......... ..........  9%  347M 3s
  1550K .......... .......... .......... .......... .......... 10%  333M 2s
  1600K .......... .......... .......... .......... .......... 10%  336M 2s
  1650K .......... .......... .......... .......... .......... 10%  310M 2s
  1700K .......... .......... .......... .......... .......... 11%  336M 2s
  1750K .......... .......... .......... .......... .......... 11%  333M 2s
  1800K .......... .......... .......... .......... .......... 11%  253M 2s
  1850K .......... .......... .......... .......... .......... 12%  348M 2s
  1900K .......... .......... .......... .......... .......... 12%  337M 2s
  1950K .......... .......... .......... .......... .......... 12%  344M 2s
  2000K .......... .......... .......... .......... .......... 13%  325M 2s
  2050K .......... .......... .......... .......... .......... 13%  331M 2s
  2100K .......... .......... .......... .......... .......... 13%  349M 2s
  2150K .......... .......... .......... .......... .......... 14% 60.0M 2s
  2200K .......... .......... .......... .......... .......... 14% 37.2M 2s
  2250K .......... .......... .......... .......... .......... 14%  378M 2s
  2300K .......... .......... .......... .......... .......... 15% 9.52M 2s
  2350K .......... .......... .......... .......... .......... 15%  386M 2s
  2400K .......... .......... .......... .......... .......... 15% 6.58M 2s
  2450K .......... .......... .......... .......... .......... 15% 31.3M 2s
  2500K .......... .......... .......... .......... .......... 16% 4.23M 2s
  2550K .......... .......... .......... .......... .......... 16% 6.71M 2s
  2600K .......... .......... .......... .......... .......... 16% 3.48M 2s
  2650K .......... .......... .......... .......... .......... 17% 4.94M 2s
  2700K .......... .......... .......... .......... .......... 17%  251M 2s
  2750K .......... .......... .......... .......... .......... 17% 1.48M 2s
  2800K .......... .......... .......... .......... .......... 18%  348M 2s
  2850K .......... .......... .......... .......... .......... 18% 12.0M 2s
  2900K .......... .......... .......... .......... .......... 18% 82.8M 2s
  2950K .......... .......... .......... .......... .......... 19%  291M 2s
  3000K .......... .......... .......... .......... .......... 19%  333M 2s
  3050K .......... .......... .......... .......... .......... 19%  349M 2s
  3100K .......... .......... .......... .......... .......... 20% 11.5M 2s
  3150K .......... .......... .......... .......... .......... 20% 8.21M 1s
  3200K .......... .......... .......... .......... .......... 20% 9.41M 1s
  3250K .......... .......... .......... .......... .......... 21% 14.7M 1s
  3300K .......... .......... .......... .......... .......... 21% 1.80M 2s
  3350K .......... .......... .......... .......... .......... 21% 5.20M 2s
  3400K .......... .......... .......... .......... .......... 22%  298M 2s
  3450K .......... .......... .......... .......... .......... 22% 14.4M 2s
  3500K .......... .......... .......... .......... .......... 22% 4.62M 2s
  3550K .......... .......... .......... .......... .......... 23% 6.42M 2s
  3600K .......... .......... .......... .......... .......... 23% 61.7M 1s
  3650K .......... .......... .......... .......... .......... 23% 26.2M 1s
  3700K .......... .......... .......... .......... .......... 23% 5.21M 1s
  3750K .......... .......... .......... .......... .......... 24%  351M 1s
  3800K .......... .......... .......... .......... .......... 24% 4.00M 1s
  3850K .......... .......... .......... .......... .......... 24% 5.07M 1s
  3900K .......... .......... .......... .......... .......... 25% 6.13M 1s
  3950K .......... .......... .......... .......... .......... 25% 6.10M 1s
  4000K .......... .......... .......... .......... .......... 25% 4.00M 1s
  4050K .......... .......... .......... .......... .......... 26% 5.08M 1s
  4100K .......... .......... .......... .......... .......... 26% 5.00M 1s
  4150K .......... .......... .......... .......... .......... 26% 4.08M 1s
  4200K .......... .......... .......... .......... .......... 27% 3.51M 1s
  4250K .......... .......... .......... .......... .......... 27% 8.85M 1s
  4300K .......... .......... .......... .......... .......... 27% 3.99M 1s
  4350K .......... .......... .......... .......... .......... 28% 5.70M 1s
  4400K .......... .......... .......... .......... .......... 28% 7.70M 1s
  4450K .......... .......... .......... .......... .......... 28% 6.60M 1s
  4500K .......... .......... .......... .......... .......... 29% 3.90M 1s
  4550K .......... .......... .......... .......... .......... 29% 6.16M 1s
  4600K .......... .......... .......... .......... .......... 29% 4.04M 1s
  4650K .......... .......... .......... .......... .......... 30% 10.1M 1s
  4700K .......... .......... .......... .......... .......... 30% 7.70M 1s
  4750K .......... .......... .......... .......... .......... 30% 4.65M 1s
  4800K .......... .......... .......... .......... .......... 31% 9.45M 1s
  4850K .......... .......... .......... .......... .......... 31% 5.36M 1s
  4900K .......... .......... .......... .......... .......... 31% 5.09M 1s
  4950K .......... .......... .......... .......... .......... 31% 6.73M 1s
  5000K .......... .......... .......... .......... .......... 32% 4.31M 1s
  5050K .......... .......... .......... .......... .......... 32% 10.6M 1s
  5100K .......... .......... .......... .......... .......... 32% 8.62M 1s
  5150K .......... .......... .......... .......... .......... 33% 5.03M 1s
  5200K .......... .......... .......... .......... .......... 33% 7.42M 1s
  5250K .......... .......... .......... .......... .......... 33% 6.35M 1s
  5300K .......... .......... .......... .......... .......... 34% 5.52M 1s
  5350K .......... .......... .......... .......... .......... 34% 7.29M 1s
  5400K .......... .......... .......... .......... .......... 34% 7.19M 1s
  5450K .......... .......... .......... .......... .......... 35% 6.22M 1s
  5500K .......... .......... .......... .......... .......... 35% 7.42M 1s
  5550K .......... .......... .......... .......... .......... 35% 5.50M 1s
  5600K .......... .......... .......... .......... .......... 36% 5.07M 1s
  5650K .......... .......... .......... .......... .......... 36% 4.04M 1s
  5700K .......... .......... .......... .......... .......... 36% 5.95M 1s
  5750K .......... .......... .......... .......... .......... 37% 7.49M 1s
  5800K .......... .......... .......... .......... .......... 37% 2.83M 1s
  5850K .......... .......... .......... .......... .......... 37% 14.7M 1s
  5900K .......... .......... .......... .......... .......... 38% 3.37M 1s
  5950K .......... .......... .......... .......... .......... 38% 5.49M 1s
  6000K .......... .......... .......... .......... .......... 38% 5.60M 1s
  6050K .......... .......... .......... .......... .......... 39% 7.91M 1s
  6100K .......... .......... .......... .......... .......... 39% 4.83M 1s
  6150K .......... .......... .......... .......... .......... 39% 7.47M 1s
  6200K .......... .......... .......... .......... .......... 39% 8.50M 1s
  6250K .......... .......... .......... .......... .......... 40% 5.87M 1s
  6300K .......... .......... .......... .......... .......... 40% 7.57M 1s
  6350K .......... .......... .......... .......... .......... 40% 5.83M 1s
  6400K .......... .......... .......... .......... .......... 41% 6.86M 1s
  6450K .......... .......... .......... .......... .......... 41% 7.67M 1s
  6500K .......... .......... .......... .......... .......... 41% 5.65M 1s
  6550K .......... .......... .......... .......... .......... 42% 6.58M 1s
  6600K .......... .......... .......... .......... .......... 42% 11.1M 1s
  6650K .......... .......... .......... .......... .......... 42% 6.52M 1s
  6700K .......... .......... .......... .......... .......... 43% 7.78M 1s
  6750K .......... .......... .......... .......... .......... 43% 7.60M 1s
  6800K .......... .......... .......... .......... .......... 43% 3.72M 1s
  6850K .......... .......... .......... .......... .......... 44% 15.3M 1s
  6900K .......... .......... .......... .......... .......... 44% 10.5M 1s
  6950K .......... .......... .......... .......... .......... 44% 4.71M 1s
  7000K .......... .......... .......... .......... .......... 45% 8.33M 1s
  7050K .......... .......... .......... .......... .......... 45% 5.40M 1s
  7100K .......... .......... .......... .......... .......... 45% 8.90M 1s
  7150K .......... .......... .......... .......... .......... 46% 6.78M 1s
  7200K .......... .......... .......... .......... .......... 46% 4.83M 1s
  7250K .......... .......... .......... .......... .......... 46% 7.68M 1s
  7300K .......... .......... .......... .......... .......... 47% 7.09M 1s
  7350K .......... .......... .......... .......... .......... 47% 6.87M 1s
  7400K .......... .......... .......... .......... .......... 47% 7.09M 1s
  7450K .......... .......... .......... .......... .......... 47% 11.1M 1s
  7500K .......... .......... .......... .......... .......... 48% 4.33M 1s
  7550K .......... .......... .......... .......... .......... 48% 7.41M 1s
  7600K .......... .......... .......... .......... .......... 48% 13.9M 1s
  7650K .......... .......... .......... .......... .......... 49% 5.87M 1s
  7700K .......... .......... .......... .......... .......... 49% 3.62M 1s
  7750K .......... .......... .......... .......... .......... 49% 3.27M 1s
  7800K .......... .......... .......... .......... .......... 50% 9.79M 1s
  7850K .......... .......... .......... .......... .......... 50% 13.9M 1s
  7900K .......... .......... .......... .......... .......... 50% 3.10M 1s
  7950K .......... .......... .......... .......... .......... 51% 7.22M 1s
  8000K .......... .......... .......... .......... .......... 51% 11.3M 1s
  8050K .......... .......... .......... .......... .......... 51% 4.78M 1s
  8100K .......... .......... .......... .......... .......... 52% 2.87M 1s
  8150K .......... .......... .......... .......... .......... 52% 2.33M 1s
  8200K .......... .......... .......... .......... .......... 52% 10.5M 1s
  8250K .......... .......... .......... .......... .......... 53% 14.6M 1s
  8300K .......... .......... .......... .......... .......... 53% 5.59M 1s
  8350K .......... .......... .......... .......... .......... 53% 3.87M 1s
  8400K .......... .......... .......... .......... .......... 54% 6.47M 1s
  8450K .......... .......... .......... .......... .......... 54% 5.66M 1s
  8500K .......... .......... .......... .......... .......... 54% 9.03M 1s
  8550K .......... .......... .......... .......... .......... 55% 7.63M 1s
  8600K .......... .......... .......... .......... .......... 55% 7.77M 1s
  8650K .......... .......... .......... .......... .......... 55% 9.06M 1s
  8700K .......... .......... .......... .......... .......... 55% 6.74M 1s
  8750K .......... .......... .......... .......... .......... 56% 3.97M 1s
  8800K .......... .......... .......... .......... .......... 56% 4.69M 1s
  8850K .......... .......... .......... .......... .......... 56% 9.09M 1s
  8900K .......... .......... .......... .......... .......... 57% 2.65M 1s
  8950K .......... .......... .......... .......... .......... 57% 18.3M 1s
  9000K .......... .......... .......... .......... .......... 57% 7.00M 1s
  9050K .......... .......... .......... .......... .......... 58% 4.10M 1s
  9100K .......... .......... .......... .......... .......... 58% 19.2M 1s
  9150K .......... .......... .......... .......... .......... 58% 6.28M 1s
  9200K .......... .......... .......... .......... .......... 59% 5.39M 1s
  9250K .......... .......... .......... .......... .......... 59% 7.24M 1s
  9300K .......... .......... .......... .......... .......... 59% 5.60M 1s
  9350K .......... .......... .......... .......... .......... 60% 7.62M 1s
  9400K .......... .......... .......... .......... .......... 60% 11.0M 1s
  9450K .......... .......... .......... .......... .......... 60% 7.79M 1s
  9500K .......... .......... .......... .......... .......... 61% 7.92M 1s
  9550K .......... .......... .......... .......... .......... 61% 8.74M 1s
  9600K .......... .......... .......... .......... .......... 61% 5.27M 1s
  9650K .......... .......... .......... .......... .......... 62% 10.9M 1s
  9700K .......... .......... .......... .......... .......... 62% 11.8M 1s
  9750K .......... .......... .......... .......... .......... 62% 5.72M 1s
  9800K .......... .......... .......... .......... .......... 63% 7.78M 1s
  9850K .......... .......... .......... .......... .......... 63% 5.70M 1s
  9900K .......... .......... .......... .......... .......... 63% 34.2M 1s
  9950K .......... .......... .......... .......... .......... 63% 7.68M 1s
 10000K .......... .......... .......... .......... .......... 64% 4.06M 1s
 10050K .......... .......... .......... .......... .......... 64% 5.34M 1s
 10100K .......... .......... .......... .......... .......... 64% 7.68M 1s
 10150K .......... .......... .......... .......... .......... 65% 8.93M 1s
 10200K .......... .......... .......... .......... .......... 65% 6.75M 1s
 10250K .......... .......... .......... .......... .......... 65% 1.85M 1s
 10300K .......... .......... .......... .......... .......... 66% 1.78M 1s
 10350K .......... .......... .......... .......... .......... 66% 3.19M 1s
 10400K .......... .......... .......... .......... .......... 66%  220M 1s
 10450K .......... .......... .......... .......... .......... 67% 3.94M 1s
 10500K .......... .......... .......... .......... .......... 67% 4.35M 1s
 10550K .......... .......... .......... .......... .......... 67% 5.61M 1s
 10600K .......... .......... .......... .......... .......... 68% 6.86M 1s
 10650K .......... .......... .......... .......... .......... 68% 12.2M 1s
 10700K .......... .......... .......... .......... .......... 68% 10.3M 1s
 10750K .......... .......... .......... .......... .......... 69% 4.04M 1s
 10800K .......... .......... .......... .......... .......... 69% 7.76M 1s
 10850K .......... .......... .......... .......... .......... 69% 18.4M 1s
 10900K .......... .......... .......... .......... .......... 70% 5.33M 1s
 10950K .......... .......... .......... .......... .......... 70% 11.2M 1s
 11000K .......... .......... .......... .......... .......... 70% 10.8M 1s
 11050K .......... .......... .......... .......... .......... 71% 6.73M 1s
 11100K .......... .......... .......... .......... .......... 71% 4.35M 1s
 11150K .......... .......... .......... .......... .......... 71% 8.28M 1s
 11200K .......... .......... .......... .......... .......... 71% 9.05M 1s
 11250K .......... .......... .......... .......... .......... 72% 7.17M 1s
 11300K .......... .......... .......... .......... .......... 72% 10.1M 1s
 11350K .......... .......... .......... .......... .......... 72% 6.36M 1s
 11400K .......... .......... .......... .......... .......... 73% 5.77M 1s
 11450K .......... .......... .......... .......... .......... 73% 7.01M 1s
 11500K .......... .......... .......... .......... .......... 73% 6.52M 1s
 11550K .......... .......... .......... .......... .......... 74% 9.95M 1s
 11600K .......... .......... .......... .......... .......... 74% 7.22M 1s
 11650K .......... .......... .......... .......... .......... 74% 8.08M 1s
 11700K .......... .......... .......... .......... .......... 75% 7.65M 1s
 11750K .......... .......... .......... .......... .......... 75% 12.7M 1s
 11800K .......... .......... .......... .......... .......... 75% 8.05M 1s
 11850K .......... .......... .......... .......... .......... 76% 13.9M 1s
 11900K .......... .......... .......... .......... .......... 76% 4.12M 1s
 11950K .......... .......... .......... .......... .......... 76% 19.2M 1s
 12000K .......... .......... .......... .......... .......... 77% 2.15M 1s
 12050K .......... .......... .......... .......... .......... 77%  252M 1s
 12100K .......... .......... .......... .......... .......... 77% 10.5M 1s
 12150K .......... .......... .......... .......... .......... 78% 13.9M 1s
 12200K .......... .......... .......... .......... .......... 78% 4.32M 1s
 12250K .......... .......... .......... .......... .......... 78% 6.35M 0s
 12300K .......... .......... .......... .......... .......... 79% 7.38M 0s
 12350K .......... .......... .......... .......... .......... 79% 12.2M 0s
 12400K .......... .......... .......... .......... .......... 79% 5.38M 0s
 12450K .......... .......... .......... .......... .......... 79% 8.33M 0s
 12500K .......... .......... .......... .......... .......... 80% 10.5M 0s
 12550K .......... .......... .......... .......... .......... 80% 6.13M 0s
 12600K .......... .......... .......... .......... .......... 80% 10.8M 0s
 12650K .......... .......... .......... .......... .......... 81% 7.38M 0s
 12700K .......... .......... .......... .......... .......... 81% 9.18M 0s
 12750K .......... .......... .......... .......... .......... 81% 5.22M 0s
 12800K .......... .......... .......... .......... .......... 82% 14.4M 0s
 12850K .......... .......... .......... .......... .......... 82% 6.44M 0s
 12900K .......... .......... .......... .......... .......... 82% 8.66M 0s
 12950K .......... .......... .......... .......... .......... 83% 8.79M 0s
 13000K .......... .......... .......... .......... .......... 83% 18.7M 0s
 13050K .......... .......... .......... .......... .......... 83% 3.30M 0s
 13100K .......... .......... .......... .......... .......... 84% 20.7M 0s
 13150K .......... .......... .......... .......... .......... 84% 16.3M 0s
 13200K .......... .......... .......... .......... .......... 84% 7.58M 0s
 13250K .......... .......... .......... .......... .......... 85% 6.45M 0s
 13300K .......... .......... .......... .......... .......... 85% 4.87M 0s
 13350K .......... .......... .......... .......... .......... 85% 14.4M 0s
 13400K .......... .......... .......... .......... .......... 86% 6.95M 0s
 13450K .......... .......... .......... .......... .......... 86% 1.23M 0s
 13500K .......... .......... .......... .......... .......... 86% 9.08M 0s
 13550K .......... .......... .......... .......... .......... 87% 7.43M 0s
 13600K .......... .......... .......... .......... .......... 87% 5.11M 0s
 13650K .......... .......... .......... .......... .......... 87% 4.72M 0s
 13700K .......... .......... .......... .......... .......... 87% 6.76M 0s
 13750K .......... .......... .......... .......... .......... 88% 9.41M 0s
 13800K .......... .......... .......... .......... .......... 88% 7.57M 0s
 13850K .......... .......... .......... .......... .......... 88% 10.0M 0s
 13900K .......... .......... .......... .......... .......... 89% 6.66M 0s
 13950K .......... .......... .......... .......... .......... 89% 9.12M 0s
 14000K .......... .......... .......... .......... .......... 89% 10.0M 0s
 14050K .......... .......... .......... .......... .......... 90% 17.6M 0s
 14100K .......... .......... .......... .......... .......... 90% 5.01M 0s
 14150K .......... .......... .......... .......... .......... 90% 12.3M 0s
 14200K .......... .......... .......... .......... .......... 91% 11.3M 0s
 14250K .......... .......... .......... .......... .......... 91% 6.21M 0s
 14300K .......... .......... .......... .......... .......... 91% 7.03M 0s
 14350K .......... .......... .......... .......... .......... 92% 6.84M 0s
 14400K .......... .......... .......... .......... .......... 92% 4.81M 0s
 14450K .......... .......... .......... .......... .......... 92% 18.5M 0s
 14500K .......... .......... .......... .......... .......... 93% 9.46M 0s
 14550K .......... .......... .......... .......... .......... 93% 12.7M 0s
 14600K .......... .......... .......... .......... .......... 93% 6.39M 0s
 14650K .......... .......... .......... .......... .......... 94% 7.49M 0s
 14700K .......... .......... .......... .......... .......... 94% 6.74M 0s
 14750K .......... .......... .......... .......... .......... 94% 18.9M 0s
 14800K .......... .......... .......... .......... .......... 95% 9.35M 0s
 14850K .......... .......... .......... .......... .......... 95% 7.50M 0s
 14900K .......... .......... .......... .......... .......... 95% 7.63M 0s
 14950K .......... .......... .......... .......... .......... 95% 6.19M 0s
 15000K .......... .......... .......... .......... .......... 96% 28.2M 0s
 15050K .......... .......... .......... .......... .......... 96% 6.01M 0s
 15100K .......... .......... .......... .......... .......... 96% 11.2M 0s
 15150K .......... .......... .......... .......... .......... 97% 6.50M 0s
 15200K .......... .......... .......... .......... .......... 97% 12.8M 0s
 15250K .......... .......... .......... .......... .......... 97% 10.7M 0s
 15300K .......... .......... .......... .......... .......... 98% 5.44M 0s
 15350K .......... .......... .......... .......... .......... 98% 10.0M 0s
 15400K .......... .......... .......... .......... .......... 98% 15.9M 0s
 15450K .......... .......... .......... .......... .......... 99% 5.20M 0s
 15500K .......... .......... .......... .......... .......... 99% 9.82M 0s
 15550K .......... .......... .......... .......... .......... 99% 12.5M 0s
 15600K .......... .......... .....                           100% 31.4M=2.3s

2025-05-04 22:36:45 (6.70 MB/s) - ‘/home/maul/ws_kinclong_sim/build/multirobot_map_merge/2012-01-28-11-12-01.pgm’ saved [16000058/16000058]

