[0.021s] Invoking command in '/home/maul/ws_kinclong_sim/build/multirobot_map_merge': CMAKE_PREFIX_PATH=${CMAKE_PREFIX_PATH}:/opt/ros/jazzy DEBUGINFOD_URLS=https://debuginfod.ubuntu.com PS1=\[\e]0;\u@\h: \w\a\]${debian_chroot:+($debian_chroot)}\[\033[01;32m\]\u@\h\[\033[00m\]:\[\033[01;34m\]\w\[\033[00m\]\$ /usr/bin/cmake /home/maul/ws_kinclong_sim/m-explore-ros2/map_merge -DCMAKE_INSTALL_PREFIX=/home/maul/ws_kinclong_sim/install/multirobot_map_merge
[0.086s] -- The C compiler identification is GNU 13.3.0
[0.193s] -- The CXX compiler identification is GNU 13.3.0
[0.246s] -- Detecting C compiler ABI info
[0.436s] -- Detecting C compiler ABI info - done
[0.447s] -- Check for working C compiler: /usr/lib/ccache/cc - skipped
[0.447s] -- Detecting C compile features
[0.447s] -- Detecting C compile features - done
[0.496s] -- Detecting CXX compiler ABI info
[0.668s] -- Detecting CXX compiler ABI info - done
[0.682s] -- Check for working CXX compiler: /usr/lib/ccache/c++ - skipped
[0.682s] -- Detecting CXX compile features
[0.683s] -- Detecting CXX compile features - done
[0.687s] -- Found ament_cmake: 2.5.3 (/opt/ros/jazzy/share/ament_cmake/cmake)
[0.897s] -- Found Python3: /home/maul/venv-ardupilot/bin/python3 (found version "3.12.3") found components: Interpreter 
[1.062s] -- Found rclcpp: 28.1.6 (/opt/ros/jazzy/share/rclcpp/cmake)
[1.125s] -- Found rosidl_generator_c: 4.6.5 (/opt/ros/jazzy/share/rosidl_generator_c/cmake)
[1.143s] -- Found rosidl_generator_cpp: 4.6.5 (/opt/ros/jazzy/share/rosidl_generator_cpp/cmake)
[1.166s] -- Using all available rosidl_typesupport_c: rosidl_typesupport_fastrtps_c;rosidl_typesupport_introspection_c
[1.190s] -- Using all available rosidl_typesupport_cpp: rosidl_typesupport_fastrtps_cpp;rosidl_typesupport_introspection_cpp
[1.303s] -- Found rmw_implementation_cmake: 7.3.1 (/opt/ros/jazzy/share/rmw_implementation_cmake/cmake)
[1.308s] -- Found rmw_fastrtps_cpp: 8.4.1 (/opt/ros/jazzy/share/rmw_fastrtps_cpp/cmake)
[1.421s] -- Found OpenSSL: /usr/lib/x86_64-linux-gnu/libcrypto.so (found version "3.0.13")  
[1.461s] -- Found FastRTPS: /opt/ros/jazzy/include (Required is at least version "2.13") 
[1.498s] -- Using RMW implementation 'rmw_fastrtps_cpp' as default
[1.602s] -- Found geometry_msgs: 5.3.5 (/opt/ros/jazzy/share/geometry_msgs/cmake)
[1.652s] -- Found image_geometry: 4.1.0 (/opt/ros/jazzy/share/image_geometry/cmake)
[1.700s] -- Found map_msgs: 2.4.1 (/opt/ros/jazzy/share/map_msgs/cmake)
[1.783s] -- Found tf2_geometry_msgs: 0.36.8 (/opt/ros/jazzy/share/tf2_geometry_msgs/cmake)
[1.816s] -- Found eigen3_cmake_module: 0.3.0 (/opt/ros/jazzy/share/eigen3_cmake_module/cmake)
[1.821s] -- Found Eigen3: TRUE (found version "3.4.0") 
[1.821s] -- Ensuring Eigen3 include directory is part of orocos-kdl CMake target
[2.123s] -- Found Boost: /usr/lib/x86_64-linux-gnu/cmake/Boost-1.83.0/BoostConfig.cmake (found version "1.83.0") found components: thread 
[2.129s] -- Found OpenCV: /usr (found version "4.6.0") 
[2.143s] -- Found ament_lint_auto: 0.17.1 (/opt/ros/jazzy/share/ament_lint_auto/cmake)
[2.264s] -- Found ament_cmake_gtest: 2.5.3 (/opt/ros/jazzy/share/ament_cmake_gtest/cmake)
[2.271s] --2025-05-04 22:36:28--  https://raw.githubusercontent.com/hrnr/m-explore-extra/master/map_merge/hector_maps/map00.pgm
[2.307s] Resolving raw.githubusercontent.com (raw.githubusercontent.com)... 185.199.109.133, 185.199.111.133, 185.199.108.133, ...
[2.324s] Connecting to raw.githubusercontent.com (raw.githubusercontent.com)|185.199.109.133|:443... connected.
[4.335s] HTTP request sent, awaiting response... 200 OK
[4.335s] Length: 4194362 (4.0M) [application/octet-stream]
[4.336s] Saving to: ‘/home/maul/ws_kinclong_sim/build/multirobot_map_merge/map00.pgm’
[4.336s] 
[4.355s]      0K .......... .......... .......... .......... ..........  1% 2.49M 2s
[4.371s]     50K .......... .......... .......... .......... ..........  2% 2.90M 1s
[4.377s]    100K .......... .......... .......... .......... ..........  3% 9.53M 1s
[4.388s]    150K .......... .......... .......... .......... ..........  4% 4.25M 1s
[4.391s]    200K .......... .......... .......... .......... ..........  6% 16.9M 1s
[4.398s]    250K .......... .......... .......... .......... ..........  7% 6.57M 1s
[4.403s]    300K .......... .......... .......... .......... ..........  8% 9.46M 1s
[4.415s]    350K .......... .......... .......... .......... ..........  9%  227M 1s
[4.415s]    400K .......... .......... .......... .......... .......... 10% 4.43M 1s
[4.424s]    450K .......... .......... .......... .......... .......... 12% 5.66M 1s
[4.424s]    500K .......... .......... .......... .......... .......... 13%  274M 1s
[4.429s]    550K .......... .......... .......... .......... .......... 14% 10.7M 1s
[4.432s]    600K .......... .......... .......... .......... .......... 15% 18.0M 1s
[4.436s]    650K .......... .......... .......... .......... .......... 17% 9.01M 0s
[4.441s]    700K .......... .......... .......... .......... .......... 18% 10.0M 0s
[4.445s]    750K .......... .......... .......... .......... .......... 19% 12.7M 0s
[4.450s]    800K .......... .......... .......... .......... .......... 20% 10.4M 0s
[4.454s]    850K .......... .......... .......... .......... .......... 21% 10.5M 0s
[4.454s]    900K .......... .......... .......... .......... .......... 23%  188M 0s
[4.459s]    950K .......... .......... .......... .......... .......... 24% 11.1M 0s
[4.463s]   1000K .......... .......... .......... .......... .......... 25% 11.0M 0s
[4.514s]   1050K .......... .......... .......... .......... .......... 26%  994K 0s
[4.515s]   1100K .......... .......... .......... .......... .......... 28%  238M 0s
[4.515s]   1150K .......... .......... .......... .......... .......... 29%  336M 0s
[4.515s]   1200K .......... .......... .......... .......... .......... 30%  270M 0s
[4.535s]   1250K .......... .......... .......... .......... .......... 31% 2.52M 0s
[4.535s]   1300K .......... .......... .......... .......... .......... 32%  230M 0s
[4.535s]   1350K .......... .......... .......... .......... .......... 34%  315M 0s
[4.563s]   1400K .......... .......... .......... .......... .......... 35% 1.67M 0s
[4.564s]   1450K .......... .......... .......... .......... .......... 36%  133M 0s
[4.564s]   1500K .......... .......... .......... .......... .......... 37%  351M 0s
[4.567s]   1550K .......... .......... .......... .......... .......... 39% 12.9M 0s
[4.568s]   1600K .......... .......... .......... .......... .......... 40%  230M 0s
[4.568s]   1650K .......... .......... .......... .......... .......... 41%  323M 0s
[4.568s]   1700K .......... .......... .......... .......... .......... 42%  369M 0s
[4.575s]   1750K .......... .......... .......... .......... .......... 43% 6.56M 0s
[4.576s]   1800K .......... .......... .......... .......... .......... 45%  348M 0s
[4.582s]   1850K .......... .......... .......... .......... .......... 46% 7.61M 0s
[4.582s]   1900K .......... .......... .......... .......... .......... 47%  304M 0s
[4.586s]   1950K .......... .......... .......... .......... .......... 48% 13.1M 0s
[4.586s]   2000K .......... .......... .......... .......... .......... 50%  247M 0s
[4.594s]   2050K .......... .......... .......... .......... .......... 51% 6.20M 0s
[4.594s]   2100K .......... .......... .......... .......... .......... 52%  260M 0s
[4.617s]   2150K .......... .......... .......... .......... .......... 53% 2.23M 0s
[4.617s]   2200K .......... .......... .......... .......... .......... 54%  242M 0s
[4.620s]   2250K .......... .......... .......... .......... .......... 56% 16.7M 0s
[4.625s]   2300K .......... .......... .......... .......... .......... 57% 9.50M 0s
[4.651s]   2350K .......... .......... .......... .......... .......... 58% 12.3M 0s
[4.655s]   2400K .......... .......... .......... .......... .......... 59% 1.85M 0s
[4.655s]   2450K .......... .......... .......... .......... .......... 61% 64.9M 0s
[4.659s]   2500K .......... .......... .......... .......... .......... 62% 14.2M 0s
[4.659s]   2550K .......... .......... .......... .......... .......... 63%  303M 0s
[4.659s]   2600K .......... .......... .......... .......... .......... 64%  323M 0s
[4.659s]   2650K .......... .......... .......... .......... .......... 65%  332M 0s
[4.660s]   2700K .......... .......... .......... .......... .......... 67% 67.5M 0s
[4.692s]   2750K .......... .......... .......... .......... .......... 68% 1.54M 0s
[4.692s]   2800K .......... .......... .......... .......... .......... 69%  232M 0s
[4.704s]   2850K .......... .......... .......... .......... .......... 70% 4.16M 0s
[4.705s]   2900K .......... .......... .......... .......... .......... 72% 39.4M 0s
[4.717s]   2950K .......... .......... .......... .......... .......... 73% 4.96M 0s
[4.718s]   3000K .......... .......... .......... .......... .......... 74% 27.0M 0s
[4.718s]   3050K .......... .......... .......... .......... .......... 75%  297M 0s
[4.718s]   3100K .......... .......... .......... .......... .......... 76%  322M 0s
[4.729s]   3150K .......... .......... .......... .......... .......... 78% 5.27M 0s
[4.732s]   3200K .......... .......... .......... .......... .......... 79% 9.98M 0s
[4.736s]   3250K .......... .......... .......... .......... .......... 80% 14.5M 0s
[4.745s]   3300K .......... .......... .......... .......... .......... 81% 4.93M 0s
[4.749s]   3350K .......... .......... .......... .......... .......... 83% 10.2M 0s
[4.755s]   3400K .......... .......... .......... .......... .......... 84% 8.56M 0s
[4.763s]   3450K .......... .......... .......... .......... .......... 85% 5.93M 0s
[4.784s]   3500K .......... .......... .......... .......... .......... 86% 2.38M 0s
[4.784s]   3550K .......... .......... .......... .......... .......... 87%  315M 0s
[4.784s]   3600K .......... .......... .......... .......... .......... 89%  249M 0s
[4.788s]   3650K .......... .......... .......... .......... .......... 90% 12.2M 0s
[4.819s]   3700K .......... .......... .......... .......... .......... 91% 1.62M 0s
[4.819s]   3750K .......... .......... .......... .......... .......... 92% 82.3M 0s
[4.820s]   3800K .......... .......... .......... .......... .......... 93%  269M 0s
[4.820s]   3850K .......... .......... .......... .......... .......... 95%  299M 0s
[4.834s]   3900K .......... .......... .......... .......... .......... 96% 3.34M 0s
[4.870s]   3950K .......... .......... .......... .......... .......... 97% 7.41M 0s
[4.870s]   4000K .......... .......... .......... .......... .......... 98% 1.63M 0s
[4.870s]   4050K .......... .......... .......... .......... ......    100%  293M=0.5s
[4.870s] 
[4.871s] 2025-05-04 22:36:31 (7.47 MB/s) - ‘/home/maul/ws_kinclong_sim/build/multirobot_map_merge/map00.pgm’ saved [4194362/4194362]
[4.871s] 
[4.872s] Checking MD5 sum of /home/maul/ws_kinclong_sim/build/multirobot_map_merge/map00.pgm
[4.881s] /home/maul/ws_kinclong_sim/build/multirobot_map_merge/map00.pgm: OK
[4.889s] --2025-05-04 22:36:31--  https://raw.githubusercontent.com/hrnr/m-explore-extra/master/map_merge/hector_maps/map05.pgm
[4.948s] Resolving raw.githubusercontent.com (raw.githubusercontent.com)... 185.199.108.133, 185.199.110.133, 185.199.111.133, ...
[4.962s] Connecting to raw.githubusercontent.com (raw.githubusercontent.com)|185.199.108.133|:443... connected.
[5.784s] HTTP request sent, awaiting response... 200 OK
[5.784s] Length: 4194362 (4.0M) [application/octet-stream]
[5.785s] Saving to: ‘/home/maul/ws_kinclong_sim/build/multirobot_map_merge/map05.pgm’
[5.785s] 
[5.805s]      0K .......... .......... .......... .......... ..........  1% 2.40M 2s
[5.837s]     50K .......... .......... .......... .......... ..........  2% 1.51M 2s
[5.837s]    100K .......... .......... .......... .......... ..........  3%  179M 1s
[5.849s]    150K .......... .......... .......... .......... ..........  4% 4.34M 1s
[5.855s]    200K .......... .......... .......... .......... ..........  6% 7.84M 1s
[5.859s]    250K .......... .......... .......... .......... ..........  7% 12.3M 1s
[5.861s]    300K .......... .......... .......... .......... ..........  8% 18.3M 1s
[5.874s]    350K .......... .......... .......... .......... ..........  9% 4.09M 1s
[5.874s]    400K .......... .......... .......... .......... .......... 10% 67.4M 1s
[5.885s]    450K .......... .......... .......... .......... .......... 12% 5.28M 1s
[5.888s]    500K .......... .......... .......... .......... .......... 13% 10.2M 1s
[5.889s]    550K .......... .......... .......... .......... .......... 14%  300M 1s
[5.894s]    600K .......... .......... .......... .......... .......... 15% 9.48M 1s
[5.898s]    650K .......... .......... .......... .......... .......... 17% 11.6M 1s
[5.902s]    700K .......... .......... .......... .......... .......... 18% 11.0M 1s
[5.902s]    750K .......... .......... .......... .......... .......... 19%  191M 0s
[5.917s]    800K .......... .......... .......... .......... .......... 20% 3.51M 1s
[5.917s]    850K .......... .......... .......... .......... .......... 21%  217M 0s
[5.920s]    900K .......... .......... .......... .......... .......... 23% 25.2M 0s
[5.924s]    950K .......... .......... .......... .......... .......... 24% 9.15M 0s
[5.929s]   1000K .......... .......... .......... .......... .......... 25% 11.3M 0s
[5.937s]   1050K .......... .......... .......... .......... .......... 26% 5.61M 0s
[5.937s]   1100K .......... .......... .......... .......... .......... 28%  279M 0s
[5.945s]   1150K .......... .......... .......... .......... .......... 29% 7.42M 0s
[5.952s]   1200K .......... .......... .......... .......... .......... 30% 8.00M 0s
[5.957s]   1250K .......... .......... .......... .......... .......... 31% 8.67M 0s
[5.959s]   1300K .......... .......... .......... .......... .......... 32% 30.7M 0s
[5.964s]   1350K .......... .......... .......... .......... .......... 34% 11.6M 0s
[5.970s]   1400K .......... .......... .......... .......... .......... 35% 9.38M 0s
[5.976s]   1450K .......... .......... .......... .......... .......... 36% 6.75M 0s
[5.980s]   1500K .......... .......... .......... .......... .......... 37% 28.9M 0s
[6.000s]   1550K .......... .......... .......... .......... .......... 39% 2.12M 0s
[6.001s]   1600K .......... .......... .......... .......... .......... 40% 29.5M 0s
[6.049s]   1650K .......... .......... .......... .......... .......... 41% 1.17M 0s
[6.051s]   1700K .......... .......... .......... .......... .......... 42% 15.8M 0s
[6.062s]   1750K .......... .......... .......... .......... .......... 43% 35.9M 0s
[6.068s]   1800K .......... .......... .......... .......... .......... 45% 3.78M 0s
[6.074s]   1850K .......... .......... .......... .......... .......... 46% 36.2M 0s
[6.076s]   1900K .......... .......... .......... .......... .......... 47% 7.13M 0s
[6.090s]   1950K .......... .......... .......... .......... .......... 48% 5.73M 0s
[6.098s]   2000K .......... .......... .......... .......... .......... 50% 8.50M 0s
[6.110s]   2050K .......... .......... .......... .......... .......... 51% 6.57M 0s
[6.120s]   2100K .......... .......... .......... .......... .......... 52% 6.12M 0s
[6.131s]   2150K .......... .......... .......... .......... .......... 53% 8.50M 0s
[6.139s]   2200K .......... .......... .......... .......... .......... 54% 4.45M 0s
[6.153s]   2250K .......... .......... .......... .......... .......... 56% 8.94M 0s
[6.156s]   2300K .......... .......... .......... .......... .......... 57% 3.63M 0s
[6.157s]   2350K .......... .......... .......... .......... .......... 58% 8.83M 0s
[6.173s]   2400K .......... .......... .......... .......... .......... 59% 4.63M 0s
[6.179s]   2450K .......... .......... .......... .......... .......... 61% 5.17M 0s
[6.188s]   2500K .......... .......... .......... .......... .......... 62% 3.84M 0s
[6.190s]   2550K .......... .......... .......... .......... .......... 63% 13.7M 0s
[6.198s]   2600K .......... .......... .......... .......... .......... 64% 12.4M 0s
[6.200s]   2650K .......... .......... .......... .......... .......... 65% 14.8M 0s
[6.209s]   2700K .......... .......... .......... .......... .......... 67% 11.1M 0s
[6.210s]   2750K .......... .......... .......... .......... .......... 68% 12.6M 0s
[6.230s]   2800K .......... .......... .......... .......... .......... 69% 32.0M 0s
[6.232s]   2850K .......... .......... .......... .......... .......... 70% 7.39M 0s
[6.234s]   2900K .......... .......... .......... .......... .......... 72% 15.0M 0s
[6.241s]   2950K .......... .......... .......... .......... .......... 73% 29.0M 0s
[6.247s]   3000K .......... .......... .......... .......... .......... 74% 9.98M 0s
[6.251s]   3050K .......... .......... .......... .......... .......... 75% 13.4M 0s
[6.252s]   3100K .......... .......... .......... .......... .......... 76% 20.3M 0s
[6.255s]   3150K .......... .......... .......... .......... .......... 78% 13.1M 0s
[6.258s]   3200K .......... .......... .......... .......... .......... 79% 10.8M 0s
[6.259s]   3250K .......... .......... .......... .......... .......... 80% 21.0M 0s
[6.265s]   3300K .......... .......... .......... .......... .......... 81% 9.72M 0s
[6.267s]   3350K .......... .......... .......... .......... .......... 83% 17.0M 0s
[6.268s]   3400K .......... .......... .......... .......... .......... 84% 3.31M 0s
[6.269s]   3450K .......... .......... .......... .......... .......... 85% 4.82M 0s
[6.272s]   3500K .......... .......... .......... .......... .......... 86% 9.08M 0s
[6.279s]   3550K .......... .......... .......... .......... .......... 87% 27.5M 0s
[6.280s]   3600K .......... .......... .......... .......... .......... 89% 8.54M 0s
[6.295s]   3650K .......... .......... .......... .......... .......... 90% 4.00M 0s
[6.297s]   3700K .......... .......... .......... .......... .......... 91% 6.66M 0s
[6.303s]   3750K .......... .......... .......... .......... .......... 92% 27.7M 0s
[6.308s]   3800K .......... .......... .......... .......... .......... 93% 4.68M 0s
[6.310s]   3850K .......... .......... .......... .......... .......... 95% 32.9M 0s
[6.328s]   3900K .......... .......... .......... .......... .......... 96% 4.20M 0s
[6.330s]   3950K .......... .......... .......... .......... .......... 97% 33.4M 0s
[6.331s]   4000K .......... .......... .......... .......... .......... 98% 9.00M 0s
[6.337s]   4050K .......... .......... .......... .......... ......    100% 5.07M=0.5s
[6.338s] 
[6.345s] 2025-05-04 22:36:32 (7.32 MB/s) - ‘/home/maul/ws_kinclong_sim/build/multirobot_map_merge/map05.pgm’ saved [4194362/4194362]
[6.347s] 
[6.368s] Checking MD5 sum of /home/maul/ws_kinclong_sim/build/multirobot_map_merge/map05.pgm
[6.445s] /home/maul/ws_kinclong_sim/build/multirobot_map_merge/map05.pgm: OK
[6.505s] --2025-05-04 22:36:32--  https://raw.githubusercontent.com/hrnr/m-explore-extra/master/map_merge/gmapping_maps/2011-08-09-12-22-52.pgm
[6.959s] Resolving raw.githubusercontent.com (raw.githubusercontent.com)... 185.199.110.133, 185.199.109.133, 185.199.108.133, ...
[6.979s] Connecting to raw.githubusercontent.com (raw.githubusercontent.com)|185.199.110.133|:443... connected.
[8.328s] HTTP request sent, awaiting response... 200 OK
[8.328s] Length: 16000058 (15M) [application/octet-stream]
[8.328s] Saving to: ‘/home/maul/ws_kinclong_sim/build/multirobot_map_merge/2011-08-09-12-22-52.pgm’
[8.328s] 
[8.349s]      0K .......... .......... .......... .......... ..........  0% 2.30M 7s
[8.367s]     50K .......... .......... .......... .......... ..........  0% 2.71M 6s
[8.372s]    100K .......... .......... .......... .......... ..........  0% 10.7M 5s
[8.383s]    150K .......... .......... .......... .......... ..........  1% 4.41M 4s
[8.395s]    200K .......... .......... .......... .......... ..........  1% 4.22M 4s
[8.395s]    250K .......... .......... .......... .......... ..........  1%  307M 3s
[8.399s]    300K .......... .......... .......... .......... ..........  2% 11.0M 3s
[8.404s]    350K .......... .......... .......... .......... ..........  2% 9.77M 3s
[8.409s]    400K .......... .......... .......... .......... ..........  2% 10.4M 3s
[8.415s]    450K .......... .......... .......... .......... ..........  3% 8.76M 3s
[8.416s]    500K .......... .......... .......... .......... ..........  3% 26.5M 2s
[8.420s]    550K .......... .......... .......... .......... ..........  3% 12.4M 2s
[8.432s]    600K .......... .......... .......... .......... ..........  4% 4.90M 2s
[8.474s]    650K .......... .......... .......... .......... ..........  4% 1.11M 3s
[8.479s]    700K .......... .......... .......... .......... ..........  4%  320M 3s
[8.480s]    750K .......... .......... .......... .......... ..........  5% 9.80M 3s
[8.480s]    800K .......... .......... .......... .......... ..........  5%  353M 3s
[8.480s]    850K .......... .......... .......... .......... ..........  5%  348M 2s
[8.480s]    900K .......... .......... .......... .......... ..........  6%  317M 2s
[8.480s]    950K .......... .......... .......... .......... ..........  6%  339M 2s
[8.504s]   1000K .......... .......... .......... .......... ..........  6% 2.02M 2s
[8.504s]   1050K .......... .......... .......... .......... ..........  7%  333M 2s
[8.504s]   1100K .......... .......... .......... .......... ..........  7%  324M 2s
[8.509s]   1150K .......... .......... .......... .......... ..........  7% 10.4M 2s
[8.557s]   1200K .......... .......... .......... .......... ..........  7% 1.03M 3s
[8.558s]   1250K .......... .......... .......... .......... ..........  8%  312M 3s
[8.558s]   1300K .......... .......... .......... .......... ..........  8%  344M 2s
[8.558s]   1350K .......... .......... .......... .......... ..........  8%  344M 2s
[8.558s]   1400K .......... .......... .......... .......... ..........  9%  364M 2s
[8.558s]   1450K .......... .......... .......... .......... ..........  9%  341M 2s
[8.558s]   1500K .......... .......... .......... .......... ..........  9%  354M 2s
[8.584s]   1550K .......... .......... .......... .......... .......... 10% 1.86M 2s
[8.584s]   1600K .......... .......... .......... .......... .......... 10%  239M 2s
[8.584s]   1650K .......... .......... .......... .......... .......... 10%  320M 2s
[8.584s]   1700K .......... .......... .......... .......... .......... 11%  339M 2s
[8.584s]   1750K .......... .......... .......... .......... .......... 11%  357M 2s
[8.584s]   1800K .......... .......... .......... .......... .......... 11%  330M 2s
[8.584s]   1850K .......... .......... .......... .......... .......... 12%  344M 2s
[8.599s]   1900K .......... .......... .......... .......... .......... 12% 7.50M 2s
[8.599s]   1950K .......... .......... .......... .......... .......... 12% 6.02M 2s
[8.604s]   2000K .......... .......... .......... .......... .......... 13% 10.4M 2s
[8.605s]   2050K .......... .......... .......... .......... .......... 13% 26.3M 2s
[8.606s]   2100K .......... .......... .......... .......... .......... 13%  302M 2s
[8.606s]   2150K .......... .......... .......... .......... .......... 14%  364M 2s
[8.611s]   2200K .......... .......... .......... .......... .......... 14% 9.47M 2s
[8.616s]   2250K .......... .......... .......... .......... .......... 14% 10.2M 2s
[8.622s]   2300K .......... .......... .......... .......... .......... 15% 8.16M 2s
[8.635s]   2350K .......... .......... .......... .......... .......... 15% 3.81M 2s
[8.635s]   2400K .......... .......... .......... .......... .......... 15%  191M 2s
[8.638s]   2450K .......... .......... .......... .......... .......... 15% 13.8M 2s
[8.642s]   2500K .......... .......... .......... .......... .......... 16% 12.6M 2s
[8.682s]   2550K .......... .......... .......... .......... .......... 16% 1.23M 2s
[8.684s]   2600K .......... .......... .......... .......... .......... 16% 32.3M 2s
[8.684s]   2650K .......... .......... .......... .......... .......... 17%  237M 2s
[8.684s]   2700K .......... .......... .......... .......... .......... 17%  340M 2s
[8.704s]   2750K .......... .......... .......... .......... .......... 17% 2.40M 2s
[8.707s]   2800K .......... .......... .......... .......... .......... 18% 21.1M 2s
[8.707s]   2850K .......... .......... .......... .......... .......... 18%  270M 2s
[8.708s]   2900K .......... .......... .......... .......... .......... 18% 44.3M 2s
[8.720s]   2950K .......... .......... .......... .......... .......... 19% 3.90M 2s
[8.725s]   3000K .......... .......... .......... .......... .......... 19% 9.93M 2s
[8.736s]   3050K .......... .......... .......... .......... .......... 19% 4.52M 2s
[8.744s]   3100K .......... .......... .......... .......... .......... 20% 7.27M 2s
[8.751s]   3150K .......... .......... .......... .......... .......... 20% 5.81M 2s
[8.762s]   3200K .......... .......... .......... .......... .......... 20% 4.45M 2s
[8.767s]   3250K .......... .......... .......... .......... .......... 21% 12.6M 2s
[8.773s]   3300K .......... .......... .......... .......... .......... 21% 8.53M 2s
[8.784s]   3350K .......... .......... .......... .......... .......... 21% 3.89M 2s
[8.790s]   3400K .......... .......... .......... .......... .......... 22% 8.81M 2s
[8.799s]   3450K .......... .......... .......... .......... .......... 22% 5.36M 2s
[8.806s]   3500K .......... .......... .......... .......... .......... 22% 9.12M 2s
[8.812s]   3550K .......... .......... .......... .......... .......... 23% 6.46M 2s
[8.823s]   3600K .......... .......... .......... .......... .......... 23% 4.31M 2s
[8.828s]   3650K .......... .......... .......... .......... .......... 23% 10.9M 2s
[8.838s]   3700K .......... .......... .......... .......... .......... 23% 4.62M 2s
[8.844s]   3750K .......... .......... .......... .......... .......... 24% 8.49M 2s
[8.850s]   3800K .......... .......... .......... .......... .......... 24% 8.12M 2s
[8.859s]   3850K .......... .......... .......... .......... .......... 24% 6.18M 2s
[8.869s]   3900K .......... .......... .......... .......... .......... 25% 6.32M 2s
[8.874s]   3950K .......... .......... .......... .......... .......... 25% 5.76M 2s
[8.918s]   4000K .......... .......... .......... .......... .......... 25% 1.13M 2s
[8.918s]   4050K .......... .......... .......... .......... .......... 26%  216M 2s
[8.918s]   4100K .......... .......... .......... .......... .......... 26%  311M 2s
[8.918s]   4150K .......... .......... .......... .......... .......... 26%  313M 2s
[8.918s]   4200K .......... .......... .......... .......... .......... 27%  342M 2s
[8.924s]   4250K .......... .......... .......... .......... .......... 27% 7.99M 2s
[8.935s]   4300K .......... .......... .......... .......... .......... 27% 4.73M 2s
[8.947s]   4350K .......... .......... .......... .......... .......... 28% 3.89M 2s
[8.957s]   4400K .......... .......... .......... .......... .......... 28% 5.35M 2s
[8.967s]   4450K .......... .......... .......... .......... .......... 28% 4.86M 2s
[8.974s]   4500K .......... .......... .......... .......... .......... 29% 6.61M 2s
[8.985s]   4550K .......... .......... .......... .......... .......... 29% 4.38M 2s
[8.992s]   4600K .......... .......... .......... .......... .......... 29% 6.76M 2s
[9.004s]   4650K .......... .......... .......... .......... .......... 30% 4.18M 2s
[9.018s]   4700K .......... .......... .......... .......... .......... 30% 7.46M 2s
[9.026s]   4750K .......... .......... .......... .......... .......... 30% 3.08M 2s
[9.035s]   4800K .......... .......... .......... .......... .......... 31% 5.32M 2s
[9.046s]   4850K .......... .......... .......... .......... .......... 31% 4.63M 2s
[9.081s]   4900K .......... .......... .......... .......... .......... 31% 1.38M 2s
[9.081s]   4950K .......... .......... .......... .......... .......... 31%  327M 2s
[9.097s]   5000K .......... .......... .......... .......... .......... 32% 3.12M 2s
[9.097s]   5050K .......... .......... .......... .......... .......... 32%  306M 2s
[9.104s]   5100K .......... .......... .......... .......... .......... 32% 53.1M 2s
[9.118s]   5150K .......... .......... .......... .......... .......... 33% 2.47M 2s
[9.133s]   5200K .......... .......... .......... .......... .......... 33% 3.33M 2s
[9.144s]   5250K .......... .......... .......... .......... .......... 33% 4.12M 2s
[9.162s]   5300K .......... .......... .......... .......... .......... 34% 2.88M 2s
[9.194s]   5350K .......... .......... .......... .......... .......... 34% 1.49M 2s
[9.194s]   5400K .......... .......... .......... .......... .......... 34%  310M 2s
[9.207s]   5450K .......... .......... .......... .......... .......... 35% 3.78M 2s
[9.233s]   5500K .......... .......... .......... .......... .......... 35% 2.35M 2s
[9.251s]   5550K .......... .......... .......... .......... .......... 35% 2.13M 2s
[9.270s]   5600K .......... .......... .......... .......... .......... 36% 2.58M 2s
[9.289s]   5650K .......... .......... .......... .......... .......... 36% 2.58M 2s
[9.307s]   5700K .......... .......... .......... .......... .......... 36% 2.71M 2s
[9.321s]   5750K .......... .......... .......... .......... .......... 37% 3.45M 2s
[9.339s]   5800K .......... .......... .......... .......... .......... 37% 2.70M 2s
[9.358s]   5850K .......... .......... .......... .......... .......... 37% 2.67M 2s
[9.377s]   5900K .......... .......... .......... .......... .......... 38% 3.33M 2s
[9.393s]   5950K .......... .......... .......... .......... .......... 38% 2.37M 2s
[9.410s]   6000K .......... .......... .......... .......... .......... 38% 2.84M 2s
[9.425s]   6050K .......... .......... .......... .......... .......... 39% 3.13M 2s
[9.440s]   6100K .......... .......... .......... .......... .......... 39% 3.27M 2s
[9.480s]   6150K .......... .......... .......... .......... .......... 39% 1.22M 2s
[9.480s]   6200K .......... .......... .......... .......... .......... 39%  291M 2s
[9.494s]   6250K .......... .......... .......... .......... .......... 40% 3.62M 2s
[9.524s]   6300K .......... .......... .......... .......... .......... 40% 2.27M 2s
[9.544s]   6350K .......... .......... .......... .......... .......... 40% 1.71M 2s
[9.569s]   6400K .......... .......... .......... .......... .......... 41% 1.99M 2s
[9.600s]   6450K .......... .......... .......... .......... .......... 41% 1.54M 2s
[9.628s]   6500K .......... .......... .......... .......... .......... 41% 1.76M 2s
[9.647s]   6550K .......... .......... .......... .......... .......... 42% 2.55M 2s
[9.666s]   6600K .......... .......... .......... .......... .......... 42% 2.65M 2s
[9.684s]   6650K .......... .......... .......... .......... .......... 42% 2.70M 2s
[9.712s]   6700K .......... .......... .......... .......... .......... 43% 2.12M 2s
[9.730s]   6750K .......... .......... .......... .......... .......... 43% 2.09M 2s
[9.748s]   6800K .......... .......... .......... .......... .......... 43% 2.74M 2s
[9.767s]   6850K .......... .......... .......... .......... .......... 44% 2.61M 2s
[9.783s]   6900K .......... .......... .......... .......... .......... 44% 2.98M 2s
[9.800s]   6950K .......... .......... .......... .......... .......... 44% 2.80M 2s
[9.819s]   7000K .......... .......... .......... .......... .......... 45% 2.61M 2s
[9.836s]   7050K .......... .......... .......... .......... .......... 45% 2.95M 2s
[9.895s]   7100K .......... .......... .......... .......... .......... 45% 2.98M 2s
[9.916s]   7150K .......... .......... .......... .......... .......... 46%  785K 2s
[9.945s]   7200K .......... .......... .......... .......... .......... 46% 1.69M 2s
[9.952s]   7250K .......... .......... .......... .......... .......... 46% 6.95M 2s
[9.977s]   7300K .......... .......... .......... .......... .......... 47% 1.95M 2s
[9.997s]   7350K .......... .......... .......... .......... .......... 47% 2.56M 2s
[10.016s]   7400K .......... .......... .......... .......... .......... 47% 2.43M 2s
[10.036s]   7450K .......... .......... .......... .......... .......... 47% 2.36M 2s
[10.073s]   7500K .......... .......... .......... .......... .......... 48% 1.35M 2s
[10.105s]   7550K .......... .......... .......... .......... .......... 48% 1.53M 2s
[10.182s]   7600K .......... .......... .......... .......... .......... 48%  649K 2s
[10.229s]   7650K .......... .......... .......... .......... .......... 49% 1.03M 2s
[10.276s]   7700K .......... .......... .......... .......... .......... 49% 1.05M 2s
[10.335s]   7750K .......... .......... .......... .......... .......... 49%  848K 2s
[10.417s]   7800K .......... .......... .......... .......... .......... 50%  609K 2s
[10.469s]   7850K .......... .......... .......... .......... .......... 50%  960K 2s
[10.524s]   7900K .......... .......... .......... .......... .......... 50% 1.24M 2s
[10.561s]   7950K .......... .......... .......... .......... .......... 51%  952K 2s
[10.597s]   8000K .......... .......... .......... .......... .......... 51% 1.35M 2s
[10.641s]   8050K .......... .......... .......... .......... .......... 51% 1.11M 2s
[10.679s]   8100K .......... .......... .......... .......... .......... 52% 1.28M 2s
[10.706s]   8150K .......... .......... .......... .......... .......... 52% 1.80M 2s
[10.735s]   8200K .......... .......... .......... .......... .......... 52% 1.70M 2s
[10.789s]   8250K .......... .......... .......... .......... .......... 53%  925K 2s
[10.827s]   8300K .......... .......... .......... .......... .......... 53% 1.72M 2s
[10.852s]   8350K .......... .......... .......... .......... .......... 53% 1.43M 2s
[10.880s]   8400K .......... .......... .......... .......... .......... 54% 1.73M 2s
[10.903s]   8450K .......... .......... .......... .......... .......... 54% 2.15M 2s
[10.973s]   8500K .......... .......... .......... .......... .......... 54%  716K 2s
[10.994s]   8550K .......... .......... .......... .......... .......... 55% 2.21M 2s
[11.020s]   8600K .......... .......... .......... .......... .......... 55% 1.89M 2s
[11.041s]   8650K .......... .......... .......... .......... .......... 55% 2.36M 2s
[11.072s]   8700K .......... .......... .......... .......... .......... 55% 1.97M 2s
[11.093s]   8750K .......... .......... .......... .......... .......... 56% 1.77M 2s
[11.112s]   8800K .......... .......... .......... .......... .......... 56% 2.54M 2s
[11.154s]   8850K .......... .......... .......... .......... .......... 56% 1.17M 2s
[11.174s]   8900K .......... .......... .......... .......... .......... 57% 2.49M 2s
[11.193s]   8950K .......... .......... .......... .......... .......... 57% 2.58M 2s
[11.215s]   9000K .......... .......... .......... .......... .......... 57% 2.19M 2s
[11.234s]   9050K .......... .......... .......... .......... .......... 58% 2.55M 2s
[11.258s]   9100K .......... .......... .......... .......... .......... 58% 2.69M 2s
[11.277s]   9150K .......... .......... .......... .......... .......... 58% 2.00M 2s
[11.297s]   9200K .......... .......... .......... .......... .......... 59% 2.44M 2s
[11.316s]   9250K .......... .......... .......... .......... .......... 59% 2.61M 2s
[11.337s]   9300K .......... .......... .......... .......... .......... 59% 2.27M 2s
[11.357s]   9350K .......... .......... .......... .......... .......... 60% 2.48M 2s
[11.374s]   9400K .......... .......... .......... .......... .......... 60% 2.92M 2s
[11.392s]   9450K .......... .......... .......... .......... .......... 60% 2.68M 2s
[11.415s]   9500K .......... .......... .......... .......... .......... 61% 2.92M 2s
[11.430s]   9550K .......... .......... .......... .......... .......... 61% 2.28M 2s
[11.445s]   9600K .......... .......... .......... .......... .......... 61% 3.22M 2s
[11.461s]   9650K .......... .......... .......... .......... .......... 62% 3.11M 2s
[11.475s]   9700K .......... .......... .......... .......... .......... 62% 3.43M 2s
[11.490s]   9750K .......... .......... .......... .......... .......... 62% 3.23M 2s
[11.509s]   9800K .......... .......... .......... .......... .......... 63% 2.60M 2s
[11.521s]   9850K .......... .......... .......... .......... .......... 63% 4.03M 2s
[11.565s]   9900K .......... .......... .......... .......... .......... 63% 1.11M 2s
[11.565s]   9950K .......... .......... .......... .......... .......... 63% 87.4M 2s
[11.595s]  10000K .......... .......... .......... .......... .......... 64% 1.74M 2s
[11.604s]  10050K .......... .......... .......... .......... .......... 64% 5.25M 2s
[11.626s]  10100K .......... .......... .......... .......... .......... 64% 2.11M 2s
[11.646s]  10150K .......... .......... .......... .......... .......... 65% 2.45M 2s
[11.665s]  10200K .......... .......... .......... .......... .......... 65% 2.53M 2s
[11.702s]  10250K .......... .......... .......... .......... .......... 65% 1.38M 2s
[11.720s]  10300K .......... .......... .......... .......... .......... 66% 4.60M 2s
[11.747s]  10350K .......... .......... .......... .......... .......... 66% 1.36M 2s
[11.776s]  10400K .......... .......... .......... .......... .......... 66% 1.70M 2s
[11.805s]  10450K .......... .......... .......... .......... .......... 67% 1.65M 2s
[11.829s]  10500K .......... .......... .......... .......... .......... 67% 2.04M 2s
[11.855s]  10550K .......... .......... .......... .......... .......... 67% 1.90M 2s
[11.877s]  10600K .......... .......... .......... .......... .......... 68% 2.16M 2s
[11.905s]  10650K .......... .......... .......... .......... .......... 68% 1.78M 2s
[11.937s]  10700K .......... .......... .......... .......... .......... 68% 2.17M 2s
[11.957s]  10750K .......... .......... .......... .......... .......... 69% 1.63M 2s
[11.980s]  10800K .......... .......... .......... .......... .......... 69% 2.18M 2s
[12.000s]  10850K .......... .......... .......... .......... .......... 69% 2.46M 2s
[12.020s]  10900K .......... .......... .......... .......... .......... 70% 2.40M 2s
[12.041s]  10950K .......... .......... .......... .......... .......... 70% 2.30M 2s
[12.061s]  11000K .......... .......... .......... .......... .......... 70% 2.61M 2s
[12.107s]  11050K .......... .......... .......... .......... .......... 71% 1.04M 2s
[12.146s]  11100K .......... .......... .......... .......... .......... 71% 1.49M 2s
[12.224s]  11150K .......... .......... .......... .......... .......... 71%  593K 2s
[12.241s]  11200K .......... .......... .......... .......... .......... 71% 2.87M 2s
[12.276s]  11250K .......... .......... .......... .......... .......... 72% 1.39M 2s
[12.302s]  11300K .......... .......... .......... .......... .......... 72% 1.88M 1s
[12.343s]  11350K .......... .......... .......... .......... .......... 72% 1.19M 1s
[12.366s]  11400K .......... .......... .......... .......... .......... 73% 2.16M 1s
[12.404s]  11450K .......... .......... .......... .......... .......... 73% 1.28M 1s
[12.447s]  11500K .......... .......... .......... .......... .......... 73% 1.39M 1s
[12.483s]  11550K .......... .......... .......... .......... .......... 74% 1.10M 1s
[12.516s]  11600K .......... .......... .......... .......... .......... 74% 1.51M 1s
[12.547s]  11650K .......... .......... .......... .......... .......... 74% 1.57M 1s
[12.573s]  11700K .......... .......... .......... .......... .......... 75% 1.88M 1s
[12.601s]  11750K .......... .......... .......... .......... .......... 75% 1.74M 1s
[12.650s]  11800K .......... .......... .......... .......... .......... 75% 1020K 1s
[12.660s]  11850K .......... .......... .......... .......... .......... 76% 4.91M 1s
[12.722s]  11900K .......... .......... .......... .......... .......... 76% 1.07M 1s
[12.776s]  11950K .......... .......... .......... .......... .......... 76%  719K 1s
[12.803s]  12000K .......... .......... .......... .......... .......... 77% 1.75M 1s
[12.852s]  12050K .......... .......... .......... .......... .......... 77% 1020K 1s
[12.896s]  12100K .......... .......... .......... .......... .......... 77% 1.10M 1s
[12.939s]  12150K .......... .......... .......... .......... .......... 78% 1.12M 1s
[12.976s]  12200K .......... .......... .......... .......... .......... 78% 1.34M 1s
[13.023s]  12250K .......... .......... .......... .......... .......... 78% 1.03M 1s
[13.092s]  12300K .......... .......... .......... .......... .......... 79%  978K 1s
[13.139s]  12350K .......... .......... .......... .......... .......... 79%  773K 1s
[13.184s]  12400K .......... .......... .......... .......... .......... 79% 1.09M 1s
[13.223s]  12450K .......... .......... .......... .......... .......... 79% 1.25M 1s
[13.258s]  12500K .......... .......... .......... .......... .......... 80% 1.37M 1s
[13.293s]  12550K .......... .......... .......... .......... .......... 80% 1.39M 1s
[13.325s]  12600K .......... .......... .......... .......... .......... 80% 1.54M 1s
[13.369s]  12650K .......... .......... .......... .......... .......... 81% 1.13M 1s
[13.409s]  12700K .......... .......... .......... .......... .......... 81% 1.76M 1s
[13.436s]  12750K .......... .......... .......... .......... .......... 81% 1.23M 1s
[13.473s]  12800K .......... .......... .......... .......... .......... 82% 1.33M 1s
[13.500s]  12850K .......... .......... .......... .......... .......... 82% 1.79M 1s
[13.525s]  12900K .......... .......... .......... .......... .......... 82% 1.96M 1s
[13.550s]  12950K .......... .......... .......... .......... .......... 83% 1.90M 1s
[13.574s]  13000K .......... .......... .......... .......... .......... 83% 2.03M 1s
[13.597s]  13050K .......... .......... .......... .......... .......... 83% 2.16M 1s
[13.627s]  13100K .......... .......... .......... .......... .......... 84% 2.34M 1s
[13.709s]  13150K .......... .......... .......... .......... .......... 84%  547K 1s
[13.733s]  13200K .......... .......... .......... .......... .......... 84% 2.09M 1s
[13.759s]  13250K .......... .......... .......... .......... .......... 85% 1.89M 1s
[13.779s]  13300K .......... .......... .......... .......... .......... 85% 2.38M 1s
[13.802s]  13350K .......... .......... .......... .......... .......... 85% 2.12M 1s
[13.843s]  13400K .......... .......... .......... .......... .......... 86% 1.21M 1s
[13.869s]  13450K .......... .......... .......... .......... .......... 86% 2.01M 1s
[13.892s]  13500K .......... .......... .......... .......... .......... 86% 2.98M 1s
[13.937s]  13550K .......... .......... .......... .......... .......... 87%  927K 1s
[13.970s]  13600K .......... .......... .......... .......... .......... 87% 1.52M 1s
[13.987s]  13650K .......... .......... .......... .......... .......... 87% 2.76M 1s
[14.005s]  13700K .......... .......... .......... .......... .......... 87% 2.70M 1s
[14.022s]  13750K .......... .......... .......... .......... .......... 88% 2.89M 1s
[14.040s]  13800K .......... .......... .......... .......... .......... 88% 2.71M 1s
[14.059s]  13850K .......... .......... .......... .......... .......... 88% 2.61M 1s
[14.081s]  13900K .......... .......... .......... .......... .......... 89% 2.79M 1s
[14.097s]  13950K .......... .......... .......... .......... .......... 89% 2.32M 1s
[14.125s]  14000K .......... .......... .......... .......... .......... 89% 1.76M 1s
[14.143s]  14050K .......... .......... .......... .......... .......... 90% 2.70M 1s
[14.170s]  14100K .......... .......... .......... .......... .......... 90% 1.87M 1s
[14.183s]  14150K .......... .......... .......... .......... .......... 90% 3.60M 1s
[14.207s]  14200K .......... .......... .......... .......... .......... 91% 2.01M 1s
[14.227s]  14250K .......... .......... .......... .......... .......... 91% 2.41M 1s
[14.258s]  14300K .......... .......... .......... .......... .......... 91% 2.20M 1s
[14.285s]  14350K .......... .......... .......... .......... .......... 92% 1.47M 1s
[14.307s]  14400K .......... .......... .......... .......... .......... 92% 2.14M 0s
[14.335s]  14450K .......... .......... .......... .......... .......... 92% 1.68M 0s
[14.361s]  14500K .......... .......... .......... .......... .......... 93% 1.88M 0s
[14.397s]  14550K .......... .......... .......... .......... .......... 93% 1.46M 0s
[14.419s]  14600K .......... .......... .......... .......... .......... 93% 1.97M 0s
[14.447s]  14650K .......... .......... .......... .......... .......... 94% 1.76M 0s
[14.480s]  14700K .......... .......... .......... .......... .......... 94% 2.02M 0s
[14.505s]  14750K .......... .......... .......... .......... .......... 94% 1.43M 0s
[14.526s]  14800K .......... .......... .......... .......... .......... 95% 2.37M 0s
[14.551s]  14850K .......... .......... .......... .......... .......... 95% 1.91M 0s
[14.573s]  14900K .......... .......... .......... .......... .......... 95% 2.28M 0s
[14.596s]  14950K .......... .......... .......... .......... .......... 95% 2.12M 0s
[14.616s]  15000K .......... .......... .......... .......... .......... 96% 2.43M 0s
[14.638s]  15050K .......... .......... .......... .......... .......... 96% 2.18M 0s
[14.682s]  15100K .......... .......... .......... .......... .......... 96% 2.59M 0s
[14.694s]  15150K .......... .......... .......... .......... .......... 97% 1.32M 0s
[14.720s]  15200K .......... .......... .......... .......... .......... 97% 1.91M 0s
[14.749s]  15250K .......... .......... .......... .......... .......... 97% 1.66M 0s
[14.786s]  15300K .......... .......... .......... .......... .......... 98% 1.33M 0s
[14.823s]  15350K .......... .......... .......... .......... .......... 98% 1.31M 0s
[14.862s]  15400K .......... .......... .......... .......... .......... 98% 1.27M 0s
[14.897s]  15450K .......... .......... .......... .......... .......... 99% 1.38M 0s
[14.941s]  15500K .......... .......... .......... .......... .......... 99% 1.46M 0s
[14.972s]  15550K .......... .......... .......... .......... .......... 99% 1.21M 0s
[14.980s]  15600K .......... .......... .....                           100% 2.64M=6.7s
[14.981s] 
[14.981s] 2025-05-04 22:36:41 (2.29 MB/s) - ‘/home/maul/ws_kinclong_sim/build/multirobot_map_merge/2011-08-09-12-22-52.pgm’ saved [16000058/16000058]
[14.981s] 
[14.981s] Checking MD5 sum of /home/maul/ws_kinclong_sim/build/multirobot_map_merge/2011-08-09-12-22-52.pgm
[15.007s] /home/maul/ws_kinclong_sim/build/multirobot_map_merge/2011-08-09-12-22-52.pgm: OK
[15.013s] --2025-05-04 22:36:41--  https://raw.githubusercontent.com/hrnr/m-explore-extra/master/map_merge/gmapping_maps/2012-01-28-11-12-01.pgm
[15.043s] Resolving raw.githubusercontent.com (raw.githubusercontent.com)... 185.199.108.133, 185.199.109.133, 185.199.111.133, ...
[15.063s] Connecting to raw.githubusercontent.com (raw.githubusercontent.com)|185.199.108.133|:443... connected.
[16.931s] HTTP request sent, awaiting response... 200 OK
[16.931s] Length: 16000058 (15M) [application/octet-stream]
[16.932s] Saving to: ‘/home/maul/ws_kinclong_sim/build/multirobot_map_merge/2012-01-28-11-12-01.pgm’
[16.932s] 
[16.951s]      0K .......... .......... .......... .......... ..........  0% 2.46M 6s
[16.968s]     50K .......... .......... .......... .......... ..........  0% 2.76M 6s
[16.975s]    100K .......... .......... .......... .......... ..........  0% 6.65M 5s
[16.985s]    150K .......... .......... .......... .......... ..........  1% 4.96M 4s
[16.999s]    200K .......... .......... .......... .......... ..........  1% 3.45M 4s
[17.004s]    250K .......... .......... .......... .......... ..........  1% 9.88M 4s
[17.008s]    300K .......... .......... .......... .......... ..........  2%  278M 3s
[17.008s]    350K .......... .......... .......... .......... ..........  2% 10.7M 3s
[17.013s]    400K .......... .......... .......... .......... ..........  2% 9.90M 3s
[17.018s]    450K .......... .......... .......... .......... ..........  3% 10.2M 3s
[17.032s]    500K .......... .......... .......... .......... ..........  3% 3.57M 3s
[17.037s]    550K .......... .......... .......... .......... ..........  3%  190M 3s
[17.037s]    600K .......... .......... .......... .......... ..........  4% 10.8M 2s
[17.041s]    650K .......... .......... .......... .......... ..........  4% 11.1M 2s
[17.052s]    700K .......... .......... .......... .......... ..........  4% 4.66M 2s
[17.056s]    750K .......... .......... .......... .......... ..........  5% 11.1M 2s
[17.056s]    800K .......... .......... .......... .......... ..........  5%  226M 2s
[17.060s]    850K .......... .......... .......... .......... ..........  5% 11.5M 2s
[17.074s]    900K .......... .......... .......... .......... ..........  6% 3.74M 2s
[17.077s]    950K .......... .......... .......... .......... ..........  6% 12.5M 2s
[17.082s]   1000K .......... .......... .......... .......... ..........  6% 10.1M 2s
[17.087s]   1050K .......... .......... .......... .......... ..........  7% 9.32M 2s
[17.088s]   1100K .......... .......... .......... .......... ..........  7%  334M 2s
[17.091s]   1150K .......... .......... .......... .......... ..........  7% 12.4M 2s
[17.205s]   1200K .......... .......... .......... .......... ..........  7%  439K 3s
[17.206s]   1250K .......... .......... .......... .......... ..........  8%  456M 3s
[17.206s]   1300K .......... .......... .......... .......... ..........  8%  354M 3s
[17.206s]   1350K .......... .......... .......... .......... ..........  8%  325M 3s
[17.206s]   1400K .......... .......... .......... .......... ..........  9%  248M 3s
[17.206s]   1450K .......... .......... .......... .......... ..........  9%  339M 3s
[17.206s]   1500K .......... .......... .......... .......... ..........  9%  347M 3s
[17.206s]   1550K .......... .......... .......... .......... .......... 10%  333M 2s
[17.207s]   1600K .......... .......... .......... .......... .......... 10%  336M 2s
[17.207s]   1650K .......... .......... .......... .......... .......... 10%  310M 2s
[17.207s]   1700K .......... .......... .......... .......... .......... 11%  336M 2s
[17.207s]   1750K .......... .......... .......... .......... .......... 11%  333M 2s
[17.207s]   1800K .......... .......... .......... .......... .......... 11%  253M 2s
[17.207s]   1850K .......... .......... .......... .......... .......... 12%  348M 2s
[17.207s]   1900K .......... .......... .......... .......... .......... 12%  337M 2s
[17.208s]   1950K .......... .......... .......... .......... .......... 12%  344M 2s
[17.208s]   2000K .......... .......... .......... .......... .......... 13%  325M 2s
[17.208s]   2050K .......... .......... .......... .......... .......... 13%  331M 2s
[17.208s]   2100K .......... .......... .......... .......... .......... 13%  349M 2s
[17.209s]   2150K .......... .......... .......... .......... .......... 14% 60.0M 2s
[17.210s]   2200K .......... .......... .......... .......... .......... 14% 37.2M 2s
[17.210s]   2250K .......... .......... .......... .......... .......... 14%  378M 2s
[17.216s]   2300K .......... .......... .......... .......... .......... 15% 9.52M 2s
[17.217s]   2350K .......... .......... .......... .......... .......... 15%  386M 2s
[17.223s]   2400K .......... .......... .......... .......... .......... 15% 6.58M 2s
[17.224s]   2450K .......... .......... .......... .......... .......... 15% 31.3M 2s
[17.236s]   2500K .......... .......... .......... .......... .......... 16% 4.23M 2s
[17.243s]   2550K .......... .......... .......... .......... .......... 16% 6.71M 2s
[17.257s]   2600K .......... .......... .......... .......... .......... 16% 3.48M 2s
[17.267s]   2650K .......... .......... .......... .......... .......... 17% 4.94M 2s
[17.268s]   2700K .......... .......... .......... .......... .......... 17%  251M 2s
[17.300s]   2750K .......... .......... .......... .......... .......... 17% 1.48M 2s
[17.301s]   2800K .......... .......... .......... .......... .......... 18%  348M 2s
[17.304s]   2850K .......... .......... .......... .......... .......... 18% 12.0M 2s
[17.305s]   2900K .......... .......... .......... .......... .......... 18% 82.8M 2s
[17.305s]   2950K .......... .......... .......... .......... .......... 19%  291M 2s
[17.305s]   3000K .......... .......... .......... .......... .......... 19%  333M 2s
[17.305s]   3050K .......... .......... .......... .......... .......... 19%  349M 2s
[17.310s]   3100K .......... .......... .......... .......... .......... 20% 11.5M 2s
[17.316s]   3150K .......... .......... .......... .......... .......... 20% 8.21M 1s
[17.321s]   3200K .......... .......... .......... .......... .......... 20% 9.41M 1s
[17.326s]   3250K .......... .......... .......... .......... .......... 21% 14.7M 1s
[17.351s]   3300K .......... .......... .......... .......... .......... 21% 1.80M 2s
[17.361s]   3350K .......... .......... .......... .......... .......... 21% 5.20M 2s
[17.361s]   3400K .......... .......... .......... .......... .......... 22%  298M 2s
[17.364s]   3450K .......... .......... .......... .......... .......... 22% 14.4M 2s
[17.377s]   3500K .......... .......... .......... .......... .......... 22% 4.62M 2s
[17.387s]   3550K .......... .......... .......... .......... .......... 23% 6.42M 2s
[17.387s]   3600K .......... .......... .......... .......... .......... 23% 61.7M 1s
[17.389s]   3650K .......... .......... .......... .......... .......... 23% 26.2M 1s
[17.395s]   3700K .......... .......... .......... .......... .......... 23% 5.21M 1s
[17.395s]   3750K .......... .......... .......... .......... .......... 24%  351M 1s
[17.407s]   3800K .......... .......... .......... .......... .......... 24% 4.00M 1s
[17.416s]   3850K .......... .......... .......... .......... .......... 24% 5.07M 1s
[17.424s]   3900K .......... .......... .......... .......... .......... 25% 6.13M 1s
[17.432s]   3950K .......... .......... .......... .......... .......... 25% 6.10M 1s
[17.445s]   4000K .......... .......... .......... .......... .......... 25% 4.00M 1s
[17.454s]   4050K .......... .......... .......... .......... .......... 26% 5.08M 1s
[17.464s]   4100K .......... .......... .......... .......... .......... 26% 5.00M 1s
[17.476s]   4150K .......... .......... .......... .......... .......... 26% 4.08M 1s
[17.491s]   4200K .......... .......... .......... .......... .......... 27% 3.51M 1s
[17.495s]   4250K .......... .......... .......... .......... .......... 27% 8.85M 1s
[17.508s]   4300K .......... .......... .......... .......... .......... 27% 3.99M 1s
[17.516s]   4350K .......... .......... .......... .......... .......... 28% 5.70M 1s
[17.523s]   4400K .......... .......... .......... .......... .......... 28% 7.70M 1s
[17.536s]   4450K .......... .......... .......... .......... .......... 28% 6.60M 1s
[17.543s]   4500K .......... .......... .......... .......... .......... 29% 3.90M 1s
[17.550s]   4550K .......... .......... .......... .......... .......... 29% 6.16M 1s
[17.562s]   4600K .......... .......... .......... .......... .......... 29% 4.04M 1s
[17.567s]   4650K .......... .......... .......... .......... .......... 30% 10.1M 1s
[17.574s]   4700K .......... .......... .......... .......... .......... 30% 7.70M 1s
[17.584s]   4750K .......... .......... .......... .......... .......... 30% 4.65M 1s
[17.589s]   4800K .......... .......... .......... .......... .......... 31% 9.45M 1s
[17.601s]   4850K .......... .......... .......... .......... .......... 31% 5.36M 1s
[17.608s]   4900K .......... .......... .......... .......... .......... 31% 5.09M 1s
[17.615s]   4950K .......... .......... .......... .......... .......... 31% 6.73M 1s
[17.627s]   5000K .......... .......... .......... .......... .......... 32% 4.31M 1s
[17.631s]   5050K .......... .......... .......... .......... .......... 32% 10.6M 1s
[17.637s]   5100K .......... .......... .......... .......... .......... 32% 8.62M 1s
[17.647s]   5150K .......... .......... .......... .......... .......... 33% 5.03M 1s
[17.653s]   5200K .......... .......... .......... .......... .......... 33% 7.42M 1s
[17.664s]   5250K .......... .......... .......... .......... .......... 33% 6.35M 1s
[17.670s]   5300K .......... .......... .......... .......... .......... 34% 5.52M 1s
[17.677s]   5350K .......... .......... .......... .......... .......... 34% 7.29M 1s
[17.684s]   5400K .......... .......... .......... .......... .......... 34% 7.19M 1s
[17.691s]   5450K .......... .......... .......... .......... .......... 35% 6.22M 1s
[17.698s]   5500K .......... .......... .......... .......... .......... 35% 7.42M 1s
[17.706s]   5550K .......... .......... .......... .......... .......... 35% 5.50M 1s
[17.716s]   5600K .......... .......... .......... .......... .......... 36% 5.07M 1s
[17.729s]   5650K .......... .......... .......... .......... .......... 36% 4.04M 1s
[17.736s]   5700K .......... .......... .......... .......... .......... 36% 5.95M 1s
[17.743s]   5750K .......... .......... .......... .......... .......... 37% 7.49M 1s
[17.760s]   5800K .......... .......... .......... .......... .......... 37% 2.83M 1s
[17.763s]   5850K .......... .......... .......... .......... .......... 37% 14.7M 1s
[17.780s]   5900K .......... .......... .......... .......... .......... 38% 3.37M 1s
[17.789s]   5950K .......... .......... .......... .......... .......... 38% 5.49M 1s
[17.796s]   6000K .......... .......... .......... .......... .......... 38% 5.60M 1s
[17.804s]   6050K .......... .......... .......... .......... .......... 39% 7.91M 1s
[17.812s]   6100K .......... .......... .......... .......... .......... 39% 4.83M 1s
[17.818s]   6150K .......... .......... .......... .......... .......... 39% 7.47M 1s
[17.824s]   6200K .......... .......... .......... .......... .......... 39% 8.50M 1s
[17.832s]   6250K .......... .......... .......... .......... .......... 40% 5.87M 1s
[17.839s]   6300K .......... .......... .......... .......... .......... 40% 7.57M 1s
[17.847s]   6350K .......... .......... .......... .......... .......... 40% 5.83M 1s
[17.854s]   6400K .......... .......... .......... .......... .......... 41% 6.86M 1s
[17.862s]   6450K .......... .......... .......... .......... .......... 41% 7.67M 1s
[17.870s]   6500K .......... .......... .......... .......... .......... 41% 5.65M 1s
[17.880s]   6550K .......... .......... .......... .......... .......... 42% 6.58M 1s
[17.884s]   6600K .......... .......... .......... .......... .......... 42% 11.1M 1s
[17.889s]   6650K .......... .......... .......... .......... .......... 42% 6.52M 1s
[17.895s]   6700K .......... .......... .......... .......... .......... 43% 7.78M 1s
[17.901s]   6750K .......... .......... .......... .......... .......... 43% 7.60M 1s
[17.915s]   6800K .......... .......... .......... .......... .......... 43% 3.72M 1s
[17.918s]   6850K .......... .......... .......... .......... .......... 44% 15.3M 1s
[17.923s]   6900K .......... .......... .......... .......... .......... 44% 10.5M 1s
[17.933s]   6950K .......... .......... .......... .......... .......... 44% 4.71M 1s
[17.939s]   7000K .......... .......... .......... .......... .......... 45% 8.33M 1s
[17.948s]   7050K .......... .......... .......... .......... .......... 45% 5.40M 1s
[17.953s]   7100K .......... .......... .......... .......... .......... 45% 8.90M 1s
[17.960s]   7150K .......... .......... .......... .......... .......... 46% 6.78M 1s
[17.971s]   7200K .......... .......... .......... .......... .......... 46% 4.83M 1s
[17.979s]   7250K .......... .......... .......... .......... .......... 46% 7.68M 1s
[17.985s]   7300K .......... .......... .......... .......... .......... 47% 7.09M 1s
[17.991s]   7350K .......... .......... .......... .......... .......... 47% 6.87M 1s
[17.998s]   7400K .......... .......... .......... .......... .......... 47% 7.09M 1s
[18.002s]   7450K .......... .......... .......... .......... .......... 47% 11.1M 1s
[18.014s]   7500K .......... .......... .......... .......... .......... 48% 4.33M 1s
[18.020s]   7550K .......... .......... .......... .......... .......... 48% 7.41M 1s
[18.023s]   7600K .......... .......... .......... .......... .......... 48% 13.9M 1s
[18.040s]   7650K .......... .......... .......... .......... .......... 49% 5.87M 1s
[18.045s]   7700K .......... .......... .......... .......... .......... 49% 3.62M 1s
[18.060s]   7750K .......... .......... .......... .......... .......... 49% 3.27M 1s
[18.065s]   7800K .......... .......... .......... .......... .......... 50% 9.79M 1s
[18.069s]   7850K .......... .......... .......... .......... .......... 50% 13.9M 1s
[18.089s]   7900K .......... .......... .......... .......... .......... 50% 3.10M 1s
[18.091s]   7950K .......... .......... .......... .......... .......... 51% 7.22M 1s
[18.098s]   8000K .......... .......... .......... .......... .......... 51% 11.3M 1s
[18.106s]   8050K .......... .......... .......... .......... .......... 51% 4.78M 1s
[18.123s]   8100K .......... .......... .......... .......... .......... 52% 2.87M 1s
[18.144s]   8150K .......... .......... .......... .......... .......... 52% 2.33M 1s
[18.148s]   8200K .......... .......... .......... .......... .......... 52% 10.5M 1s
[18.152s]   8250K .......... .......... .......... .......... .......... 53% 14.6M 1s
[18.161s]   8300K .......... .......... .......... .......... .......... 53% 5.59M 1s
[18.177s]   8350K .......... .......... .......... .......... .......... 53% 3.87M 1s
[18.183s]   8400K .......... .......... .......... .......... .......... 54% 6.47M 1s
[18.190s]   8450K .......... .......... .......... .......... .......... 54% 5.66M 1s
[18.195s]   8500K .......... .......... .......... .......... .......... 54% 9.03M 1s
[18.201s]   8550K .......... .......... .......... .......... .......... 55% 7.63M 1s
[18.208s]   8600K .......... .......... .......... .......... .......... 55% 7.77M 1s
[18.213s]   8650K .......... .......... .......... .......... .......... 55% 9.06M 1s
[18.220s]   8700K .......... .......... .......... .......... .......... 55% 6.74M 1s
[18.233s]   8750K .......... .......... .......... .......... .......... 56% 3.97M 1s
[18.246s]   8800K .......... .......... .......... .......... .......... 56% 4.69M 1s
[18.248s]   8850K .......... .......... .......... .......... .......... 56% 9.09M 1s
[18.267s]   8900K .......... .......... .......... .......... .......... 57% 2.65M 1s
[18.269s]   8950K .......... .......... .......... .......... .......... 57% 18.3M 1s
[18.277s]   9000K .......... .......... .......... .......... .......... 57% 7.00M 1s
[18.288s]   9050K .......... .......... .......... .......... .......... 58% 4.10M 1s
[18.291s]   9100K .......... .......... .......... .......... .......... 58% 19.2M 1s
[18.298s]   9150K .......... .......... .......... .......... .......... 58% 6.28M 1s
[18.311s]   9200K .......... .......... .......... .......... .......... 59% 5.39M 1s
[18.314s]   9250K .......... .......... .......... .......... .......... 59% 7.24M 1s
[18.323s]   9300K .......... .......... .......... .......... .......... 59% 5.60M 1s
[18.329s]   9350K .......... .......... .......... .......... .......... 60% 7.62M 1s
[18.334s]   9400K .......... .......... .......... .......... .......... 60% 11.0M 1s
[18.340s]   9450K .......... .......... .......... .......... .......... 60% 7.79M 1s
[18.346s]   9500K .......... .......... .......... .......... .......... 61% 7.92M 1s
[18.352s]   9550K .......... .......... .......... .......... .......... 61% 8.74M 1s
[18.361s]   9600K .......... .......... .......... .......... .......... 61% 5.27M 1s
[18.365s]   9650K .......... .......... .......... .......... .......... 62% 10.9M 1s
[18.370s]   9700K .......... .......... .......... .......... .......... 62% 11.8M 1s
[18.380s]   9750K .......... .......... .......... .......... .......... 62% 5.72M 1s
[18.385s]   9800K .......... .......... .......... .......... .......... 63% 7.78M 1s
[18.394s]   9850K .......... .......... .......... .......... .......... 63% 5.70M 1s
[18.398s]   9900K .......... .......... .......... .......... .......... 63% 34.2M 1s
[18.401s]   9950K .......... .......... .......... .......... .......... 63% 7.68M 1s
[18.413s]  10000K .......... .......... .......... .......... .......... 64% 4.06M 1s
[18.422s]  10050K .......... .......... .......... .......... .......... 64% 5.34M 1s
[18.428s]  10100K .......... .......... .......... .......... .......... 64% 7.68M 1s
[18.434s]  10150K .......... .......... .......... .......... .......... 65% 8.93M 1s
[18.441s]  10200K .......... .......... .......... .......... .......... 65% 6.75M 1s
[18.467s]  10250K .......... .......... .......... .......... .......... 65% 1.85M 1s
[18.506s]  10300K .......... .......... .......... .......... .......... 66% 1.78M 1s
[18.511s]  10350K .......... .......... .......... .......... .......... 66% 3.19M 1s
[18.512s]  10400K .......... .......... .......... .......... .......... 66%  220M 1s
[18.523s]  10450K .......... .......... .......... .......... .......... 67% 3.94M 1s
[18.534s]  10500K .......... .......... .......... .......... .......... 67% 4.35M 1s
[18.543s]  10550K .......... .......... .......... .......... .......... 67% 5.61M 1s
[18.550s]  10600K .......... .......... .......... .......... .......... 68% 6.86M 1s
[18.554s]  10650K .......... .......... .......... .......... .......... 68% 12.2M 1s
[18.562s]  10700K .......... .......... .......... .......... .......... 68% 10.3M 1s
[18.572s]  10750K .......... .......... .......... .......... .......... 69% 4.04M 1s
[18.579s]  10800K .......... .......... .......... .......... .......... 69% 7.76M 1s
[18.586s]  10850K .......... .......... .......... .......... .......... 69% 18.4M 1s
[18.590s]  10900K .......... .......... .......... .......... .......... 70% 5.33M 1s
[18.595s]  10950K .......... .......... .......... .......... .......... 70% 11.2M 1s
[18.599s]  11000K .......... .......... .......... .......... .......... 70% 10.8M 1s
[18.606s]  11050K .......... .......... .......... .......... .......... 71% 6.73M 1s
[18.618s]  11100K .......... .......... .......... .......... .......... 71% 4.35M 1s
[18.624s]  11150K .......... .......... .......... .......... .......... 71% 8.28M 1s
[18.627s]  11200K .......... .......... .......... .......... .......... 71% 9.05M 1s
[18.634s]  11250K .......... .......... .......... .......... .......... 72% 7.17M 1s
[18.639s]  11300K .......... .......... .......... .......... .......... 72% 10.1M 1s
[18.647s]  11350K .......... .......... .......... .......... .......... 72% 6.36M 1s
[18.655s]  11400K .......... .......... .......... .......... .......... 73% 5.77M 1s
[18.662s]  11450K .......... .......... .......... .......... .......... 73% 7.01M 1s
[18.670s]  11500K .......... .......... .......... .......... .......... 73% 6.52M 1s
[18.675s]  11550K .......... .......... .......... .......... .......... 74% 9.95M 1s
[18.681s]  11600K .......... .......... .......... .......... .......... 74% 7.22M 1s
[18.687s]  11650K .......... .......... .......... .......... .......... 74% 8.08M 1s
[18.694s]  11700K .......... .......... .......... .......... .......... 75% 7.65M 1s
[18.698s]  11750K .......... .......... .......... .......... .......... 75% 12.7M 1s
[18.704s]  11800K .......... .......... .......... .......... .......... 75% 8.05M 1s
[18.707s]  11850K .......... .......... .......... .......... .......... 76% 13.9M 1s
[18.719s]  11900K .......... .......... .......... .......... .......... 76% 4.12M 1s
[18.722s]  11950K .......... .......... .......... .......... .......... 76% 19.2M 1s
[18.745s]  12000K .......... .......... .......... .......... .......... 77% 2.15M 1s
[18.745s]  12050K .......... .......... .......... .......... .......... 77%  252M 1s
[18.749s]  12100K .......... .......... .......... .......... .......... 77% 10.5M 1s
[18.754s]  12150K .......... .......... .......... .......... .......... 78% 13.9M 1s
[18.764s]  12200K .......... .......... .......... .......... .......... 78% 4.32M 1s
[18.772s]  12250K .......... .......... .......... .......... .......... 78% 6.35M 0s
[18.778s]  12300K .......... .......... .......... .......... .......... 79% 7.38M 0s
[18.782s]  12350K .......... .......... .......... .......... .......... 79% 12.2M 0s
[18.791s]  12400K .......... .......... .......... .......... .......... 79% 5.38M 0s
[18.797s]  12450K .......... .......... .......... .......... .......... 79% 8.33M 0s
[18.802s]  12500K .......... .......... .......... .......... .......... 80% 10.5M 0s
[18.810s]  12550K .......... .......... .......... .......... .......... 80% 6.13M 0s
[18.814s]  12600K .......... .......... .......... .......... .......... 80% 10.8M 0s
[18.821s]  12650K .......... .......... .......... .......... .......... 81% 7.38M 0s
[18.826s]  12700K .......... .......... .......... .......... .......... 81% 9.18M 0s
[18.836s]  12750K .......... .......... .......... .......... .......... 81% 5.22M 0s
[18.839s]  12800K .......... .......... .......... .......... .......... 82% 14.4M 0s
[18.848s]  12850K .......... .......... .......... .......... .......... 82% 6.44M 0s
[18.852s]  12900K .......... .......... .......... .......... .......... 82% 8.66M 0s
[18.858s]  12950K .......... .......... .......... .......... .......... 83% 8.79M 0s
[18.860s]  13000K .......... .......... .......... .......... .......... 83% 18.7M 0s
[18.877s]  13050K .......... .......... .......... .......... .......... 83% 3.30M 0s
[18.879s]  13100K .......... .......... .......... .......... .......... 84% 20.7M 0s
[18.883s]  13150K .......... .......... .......... .......... .......... 84% 16.3M 0s
[18.889s]  13200K .......... .......... .......... .......... .......... 84% 7.58M 0s
[18.896s]  13250K .......... .......... .......... .......... .......... 85% 6.45M 0s
[18.909s]  13300K .......... .......... .......... .......... .......... 85% 4.87M 0s
[18.909s]  13350K .......... .......... .......... .......... .......... 85% 14.4M 0s
[18.916s]  13400K .......... .......... .......... .......... .......... 86% 6.95M 0s
[18.955s]  13450K .......... .......... .......... .......... .......... 86% 1.23M 0s
[18.960s]  13500K .......... .......... .......... .......... .......... 86% 9.08M 0s
[18.967s]  13550K .......... .......... .......... .......... .......... 87% 7.43M 0s
[18.978s]  13600K .......... .......... .......... .......... .......... 87% 5.11M 0s
[18.988s]  13650K .......... .......... .......... .......... .......... 87% 4.72M 0s
[18.995s]  13700K .......... .......... .......... .......... .......... 87% 6.76M 0s
[19.000s]  13750K .......... .......... .......... .......... .......... 88% 9.41M 0s
[19.007s]  13800K .......... .......... .......... .......... .......... 88% 7.57M 0s
[19.010s]  13850K .......... .......... .......... .......... .......... 88% 10.0M 0s
[19.018s]  13900K .......... .......... .......... .......... .......... 89% 6.66M 0s
[19.023s]  13950K .......... .......... .......... .......... .......... 89% 9.12M 0s
[19.028s]  14000K .......... .......... .......... .......... .......... 89% 10.0M 0s
[19.031s]  14050K .......... .......... .......... .......... .......... 90% 17.6M 0s
[19.040s]  14100K .......... .......... .......... .......... .......... 90% 5.01M 0s
[19.044s]  14150K .......... .......... .......... .......... .......... 90% 12.3M 0s
[19.049s]  14200K .......... .......... .......... .......... .......... 91% 11.3M 0s
[19.056s]  14250K .......... .......... .......... .......... .......... 91% 6.21M 0s
[19.063s]  14300K .......... .......... .......... .......... .......... 91% 7.03M 0s
[19.072s]  14350K .......... .......... .......... .......... .......... 92% 6.84M 0s
[19.081s]  14400K .......... .......... .......... .......... .......... 92% 4.81M 0s
[19.084s]  14450K .......... .......... .......... .......... .......... 92% 18.5M 0s
[19.089s]  14500K .......... .......... .......... .......... .......... 93% 9.46M 0s
[19.092s]  14550K .......... .......... .......... .......... .......... 93% 12.7M 0s
[19.100s]  14600K .......... .......... .......... .......... .......... 93% 6.39M 0s
[19.107s]  14650K .......... .......... .......... .......... .......... 94% 7.49M 0s
[19.114s]  14700K .......... .......... .......... .......... .......... 94% 6.74M 0s
[19.116s]  14750K .......... .......... .......... .......... .......... 94% 18.9M 0s
[19.122s]  14800K .......... .......... .......... .......... .......... 95% 9.35M 0s
[19.128s]  14850K .......... .......... .......... .......... .......... 95% 7.50M 0s
[19.135s]  14900K .......... .......... .......... .......... .......... 95% 7.63M 0s
[19.143s]  14950K .......... .......... .......... .......... .......... 95% 6.19M 0s
[19.144s]  15000K .......... .......... .......... .......... .......... 96% 28.2M 0s
[19.152s]  15050K .......... .......... .......... .......... .......... 96% 6.01M 0s
[19.157s]  15100K .......... .......... .......... .......... .......... 96% 11.2M 0s
[19.164s]  15150K .......... .......... .......... .......... .......... 97% 6.50M 0s
[19.168s]  15200K .......... .......... .......... .......... .......... 97% 12.8M 0s
[19.173s]  15250K .......... .......... .......... .......... .......... 97% 10.7M 0s
[19.182s]  15300K .......... .......... .......... .......... .......... 98% 5.44M 0s
[19.186s]  15350K .......... .......... .......... .......... .......... 98% 10.0M 0s
[19.190s]  15400K .......... .......... .......... .......... .......... 98% 15.9M 0s
[19.199s]  15450K .......... .......... .......... .......... .......... 99% 5.20M 0s
[19.204s]  15500K .......... .......... .......... .......... .......... 99% 9.82M 0s
[19.208s]  15550K .......... .......... .......... .......... .......... 99% 12.5M 0s
[19.208s]  15600K .......... .......... .....                           100% 31.4M=2.3s
[19.209s] 
[19.209s] 2025-05-04 22:36:45 (6.70 MB/s) - ‘/home/maul/ws_kinclong_sim/build/multirobot_map_merge/2012-01-28-11-12-01.pgm’ saved [16000058/16000058]
[19.209s] 
[19.210s] Checking MD5 sum of /home/maul/ws_kinclong_sim/build/multirobot_map_merge/2012-01-28-11-12-01.pgm
[19.234s] /home/maul/ws_kinclong_sim/build/multirobot_map_merge/2012-01-28-11-12-01.pgm: OK
[19.239s] -- Found gtest sources under '/opt/ros/jazzy/src/gtest_vendor': C++ tests using 'Google Test' will be built
[19.243s] -- Found Threads: TRUE  
[19.250s] -- Added test 'cppcheck' to perform static code analysis on C / C++ code
[19.250s] -- Configured cppcheck include dirs: /home/maul/ws_kinclong_sim/m-explore-ros2/map_merge/include;$<BUILD_INTERFACE:/home/maul/ws_kinclong_sim/m-explore-ros2/map_merge/include>
[19.250s] -- Configured cppcheck exclude dirs and/or files: 
[19.252s] -- Added test 'flake8' to check Python code syntax and style conventions
[19.252s] -- Configured 'flake8' exclude dirs and/or files: 
[19.253s] -- Added test 'lint_cmake' to check CMake code style
[19.254s] -- Added test 'pep257' to check Python code against some of the docstring style conventions in PEP 257
[19.257s] -- Added test 'uncrustify' to check C / C++ code style
[19.258s] -- Configured uncrustify additional arguments: 
[19.259s] -- Added test 'xmllint' to check XML markup files
[19.262s] -- Configuring done (19.2s)
[19.415s] -- Generating done (0.1s)
[19.427s] -- Build files have been written to: /home/maul/ws_kinclong_sim/build/multirobot_map_merge
[19.442s] Invoked command in '/home/maul/ws_kinclong_sim/build/multirobot_map_merge' returned '0': CMAKE_PREFIX_PATH=${CMAKE_PREFIX_PATH}:/opt/ros/jazzy DEBUGINFOD_URLS=https://debuginfod.ubuntu.com PS1=\[\e]0;\u@\h: \w\a\]${debian_chroot:+($debian_chroot)}\[\033[01;32m\]\u@\h\[\033[00m\]:\[\033[01;34m\]\w\[\033[00m\]\$ /usr/bin/cmake /home/maul/ws_kinclong_sim/m-explore-ros2/map_merge -DCMAKE_INSTALL_PREFIX=/home/maul/ws_kinclong_sim/install/multirobot_map_merge
[19.443s] Invoking command in '/home/maul/ws_kinclong_sim/build/multirobot_map_merge': CMAKE_PREFIX_PATH=${CMAKE_PREFIX_PATH}:/opt/ros/jazzy DEBUGINFOD_URLS=https://debuginfod.ubuntu.com PS1=\[\e]0;\u@\h: \w\a\]${debian_chroot:+($debian_chroot)}\[\033[01;32m\]\u@\h\[\033[00m\]:\[\033[01;34m\]\w\[\033[00m\]\$ /usr/bin/cmake --build /home/maul/ws_kinclong_sim/build/multirobot_map_merge -- -j8 -l8
[19.510s] [  8%] [32mBuilding CXX object CMakeFiles/combine_grids.dir/src/combine_grids/grid_compositor.cpp.o[0m
[19.520s] [ 16%] [32mBuilding CXX object CMakeFiles/combine_grids.dir/src/combine_grids/grid_warper.cpp.o[0m
[19.520s] [ 25%] [32mBuilding CXX object CMakeFiles/combine_grids.dir/src/combine_grids/merging_pipeline.cpp.o[0m
[19.529s] [ 33%] [32mBuilding CXX object gtest/CMakeFiles/gtest.dir/src/gtest-all.cc.o[0m
[19.529s] [ 41%] [32mBuilding CXX object gtest/CMakeFiles/gtest_main.dir/src/gtest_main.cc.o[0m
[19.844s] [ 50%] [32m[1mLinking CXX static library libgtest.a[0m
[19.898s] [ 58%] [32m[1mLinking CXX static library libgtest_main.a[0m
[19.972s] [ 58%] Built target gtest
[19.974s] [ 58%] Built target gtest_main
[24.322s] [ 66%] [32m[1mLinking CXX static library libcombine_grids.a[0m
[24.379s] [ 66%] Built target combine_grids
[24.405s] [ 75%] [32mBuilding CXX object CMakeFiles/map_merge.dir/src/map_merge.cpp.o[0m
[24.406s] [ 83%] [32mBuilding CXX object CMakeFiles/test_merging_pipeline.dir/test/test_merging_pipeline.cpp.o[0m
[29.760s] [ 91%] [32m[1mLinking CXX executable test_merging_pipeline[0m
[30.427s] [ 91%] Built target test_merging_pipeline
[39.809s] [100%] [32m[1mLinking CXX executable map_merge[0m
[40.757s] [100%] Built target map_merge
[40.767s] Invoked command in '/home/maul/ws_kinclong_sim/build/multirobot_map_merge' returned '0': CMAKE_PREFIX_PATH=${CMAKE_PREFIX_PATH}:/opt/ros/jazzy DEBUGINFOD_URLS=https://debuginfod.ubuntu.com PS1=\[\e]0;\u@\h: \w\a\]${debian_chroot:+($debian_chroot)}\[\033[01;32m\]\u@\h\[\033[00m\]:\[\033[01;34m\]\w\[\033[00m\]\$ /usr/bin/cmake --build /home/maul/ws_kinclong_sim/build/multirobot_map_merge -- -j8 -l8
[40.769s] Invoking command in '/home/maul/ws_kinclong_sim/build/multirobot_map_merge': CMAKE_PREFIX_PATH=${CMAKE_PREFIX_PATH}:/opt/ros/jazzy DEBUGINFOD_URLS=https://debuginfod.ubuntu.com PS1=\[\e]0;\u@\h: \w\a\]${debian_chroot:+($debian_chroot)}\[\033[01;32m\]\u@\h\[\033[00m\]:\[\033[01;34m\]\w\[\033[00m\]\$ /usr/bin/cmake --install /home/maul/ws_kinclong_sim/build/multirobot_map_merge
[40.776s] -- Install configuration: ""
[40.776s] -- Installing: /home/maul/ws_kinclong_sim/install/multirobot_map_merge/include/map_merge/
[40.776s] -- Installing: /home/maul/ws_kinclong_sim/install/multirobot_map_merge/include/map_merge//map_merge.h
[40.776s] -- Installing: /home/maul/ws_kinclong_sim/install/multirobot_map_merge/include/map_merge//ros1_names.hpp
[40.776s] -- Installing: /home/maul/ws_kinclong_sim/install/multirobot_map_merge/share/multirobot_map_merge/launch
[40.777s] -- Installing: /home/maul/ws_kinclong_sim/install/multirobot_map_merge/share/multirobot_map_merge/launch/map_merge.rviz
[40.777s] -- Installing: /home/maul/ws_kinclong_sim/install/multirobot_map_merge/share/multirobot_map_merge/launch/map_merge.launch.py
[40.777s] -- Installing: /home/maul/ws_kinclong_sim/install/multirobot_map_merge/share/multirobot_map_merge/launch/tb3_simulation
[40.777s] -- Installing: /home/maul/ws_kinclong_sim/install/multirobot_map_merge/share/multirobot_map_merge/launch/tb3_simulation/config
[40.777s] -- Installing: /home/maul/ws_kinclong_sim/install/multirobot_map_merge/share/multirobot_map_merge/launch/tb3_simulation/config/nav2_multirobot_params_1.yaml
[40.777s] -- Installing: /home/maul/ws_kinclong_sim/install/multirobot_map_merge/share/multirobot_map_merge/launch/tb3_simulation/config/nav2_multirobot_params_2.yaml
[40.777s] -- Installing: /home/maul/ws_kinclong_sim/install/multirobot_map_merge/share/multirobot_map_merge/launch/tb3_simulation/bringup_launch.py
[40.777s] -- Installing: /home/maul/ws_kinclong_sim/install/multirobot_map_merge/share/multirobot_map_merge/launch/tb3_simulation/tb3_simulation_launch.py
[40.777s] -- Installing: /home/maul/ws_kinclong_sim/install/multirobot_map_merge/share/multirobot_map_merge/launch/tb3_simulation/multi_tb3_simulation_launch.py
[40.777s] -- Installing: /home/maul/ws_kinclong_sim/install/multirobot_map_merge/share/multirobot_map_merge/launch/tb3_simulation/slam_toolbox.py
[40.777s] -- Installing: /home/maul/ws_kinclong_sim/install/multirobot_map_merge/share/multirobot_map_merge/launch/tb3_simulation/worlds
[40.778s] -- Installing: /home/maul/ws_kinclong_sim/install/multirobot_map_merge/share/multirobot_map_merge/launch/tb3_simulation/worlds/world_only.model
[40.778s] -- Installing: /home/maul/ws_kinclong_sim/install/multirobot_map_merge/share/multirobot_map_merge/launch/from_map_server.launch.py
[40.778s] -- Installing: /home/maul/ws_kinclong_sim/install/multirobot_map_merge/share/multirobot_map_merge/config
[40.778s] -- Installing: /home/maul/ws_kinclong_sim/install/multirobot_map_merge/share/multirobot_map_merge/config/params.yaml
[40.778s] -- Installing: /home/maul/ws_kinclong_sim/install/multirobot_map_merge/lib/libcombine_grids.a
[40.778s] -- Installing: /home/maul/ws_kinclong_sim/install/multirobot_map_merge/lib/multirobot_map_merge/map_merge
[40.783s] -- Set non-toolchain portion of runtime path of "/home/maul/ws_kinclong_sim/install/multirobot_map_merge/lib/multirobot_map_merge/map_merge" to ""
[40.783s] -- Installing: /home/maul/ws_kinclong_sim/install/multirobot_map_merge/share/multirobot_map_merge/environment/library_path.sh
[40.783s] -- Installing: /home/maul/ws_kinclong_sim/install/multirobot_map_merge/share/multirobot_map_merge/environment/library_path.dsv
[40.783s] -- Installing: /home/maul/ws_kinclong_sim/install/multirobot_map_merge/share/ament_index/resource_index/package_run_dependencies/multirobot_map_merge
[40.783s] -- Installing: /home/maul/ws_kinclong_sim/install/multirobot_map_merge/share/ament_index/resource_index/parent_prefix_path/multirobot_map_merge
[40.783s] -- Installing: /home/maul/ws_kinclong_sim/install/multirobot_map_merge/share/multirobot_map_merge/environment/ament_prefix_path.sh
[40.784s] -- Installing: /home/maul/ws_kinclong_sim/install/multirobot_map_merge/share/multirobot_map_merge/environment/ament_prefix_path.dsv
[40.784s] -- Installing: /home/maul/ws_kinclong_sim/install/multirobot_map_merge/share/multirobot_map_merge/environment/path.sh
[40.784s] -- Installing: /home/maul/ws_kinclong_sim/install/multirobot_map_merge/share/multirobot_map_merge/environment/path.dsv
[40.784s] -- Installing: /home/maul/ws_kinclong_sim/install/multirobot_map_merge/share/multirobot_map_merge/local_setup.bash
[40.784s] -- Installing: /home/maul/ws_kinclong_sim/install/multirobot_map_merge/share/multirobot_map_merge/local_setup.sh
[40.784s] -- Installing: /home/maul/ws_kinclong_sim/install/multirobot_map_merge/share/multirobot_map_merge/local_setup.zsh
[40.784s] -- Installing: /home/maul/ws_kinclong_sim/install/multirobot_map_merge/share/multirobot_map_merge/local_setup.dsv
[40.784s] -- Installing: /home/maul/ws_kinclong_sim/install/multirobot_map_merge/share/multirobot_map_merge/package.dsv
[40.784s] -- Installing: /home/maul/ws_kinclong_sim/install/multirobot_map_merge/share/ament_index/resource_index/packages/multirobot_map_merge
[40.785s] -- Installing: /home/maul/ws_kinclong_sim/install/multirobot_map_merge/share/multirobot_map_merge/cmake/ament_cmake_export_include_directories-extras.cmake
[40.785s] -- Installing: /home/maul/ws_kinclong_sim/install/multirobot_map_merge/share/multirobot_map_merge/cmake/ament_cmake_export_libraries-extras.cmake
[40.785s] -- Installing: /home/maul/ws_kinclong_sim/install/multirobot_map_merge/share/multirobot_map_merge/cmake/multirobot_map_mergeConfig.cmake
[40.785s] -- Installing: /home/maul/ws_kinclong_sim/install/multirobot_map_merge/share/multirobot_map_merge/cmake/multirobot_map_mergeConfig-version.cmake
[40.785s] -- Installing: /home/maul/ws_kinclong_sim/install/multirobot_map_merge/share/multirobot_map_merge/package.xml
[40.787s] Invoked command in '/home/maul/ws_kinclong_sim/build/multirobot_map_merge' returned '0': CMAKE_PREFIX_PATH=${CMAKE_PREFIX_PATH}:/opt/ros/jazzy DEBUGINFOD_URLS=https://debuginfod.ubuntu.com PS1=\[\e]0;\u@\h: \w\a\]${debian_chroot:+($debian_chroot)}\[\033[01;32m\]\u@\h\[\033[00m\]:\[\033[01;34m\]\w\[\033[00m\]\$ /usr/bin/cmake --install /home/maul/ws_kinclong_sim/build/multirobot_map_merge
