[0.124s] DEBUG:colcon:Command line arguments: ['/usr/bin/colcon', 'build']
[0.125s] DEBUG:colcon:Parsed command line arguments: Namespace(log_base=None, log_level=None, verb_name='build', build_base='build', install_base='install', merge_install=False, symlink_install=False, test_result_base=None, continue_on_error=False, executor='parallel', parallel_workers=8, event_handlers=None, ignore_user_meta=False, metas=['./colcon.meta'], base_paths=['.'], packages_ignore=None, packages_ignore_regex=None, paths=None, packages_up_to=None, packages_up_to_regex=None, packages_above=None, packages_above_and_dependencies=None, packages_above_depth=None, packages_select_by_dep=None, packages_skip_by_dep=None, packages_skip_up_to=None, packages_select_build_failed=False, packages_skip_build_finished=False, packages_select_test_failures=False, packages_skip_test_passed=False, packages_select=None, packages_skip=None, packages_select_regex=None, packages_skip_regex=None, packages_start=None, packages_end=None, allow_overriding=[], cmake_args=None, cmake_target=None, cmake_target_skip_unavailable=False, cmake_clean_cache=False, cmake_clean_first=False, cmake_force_configure=False, ament_cmake_args=None, catkin_cmake_args=None, catkin_skip_building_tests=False, mixin_files=None, mixin=None, verb_parser=<colcon_mixin.mixin.mixin_argument.MixinArgumentDecorator object at 0x778b08e69f70>, verb_extension=<colcon_core.verb.build.BuildVerb object at 0x778b08e69760>, main=<bound method BuildVerb.main of <colcon_core.verb.build.BuildVerb object at 0x778b08e69760>>, mixin_verb=('build',))
[0.169s] Level 1:colcon.colcon_core.package_discovery:discover_packages(colcon_meta) check parameters
[0.169s] Level 1:colcon.colcon_core.package_discovery:discover_packages(recursive) check parameters
[0.169s] Level 1:colcon.colcon_core.package_discovery:discover_packages(ignore) check parameters
[0.169s] Level 1:colcon.colcon_core.package_discovery:discover_packages(path) check parameters
[0.169s] Level 1:colcon.colcon_core.package_discovery:discover_packages(colcon_meta) discover
[0.169s] Level 1:colcon.colcon_core.package_discovery:discover_packages(recursive) discover
[0.169s] INFO:colcon.colcon_core.package_discovery:Crawling recursively for packages in '/home/maul/ws_kinclong_sim'
[0.169s] Level 1:colcon.colcon_core.package_identification:_identify(.) by extensions ['ignore', 'ignore_ament_install']
[0.170s] Level 1:colcon.colcon_core.package_identification:_identify(.) by extension 'ignore'
[0.170s] Level 1:colcon.colcon_core.package_identification:_identify(.) by extension 'ignore_ament_install'
[0.170s] Level 1:colcon.colcon_core.package_identification:_identify(.) by extensions ['colcon_pkg']
[0.170s] Level 1:colcon.colcon_core.package_identification:_identify(.) by extension 'colcon_pkg'
[0.170s] Level 1:colcon.colcon_core.package_identification:_identify(.) by extensions ['colcon_meta']
[0.170s] Level 1:colcon.colcon_core.package_identification:_identify(.) by extension 'colcon_meta'
[0.170s] Level 1:colcon.colcon_core.package_identification:_identify(.) by extensions ['ros']
[0.170s] Level 1:colcon.colcon_core.package_identification:_identify(.) by extension 'ros'
[0.200s] Level 1:colcon.colcon_core.package_identification:_identify(.) by extensions ['cmake', 'python']
[0.200s] Level 1:colcon.colcon_core.package_identification:_identify(.) by extension 'cmake'
[0.200s] Level 1:colcon.colcon_core.package_identification:_identify(.) by extension 'python'
[0.200s] Level 1:colcon.colcon_core.package_identification:_identify(.) by extensions ['python_setup_py']
[0.200s] Level 1:colcon.colcon_core.package_identification:_identify(.) by extension 'python_setup_py'
[0.201s] Level 1:colcon.colcon_core.package_identification:_identify(build) by extensions ['ignore', 'ignore_ament_install']
[0.201s] Level 1:colcon.colcon_core.package_identification:_identify(build) by extension 'ignore'
[0.201s] Level 1:colcon.colcon_core.package_identification:_identify(build) ignored
[0.201s] Level 1:colcon.colcon_core.package_identification:_identify(install) by extensions ['ignore', 'ignore_ament_install']
[0.201s] Level 1:colcon.colcon_core.package_identification:_identify(install) by extension 'ignore'
[0.201s] Level 1:colcon.colcon_core.package_identification:_identify(install) ignored
[0.201s] Level 1:colcon.colcon_core.package_identification:_identify(log) by extensions ['ignore', 'ignore_ament_install']
[0.201s] Level 1:colcon.colcon_core.package_identification:_identify(log) by extension 'ignore'
[0.201s] Level 1:colcon.colcon_core.package_identification:_identify(log) ignored
[0.201s] Level 1:colcon.colcon_core.package_identification:_identify(vac_bot) by extensions ['ignore', 'ignore_ament_install']
[0.201s] Level 1:colcon.colcon_core.package_identification:_identify(vac_bot) by extension 'ignore'
[0.202s] Level 1:colcon.colcon_core.package_identification:_identify(vac_bot) by extension 'ignore_ament_install'
[0.202s] Level 1:colcon.colcon_core.package_identification:_identify(vac_bot) by extensions ['colcon_pkg']
[0.202s] Level 1:colcon.colcon_core.package_identification:_identify(vac_bot) by extension 'colcon_pkg'
[0.202s] Level 1:colcon.colcon_core.package_identification:_identify(vac_bot) by extensions ['colcon_meta']
[0.202s] Level 1:colcon.colcon_core.package_identification:_identify(vac_bot) by extension 'colcon_meta'
[0.202s] Level 1:colcon.colcon_core.package_identification:_identify(vac_bot) by extensions ['ros']
[0.202s] Level 1:colcon.colcon_core.package_identification:_identify(vac_bot) by extension 'ros'
[0.202s] Level 1:colcon.colcon_core.package_identification:_identify(vac_bot) by extensions ['cmake', 'python']
[0.202s] Level 1:colcon.colcon_core.package_identification:_identify(vac_bot) by extension 'cmake'
[0.202s] Level 1:colcon.colcon_core.package_identification:_identify(vac_bot) by extension 'python'
[0.202s] Level 1:colcon.colcon_core.package_identification:_identify(vac_bot) by extensions ['python_setup_py']
[0.202s] Level 1:colcon.colcon_core.package_identification:_identify(vac_bot) by extension 'python_setup_py'
[0.202s] Level 1:colcon.colcon_core.package_identification:_identify(vac_bot/build) by extensions ['ignore', 'ignore_ament_install']
[0.202s] Level 1:colcon.colcon_core.package_identification:_identify(vac_bot/build) by extension 'ignore'
[0.202s] Level 1:colcon.colcon_core.package_identification:_identify(vac_bot/build) ignored
[0.203s] Level 1:colcon.colcon_core.package_identification:_identify(vac_bot/install) by extensions ['ignore', 'ignore_ament_install']
[0.203s] Level 1:colcon.colcon_core.package_identification:_identify(vac_bot/install) by extension 'ignore'
[0.203s] Level 1:colcon.colcon_core.package_identification:_identify(vac_bot/install) ignored
[0.203s] Level 1:colcon.colcon_core.package_identification:_identify(vac_bot/log) by extensions ['ignore', 'ignore_ament_install']
[0.203s] Level 1:colcon.colcon_core.package_identification:_identify(vac_bot/log) by extension 'ignore'
[0.203s] Level 1:colcon.colcon_core.package_identification:_identify(vac_bot/log) ignored
[0.203s] Level 1:colcon.colcon_core.package_identification:_identify(vac_bot/src) by extensions ['ignore', 'ignore_ament_install']
[0.203s] Level 1:colcon.colcon_core.package_identification:_identify(vac_bot/src) by extension 'ignore'
[0.203s] Level 1:colcon.colcon_core.package_identification:_identify(vac_bot/src) by extension 'ignore_ament_install'
[0.203s] Level 1:colcon.colcon_core.package_identification:_identify(vac_bot/src) by extensions ['colcon_pkg']
[0.203s] Level 1:colcon.colcon_core.package_identification:_identify(vac_bot/src) by extension 'colcon_pkg'
[0.203s] Level 1:colcon.colcon_core.package_identification:_identify(vac_bot/src) by extensions ['colcon_meta']
[0.203s] Level 1:colcon.colcon_core.package_identification:_identify(vac_bot/src) by extension 'colcon_meta'
[0.203s] Level 1:colcon.colcon_core.package_identification:_identify(vac_bot/src) by extensions ['ros']
[0.203s] Level 1:colcon.colcon_core.package_identification:_identify(vac_bot/src) by extension 'ros'
[0.203s] Level 1:colcon.colcon_core.package_identification:_identify(vac_bot/src) by extensions ['cmake', 'python']
[0.204s] Level 1:colcon.colcon_core.package_identification:_identify(vac_bot/src) by extension 'cmake'
[0.204s] Level 1:colcon.colcon_core.package_identification:_identify(vac_bot/src) by extension 'python'
[0.204s] Level 1:colcon.colcon_core.package_identification:_identify(vac_bot/src) by extensions ['python_setup_py']
[0.204s] Level 1:colcon.colcon_core.package_identification:_identify(vac_bot/src) by extension 'python_setup_py'
[0.204s] Level 1:colcon.colcon_core.package_identification:_identify(vac_bot/src/vac_bot) by extensions ['ignore', 'ignore_ament_install']
[0.204s] Level 1:colcon.colcon_core.package_identification:_identify(vac_bot/src/vac_bot) by extension 'ignore'
[0.204s] Level 1:colcon.colcon_core.package_identification:_identify(vac_bot/src/vac_bot) by extension 'ignore_ament_install'
[0.204s] Level 1:colcon.colcon_core.package_identification:_identify(vac_bot/src/vac_bot) by extensions ['colcon_pkg']
[0.204s] Level 1:colcon.colcon_core.package_identification:_identify(vac_bot/src/vac_bot) by extension 'colcon_pkg'
[0.204s] Level 1:colcon.colcon_core.package_identification:_identify(vac_bot/src/vac_bot) by extensions ['colcon_meta']
[0.204s] Level 1:colcon.colcon_core.package_identification:_identify(vac_bot/src/vac_bot) by extension 'colcon_meta'
[0.204s] Level 1:colcon.colcon_core.package_identification:_identify(vac_bot/src/vac_bot) by extensions ['ros']
[0.204s] Level 1:colcon.colcon_core.package_identification:_identify(vac_bot/src/vac_bot) by extension 'ros'
[0.207s] DEBUG:colcon.colcon_core.package_identification:Package 'vac_bot/src/vac_bot' with type 'ros.ament_cmake' and name 'vac_bot'
[0.207s] Level 1:colcon.colcon_core.package_discovery:discover_packages(recursive) using defaults
[0.207s] Level 1:colcon.colcon_core.package_discovery:discover_packages(ignore) discover
[0.207s] Level 1:colcon.colcon_core.package_discovery:discover_packages(ignore) using defaults
[0.207s] Level 1:colcon.colcon_core.package_discovery:discover_packages(path) discover
[0.207s] Level 1:colcon.colcon_core.package_discovery:discover_packages(path) using defaults
[0.227s] Level 1:colcon.colcon_core.package_discovery:discover_packages(prefix_path) check parameters
[0.227s] Level 1:colcon.colcon_core.package_discovery:discover_packages(prefix_path) discover
[0.228s] WARNING:colcon.colcon_ros.prefix_path.catkin:The path '/usr/local/include/mavlink' in the environment variable CMAKE_PREFIX_PATH doesn't exist
[0.228s] WARNING:colcon.colcon_ros.prefix_path.catkin:The path '/usr/local/share/mavlink/cmake' in the environment variable CMAKE_PREFIX_PATH doesn't exist
[0.229s] DEBUG:colcon.colcon_installed_package_information.package_discovery:Found 1 installed packages in /home/maul/ws_kinclong_sim/install
[0.230s] DEBUG:colcon.colcon_installed_package_information.package_discovery:Found 1 installed packages in /home/maul/simulation_learning/sim_ws/install
[0.233s] DEBUG:colcon.colcon_installed_package_information.package_discovery:Found 421 installed packages in /opt/ros/jazzy
[0.235s] Level 1:colcon.colcon_core.package_discovery:discover_packages(prefix_path) using defaults
[0.299s] Level 5:colcon.colcon_core.verb:set package 'vac_bot' build argument 'cmake_args' from command line to 'None'
[0.299s] Level 5:colcon.colcon_core.verb:set package 'vac_bot' build argument 'cmake_target' from command line to 'None'
[0.299s] Level 5:colcon.colcon_core.verb:set package 'vac_bot' build argument 'cmake_target_skip_unavailable' from command line to 'False'
[0.299s] Level 5:colcon.colcon_core.verb:set package 'vac_bot' build argument 'cmake_clean_cache' from command line to 'False'
[0.299s] Level 5:colcon.colcon_core.verb:set package 'vac_bot' build argument 'cmake_clean_first' from command line to 'False'
[0.299s] Level 5:colcon.colcon_core.verb:set package 'vac_bot' build argument 'cmake_force_configure' from command line to 'False'
[0.299s] Level 5:colcon.colcon_core.verb:set package 'vac_bot' build argument 'ament_cmake_args' from command line to 'None'
[0.299s] Level 5:colcon.colcon_core.verb:set package 'vac_bot' build argument 'catkin_cmake_args' from command line to 'None'
[0.300s] Level 5:colcon.colcon_core.verb:set package 'vac_bot' build argument 'catkin_skip_building_tests' from command line to 'False'
[0.300s] DEBUG:colcon.colcon_core.verb:Building package 'vac_bot' with the following arguments: {'ament_cmake_args': None, 'build_base': '/home/maul/ws_kinclong_sim/build/vac_bot', 'catkin_cmake_args': None, 'catkin_skip_building_tests': False, 'cmake_args': None, 'cmake_clean_cache': False, 'cmake_clean_first': False, 'cmake_force_configure': False, 'cmake_target': None, 'cmake_target_skip_unavailable': False, 'install_base': '/home/maul/ws_kinclong_sim/install/vac_bot', 'merge_install': False, 'path': '/home/maul/ws_kinclong_sim/vac_bot/src/vac_bot', 'symlink_install': False, 'test_result_base': None}
[0.300s] INFO:colcon.colcon_core.executor:Executing jobs using 'parallel' executor
[0.301s] DEBUG:colcon.colcon_parallel_executor.executor.parallel:run_until_complete
[0.301s] INFO:colcon.colcon_ros.task.ament_cmake.build:Building ROS package in '/home/maul/ws_kinclong_sim/vac_bot/src/vac_bot' with build type 'ament_cmake'
[0.301s] INFO:colcon.colcon_cmake.task.cmake.build:Building CMake package in '/home/maul/ws_kinclong_sim/vac_bot/src/vac_bot'
[0.303s] INFO:colcon.colcon_core.plugin_system:Skipping extension 'colcon_core.shell.bat': Not used on non-Windows systems
[0.303s] INFO:colcon.colcon_core.shell:Skip shell extension 'powershell' for command environment: Not usable outside of PowerShell
[0.303s] DEBUG:colcon.colcon_core.shell:Skip shell extension 'dsv' for command environment
[0.315s] DEBUG:colcon.colcon_core.event_handler.log_command:Invoking command in '/home/maul/ws_kinclong_sim/build/vac_bot': CMAKE_PREFIX_PATH=${CMAKE_PREFIX_PATH}:/opt/ros/jazzy DEBUGINFOD_URLS=https://debuginfod.ubuntu.com PS1=\[\e]0;\u@\h: \w\a\]${debian_chroot:+($debian_chroot)}\[\033[01;32m\]\u@\h\[\033[00m\]:\[\033[01;34m\]\w\[\033[00m\]\$ VIRTUAL_ENV_PROMPT=(venv-ardupilot) /usr/bin/cmake --build /home/maul/ws_kinclong_sim/build/vac_bot -- -j8 -l8
[0.351s] DEBUG:colcon.colcon_core.event_handler.log_command:Invoked command in '/home/maul/ws_kinclong_sim/build/vac_bot' returned '0': CMAKE_PREFIX_PATH=${CMAKE_PREFIX_PATH}:/opt/ros/jazzy DEBUGINFOD_URLS=https://debuginfod.ubuntu.com PS1=\[\e]0;\u@\h: \w\a\]${debian_chroot:+($debian_chroot)}\[\033[01;32m\]\u@\h\[\033[00m\]:\[\033[01;34m\]\w\[\033[00m\]\$ VIRTUAL_ENV_PROMPT=(venv-ardupilot) /usr/bin/cmake --build /home/maul/ws_kinclong_sim/build/vac_bot -- -j8 -l8
[0.377s] DEBUG:colcon.colcon_core.event_handler.log_command:Invoking command in '/home/maul/ws_kinclong_sim/build/vac_bot': CMAKE_PREFIX_PATH=${CMAKE_PREFIX_PATH}:/opt/ros/jazzy DEBUGINFOD_URLS=https://debuginfod.ubuntu.com PS1=\[\e]0;\u@\h: \w\a\]${debian_chroot:+($debian_chroot)}\[\033[01;32m\]\u@\h\[\033[00m\]:\[\033[01;34m\]\w\[\033[00m\]\$ VIRTUAL_ENV_PROMPT=(venv-ardupilot) /usr/bin/cmake --install /home/maul/ws_kinclong_sim/build/vac_bot
[0.387s] Level 1:colcon.colcon_core.environment:create_environment_scripts_only(vac_bot)
[0.388s] DEBUG:colcon.colcon_core.event_handler.log_command:Invoked command in '/home/maul/ws_kinclong_sim/build/vac_bot' returned '0': CMAKE_PREFIX_PATH=${CMAKE_PREFIX_PATH}:/opt/ros/jazzy DEBUGINFOD_URLS=https://debuginfod.ubuntu.com PS1=\[\e]0;\u@\h: \w\a\]${debian_chroot:+($debian_chroot)}\[\033[01;32m\]\u@\h\[\033[00m\]:\[\033[01;34m\]\w\[\033[00m\]\$ VIRTUAL_ENV_PROMPT=(venv-ardupilot) /usr/bin/cmake --install /home/maul/ws_kinclong_sim/build/vac_bot
[0.389s] Level 1:colcon.colcon_core.environment:checking '/home/maul/ws_kinclong_sim/install/vac_bot' for CMake module files
[0.390s] Level 1:colcon.colcon_core.environment:checking '/home/maul/ws_kinclong_sim/install/vac_bot' for CMake config files
[0.390s] Level 1:colcon.colcon_core.shell:create_environment_hook('vac_bot', 'cmake_prefix_path')
[0.390s] INFO:colcon.colcon_core.shell:Creating environment hook '/home/maul/ws_kinclong_sim/install/vac_bot/share/vac_bot/hook/cmake_prefix_path.ps1'
[0.391s] INFO:colcon.colcon_core.shell:Creating environment descriptor '/home/maul/ws_kinclong_sim/install/vac_bot/share/vac_bot/hook/cmake_prefix_path.dsv'
[0.391s] INFO:colcon.colcon_core.shell:Creating environment hook '/home/maul/ws_kinclong_sim/install/vac_bot/share/vac_bot/hook/cmake_prefix_path.sh'
[0.392s] Level 1:colcon.colcon_core.environment:checking '/home/maul/ws_kinclong_sim/install/vac_bot/bin'
[0.392s] Level 1:colcon.colcon_core.environment:checking '/home/maul/ws_kinclong_sim/install/vac_bot/lib/pkgconfig/vac_bot.pc'
[0.393s] Level 1:colcon.colcon_core.environment:checking '/home/maul/ws_kinclong_sim/install/vac_bot/lib/python3.12/site-packages'
[0.393s] Level 1:colcon.colcon_core.environment:checking '/home/maul/ws_kinclong_sim/install/vac_bot/bin'
[0.393s] INFO:colcon.colcon_core.shell:Creating package script '/home/maul/ws_kinclong_sim/install/vac_bot/share/vac_bot/package.ps1'
[0.394s] INFO:colcon.colcon_core.shell:Creating package descriptor '/home/maul/ws_kinclong_sim/install/vac_bot/share/vac_bot/package.dsv'
[0.394s] INFO:colcon.colcon_core.shell:Creating package script '/home/maul/ws_kinclong_sim/install/vac_bot/share/vac_bot/package.sh'
[0.395s] INFO:colcon.colcon_core.shell:Creating package script '/home/maul/ws_kinclong_sim/install/vac_bot/share/vac_bot/package.bash'
[0.395s] INFO:colcon.colcon_core.shell:Creating package script '/home/maul/ws_kinclong_sim/install/vac_bot/share/vac_bot/package.zsh'
[0.396s] Level 1:colcon.colcon_core.environment:create_file_with_runtime_dependencies(/home/maul/ws_kinclong_sim/install/vac_bot/share/colcon-core/packages/vac_bot)
[0.416s] Level 1:colcon.colcon_core.environment:create_environment_scripts_only(vac_bot)
[0.417s] Level 1:colcon.colcon_core.environment:checking '/home/maul/ws_kinclong_sim/install/vac_bot' for CMake module files
[0.417s] Level 1:colcon.colcon_core.environment:checking '/home/maul/ws_kinclong_sim/install/vac_bot' for CMake config files
[0.417s] Level 1:colcon.colcon_core.shell:create_environment_hook('vac_bot', 'cmake_prefix_path')
[0.417s] INFO:colcon.colcon_core.shell:Creating environment hook '/home/maul/ws_kinclong_sim/install/vac_bot/share/vac_bot/hook/cmake_prefix_path.ps1'
[0.418s] INFO:colcon.colcon_core.shell:Creating environment descriptor '/home/maul/ws_kinclong_sim/install/vac_bot/share/vac_bot/hook/cmake_prefix_path.dsv'
[0.418s] INFO:colcon.colcon_core.shell:Creating environment hook '/home/maul/ws_kinclong_sim/install/vac_bot/share/vac_bot/hook/cmake_prefix_path.sh'
[0.419s] Level 1:colcon.colcon_core.environment:checking '/home/maul/ws_kinclong_sim/install/vac_bot/bin'
[0.419s] Level 1:colcon.colcon_core.environment:checking '/home/maul/ws_kinclong_sim/install/vac_bot/lib/pkgconfig/vac_bot.pc'
[0.419s] Level 1:colcon.colcon_core.environment:checking '/home/maul/ws_kinclong_sim/install/vac_bot/lib/python3.12/site-packages'
[0.419s] Level 1:colcon.colcon_core.environment:checking '/home/maul/ws_kinclong_sim/install/vac_bot/bin'
[0.419s] INFO:colcon.colcon_core.shell:Creating package script '/home/maul/ws_kinclong_sim/install/vac_bot/share/vac_bot/package.ps1'
[0.420s] INFO:colcon.colcon_core.shell:Creating package descriptor '/home/maul/ws_kinclong_sim/install/vac_bot/share/vac_bot/package.dsv'
[0.420s] INFO:colcon.colcon_core.shell:Creating package script '/home/maul/ws_kinclong_sim/install/vac_bot/share/vac_bot/package.sh'
[0.421s] INFO:colcon.colcon_core.shell:Creating package script '/home/maul/ws_kinclong_sim/install/vac_bot/share/vac_bot/package.bash'
[0.421s] INFO:colcon.colcon_core.shell:Creating package script '/home/maul/ws_kinclong_sim/install/vac_bot/share/vac_bot/package.zsh'
[0.421s] Level 1:colcon.colcon_core.environment:create_file_with_runtime_dependencies(/home/maul/ws_kinclong_sim/install/vac_bot/share/colcon-core/packages/vac_bot)
[0.421s] DEBUG:colcon.colcon_parallel_executor.executor.parallel:closing loop
[0.422s] DEBUG:colcon.colcon_parallel_executor.executor.parallel:loop closed
[0.422s] DEBUG:colcon.colcon_parallel_executor.executor.parallel:run_until_complete finished with '0'
[0.422s] DEBUG:colcon.colcon_core.event_reactor:joining thread
[0.427s] INFO:colcon.colcon_core.plugin_system:Skipping extension 'colcon_notification.desktop_notification.terminal_notifier': Not used on non-Darwin systems
[0.427s] INFO:colcon.colcon_core.plugin_system:Skipping extension 'colcon_notification.desktop_notification.win32': Not used on non-Windows systems
[0.427s] INFO:colcon.colcon_notification.desktop_notification:Sending desktop notification using 'notify2'
[0.443s] DEBUG:colcon.colcon_core.event_reactor:joined thread
[0.443s] INFO:colcon.colcon_core.shell:Creating prefix script '/home/maul/ws_kinclong_sim/install/local_setup.ps1'
[0.444s] INFO:colcon.colcon_core.shell:Creating prefix util module '/home/maul/ws_kinclong_sim/install/_local_setup_util_ps1.py'
[0.445s] INFO:colcon.colcon_core.shell:Creating prefix chain script '/home/maul/ws_kinclong_sim/install/setup.ps1'
[0.446s] INFO:colcon.colcon_core.shell:Creating prefix script '/home/maul/ws_kinclong_sim/install/local_setup.sh'
[0.447s] INFO:colcon.colcon_core.shell:Creating prefix util module '/home/maul/ws_kinclong_sim/install/_local_setup_util_sh.py'
[0.448s] INFO:colcon.colcon_core.shell:Creating prefix chain script '/home/maul/ws_kinclong_sim/install/setup.sh'
[0.449s] INFO:colcon.colcon_core.shell:Creating prefix script '/home/maul/ws_kinclong_sim/install/local_setup.bash'
[0.450s] INFO:colcon.colcon_core.shell:Creating prefix chain script '/home/maul/ws_kinclong_sim/install/setup.bash'
[0.451s] INFO:colcon.colcon_core.shell:Creating prefix script '/home/maul/ws_kinclong_sim/install/local_setup.zsh'
[0.451s] INFO:colcon.colcon_core.shell:Creating prefix chain script '/home/maul/ws_kinclong_sim/install/setup.zsh'
