-- Install configuration: ""
-- Execute custom install script
-- Up-to-date symlink: /home/maul/simulation_learning/vac_bot/install/vac_bot/share/vac_bot/config/empty.yaml
-- Up-to-date symlink: /home/maul/simulation_learning/vac_bot/install/vac_bot/share/vac_bot/config/view_bot.rviz
-- Up-to-date symlink: /home/maul/simulation_learning/vac_bot/install/vac_bot/share/vac_bot/description/inertial_macros.xacro
-- Up-to-date symlink: /home/maul/simulation_learning/vac_bot/install/vac_bot/share/vac_bot/description/robot.urdf.xacro
-- Up-to-date symlink: /home/maul/simulation_learning/vac_bot/install/vac_bot/share/vac_bot/description/robot_core.xacro
-- Symlinking: /home/maul/simulation_learning/vac_bot/install/vac_bot/share/vac_bot/launch/launch_sim.launch.py
-- Up-to-date symlink: /home/maul/simulation_learning/vac_bot/install/vac_bot/share/vac_bot/launch/rsp.launch.py
-- Up-to-date symlink: /home/maul/simulation_learning/vac_bot/install/vac_bot/share/vac_bot/worlds/empty.world
-- Up-to-date symlink: /home/maul/simulation_learning/vac_bot/install/vac_bot/share/ament_index/resource_index/package_run_dependencies/vac_bot
-- Up-to-date symlink: /home/maul/simulation_learning/vac_bot/install/vac_bot/share/ament_index/resource_index/parent_prefix_path/vac_bot
-- Up-to-date symlink: /home/maul/simulation_learning/vac_bot/install/vac_bot/share/vac_bot/environment/ament_prefix_path.sh
-- Up-to-date symlink: /home/maul/simulation_learning/vac_bot/install/vac_bot/share/vac_bot/environment/ament_prefix_path.dsv
-- Up-to-date symlink: /home/maul/simulation_learning/vac_bot/install/vac_bot/share/vac_bot/environment/path.sh
-- Up-to-date symlink: /home/maul/simulation_learning/vac_bot/install/vac_bot/share/vac_bot/environment/path.dsv
-- Up-to-date symlink: /home/maul/simulation_learning/vac_bot/install/vac_bot/share/vac_bot/local_setup.bash
-- Up-to-date symlink: /home/maul/simulation_learning/vac_bot/install/vac_bot/share/vac_bot/local_setup.sh
-- Up-to-date symlink: /home/maul/simulation_learning/vac_bot/install/vac_bot/share/vac_bot/local_setup.zsh
-- Up-to-date symlink: /home/maul/simulation_learning/vac_bot/install/vac_bot/share/vac_bot/local_setup.dsv
-- Symlinking: /home/maul/simulation_learning/vac_bot/install/vac_bot/share/vac_bot/package.dsv
-- Up-to-date symlink: /home/maul/simulation_learning/vac_bot/install/vac_bot/share/ament_index/resource_index/packages/vac_bot
-- Up-to-date symlink: /home/maul/simulation_learning/vac_bot/install/vac_bot/share/vac_bot/cmake/vac_botConfig.cmake
-- Up-to-date symlink: /home/maul/simulation_learning/vac_bot/install/vac_bot/share/vac_bot/cmake/vac_botConfig-version.cmake
-- Up-to-date symlink: /home/maul/simulation_learning/vac_bot/install/vac_bot/share/vac_bot/package.xml
