[0.047s] Invoking command in '/home/maul/ws_kinclong_sim/build/vac_bot': CMAKE_PREFIX_PATH=${CMAKE_PREFIX_PATH}:/opt/ros/jazzy DEBUGINFOD_URLS=https://debuginfod.ubuntu.com PS1=\[\e]0;\u@\h: \w\a\]${debian_chroot:+($debian_chroot)}\[\033[01;32m\]\u@\h\[\033[00m\]:\[\033[01;34m\]\w\[\033[00m\]\$ VIRTUAL_ENV_PROMPT=(venv-ardupilot) /usr/bin/cmake --build /home/maul/ws_kinclong_sim/build/vac_bot -- -j8 -l8
[0.237s] Invoked command in '/home/maul/ws_kinclong_sim/build/vac_bot' returned '0': CMAKE_PREFIX_PATH=${CMAKE_PREFIX_PATH}:/opt/ros/jazzy DEBUGINFOD_URLS=https://debuginfod.ubuntu.com PS1=\[\e]0;\u@\h: \w\a\]${debian_chroot:+($debian_chroot)}\[\033[01;32m\]\u@\h\[\033[00m\]:\[\033[01;34m\]\w\[\033[00m\]\$ VIRTUAL_ENV_PROMPT=(venv-ardupilot) /usr/bin/cmake --build /home/maul/ws_kinclong_sim/build/vac_bot -- -j8 -l8
[0.275s] Invoking command in '/home/maul/ws_kinclong_sim/build/vac_bot': CMAKE_PREFIX_PATH=${CMAKE_PREFIX_PATH}:/opt/ros/jazzy DEBUGINFOD_URLS=https://debuginfod.ubuntu.com PS1=\[\e]0;\u@\h: \w\a\]${debian_chroot:+($debian_chroot)}\[\033[01;32m\]\u@\h\[\033[00m\]:\[\033[01;34m\]\w\[\033[00m\]\$ VIRTUAL_ENV_PROMPT=(venv-ardupilot) /usr/bin/cmake --install /home/maul/ws_kinclong_sim/build/vac_bot
[0.304s] -- Install configuration: ""
[0.324s] -- Up-to-date: /home/maul/ws_kinclong_sim/install/vac_bot/share/vac_bot/config
[0.325s] -- Up-to-date: /home/maul/ws_kinclong_sim/install/vac_bot/share/vac_bot/config/view_bot.rviz
[0.325s] -- Up-to-date: /home/maul/ws_kinclong_sim/install/vac_bot/share/vac_bot/config/empty.yaml
[0.325s] -- Up-to-date: /home/maul/ws_kinclong_sim/install/vac_bot/share/vac_bot/description
[0.325s] -- Up-to-date: /home/maul/ws_kinclong_sim/install/vac_bot/share/vac_bot/description/robot.urdf.xacro
[0.325s] -- Up-to-date: /home/maul/ws_kinclong_sim/install/vac_bot/share/vac_bot/description/robot_core.xacro
[0.325s] -- Up-to-date: /home/maul/ws_kinclong_sim/install/vac_bot/share/vac_bot/description/inertial_macros.xacro
[0.325s] -- Installing: /home/maul/ws_kinclong_sim/install/vac_bot/share/vac_bot/description/gazebo_control.xacro
[0.325s] -- Up-to-date: /home/maul/ws_kinclong_sim/install/vac_bot/share/vac_bot/launch
[0.325s] -- Up-to-date: /home/maul/ws_kinclong_sim/install/vac_bot/share/vac_bot/launch/rsp.launch.py
[0.325s] -- Up-to-date: /home/maul/ws_kinclong_sim/install/vac_bot/share/vac_bot/launch/launch_sim.launch.py
[0.326s] -- Up-to-date: /home/maul/ws_kinclong_sim/install/vac_bot/share/vac_bot/worlds
[0.326s] -- Up-to-date: /home/maul/ws_kinclong_sim/install/vac_bot/share/vac_bot/worlds/empty.world
[0.326s] -- Up-to-date: /home/maul/ws_kinclong_sim/install/vac_bot/share/ament_index/resource_index/package_run_dependencies/vac_bot
[0.326s] -- Up-to-date: /home/maul/ws_kinclong_sim/install/vac_bot/share/ament_index/resource_index/parent_prefix_path/vac_bot
[0.326s] -- Installing: /home/maul/ws_kinclong_sim/install/vac_bot/share/vac_bot/environment/ament_prefix_path.sh
[0.348s] -- Up-to-date: /home/maul/ws_kinclong_sim/install/vac_bot/share/vac_bot/environment/ament_prefix_path.dsv
[0.349s] -- Installing: /home/maul/ws_kinclong_sim/install/vac_bot/share/vac_bot/environment/path.sh
[0.352s] -- Up-to-date: /home/maul/ws_kinclong_sim/install/vac_bot/share/vac_bot/environment/path.dsv
[0.353s] -- Up-to-date: /home/maul/ws_kinclong_sim/install/vac_bot/share/vac_bot/local_setup.bash
[0.354s] -- Up-to-date: /home/maul/ws_kinclong_sim/install/vac_bot/share/vac_bot/local_setup.sh
[0.354s] -- Up-to-date: /home/maul/ws_kinclong_sim/install/vac_bot/share/vac_bot/local_setup.zsh
[0.354s] -- Up-to-date: /home/maul/ws_kinclong_sim/install/vac_bot/share/vac_bot/local_setup.dsv
[0.354s] -- Up-to-date: /home/maul/ws_kinclong_sim/install/vac_bot/share/vac_bot/package.dsv
[0.355s] -- Up-to-date: /home/maul/ws_kinclong_sim/install/vac_bot/share/ament_index/resource_index/packages/vac_bot
[0.355s] -- Up-to-date: /home/maul/ws_kinclong_sim/install/vac_bot/share/vac_bot/cmake/vac_botConfig.cmake
[0.355s] -- Up-to-date: /home/maul/ws_kinclong_sim/install/vac_bot/share/vac_bot/cmake/vac_botConfig-version.cmake
[0.355s] -- Up-to-date: /home/maul/ws_kinclong_sim/install/vac_bot/share/vac_bot/package.xml
[0.356s] Invoked command in '/home/maul/ws_kinclong_sim/build/vac_bot' returned '0': CMAKE_PREFIX_PATH=${CMAKE_PREFIX_PATH}:/opt/ros/jazzy DEBUGINFOD_URLS=https://debuginfod.ubuntu.com PS1=\[\e]0;\u@\h: \w\a\]${debian_chroot:+($debian_chroot)}\[\033[01;32m\]\u@\h\[\033[00m\]:\[\033[01;34m\]\w\[\033[00m\]\$ VIRTUAL_ENV_PROMPT=(venv-ardupilot) /usr/bin/cmake --install /home/maul/ws_kinclong_sim/build/vac_bot
