[0.022s] Invoking command in '/home/maul/ws_kinclong_sim/build/explore_lite': CMAKE_PREFIX_PATH=${CMAKE_PREFIX_PATH}:/opt/ros/jazzy DEBUGINFOD_URLS=https://debuginfod.ubuntu.com PS1=\[\e]0;\u@\h: \w\a\]${debian_chroot:+($debian_chroot)}\[\033[01;32m\]\u@\h\[\033[00m\]:\[\033[01;34m\]\w\[\033[00m\]\$ /usr/bin/cmake /home/maul/ws_kinclong_sim/m-explore-ros2/explore -DCMAKE_INSTALL_PREFIX=/home/maul/ws_kinclong_sim/install/explore_lite
[0.160s] -- The C compiler identification is GNU 13.3.0
[0.242s] -- The CXX compiler identification is GNU 13.3.0
[0.262s] -- Detecting C compiler ABI info
[0.427s] -- Detecting C compiler ABI info - done
[0.440s] -- Check for working C compiler: /usr/lib/ccache/cc - skipped
[0.441s] -- Detecting C compile features
[0.442s] -- Detecting C compile features - done
[0.488s] -- Detecting CXX compiler ABI info
[0.622s] -- Detecting CXX compiler ABI info - done
[0.632s] -- Check for working CXX compiler: /usr/lib/ccache/c++ - skipped
[0.632s] -- Detecting CXX compile features
[0.633s] -- Detecting CXX compile features - done
[0.633s] -- BuilD for ROS2: jazzy
[0.637s] -- Found ament_cmake: 2.5.3 (/opt/ros/jazzy/share/ament_cmake/cmake)
[0.815s] -- Found Python3: /home/maul/venv-ardupilot/bin/python3 (found version "3.12.3") found components: Interpreter 
[0.999s] -- Found rclcpp: 28.1.6 (/opt/ros/jazzy/share/rclcpp/cmake)
[1.060s] -- Found rosidl_generator_c: 4.6.5 (/opt/ros/jazzy/share/rosidl_generator_c/cmake)
[1.079s] -- Found rosidl_generator_cpp: 4.6.5 (/opt/ros/jazzy/share/rosidl_generator_cpp/cmake)
[1.099s] -- Using all available rosidl_typesupport_c: rosidl_typesupport_fastrtps_c;rosidl_typesupport_introspection_c
[1.130s] -- Using all available rosidl_typesupport_cpp: rosidl_typesupport_fastrtps_cpp;rosidl_typesupport_introspection_cpp
[1.246s] -- Found rmw_implementation_cmake: 7.3.1 (/opt/ros/jazzy/share/rmw_implementation_cmake/cmake)
[1.250s] -- Found rmw_fastrtps_cpp: 8.4.1 (/opt/ros/jazzy/share/rmw_fastrtps_cpp/cmake)
[1.351s] -- Found OpenSSL: /usr/lib/x86_64-linux-gnu/libcrypto.so (found version "3.0.13")  
[1.377s] -- Found FastRTPS: /opt/ros/jazzy/include (Required is at least version "2.13") 
[1.405s] -- Using RMW implementation 'rmw_fastrtps_cpp' as default
[1.539s] -- Found std_msgs: 5.3.5 (/opt/ros/jazzy/share/std_msgs/cmake)
[1.557s] -- Found sensor_msgs: 5.3.5 (/opt/ros/jazzy/share/sensor_msgs/cmake)
[1.605s] -- Found tf2_ros: 0.36.8 (/opt/ros/jazzy/share/tf2_ros/cmake)
[1.784s] -- Found tf2_geometry_msgs: 0.36.8 (/opt/ros/jazzy/share/tf2_geometry_msgs/cmake)
[1.807s] -- Found eigen3_cmake_module: 0.3.0 (/opt/ros/jazzy/share/eigen3_cmake_module/cmake)
[1.809s] -- Found Eigen3: TRUE (found version "3.4.0") 
[1.809s] -- Ensuring Eigen3 include directory is part of orocos-kdl CMake target
[1.820s] -- Found nav2_msgs: 1.3.5 (/opt/ros/jazzy/share/nav2_msgs/cmake)
[1.966s] -- Found map_msgs: 2.4.1 (/opt/ros/jazzy/share/map_msgs/cmake)
[2.004s] -- Found visualization_msgs: 5.3.5 (/opt/ros/jazzy/share/visualization_msgs/cmake)
[2.045s] -- Found nav2_costmap_2d: 1.3.5 (/opt/ros/jazzy/share/nav2_costmap_2d/cmake)
[2.239s] -- Found ament_lint_auto: 0.17.1 (/opt/ros/jazzy/share/ament_lint_auto/cmake)
[2.360s] -- Found ament_cmake_gtest: 2.5.3 (/opt/ros/jazzy/share/ament_cmake_gtest/cmake)
[2.364s] -- Found gtest sources under '/opt/ros/jazzy/src/gtest_vendor': C++ tests using 'Google Test' will be built
[2.368s] -- Performing Test CMAKE_HAVE_LIBC_PTHREAD
[2.508s] -- Performing Test CMAKE_HAVE_LIBC_PTHREAD - Success
[2.509s] -- Found Threads: TRUE  
[2.523s] -- Added test 'cppcheck' to perform static code analysis on C / C++ code
[2.523s] -- Configured cppcheck include dirs: /home/maul/ws_kinclong_sim/m-explore-ros2/explore/include;$<BUILD_INTERFACE:/home/maul/ws_kinclong_sim/m-explore-ros2/explore/include>
[2.523s] -- Configured cppcheck exclude dirs and/or files: 
[2.524s] -- Added test 'flake8' to check Python code syntax and style conventions
[2.524s] -- Configured 'flake8' exclude dirs and/or files: 
[2.525s] -- Added test 'lint_cmake' to check CMake code style
[2.526s] -- Added test 'pep257' to check Python code against some of the docstring style conventions in PEP 257
[2.528s] -- Added test 'uncrustify' to check C / C++ code style
[2.528s] -- Configured uncrustify additional arguments: 
[2.529s] -- Added test 'xmllint' to check XML markup files
[2.532s] -- Configuring done (2.5s)
[2.626s] -- Generating done (0.1s)
[2.637s] -- Build files have been written to: /home/maul/ws_kinclong_sim/build/explore_lite
[2.651s] Invoked command in '/home/maul/ws_kinclong_sim/build/explore_lite' returned '0': CMAKE_PREFIX_PATH=${CMAKE_PREFIX_PATH}:/opt/ros/jazzy DEBUGINFOD_URLS=https://debuginfod.ubuntu.com PS1=\[\e]0;\u@\h: \w\a\]${debian_chroot:+($debian_chroot)}\[\033[01;32m\]\u@\h\[\033[00m\]:\[\033[01;34m\]\w\[\033[00m\]\$ /usr/bin/cmake /home/maul/ws_kinclong_sim/m-explore-ros2/explore -DCMAKE_INSTALL_PREFIX=/home/maul/ws_kinclong_sim/install/explore_lite
[2.652s] Invoking command in '/home/maul/ws_kinclong_sim/build/explore_lite': CMAKE_PREFIX_PATH=${CMAKE_PREFIX_PATH}:/opt/ros/jazzy DEBUGINFOD_URLS=https://debuginfod.ubuntu.com PS1=\[\e]0;\u@\h: \w\a\]${debian_chroot:+($debian_chroot)}\[\033[01;32m\]\u@\h\[\033[00m\]:\[\033[01;34m\]\w\[\033[00m\]\$ /usr/bin/cmake --build /home/maul/ws_kinclong_sim/build/explore_lite -- -j8 -l8
[2.701s] [ 10%] [32mBuilding CXX object gtest/CMakeFiles/gtest_main.dir/src/gtest_main.cc.o[0m
[2.701s] [ 20%] [32mBuilding CXX object CMakeFiles/explore.dir/src/costmap_client.cpp.o[0m
[2.702s] [ 30%] [32mBuilding CXX object CMakeFiles/explore.dir/src/frontier_search.cpp.o[0m
[2.702s] [ 40%] [32mBuilding CXX object gtest/CMakeFiles/gtest.dir/src/gtest-all.cc.o[0m
[2.704s] [ 50%] [32mBuilding CXX object CMakeFiles/explore.dir/src/explore.cpp.o[0m
[2.869s] [ 60%] [32m[1mLinking CXX static library libgtest_main.a[0m
[2.975s] [ 60%] Built target gtest_main
[3.000s] [ 70%] [32m[1mLinking CXX static library libgtest.a[0m
[3.091s] [ 70%] Built target gtest
[3.116s] [ 80%] [32mBuilding CXX object CMakeFiles/test_explore.dir/test/test_explore.cpp.o[0m
[4.804s] [ 90%] [32m[1mLinking CXX executable test_explore[0m
[6.704s] [ 90%] Built target test_explore
[18.288s] [100%] [32m[1mLinking CXX executable explore[0m
[20.656s] [100%] Built target explore
[20.667s] Invoked command in '/home/maul/ws_kinclong_sim/build/explore_lite' returned '0': CMAKE_PREFIX_PATH=${CMAKE_PREFIX_PATH}:/opt/ros/jazzy DEBUGINFOD_URLS=https://debuginfod.ubuntu.com PS1=\[\e]0;\u@\h: \w\a\]${debian_chroot:+($debian_chroot)}\[\033[01;32m\]\u@\h\[\033[00m\]:\[\033[01;34m\]\w\[\033[00m\]\$ /usr/bin/cmake --build /home/maul/ws_kinclong_sim/build/explore_lite -- -j8 -l8
[20.669s] Invoking command in '/home/maul/ws_kinclong_sim/build/explore_lite': CMAKE_PREFIX_PATH=${CMAKE_PREFIX_PATH}:/opt/ros/jazzy DEBUGINFOD_URLS=https://debuginfod.ubuntu.com PS1=\[\e]0;\u@\h: \w\a\]${debian_chroot:+($debian_chroot)}\[\033[01;32m\]\u@\h\[\033[00m\]:\[\033[01;34m\]\w\[\033[00m\]\$ /usr/bin/cmake --install /home/maul/ws_kinclong_sim/build/explore_lite
[20.677s] -- Install configuration: ""
[20.677s] -- Installing: /home/maul/ws_kinclong_sim/install/explore_lite/include/explore/
[20.677s] -- Installing: /home/maul/ws_kinclong_sim/install/explore_lite/include/explore//explore.h
[20.677s] -- Installing: /home/maul/ws_kinclong_sim/install/explore_lite/include/explore//costmap_tools.h
[20.677s] -- Installing: /home/maul/ws_kinclong_sim/install/explore_lite/include/explore//frontier_search.h
[20.678s] -- Installing: /home/maul/ws_kinclong_sim/install/explore_lite/include/explore//costmap_client.h
[20.678s] -- Installing: /home/maul/ws_kinclong_sim/install/explore_lite/share/explore_lite/config
[20.678s] -- Installing: /home/maul/ws_kinclong_sim/install/explore_lite/share/explore_lite/config/params.yaml
[20.678s] -- Installing: /home/maul/ws_kinclong_sim/install/explore_lite/share/explore_lite/config/params_costmap.yaml
[20.678s] -- Installing: /home/maul/ws_kinclong_sim/install/explore_lite/share/explore_lite/launch
[20.678s] -- Installing: /home/maul/ws_kinclong_sim/install/explore_lite/share/explore_lite/launch/explore.launch.py
[20.678s] -- Installing: /home/maul/ws_kinclong_sim/install/explore_lite/lib/explore_lite/explore
[20.692s] -- Set non-toolchain portion of runtime path of "/home/maul/ws_kinclong_sim/install/explore_lite/lib/explore_lite/explore" to ""
[20.692s] -- Installing: /home/maul/ws_kinclong_sim/install/explore_lite/share/ament_index/resource_index/package_run_dependencies/explore_lite
[20.692s] -- Installing: /home/maul/ws_kinclong_sim/install/explore_lite/share/ament_index/resource_index/parent_prefix_path/explore_lite
[20.692s] -- Installing: /home/maul/ws_kinclong_sim/install/explore_lite/share/explore_lite/environment/ament_prefix_path.sh
[20.692s] -- Installing: /home/maul/ws_kinclong_sim/install/explore_lite/share/explore_lite/environment/ament_prefix_path.dsv
[20.693s] -- Installing: /home/maul/ws_kinclong_sim/install/explore_lite/share/explore_lite/environment/path.sh
[20.693s] -- Installing: /home/maul/ws_kinclong_sim/install/explore_lite/share/explore_lite/environment/path.dsv
[20.693s] -- Installing: /home/maul/ws_kinclong_sim/install/explore_lite/share/explore_lite/local_setup.bash
[20.693s] -- Installing: /home/maul/ws_kinclong_sim/install/explore_lite/share/explore_lite/local_setup.sh
[20.693s] -- Installing: /home/maul/ws_kinclong_sim/install/explore_lite/share/explore_lite/local_setup.zsh
[20.693s] -- Installing: /home/maul/ws_kinclong_sim/install/explore_lite/share/explore_lite/local_setup.dsv
[20.693s] -- Installing: /home/maul/ws_kinclong_sim/install/explore_lite/share/explore_lite/package.dsv
[20.694s] -- Installing: /home/maul/ws_kinclong_sim/install/explore_lite/share/ament_index/resource_index/packages/explore_lite
[20.694s] -- Installing: /home/maul/ws_kinclong_sim/install/explore_lite/share/explore_lite/cmake/ament_cmake_export_include_directories-extras.cmake
[20.694s] -- Installing: /home/maul/ws_kinclong_sim/install/explore_lite/share/explore_lite/cmake/explore_liteConfig.cmake
[20.694s] -- Installing: /home/maul/ws_kinclong_sim/install/explore_lite/share/explore_lite/cmake/explore_liteConfig-version.cmake
[20.694s] -- Installing: /home/maul/ws_kinclong_sim/install/explore_lite/share/explore_lite/package.xml
[20.698s] Invoked command in '/home/maul/ws_kinclong_sim/build/explore_lite' returned '0': CMAKE_PREFIX_PATH=${CMAKE_PREFIX_PATH}:/opt/ros/jazzy DEBUGINFOD_URLS=https://debuginfod.ubuntu.com PS1=\[\e]0;\u@\h: \w\a\]${debian_chroot:+($debian_chroot)}\[\033[01;32m\]\u@\h\[\033[00m\]:\[\033[01;34m\]\w\[\033[00m\]\$ /usr/bin/cmake --install /home/maul/ws_kinclong_sim/build/explore_lite
