[0.121s] DEBUG:colcon:Command line arguments: ['/usr/bin/colcon', 'build']
[0.121s] DEBUG:colcon:Parsed command line arguments: Namespace(log_base=None, log_level=None, verb_name='build', build_base='build', install_base='install', merge_install=False, symlink_install=False, test_result_base=None, continue_on_error=False, executor='parallel', parallel_workers=8, event_handlers=None, ignore_user_meta=False, metas=['./colcon.meta'], base_paths=['.'], packages_ignore=None, packages_ignore_regex=None, paths=None, packages_up_to=None, packages_up_to_regex=None, packages_above=None, packages_above_and_dependencies=None, packages_above_depth=None, packages_select_by_dep=None, packages_skip_by_dep=None, packages_skip_up_to=None, packages_select_build_failed=False, packages_skip_build_finished=False, packages_select_test_failures=False, packages_skip_test_passed=False, packages_select=None, packages_skip=None, packages_select_regex=None, packages_skip_regex=None, packages_start=None, packages_end=None, allow_overriding=[], cmake_args=None, cmake_target=None, cmake_target_skip_unavailable=False, cmake_clean_cache=False, cmake_clean_first=False, cmake_force_configure=False, ament_cmake_args=None, catkin_cmake_args=None, catkin_skip_building_tests=False, mixin_files=None, mixin=None, verb_parser=<colcon_mixin.mixin.mixin_argument.MixinArgumentDecorator object at 0x79eab13b9d90>, verb_extension=<colcon_core.verb.build.BuildVerb object at 0x79eab13ba6c0>, main=<bound method BuildVerb.main of <colcon_core.verb.build.BuildVerb object at 0x79eab13ba6c0>>, mixin_verb=('build',))
[0.165s] Level 1:colcon.colcon_core.package_discovery:discover_packages(colcon_meta) check parameters
[0.165s] Level 1:colcon.colcon_core.package_discovery:discover_packages(recursive) check parameters
[0.165s] Level 1:colcon.colcon_core.package_discovery:discover_packages(ignore) check parameters
[0.165s] Level 1:colcon.colcon_core.package_discovery:discover_packages(path) check parameters
[0.165s] Level 1:colcon.colcon_core.package_discovery:discover_packages(colcon_meta) discover
[0.165s] Level 1:colcon.colcon_core.package_discovery:discover_packages(recursive) discover
[0.165s] INFO:colcon.colcon_core.package_discovery:Crawling recursively for packages in '/home/maul/ws_kinclong_sim'
[0.165s] Level 1:colcon.colcon_core.package_identification:_identify(.) by extensions ['ignore', 'ignore_ament_install']
[0.165s] Level 1:colcon.colcon_core.package_identification:_identify(.) by extension 'ignore'
[0.165s] Level 1:colcon.colcon_core.package_identification:_identify(.) by extension 'ignore_ament_install'
[0.166s] Level 1:colcon.colcon_core.package_identification:_identify(.) by extensions ['colcon_pkg']
[0.166s] Level 1:colcon.colcon_core.package_identification:_identify(.) by extension 'colcon_pkg'
[0.166s] Level 1:colcon.colcon_core.package_identification:_identify(.) by extensions ['colcon_meta']
[0.166s] Level 1:colcon.colcon_core.package_identification:_identify(.) by extension 'colcon_meta'
[0.166s] Level 1:colcon.colcon_core.package_identification:_identify(.) by extensions ['ros']
[0.166s] Level 1:colcon.colcon_core.package_identification:_identify(.) by extension 'ros'
[0.193s] Level 1:colcon.colcon_core.package_identification:_identify(.) by extensions ['cmake', 'python']
[0.193s] Level 1:colcon.colcon_core.package_identification:_identify(.) by extension 'cmake'
[0.193s] Level 1:colcon.colcon_core.package_identification:_identify(.) by extension 'python'
[0.193s] Level 1:colcon.colcon_core.package_identification:_identify(.) by extensions ['python_setup_py']
[0.193s] Level 1:colcon.colcon_core.package_identification:_identify(.) by extension 'python_setup_py'
[0.193s] Level 1:colcon.colcon_core.package_identification:_identify(build) by extensions ['ignore', 'ignore_ament_install']
[0.193s] Level 1:colcon.colcon_core.package_identification:_identify(build) by extension 'ignore'
[0.194s] Level 1:colcon.colcon_core.package_identification:_identify(build) ignored
[0.194s] Level 1:colcon.colcon_core.package_identification:_identify(install) by extensions ['ignore', 'ignore_ament_install']
[0.194s] Level 1:colcon.colcon_core.package_identification:_identify(install) by extension 'ignore'
[0.194s] Level 1:colcon.colcon_core.package_identification:_identify(install) ignored
[0.194s] Level 1:colcon.colcon_core.package_identification:_identify(log) by extensions ['ignore', 'ignore_ament_install']
[0.194s] Level 1:colcon.colcon_core.package_identification:_identify(log) by extension 'ignore'
[0.194s] Level 1:colcon.colcon_core.package_identification:_identify(log) ignored
[0.194s] Level 1:colcon.colcon_core.package_identification:_identify(m-explore-ros2) by extensions ['ignore', 'ignore_ament_install']
[0.194s] Level 1:colcon.colcon_core.package_identification:_identify(m-explore-ros2) by extension 'ignore'
[0.194s] Level 1:colcon.colcon_core.package_identification:_identify(m-explore-ros2) by extension 'ignore_ament_install'
[0.194s] Level 1:colcon.colcon_core.package_identification:_identify(m-explore-ros2) by extensions ['colcon_pkg']
[0.194s] Level 1:colcon.colcon_core.package_identification:_identify(m-explore-ros2) by extension 'colcon_pkg'
[0.194s] Level 1:colcon.colcon_core.package_identification:_identify(m-explore-ros2) by extensions ['colcon_meta']
[0.194s] Level 1:colcon.colcon_core.package_identification:_identify(m-explore-ros2) by extension 'colcon_meta'
[0.195s] Level 1:colcon.colcon_core.package_identification:_identify(m-explore-ros2) by extensions ['ros']
[0.195s] Level 1:colcon.colcon_core.package_identification:_identify(m-explore-ros2) by extension 'ros'
[0.195s] Level 1:colcon.colcon_core.package_identification:_identify(m-explore-ros2) by extensions ['cmake', 'python']
[0.195s] Level 1:colcon.colcon_core.package_identification:_identify(m-explore-ros2) by extension 'cmake'
[0.195s] Level 1:colcon.colcon_core.package_identification:_identify(m-explore-ros2) by extension 'python'
[0.195s] Level 1:colcon.colcon_core.package_identification:_identify(m-explore-ros2) by extensions ['python_setup_py']
[0.195s] Level 1:colcon.colcon_core.package_identification:_identify(m-explore-ros2) by extension 'python_setup_py'
[0.195s] Level 1:colcon.colcon_core.package_identification:_identify(m-explore-ros2/explore) by extensions ['ignore', 'ignore_ament_install']
[0.195s] Level 1:colcon.colcon_core.package_identification:_identify(m-explore-ros2/explore) by extension 'ignore'
[0.195s] Level 1:colcon.colcon_core.package_identification:_identify(m-explore-ros2/explore) by extension 'ignore_ament_install'
[0.195s] Level 1:colcon.colcon_core.package_identification:_identify(m-explore-ros2/explore) by extensions ['colcon_pkg']
[0.195s] Level 1:colcon.colcon_core.package_identification:_identify(m-explore-ros2/explore) by extension 'colcon_pkg'
[0.195s] Level 1:colcon.colcon_core.package_identification:_identify(m-explore-ros2/explore) by extensions ['colcon_meta']
[0.195s] Level 1:colcon.colcon_core.package_identification:_identify(m-explore-ros2/explore) by extension 'colcon_meta'
[0.195s] Level 1:colcon.colcon_core.package_identification:_identify(m-explore-ros2/explore) by extensions ['ros']
[0.195s] Level 1:colcon.colcon_core.package_identification:_identify(m-explore-ros2/explore) by extension 'ros'
[0.199s] DEBUG:colcon.colcon_core.package_identification:Package 'm-explore-ros2/explore' with type 'ros.ament_cmake' and name 'explore_lite'
[0.200s] Level 1:colcon.colcon_core.package_identification:_identify(m-explore-ros2/map_merge) by extensions ['ignore', 'ignore_ament_install']
[0.200s] Level 1:colcon.colcon_core.package_identification:_identify(m-explore-ros2/map_merge) by extension 'ignore'
[0.200s] Level 1:colcon.colcon_core.package_identification:_identify(m-explore-ros2/map_merge) by extension 'ignore_ament_install'
[0.200s] Level 1:colcon.colcon_core.package_identification:_identify(m-explore-ros2/map_merge) by extensions ['colcon_pkg']
[0.200s] Level 1:colcon.colcon_core.package_identification:_identify(m-explore-ros2/map_merge) by extension 'colcon_pkg'
[0.200s] Level 1:colcon.colcon_core.package_identification:_identify(m-explore-ros2/map_merge) by extensions ['colcon_meta']
[0.200s] Level 1:colcon.colcon_core.package_identification:_identify(m-explore-ros2/map_merge) by extension 'colcon_meta'
[0.200s] Level 1:colcon.colcon_core.package_identification:_identify(m-explore-ros2/map_merge) by extensions ['ros']
[0.200s] Level 1:colcon.colcon_core.package_identification:_identify(m-explore-ros2/map_merge) by extension 'ros'
[0.201s] DEBUG:colcon.colcon_core.package_identification:Package 'm-explore-ros2/map_merge' with type 'ros.ament_cmake' and name 'multirobot_map_merge'
[0.201s] Level 1:colcon.colcon_core.package_identification:_identify(vac_bot) by extensions ['ignore', 'ignore_ament_install']
[0.201s] Level 1:colcon.colcon_core.package_identification:_identify(vac_bot) by extension 'ignore'
[0.201s] Level 1:colcon.colcon_core.package_identification:_identify(vac_bot) by extension 'ignore_ament_install'
[0.202s] Level 1:colcon.colcon_core.package_identification:_identify(vac_bot) by extensions ['colcon_pkg']
[0.202s] Level 1:colcon.colcon_core.package_identification:_identify(vac_bot) by extension 'colcon_pkg'
[0.202s] Level 1:colcon.colcon_core.package_identification:_identify(vac_bot) by extensions ['colcon_meta']
[0.202s] Level 1:colcon.colcon_core.package_identification:_identify(vac_bot) by extension 'colcon_meta'
[0.202s] Level 1:colcon.colcon_core.package_identification:_identify(vac_bot) by extensions ['ros']
[0.202s] Level 1:colcon.colcon_core.package_identification:_identify(vac_bot) by extension 'ros'
[0.202s] Level 1:colcon.colcon_core.package_identification:_identify(vac_bot) by extensions ['cmake', 'python']
[0.202s] Level 1:colcon.colcon_core.package_identification:_identify(vac_bot) by extension 'cmake'
[0.202s] Level 1:colcon.colcon_core.package_identification:_identify(vac_bot) by extension 'python'
[0.202s] Level 1:colcon.colcon_core.package_identification:_identify(vac_bot) by extensions ['python_setup_py']
[0.202s] Level 1:colcon.colcon_core.package_identification:_identify(vac_bot) by extension 'python_setup_py'
[0.202s] Level 1:colcon.colcon_core.package_identification:_identify(vac_bot/build) by extensions ['ignore', 'ignore_ament_install']
[0.202s] Level 1:colcon.colcon_core.package_identification:_identify(vac_bot/build) by extension 'ignore'
[0.202s] Level 1:colcon.colcon_core.package_identification:_identify(vac_bot/build) ignored
[0.202s] Level 1:colcon.colcon_core.package_identification:_identify(vac_bot/install) by extensions ['ignore', 'ignore_ament_install']
[0.202s] Level 1:colcon.colcon_core.package_identification:_identify(vac_bot/install) by extension 'ignore'
[0.202s] Level 1:colcon.colcon_core.package_identification:_identify(vac_bot/install) ignored
[0.202s] Level 1:colcon.colcon_core.package_identification:_identify(vac_bot/log) by extensions ['ignore', 'ignore_ament_install']
[0.203s] Level 1:colcon.colcon_core.package_identification:_identify(vac_bot/log) by extension 'ignore'
[0.203s] Level 1:colcon.colcon_core.package_identification:_identify(vac_bot/log) ignored
[0.203s] Level 1:colcon.colcon_core.package_identification:_identify(vac_bot/src) by extensions ['ignore', 'ignore_ament_install']
[0.203s] Level 1:colcon.colcon_core.package_identification:_identify(vac_bot/src) by extension 'ignore'
[0.203s] Level 1:colcon.colcon_core.package_identification:_identify(vac_bot/src) by extension 'ignore_ament_install'
[0.203s] Level 1:colcon.colcon_core.package_identification:_identify(vac_bot/src) by extensions ['colcon_pkg']
[0.203s] Level 1:colcon.colcon_core.package_identification:_identify(vac_bot/src) by extension 'colcon_pkg'
[0.203s] Level 1:colcon.colcon_core.package_identification:_identify(vac_bot/src) by extensions ['colcon_meta']
[0.203s] Level 1:colcon.colcon_core.package_identification:_identify(vac_bot/src) by extension 'colcon_meta'
[0.203s] Level 1:colcon.colcon_core.package_identification:_identify(vac_bot/src) by extensions ['ros']
[0.203s] Level 1:colcon.colcon_core.package_identification:_identify(vac_bot/src) by extension 'ros'
[0.203s] Level 1:colcon.colcon_core.package_identification:_identify(vac_bot/src) by extensions ['cmake', 'python']
[0.203s] Level 1:colcon.colcon_core.package_identification:_identify(vac_bot/src) by extension 'cmake'
[0.203s] Level 1:colcon.colcon_core.package_identification:_identify(vac_bot/src) by extension 'python'
[0.203s] Level 1:colcon.colcon_core.package_identification:_identify(vac_bot/src) by extensions ['python_setup_py']
[0.203s] Level 1:colcon.colcon_core.package_identification:_identify(vac_bot/src) by extension 'python_setup_py'
[0.203s] Level 1:colcon.colcon_core.package_identification:_identify(vac_bot/src/vac_bot) by extensions ['ignore', 'ignore_ament_install']
[0.203s] Level 1:colcon.colcon_core.package_identification:_identify(vac_bot/src/vac_bot) by extension 'ignore'
[0.203s] Level 1:colcon.colcon_core.package_identification:_identify(vac_bot/src/vac_bot) by extension 'ignore_ament_install'
[0.204s] Level 1:colcon.colcon_core.package_identification:_identify(vac_bot/src/vac_bot) by extensions ['colcon_pkg']
[0.204s] Level 1:colcon.colcon_core.package_identification:_identify(vac_bot/src/vac_bot) by extension 'colcon_pkg'
[0.204s] Level 1:colcon.colcon_core.package_identification:_identify(vac_bot/src/vac_bot) by extensions ['colcon_meta']
[0.204s] Level 1:colcon.colcon_core.package_identification:_identify(vac_bot/src/vac_bot) by extension 'colcon_meta'
[0.204s] Level 1:colcon.colcon_core.package_identification:_identify(vac_bot/src/vac_bot) by extensions ['ros']
[0.204s] Level 1:colcon.colcon_core.package_identification:_identify(vac_bot/src/vac_bot) by extension 'ros'
[0.204s] DEBUG:colcon.colcon_core.package_identification:Package 'vac_bot/src/vac_bot' with type 'ros.ament_cmake' and name 'vac_bot'
[0.204s] Level 1:colcon.colcon_core.package_discovery:discover_packages(recursive) using defaults
[0.204s] Level 1:colcon.colcon_core.package_discovery:discover_packages(ignore) discover
[0.204s] Level 1:colcon.colcon_core.package_discovery:discover_packages(ignore) using defaults
[0.204s] Level 1:colcon.colcon_core.package_discovery:discover_packages(path) discover
[0.204s] Level 1:colcon.colcon_core.package_discovery:discover_packages(path) using defaults
[0.222s] Level 1:colcon.colcon_core.package_discovery:discover_packages(prefix_path) check parameters
[0.222s] Level 1:colcon.colcon_core.package_discovery:discover_packages(prefix_path) discover
[0.223s] WARNING:colcon.colcon_ros.prefix_path.catkin:The path '/usr/local/include/mavlink' in the environment variable CMAKE_PREFIX_PATH doesn't exist
[0.223s] WARNING:colcon.colcon_ros.prefix_path.catkin:The path '/usr/local/share/mavlink/cmake' in the environment variable CMAKE_PREFIX_PATH doesn't exist
[0.224s] DEBUG:colcon.colcon_installed_package_information.package_discovery:Found 3 installed packages in /home/maul/ws_kinclong_sim/install
[0.225s] DEBUG:colcon.colcon_installed_package_information.package_discovery:Found 1 installed packages in /home/maul/simulation_learning/sim_ws/install
[0.225s] DEBUG:colcon.colcon_installed_package_information.package_discovery:Found 1 installed packages in /home/maul/simulation_learning/articubot_one/install
[0.227s] DEBUG:colcon.colcon_installed_package_information.package_discovery:Found 424 installed packages in /opt/ros/jazzy
[0.229s] Level 1:colcon.colcon_core.package_discovery:discover_packages(prefix_path) using defaults
[0.293s] Level 5:colcon.colcon_core.verb:set package 'explore_lite' build argument 'cmake_args' from command line to 'None'
[0.293s] Level 5:colcon.colcon_core.verb:set package 'explore_lite' build argument 'cmake_target' from command line to 'None'
[0.293s] Level 5:colcon.colcon_core.verb:set package 'explore_lite' build argument 'cmake_target_skip_unavailable' from command line to 'False'
[0.293s] Level 5:colcon.colcon_core.verb:set package 'explore_lite' build argument 'cmake_clean_cache' from command line to 'False'
[0.293s] Level 5:colcon.colcon_core.verb:set package 'explore_lite' build argument 'cmake_clean_first' from command line to 'False'
[0.293s] Level 5:colcon.colcon_core.verb:set package 'explore_lite' build argument 'cmake_force_configure' from command line to 'False'
[0.293s] Level 5:colcon.colcon_core.verb:set package 'explore_lite' build argument 'ament_cmake_args' from command line to 'None'
[0.293s] Level 5:colcon.colcon_core.verb:set package 'explore_lite' build argument 'catkin_cmake_args' from command line to 'None'
[0.293s] Level 5:colcon.colcon_core.verb:set package 'explore_lite' build argument 'catkin_skip_building_tests' from command line to 'False'
[0.293s] DEBUG:colcon.colcon_core.verb:Building package 'explore_lite' with the following arguments: {'ament_cmake_args': None, 'build_base': '/home/maul/ws_kinclong_sim/build/explore_lite', 'catkin_cmake_args': None, 'catkin_skip_building_tests': False, 'cmake_args': None, 'cmake_clean_cache': False, 'cmake_clean_first': False, 'cmake_force_configure': False, 'cmake_target': None, 'cmake_target_skip_unavailable': False, 'install_base': '/home/maul/ws_kinclong_sim/install/explore_lite', 'merge_install': False, 'path': '/home/maul/ws_kinclong_sim/m-explore-ros2/explore', 'symlink_install': False, 'test_result_base': None}
[0.293s] Level 5:colcon.colcon_core.verb:set package 'multirobot_map_merge' build argument 'cmake_args' from command line to 'None'
[0.293s] Level 5:colcon.colcon_core.verb:set package 'multirobot_map_merge' build argument 'cmake_target' from command line to 'None'
[0.293s] Level 5:colcon.colcon_core.verb:set package 'multirobot_map_merge' build argument 'cmake_target_skip_unavailable' from command line to 'False'
[0.294s] Level 5:colcon.colcon_core.verb:set package 'multirobot_map_merge' build argument 'cmake_clean_cache' from command line to 'False'
[0.294s] Level 5:colcon.colcon_core.verb:set package 'multirobot_map_merge' build argument 'cmake_clean_first' from command line to 'False'
[0.294s] Level 5:colcon.colcon_core.verb:set package 'multirobot_map_merge' build argument 'cmake_force_configure' from command line to 'False'
[0.294s] Level 5:colcon.colcon_core.verb:set package 'multirobot_map_merge' build argument 'ament_cmake_args' from command line to 'None'
[0.294s] Level 5:colcon.colcon_core.verb:set package 'multirobot_map_merge' build argument 'catkin_cmake_args' from command line to 'None'
[0.294s] Level 5:colcon.colcon_core.verb:set package 'multirobot_map_merge' build argument 'catkin_skip_building_tests' from command line to 'False'
[0.294s] DEBUG:colcon.colcon_core.verb:Building package 'multirobot_map_merge' with the following arguments: {'ament_cmake_args': None, 'build_base': '/home/maul/ws_kinclong_sim/build/multirobot_map_merge', 'catkin_cmake_args': None, 'catkin_skip_building_tests': False, 'cmake_args': None, 'cmake_clean_cache': False, 'cmake_clean_first': False, 'cmake_force_configure': False, 'cmake_target': None, 'cmake_target_skip_unavailable': False, 'install_base': '/home/maul/ws_kinclong_sim/install/multirobot_map_merge', 'merge_install': False, 'path': '/home/maul/ws_kinclong_sim/m-explore-ros2/map_merge', 'symlink_install': False, 'test_result_base': None}
[0.294s] Level 5:colcon.colcon_core.verb:set package 'vac_bot' build argument 'cmake_args' from command line to 'None'
[0.294s] Level 5:colcon.colcon_core.verb:set package 'vac_bot' build argument 'cmake_target' from command line to 'None'
[0.294s] Level 5:colcon.colcon_core.verb:set package 'vac_bot' build argument 'cmake_target_skip_unavailable' from command line to 'False'
[0.294s] Level 5:colcon.colcon_core.verb:set package 'vac_bot' build argument 'cmake_clean_cache' from command line to 'False'
[0.294s] Level 5:colcon.colcon_core.verb:set package 'vac_bot' build argument 'cmake_clean_first' from command line to 'False'
[0.294s] Level 5:colcon.colcon_core.verb:set package 'vac_bot' build argument 'cmake_force_configure' from command line to 'False'
[0.294s] Level 5:colcon.colcon_core.verb:set package 'vac_bot' build argument 'ament_cmake_args' from command line to 'None'
[0.294s] Level 5:colcon.colcon_core.verb:set package 'vac_bot' build argument 'catkin_cmake_args' from command line to 'None'
[0.294s] Level 5:colcon.colcon_core.verb:set package 'vac_bot' build argument 'catkin_skip_building_tests' from command line to 'False'
[0.294s] DEBUG:colcon.colcon_core.verb:Building package 'vac_bot' with the following arguments: {'ament_cmake_args': None, 'build_base': '/home/maul/ws_kinclong_sim/build/vac_bot', 'catkin_cmake_args': None, 'catkin_skip_building_tests': False, 'cmake_args': None, 'cmake_clean_cache': False, 'cmake_clean_first': False, 'cmake_force_configure': False, 'cmake_target': None, 'cmake_target_skip_unavailable': False, 'install_base': '/home/maul/ws_kinclong_sim/install/vac_bot', 'merge_install': False, 'path': '/home/maul/ws_kinclong_sim/vac_bot/src/vac_bot', 'symlink_install': False, 'test_result_base': None}
[0.295s] INFO:colcon.colcon_core.executor:Executing jobs using 'parallel' executor
[0.295s] DEBUG:colcon.colcon_parallel_executor.executor.parallel:run_until_complete
[0.296s] INFO:colcon.colcon_ros.task.ament_cmake.build:Building ROS package in '/home/maul/ws_kinclong_sim/m-explore-ros2/explore' with build type 'ament_cmake'
[0.296s] INFO:colcon.colcon_cmake.task.cmake.build:Building CMake package in '/home/maul/ws_kinclong_sim/m-explore-ros2/explore'
[0.298s] INFO:colcon.colcon_core.plugin_system:Skipping extension 'colcon_core.shell.bat': Not used on non-Windows systems
[0.298s] INFO:colcon.colcon_core.shell:Skip shell extension 'powershell' for command environment: Not usable outside of PowerShell
[0.298s] DEBUG:colcon.colcon_core.shell:Skip shell extension 'dsv' for command environment
[0.302s] INFO:colcon.colcon_ros.task.ament_cmake.build:Building ROS package in '/home/maul/ws_kinclong_sim/m-explore-ros2/map_merge' with build type 'ament_cmake'
[0.302s] INFO:colcon.colcon_cmake.task.cmake.build:Building CMake package in '/home/maul/ws_kinclong_sim/m-explore-ros2/map_merge'
[0.302s] INFO:colcon.colcon_core.shell:Skip shell extension 'powershell' for command environment: Not usable outside of PowerShell
[0.303s] DEBUG:colcon.colcon_core.shell:Skip shell extension 'dsv' for command environment
[0.307s] INFO:colcon.colcon_ros.task.ament_cmake.build:Building ROS package in '/home/maul/ws_kinclong_sim/vac_bot/src/vac_bot' with build type 'ament_cmake'
[0.307s] INFO:colcon.colcon_cmake.task.cmake.build:Building CMake package in '/home/maul/ws_kinclong_sim/vac_bot/src/vac_bot'
[0.307s] INFO:colcon.colcon_core.shell:Skip shell extension 'powershell' for command environment: Not usable outside of PowerShell
[0.307s] DEBUG:colcon.colcon_core.shell:Skip shell extension 'dsv' for command environment
[0.316s] DEBUG:colcon.colcon_core.event_handler.log_command:Invoking command in '/home/maul/ws_kinclong_sim/build/explore_lite': CMAKE_PREFIX_PATH=${CMAKE_PREFIX_PATH}:/opt/ros/jazzy DEBUGINFOD_URLS=https://debuginfod.ubuntu.com PS1=\[\e]0;\u@\h: \w\a\]${debian_chroot:+($debian_chroot)}\[\033[01;32m\]\u@\h\[\033[00m\]:\[\033[01;34m\]\w\[\033[00m\]\$ VIRTUAL_ENV_PROMPT=(venv-ardupilot) /usr/bin/cmake --build /home/maul/ws_kinclong_sim/build/explore_lite -- -j8 -l8
[0.319s] DEBUG:colcon.colcon_core.event_handler.log_command:Invoking command in '/home/maul/ws_kinclong_sim/build/multirobot_map_merge': CMAKE_PREFIX_PATH=${CMAKE_PREFIX_PATH}:/opt/ros/jazzy DEBUGINFOD_URLS=https://debuginfod.ubuntu.com PS1=\[\e]0;\u@\h: \w\a\]${debian_chroot:+($debian_chroot)}\[\033[01;32m\]\u@\h\[\033[00m\]:\[\033[01;34m\]\w\[\033[00m\]\$ VIRTUAL_ENV_PROMPT=(venv-ardupilot) /usr/bin/cmake --build /home/maul/ws_kinclong_sim/build/multirobot_map_merge -- -j8 -l8
[0.322s] DEBUG:colcon.colcon_core.event_handler.log_command:Invoking command in '/home/maul/ws_kinclong_sim/build/vac_bot': CMAKE_PREFIX_PATH=${CMAKE_PREFIX_PATH}:/opt/ros/jazzy DEBUGINFOD_URLS=https://debuginfod.ubuntu.com PS1=\[\e]0;\u@\h: \w\a\]${debian_chroot:+($debian_chroot)}\[\033[01;32m\]\u@\h\[\033[00m\]:\[\033[01;34m\]\w\[\033[00m\]\$ VIRTUAL_ENV_PROMPT=(venv-ardupilot) /usr/bin/cmake --build /home/maul/ws_kinclong_sim/build/vac_bot -- -j8 -l8
[0.365s] DEBUG:colcon.colcon_core.event_handler.log_command:Invoked command in '/home/maul/ws_kinclong_sim/build/vac_bot' returned '0': CMAKE_PREFIX_PATH=${CMAKE_PREFIX_PATH}:/opt/ros/jazzy DEBUGINFOD_URLS=https://debuginfod.ubuntu.com PS1=\[\e]0;\u@\h: \w\a\]${debian_chroot:+($debian_chroot)}\[\033[01;32m\]\u@\h\[\033[00m\]:\[\033[01;34m\]\w\[\033[00m\]\$ VIRTUAL_ENV_PROMPT=(venv-ardupilot) /usr/bin/cmake --build /home/maul/ws_kinclong_sim/build/vac_bot -- -j8 -l8
[0.404s] DEBUG:colcon.colcon_core.event_handler.log_command:Invoking command in '/home/maul/ws_kinclong_sim/build/vac_bot': CMAKE_PREFIX_PATH=${CMAKE_PREFIX_PATH}:/opt/ros/jazzy DEBUGINFOD_URLS=https://debuginfod.ubuntu.com PS1=\[\e]0;\u@\h: \w\a\]${debian_chroot:+($debian_chroot)}\[\033[01;32m\]\u@\h\[\033[00m\]:\[\033[01;34m\]\w\[\033[00m\]\$ VIRTUAL_ENV_PROMPT=(venv-ardupilot) /usr/bin/cmake --install /home/maul/ws_kinclong_sim/build/vac_bot
[0.420s] Level 1:colcon.colcon_core.environment:create_environment_scripts_only(vac_bot)
[0.423s] DEBUG:colcon.colcon_core.event_handler.log_command:Invoked command in '/home/maul/ws_kinclong_sim/build/vac_bot' returned '0': CMAKE_PREFIX_PATH=${CMAKE_PREFIX_PATH}:/opt/ros/jazzy DEBUGINFOD_URLS=https://debuginfod.ubuntu.com PS1=\[\e]0;\u@\h: \w\a\]${debian_chroot:+($debian_chroot)}\[\033[01;32m\]\u@\h\[\033[00m\]:\[\033[01;34m\]\w\[\033[00m\]\$ VIRTUAL_ENV_PROMPT=(venv-ardupilot) /usr/bin/cmake --install /home/maul/ws_kinclong_sim/build/vac_bot
[0.426s] Level 1:colcon.colcon_core.environment:checking '/home/maul/ws_kinclong_sim/install/vac_bot' for CMake module files
[0.428s] Level 1:colcon.colcon_core.environment:checking '/home/maul/ws_kinclong_sim/install/vac_bot' for CMake config files
[0.428s] Level 1:colcon.colcon_core.shell:create_environment_hook('vac_bot', 'cmake_prefix_path')
[0.429s] INFO:colcon.colcon_core.shell:Creating environment hook '/home/maul/ws_kinclong_sim/install/vac_bot/share/vac_bot/hook/cmake_prefix_path.ps1'
[0.430s] INFO:colcon.colcon_core.shell:Creating environment descriptor '/home/maul/ws_kinclong_sim/install/vac_bot/share/vac_bot/hook/cmake_prefix_path.dsv'
[0.430s] INFO:colcon.colcon_core.shell:Creating environment hook '/home/maul/ws_kinclong_sim/install/vac_bot/share/vac_bot/hook/cmake_prefix_path.sh'
[0.432s] Level 1:colcon.colcon_core.environment:checking '/home/maul/ws_kinclong_sim/install/vac_bot/bin'
[0.432s] Level 1:colcon.colcon_core.environment:checking '/home/maul/ws_kinclong_sim/install/vac_bot/lib/pkgconfig/vac_bot.pc'
[0.432s] Level 1:colcon.colcon_core.environment:checking '/home/maul/ws_kinclong_sim/install/vac_bot/lib/python3.12/site-packages'
[0.433s] Level 1:colcon.colcon_core.environment:checking '/home/maul/ws_kinclong_sim/install/vac_bot/bin'
[0.433s] INFO:colcon.colcon_core.shell:Creating package script '/home/maul/ws_kinclong_sim/install/vac_bot/share/vac_bot/package.ps1'
[0.434s] INFO:colcon.colcon_core.shell:Creating package descriptor '/home/maul/ws_kinclong_sim/install/vac_bot/share/vac_bot/package.dsv'
[0.434s] INFO:colcon.colcon_core.shell:Creating package script '/home/maul/ws_kinclong_sim/install/vac_bot/share/vac_bot/package.sh'
[0.435s] INFO:colcon.colcon_core.shell:Creating package script '/home/maul/ws_kinclong_sim/install/vac_bot/share/vac_bot/package.bash'
[0.436s] INFO:colcon.colcon_core.shell:Creating package script '/home/maul/ws_kinclong_sim/install/vac_bot/share/vac_bot/package.zsh'
[0.436s] Level 1:colcon.colcon_core.environment:create_file_with_runtime_dependencies(/home/maul/ws_kinclong_sim/install/vac_bot/share/colcon-core/packages/vac_bot)
[0.438s] DEBUG:colcon.colcon_core.event_handler.log_command:Invoked command in '/home/maul/ws_kinclong_sim/build/explore_lite' returned '0': CMAKE_PREFIX_PATH=${CMAKE_PREFIX_PATH}:/opt/ros/jazzy DEBUGINFOD_URLS=https://debuginfod.ubuntu.com PS1=\[\e]0;\u@\h: \w\a\]${debian_chroot:+($debian_chroot)}\[\033[01;32m\]\u@\h\[\033[00m\]:\[\033[01;34m\]\w\[\033[00m\]\$ VIRTUAL_ENV_PROMPT=(venv-ardupilot) /usr/bin/cmake --build /home/maul/ws_kinclong_sim/build/explore_lite -- -j8 -l8
[0.439s] DEBUG:colcon.colcon_core.event_handler.log_command:Invoking command in '/home/maul/ws_kinclong_sim/build/explore_lite': CMAKE_PREFIX_PATH=${CMAKE_PREFIX_PATH}:/opt/ros/jazzy DEBUGINFOD_URLS=https://debuginfod.ubuntu.com PS1=\[\e]0;\u@\h: \w\a\]${debian_chroot:+($debian_chroot)}\[\033[01;32m\]\u@\h\[\033[00m\]:\[\033[01;34m\]\w\[\033[00m\]\$ VIRTUAL_ENV_PROMPT=(venv-ardupilot) /usr/bin/cmake --install /home/maul/ws_kinclong_sim/build/explore_lite
[0.444s] DEBUG:colcon.colcon_core.event_handler.log_command:Invoked command in '/home/maul/ws_kinclong_sim/build/multirobot_map_merge' returned '0': CMAKE_PREFIX_PATH=${CMAKE_PREFIX_PATH}:/opt/ros/jazzy DEBUGINFOD_URLS=https://debuginfod.ubuntu.com PS1=\[\e]0;\u@\h: \w\a\]${debian_chroot:+($debian_chroot)}\[\033[01;32m\]\u@\h\[\033[00m\]:\[\033[01;34m\]\w\[\033[00m\]\$ VIRTUAL_ENV_PROMPT=(venv-ardupilot) /usr/bin/cmake --build /home/maul/ws_kinclong_sim/build/multirobot_map_merge -- -j8 -l8
[0.446s] DEBUG:colcon.colcon_core.event_handler.log_command:Invoking command in '/home/maul/ws_kinclong_sim/build/multirobot_map_merge': CMAKE_PREFIX_PATH=${CMAKE_PREFIX_PATH}:/opt/ros/jazzy DEBUGINFOD_URLS=https://debuginfod.ubuntu.com PS1=\[\e]0;\u@\h: \w\a\]${debian_chroot:+($debian_chroot)}\[\033[01;32m\]\u@\h\[\033[00m\]:\[\033[01;34m\]\w\[\033[00m\]\$ VIRTUAL_ENV_PROMPT=(venv-ardupilot) /usr/bin/cmake --install /home/maul/ws_kinclong_sim/build/multirobot_map_merge
[0.453s] Level 1:colcon.colcon_core.environment:create_environment_scripts_only(explore_lite)
[0.453s] Level 1:colcon.colcon_core.environment:checking '/home/maul/ws_kinclong_sim/install/explore_lite' for CMake module files
[0.454s] DEBUG:colcon.colcon_core.event_handler.log_command:Invoked command in '/home/maul/ws_kinclong_sim/build/explore_lite' returned '0': CMAKE_PREFIX_PATH=${CMAKE_PREFIX_PATH}:/opt/ros/jazzy DEBUGINFOD_URLS=https://debuginfod.ubuntu.com PS1=\[\e]0;\u@\h: \w\a\]${debian_chroot:+($debian_chroot)}\[\033[01;32m\]\u@\h\[\033[00m\]:\[\033[01;34m\]\w\[\033[00m\]\$ VIRTUAL_ENV_PROMPT=(venv-ardupilot) /usr/bin/cmake --install /home/maul/ws_kinclong_sim/build/explore_lite
[0.455s] Level 1:colcon.colcon_core.environment:checking '/home/maul/ws_kinclong_sim/install/explore_lite' for CMake config files
[0.455s] Level 1:colcon.colcon_core.shell:create_environment_hook('explore_lite', 'cmake_prefix_path')
[0.456s] INFO:colcon.colcon_core.shell:Creating environment hook '/home/maul/ws_kinclong_sim/install/explore_lite/share/explore_lite/hook/cmake_prefix_path.ps1'
[0.457s] INFO:colcon.colcon_core.shell:Creating environment descriptor '/home/maul/ws_kinclong_sim/install/explore_lite/share/explore_lite/hook/cmake_prefix_path.dsv'
[0.458s] INFO:colcon.colcon_core.shell:Creating environment hook '/home/maul/ws_kinclong_sim/install/explore_lite/share/explore_lite/hook/cmake_prefix_path.sh'
[0.460s] Level 1:colcon.colcon_core.environment:checking '/home/maul/ws_kinclong_sim/install/explore_lite/lib'
[0.462s] Level 1:colcon.colcon_core.environment:checking '/home/maul/ws_kinclong_sim/install/explore_lite/bin'
[0.462s] Level 1:colcon.colcon_core.environment:checking '/home/maul/ws_kinclong_sim/install/explore_lite/lib/pkgconfig/explore_lite.pc'
[0.462s] Level 1:colcon.colcon_core.environment:checking '/home/maul/ws_kinclong_sim/install/explore_lite/lib/python3.12/site-packages'
[0.463s] Level 1:colcon.colcon_core.environment:checking '/home/maul/ws_kinclong_sim/install/explore_lite/bin'
[0.463s] INFO:colcon.colcon_core.shell:Creating package script '/home/maul/ws_kinclong_sim/install/explore_lite/share/explore_lite/package.ps1'
[0.464s] INFO:colcon.colcon_core.shell:Creating package descriptor '/home/maul/ws_kinclong_sim/install/explore_lite/share/explore_lite/package.dsv'
[0.465s] INFO:colcon.colcon_core.shell:Creating package script '/home/maul/ws_kinclong_sim/install/explore_lite/share/explore_lite/package.sh'
[0.465s] INFO:colcon.colcon_core.shell:Creating package script '/home/maul/ws_kinclong_sim/install/explore_lite/share/explore_lite/package.bash'
[0.466s] INFO:colcon.colcon_core.shell:Creating package script '/home/maul/ws_kinclong_sim/install/explore_lite/share/explore_lite/package.zsh'
[0.466s] Level 1:colcon.colcon_core.environment:create_file_with_runtime_dependencies(/home/maul/ws_kinclong_sim/install/explore_lite/share/colcon-core/packages/explore_lite)
[0.467s] Level 1:colcon.colcon_core.environment:create_environment_scripts_only(explore_lite)
[0.467s] Level 1:colcon.colcon_core.environment:checking '/home/maul/ws_kinclong_sim/install/explore_lite' for CMake module files
[0.467s] Level 1:colcon.colcon_core.environment:checking '/home/maul/ws_kinclong_sim/install/explore_lite' for CMake config files
[0.468s] Level 1:colcon.colcon_core.shell:create_environment_hook('explore_lite', 'cmake_prefix_path')
[0.468s] INFO:colcon.colcon_core.shell:Creating environment hook '/home/maul/ws_kinclong_sim/install/explore_lite/share/explore_lite/hook/cmake_prefix_path.ps1'
[0.468s] INFO:colcon.colcon_core.shell:Creating environment descriptor '/home/maul/ws_kinclong_sim/install/explore_lite/share/explore_lite/hook/cmake_prefix_path.dsv'
[0.469s] INFO:colcon.colcon_core.shell:Creating environment hook '/home/maul/ws_kinclong_sim/install/explore_lite/share/explore_lite/hook/cmake_prefix_path.sh'
[0.469s] Level 1:colcon.colcon_core.environment:checking '/home/maul/ws_kinclong_sim/install/explore_lite/lib'
[0.469s] Level 1:colcon.colcon_core.environment:checking '/home/maul/ws_kinclong_sim/install/explore_lite/bin'
[0.469s] Level 1:colcon.colcon_core.environment:checking '/home/maul/ws_kinclong_sim/install/explore_lite/lib/pkgconfig/explore_lite.pc'
[0.470s] Level 1:colcon.colcon_core.environment:checking '/home/maul/ws_kinclong_sim/install/explore_lite/lib/python3.12/site-packages'
[0.470s] Level 1:colcon.colcon_core.environment:checking '/home/maul/ws_kinclong_sim/install/explore_lite/bin'
[0.470s] INFO:colcon.colcon_core.shell:Creating package script '/home/maul/ws_kinclong_sim/install/explore_lite/share/explore_lite/package.ps1'
[0.471s] INFO:colcon.colcon_core.shell:Creating package descriptor '/home/maul/ws_kinclong_sim/install/explore_lite/share/explore_lite/package.dsv'
[0.471s] INFO:colcon.colcon_core.shell:Creating package script '/home/maul/ws_kinclong_sim/install/explore_lite/share/explore_lite/package.sh'
[0.472s] INFO:colcon.colcon_core.shell:Creating package script '/home/maul/ws_kinclong_sim/install/explore_lite/share/explore_lite/package.bash'
[0.472s] INFO:colcon.colcon_core.shell:Creating package script '/home/maul/ws_kinclong_sim/install/explore_lite/share/explore_lite/package.zsh'
[0.472s] Level 1:colcon.colcon_core.environment:create_file_with_runtime_dependencies(/home/maul/ws_kinclong_sim/install/explore_lite/share/colcon-core/packages/explore_lite)
[0.474s] Level 1:colcon.colcon_core.environment:create_environment_scripts_only(vac_bot)
[0.474s] Level 1:colcon.colcon_core.environment:checking '/home/maul/ws_kinclong_sim/install/vac_bot' for CMake module files
[0.475s] Level 1:colcon.colcon_core.environment:checking '/home/maul/ws_kinclong_sim/install/vac_bot' for CMake config files
[0.476s] Level 1:colcon.colcon_core.shell:create_environment_hook('vac_bot', 'cmake_prefix_path')
[0.476s] INFO:colcon.colcon_core.shell:Creating environment hook '/home/maul/ws_kinclong_sim/install/vac_bot/share/vac_bot/hook/cmake_prefix_path.ps1'
[0.476s] INFO:colcon.colcon_core.shell:Creating environment descriptor '/home/maul/ws_kinclong_sim/install/vac_bot/share/vac_bot/hook/cmake_prefix_path.dsv'
[0.477s] INFO:colcon.colcon_core.shell:Creating environment hook '/home/maul/ws_kinclong_sim/install/vac_bot/share/vac_bot/hook/cmake_prefix_path.sh'
[0.478s] Level 1:colcon.colcon_core.environment:checking '/home/maul/ws_kinclong_sim/install/vac_bot/bin'
[0.478s] Level 1:colcon.colcon_core.environment:checking '/home/maul/ws_kinclong_sim/install/vac_bot/lib/pkgconfig/vac_bot.pc'
[0.478s] Level 1:colcon.colcon_core.environment:checking '/home/maul/ws_kinclong_sim/install/vac_bot/lib/python3.12/site-packages'
[0.478s] Level 1:colcon.colcon_core.environment:checking '/home/maul/ws_kinclong_sim/install/vac_bot/bin'
[0.479s] INFO:colcon.colcon_core.shell:Creating package script '/home/maul/ws_kinclong_sim/install/vac_bot/share/vac_bot/package.ps1'
[0.479s] INFO:colcon.colcon_core.shell:Creating package descriptor '/home/maul/ws_kinclong_sim/install/vac_bot/share/vac_bot/package.dsv'
[0.480s] INFO:colcon.colcon_core.shell:Creating package script '/home/maul/ws_kinclong_sim/install/vac_bot/share/vac_bot/package.sh'
[0.481s] INFO:colcon.colcon_core.shell:Creating package script '/home/maul/ws_kinclong_sim/install/vac_bot/share/vac_bot/package.bash'
[0.481s] INFO:colcon.colcon_core.shell:Creating package script '/home/maul/ws_kinclong_sim/install/vac_bot/share/vac_bot/package.zsh'
[0.482s] Level 1:colcon.colcon_core.environment:create_file_with_runtime_dependencies(/home/maul/ws_kinclong_sim/install/vac_bot/share/colcon-core/packages/vac_bot)
[0.483s] Level 1:colcon.colcon_core.environment:create_environment_scripts_only(multirobot_map_merge)
[0.483s] Level 1:colcon.colcon_core.environment:checking '/home/maul/ws_kinclong_sim/install/multirobot_map_merge' for CMake module files
[0.484s] Level 1:colcon.colcon_core.environment:checking '/home/maul/ws_kinclong_sim/install/multirobot_map_merge' for CMake config files
[0.484s] DEBUG:colcon.colcon_core.event_handler.log_command:Invoked command in '/home/maul/ws_kinclong_sim/build/multirobot_map_merge' returned '0': CMAKE_PREFIX_PATH=${CMAKE_PREFIX_PATH}:/opt/ros/jazzy DEBUGINFOD_URLS=https://debuginfod.ubuntu.com PS1=\[\e]0;\u@\h: \w\a\]${debian_chroot:+($debian_chroot)}\[\033[01;32m\]\u@\h\[\033[00m\]:\[\033[01;34m\]\w\[\033[00m\]\$ VIRTUAL_ENV_PROMPT=(venv-ardupilot) /usr/bin/cmake --install /home/maul/ws_kinclong_sim/build/multirobot_map_merge
[0.485s] Level 1:colcon.colcon_core.shell:create_environment_hook('multirobot_map_merge', 'cmake_prefix_path')
[0.485s] INFO:colcon.colcon_core.shell:Creating environment hook '/home/maul/ws_kinclong_sim/install/multirobot_map_merge/share/multirobot_map_merge/hook/cmake_prefix_path.ps1'
[0.486s] INFO:colcon.colcon_core.shell:Creating environment descriptor '/home/maul/ws_kinclong_sim/install/multirobot_map_merge/share/multirobot_map_merge/hook/cmake_prefix_path.dsv'
[0.486s] INFO:colcon.colcon_core.shell:Creating environment hook '/home/maul/ws_kinclong_sim/install/multirobot_map_merge/share/multirobot_map_merge/hook/cmake_prefix_path.sh'
[0.487s] Level 1:colcon.colcon_core.environment:checking '/home/maul/ws_kinclong_sim/install/multirobot_map_merge/lib'
[0.487s] Level 1:colcon.colcon_core.environment:checking '/home/maul/ws_kinclong_sim/install/multirobot_map_merge/bin'
[0.487s] Level 1:colcon.colcon_core.environment:checking '/home/maul/ws_kinclong_sim/install/multirobot_map_merge/lib/pkgconfig/multirobot_map_merge.pc'
[0.487s] Level 1:colcon.colcon_core.environment:checking '/home/maul/ws_kinclong_sim/install/multirobot_map_merge/lib/python3.12/site-packages'
[0.488s] Level 1:colcon.colcon_core.environment:checking '/home/maul/ws_kinclong_sim/install/multirobot_map_merge/bin'
[0.488s] INFO:colcon.colcon_core.shell:Creating package script '/home/maul/ws_kinclong_sim/install/multirobot_map_merge/share/multirobot_map_merge/package.ps1'
[0.488s] INFO:colcon.colcon_core.shell:Creating package descriptor '/home/maul/ws_kinclong_sim/install/multirobot_map_merge/share/multirobot_map_merge/package.dsv'
[0.489s] INFO:colcon.colcon_core.shell:Creating package script '/home/maul/ws_kinclong_sim/install/multirobot_map_merge/share/multirobot_map_merge/package.sh'
[0.489s] INFO:colcon.colcon_core.shell:Creating package script '/home/maul/ws_kinclong_sim/install/multirobot_map_merge/share/multirobot_map_merge/package.bash'
[0.489s] INFO:colcon.colcon_core.shell:Creating package script '/home/maul/ws_kinclong_sim/install/multirobot_map_merge/share/multirobot_map_merge/package.zsh'
[0.490s] Level 1:colcon.colcon_core.environment:create_file_with_runtime_dependencies(/home/maul/ws_kinclong_sim/install/multirobot_map_merge/share/colcon-core/packages/multirobot_map_merge)
[0.490s] Level 1:colcon.colcon_core.environment:create_environment_scripts_only(multirobot_map_merge)
[0.490s] Level 1:colcon.colcon_core.environment:checking '/home/maul/ws_kinclong_sim/install/multirobot_map_merge' for CMake module files
[0.491s] Level 1:colcon.colcon_core.environment:checking '/home/maul/ws_kinclong_sim/install/multirobot_map_merge' for CMake config files
[0.491s] Level 1:colcon.colcon_core.shell:create_environment_hook('multirobot_map_merge', 'cmake_prefix_path')
[0.492s] INFO:colcon.colcon_core.shell:Creating environment hook '/home/maul/ws_kinclong_sim/install/multirobot_map_merge/share/multirobot_map_merge/hook/cmake_prefix_path.ps1'
[0.492s] INFO:colcon.colcon_core.shell:Creating environment descriptor '/home/maul/ws_kinclong_sim/install/multirobot_map_merge/share/multirobot_map_merge/hook/cmake_prefix_path.dsv'
[0.492s] INFO:colcon.colcon_core.shell:Creating environment hook '/home/maul/ws_kinclong_sim/install/multirobot_map_merge/share/multirobot_map_merge/hook/cmake_prefix_path.sh'
[0.493s] Level 1:colcon.colcon_core.environment:checking '/home/maul/ws_kinclong_sim/install/multirobot_map_merge/lib'
[0.493s] Level 1:colcon.colcon_core.environment:checking '/home/maul/ws_kinclong_sim/install/multirobot_map_merge/bin'
[0.493s] Level 1:colcon.colcon_core.environment:checking '/home/maul/ws_kinclong_sim/install/multirobot_map_merge/lib/pkgconfig/multirobot_map_merge.pc'
[0.493s] Level 1:colcon.colcon_core.environment:checking '/home/maul/ws_kinclong_sim/install/multirobot_map_merge/lib/python3.12/site-packages'
[0.494s] Level 1:colcon.colcon_core.environment:checking '/home/maul/ws_kinclong_sim/install/multirobot_map_merge/bin'
[0.494s] INFO:colcon.colcon_core.shell:Creating package script '/home/maul/ws_kinclong_sim/install/multirobot_map_merge/share/multirobot_map_merge/package.ps1'
[0.495s] INFO:colcon.colcon_core.shell:Creating package descriptor '/home/maul/ws_kinclong_sim/install/multirobot_map_merge/share/multirobot_map_merge/package.dsv'
[0.495s] INFO:colcon.colcon_core.shell:Creating package script '/home/maul/ws_kinclong_sim/install/multirobot_map_merge/share/multirobot_map_merge/package.sh'
[0.496s] INFO:colcon.colcon_core.shell:Creating package script '/home/maul/ws_kinclong_sim/install/multirobot_map_merge/share/multirobot_map_merge/package.bash'
[0.496s] INFO:colcon.colcon_core.shell:Creating package script '/home/maul/ws_kinclong_sim/install/multirobot_map_merge/share/multirobot_map_merge/package.zsh'
[0.496s] Level 1:colcon.colcon_core.environment:create_file_with_runtime_dependencies(/home/maul/ws_kinclong_sim/install/multirobot_map_merge/share/colcon-core/packages/multirobot_map_merge)
[0.497s] DEBUG:colcon.colcon_parallel_executor.executor.parallel:closing loop
[0.497s] DEBUG:colcon.colcon_parallel_executor.executor.parallel:loop closed
[0.497s] DEBUG:colcon.colcon_parallel_executor.executor.parallel:run_until_complete finished with '0'
[0.497s] DEBUG:colcon.colcon_core.event_reactor:joining thread
[0.502s] INFO:colcon.colcon_core.plugin_system:Skipping extension 'colcon_notification.desktop_notification.terminal_notifier': Not used on non-Darwin systems
[0.503s] INFO:colcon.colcon_core.plugin_system:Skipping extension 'colcon_notification.desktop_notification.win32': Not used on non-Windows systems
[0.503s] INFO:colcon.colcon_notification.desktop_notification:Sending desktop notification using 'notify2'
[0.513s] DEBUG:colcon.colcon_core.event_reactor:joined thread
[0.513s] INFO:colcon.colcon_core.shell:Creating prefix script '/home/maul/ws_kinclong_sim/install/local_setup.ps1'
[0.514s] INFO:colcon.colcon_core.shell:Creating prefix util module '/home/maul/ws_kinclong_sim/install/_local_setup_util_ps1.py'
[0.515s] INFO:colcon.colcon_core.shell:Creating prefix chain script '/home/maul/ws_kinclong_sim/install/setup.ps1'
[0.516s] INFO:colcon.colcon_core.shell:Creating prefix script '/home/maul/ws_kinclong_sim/install/local_setup.sh'
[0.517s] INFO:colcon.colcon_core.shell:Creating prefix util module '/home/maul/ws_kinclong_sim/install/_local_setup_util_sh.py'
[0.518s] INFO:colcon.colcon_core.shell:Creating prefix chain script '/home/maul/ws_kinclong_sim/install/setup.sh'
[0.519s] INFO:colcon.colcon_core.shell:Creating prefix script '/home/maul/ws_kinclong_sim/install/local_setup.bash'
[0.520s] INFO:colcon.colcon_core.shell:Creating prefix chain script '/home/maul/ws_kinclong_sim/install/setup.bash'
[0.521s] INFO:colcon.colcon_core.shell:Creating prefix script '/home/maul/ws_kinclong_sim/install/local_setup.zsh'
[0.521s] INFO:colcon.colcon_core.shell:Creating prefix chain script '/home/maul/ws_kinclong_sim/install/setup.zsh'
