[0.155s] DEBUG:colcon:Command line arguments: ['/usr/bin/colcon', 'build']
[0.155s] DEBUG:colcon:Parsed command line arguments: Namespace(log_base=None, log_level=None, verb_name='build', build_base='build', install_base='install', merge_install=False, symlink_install=False, test_result_base=None, continue_on_error=False, executor='parallel', parallel_workers=8, event_handlers=None, ignore_user_meta=False, metas=['./colcon.meta'], base_paths=['.'], packages_ignore=None, packages_ignore_regex=None, paths=None, packages_up_to=None, packages_up_to_regex=None, packages_above=None, packages_above_and_dependencies=None, packages_above_depth=None, packages_select_by_dep=None, packages_skip_by_dep=None, packages_skip_up_to=None, packages_select_build_failed=False, packages_skip_build_finished=False, packages_select_test_failures=False, packages_skip_test_passed=False, packages_select=None, packages_skip=None, packages_select_regex=None, packages_skip_regex=None, packages_start=None, packages_end=None, allow_overriding=[], cmake_args=None, cmake_target=None, cmake_target_skip_unavailable=False, cmake_clean_cache=False, cmake_clean_first=False, cmake_force_configure=False, ament_cmake_args=None, catkin_cmake_args=None, catkin_skip_building_tests=False, mixin_files=None, mixin=None, verb_parser=<colcon_mixin.mixin.mixin_argument.MixinArgumentDecorator object at 0x7675136c28d0>, verb_extension=<colcon_core.verb.build.BuildVerb object at 0x7675136c2210>, main=<bound method BuildVerb.main of <colcon_core.verb.build.BuildVerb object at 0x7675136c2210>>, mixin_verb=('build',))
[0.208s] Level 1:colcon.colcon_core.package_discovery:discover_packages(colcon_meta) check parameters
[0.208s] Level 1:colcon.colcon_core.package_discovery:discover_packages(recursive) check parameters
[0.208s] Level 1:colcon.colcon_core.package_discovery:discover_packages(ignore) check parameters
[0.208s] Level 1:colcon.colcon_core.package_discovery:discover_packages(path) check parameters
[0.209s] Level 1:colcon.colcon_core.package_discovery:discover_packages(colcon_meta) discover
[0.209s] Level 1:colcon.colcon_core.package_discovery:discover_packages(recursive) discover
[0.209s] INFO:colcon.colcon_core.package_discovery:Crawling recursively for packages in '/home/maul/ws_kinclong_sim'
[0.209s] Level 1:colcon.colcon_core.package_identification:_identify(.) by extensions ['ignore', 'ignore_ament_install']
[0.209s] Level 1:colcon.colcon_core.package_identification:_identify(.) by extension 'ignore'
[0.209s] Level 1:colcon.colcon_core.package_identification:_identify(.) by extension 'ignore_ament_install'
[0.209s] Level 1:colcon.colcon_core.package_identification:_identify(.) by extensions ['colcon_pkg']
[0.209s] Level 1:colcon.colcon_core.package_identification:_identify(.) by extension 'colcon_pkg'
[0.209s] Level 1:colcon.colcon_core.package_identification:_identify(.) by extensions ['colcon_meta']
[0.209s] Level 1:colcon.colcon_core.package_identification:_identify(.) by extension 'colcon_meta'
[0.209s] Level 1:colcon.colcon_core.package_identification:_identify(.) by extensions ['ros']
[0.209s] Level 1:colcon.colcon_core.package_identification:_identify(.) by extension 'ros'
[0.240s] Level 1:colcon.colcon_core.package_identification:_identify(.) by extensions ['cmake', 'python']
[0.240s] Level 1:colcon.colcon_core.package_identification:_identify(.) by extension 'cmake'
[0.240s] Level 1:colcon.colcon_core.package_identification:_identify(.) by extension 'python'
[0.240s] Level 1:colcon.colcon_core.package_identification:_identify(.) by extensions ['python_setup_py']
[0.240s] Level 1:colcon.colcon_core.package_identification:_identify(.) by extension 'python_setup_py'
[0.240s] Level 1:colcon.colcon_core.package_identification:_identify(build) by extensions ['ignore', 'ignore_ament_install']
[0.240s] Level 1:colcon.colcon_core.package_identification:_identify(build) by extension 'ignore'
[0.240s] Level 1:colcon.colcon_core.package_identification:_identify(build) ignored
[0.241s] Level 1:colcon.colcon_core.package_identification:_identify(install) by extensions ['ignore', 'ignore_ament_install']
[0.241s] Level 1:colcon.colcon_core.package_identification:_identify(install) by extension 'ignore'
[0.241s] Level 1:colcon.colcon_core.package_identification:_identify(install) ignored
[0.241s] Level 1:colcon.colcon_core.package_identification:_identify(log) by extensions ['ignore', 'ignore_ament_install']
[0.241s] Level 1:colcon.colcon_core.package_identification:_identify(log) by extension 'ignore'
[0.241s] Level 1:colcon.colcon_core.package_identification:_identify(log) ignored
[0.241s] Level 1:colcon.colcon_core.package_identification:_identify(m-explore-ros2) by extensions ['ignore', 'ignore_ament_install']
[0.241s] Level 1:colcon.colcon_core.package_identification:_identify(m-explore-ros2) by extension 'ignore'
[0.241s] Level 1:colcon.colcon_core.package_identification:_identify(m-explore-ros2) by extension 'ignore_ament_install'
[0.241s] Level 1:colcon.colcon_core.package_identification:_identify(m-explore-ros2) by extensions ['colcon_pkg']
[0.241s] Level 1:colcon.colcon_core.package_identification:_identify(m-explore-ros2) by extension 'colcon_pkg'
[0.241s] Level 1:colcon.colcon_core.package_identification:_identify(m-explore-ros2) by extensions ['colcon_meta']
[0.241s] Level 1:colcon.colcon_core.package_identification:_identify(m-explore-ros2) by extension 'colcon_meta'
[0.241s] Level 1:colcon.colcon_core.package_identification:_identify(m-explore-ros2) by extensions ['ros']
[0.242s] Level 1:colcon.colcon_core.package_identification:_identify(m-explore-ros2) by extension 'ros'
[0.242s] Level 1:colcon.colcon_core.package_identification:_identify(m-explore-ros2) by extensions ['cmake', 'python']
[0.242s] Level 1:colcon.colcon_core.package_identification:_identify(m-explore-ros2) by extension 'cmake'
[0.242s] Level 1:colcon.colcon_core.package_identification:_identify(m-explore-ros2) by extension 'python'
[0.242s] Level 1:colcon.colcon_core.package_identification:_identify(m-explore-ros2) by extensions ['python_setup_py']
[0.242s] Level 1:colcon.colcon_core.package_identification:_identify(m-explore-ros2) by extension 'python_setup_py'
[0.242s] Level 1:colcon.colcon_core.package_identification:_identify(m-explore-ros2/explore) by extensions ['ignore', 'ignore_ament_install']
[0.242s] Level 1:colcon.colcon_core.package_identification:_identify(m-explore-ros2/explore) by extension 'ignore'
[0.242s] Level 1:colcon.colcon_core.package_identification:_identify(m-explore-ros2/explore) by extension 'ignore_ament_install'
[0.242s] Level 1:colcon.colcon_core.package_identification:_identify(m-explore-ros2/explore) by extensions ['colcon_pkg']
[0.242s] Level 1:colcon.colcon_core.package_identification:_identify(m-explore-ros2/explore) by extension 'colcon_pkg'
[0.242s] Level 1:colcon.colcon_core.package_identification:_identify(m-explore-ros2/explore) by extensions ['colcon_meta']
[0.242s] Level 1:colcon.colcon_core.package_identification:_identify(m-explore-ros2/explore) by extension 'colcon_meta'
[0.242s] Level 1:colcon.colcon_core.package_identification:_identify(m-explore-ros2/explore) by extensions ['ros']
[0.242s] Level 1:colcon.colcon_core.package_identification:_identify(m-explore-ros2/explore) by extension 'ros'
[0.246s] DEBUG:colcon.colcon_core.package_identification:Package 'm-explore-ros2/explore' with type 'ros.ament_cmake' and name 'explore_lite'
[0.246s] Level 1:colcon.colcon_core.package_identification:_identify(m-explore-ros2/map_merge) by extensions ['ignore', 'ignore_ament_install']
[0.246s] Level 1:colcon.colcon_core.package_identification:_identify(m-explore-ros2/map_merge) by extension 'ignore'
[0.246s] Level 1:colcon.colcon_core.package_identification:_identify(m-explore-ros2/map_merge) by extension 'ignore_ament_install'
[0.246s] Level 1:colcon.colcon_core.package_identification:_identify(m-explore-ros2/map_merge) by extensions ['colcon_pkg']
[0.246s] Level 1:colcon.colcon_core.package_identification:_identify(m-explore-ros2/map_merge) by extension 'colcon_pkg'
[0.246s] Level 1:colcon.colcon_core.package_identification:_identify(m-explore-ros2/map_merge) by extensions ['colcon_meta']
[0.246s] Level 1:colcon.colcon_core.package_identification:_identify(m-explore-ros2/map_merge) by extension 'colcon_meta'
[0.246s] Level 1:colcon.colcon_core.package_identification:_identify(m-explore-ros2/map_merge) by extensions ['ros']
[0.246s] Level 1:colcon.colcon_core.package_identification:_identify(m-explore-ros2/map_merge) by extension 'ros'
[0.247s] DEBUG:colcon.colcon_core.package_identification:Package 'm-explore-ros2/map_merge' with type 'ros.ament_cmake' and name 'multirobot_map_merge'
[0.248s] Level 1:colcon.colcon_core.package_identification:_identify(vac_bot) by extensions ['ignore', 'ignore_ament_install']
[0.248s] Level 1:colcon.colcon_core.package_identification:_identify(vac_bot) by extension 'ignore'
[0.248s] Level 1:colcon.colcon_core.package_identification:_identify(vac_bot) by extension 'ignore_ament_install'
[0.248s] Level 1:colcon.colcon_core.package_identification:_identify(vac_bot) by extensions ['colcon_pkg']
[0.248s] Level 1:colcon.colcon_core.package_identification:_identify(vac_bot) by extension 'colcon_pkg'
[0.248s] Level 1:colcon.colcon_core.package_identification:_identify(vac_bot) by extensions ['colcon_meta']
[0.248s] Level 1:colcon.colcon_core.package_identification:_identify(vac_bot) by extension 'colcon_meta'
[0.248s] Level 1:colcon.colcon_core.package_identification:_identify(vac_bot) by extensions ['ros']
[0.248s] Level 1:colcon.colcon_core.package_identification:_identify(vac_bot) by extension 'ros'
[0.248s] Level 1:colcon.colcon_core.package_identification:_identify(vac_bot) by extensions ['cmake', 'python']
[0.248s] Level 1:colcon.colcon_core.package_identification:_identify(vac_bot) by extension 'cmake'
[0.248s] Level 1:colcon.colcon_core.package_identification:_identify(vac_bot) by extension 'python'
[0.248s] Level 1:colcon.colcon_core.package_identification:_identify(vac_bot) by extensions ['python_setup_py']
[0.248s] Level 1:colcon.colcon_core.package_identification:_identify(vac_bot) by extension 'python_setup_py'
[0.248s] Level 1:colcon.colcon_core.package_identification:_identify(vac_bot/build) by extensions ['ignore', 'ignore_ament_install']
[0.248s] Level 1:colcon.colcon_core.package_identification:_identify(vac_bot/build) by extension 'ignore'
[0.248s] Level 1:colcon.colcon_core.package_identification:_identify(vac_bot/build) ignored
[0.249s] Level 1:colcon.colcon_core.package_identification:_identify(vac_bot/install) by extensions ['ignore', 'ignore_ament_install']
[0.249s] Level 1:colcon.colcon_core.package_identification:_identify(vac_bot/install) by extension 'ignore'
[0.249s] Level 1:colcon.colcon_core.package_identification:_identify(vac_bot/install) ignored
[0.249s] Level 1:colcon.colcon_core.package_identification:_identify(vac_bot/log) by extensions ['ignore', 'ignore_ament_install']
[0.249s] Level 1:colcon.colcon_core.package_identification:_identify(vac_bot/log) by extension 'ignore'
[0.249s] Level 1:colcon.colcon_core.package_identification:_identify(vac_bot/log) ignored
[0.249s] Level 1:colcon.colcon_core.package_identification:_identify(vac_bot/src) by extensions ['ignore', 'ignore_ament_install']
[0.249s] Level 1:colcon.colcon_core.package_identification:_identify(vac_bot/src) by extension 'ignore'
[0.249s] Level 1:colcon.colcon_core.package_identification:_identify(vac_bot/src) by extension 'ignore_ament_install'
[0.249s] Level 1:colcon.colcon_core.package_identification:_identify(vac_bot/src) by extensions ['colcon_pkg']
[0.249s] Level 1:colcon.colcon_core.package_identification:_identify(vac_bot/src) by extension 'colcon_pkg'
[0.249s] Level 1:colcon.colcon_core.package_identification:_identify(vac_bot/src) by extensions ['colcon_meta']
[0.249s] Level 1:colcon.colcon_core.package_identification:_identify(vac_bot/src) by extension 'colcon_meta'
[0.249s] Level 1:colcon.colcon_core.package_identification:_identify(vac_bot/src) by extensions ['ros']
[0.249s] Level 1:colcon.colcon_core.package_identification:_identify(vac_bot/src) by extension 'ros'
[0.250s] Level 1:colcon.colcon_core.package_identification:_identify(vac_bot/src) by extensions ['cmake', 'python']
[0.250s] Level 1:colcon.colcon_core.package_identification:_identify(vac_bot/src) by extension 'cmake'
[0.250s] Level 1:colcon.colcon_core.package_identification:_identify(vac_bot/src) by extension 'python'
[0.250s] Level 1:colcon.colcon_core.package_identification:_identify(vac_bot/src) by extensions ['python_setup_py']
[0.250s] Level 1:colcon.colcon_core.package_identification:_identify(vac_bot/src) by extension 'python_setup_py'
[0.250s] Level 1:colcon.colcon_core.package_identification:_identify(vac_bot/src/vac_bot) by extensions ['ignore', 'ignore_ament_install']
[0.250s] Level 1:colcon.colcon_core.package_identification:_identify(vac_bot/src/vac_bot) by extension 'ignore'
[0.250s] Level 1:colcon.colcon_core.package_identification:_identify(vac_bot/src/vac_bot) by extension 'ignore_ament_install'
[0.250s] Level 1:colcon.colcon_core.package_identification:_identify(vac_bot/src/vac_bot) by extensions ['colcon_pkg']
[0.250s] Level 1:colcon.colcon_core.package_identification:_identify(vac_bot/src/vac_bot) by extension 'colcon_pkg'
[0.250s] Level 1:colcon.colcon_core.package_identification:_identify(vac_bot/src/vac_bot) by extensions ['colcon_meta']
[0.250s] Level 1:colcon.colcon_core.package_identification:_identify(vac_bot/src/vac_bot) by extension 'colcon_meta'
[0.250s] Level 1:colcon.colcon_core.package_identification:_identify(vac_bot/src/vac_bot) by extensions ['ros']
[0.250s] Level 1:colcon.colcon_core.package_identification:_identify(vac_bot/src/vac_bot) by extension 'ros'
[0.251s] DEBUG:colcon.colcon_core.package_identification:Package 'vac_bot/src/vac_bot' with type 'ros.ament_cmake' and name 'vac_bot'
[0.251s] Level 1:colcon.colcon_core.package_discovery:discover_packages(recursive) using defaults
[0.251s] Level 1:colcon.colcon_core.package_discovery:discover_packages(ignore) discover
[0.251s] Level 1:colcon.colcon_core.package_discovery:discover_packages(ignore) using defaults
[0.251s] Level 1:colcon.colcon_core.package_discovery:discover_packages(path) discover
[0.251s] Level 1:colcon.colcon_core.package_discovery:discover_packages(path) using defaults
[0.272s] Level 1:colcon.colcon_core.package_discovery:discover_packages(prefix_path) check parameters
[0.272s] Level 1:colcon.colcon_core.package_discovery:discover_packages(prefix_path) discover
[0.273s] WARNING:colcon.colcon_ros.prefix_path.catkin:The path '/usr/local/include/mavlink' in the environment variable CMAKE_PREFIX_PATH doesn't exist
[0.273s] WARNING:colcon.colcon_ros.prefix_path.catkin:The path '/usr/local/share/mavlink/cmake' in the environment variable CMAKE_PREFIX_PATH doesn't exist
[0.274s] DEBUG:colcon.colcon_installed_package_information.package_discovery:Found 3 installed packages in /home/maul/ws_kinclong_sim/install
[0.274s] DEBUG:colcon.colcon_installed_package_information.package_discovery:Found 1 installed packages in /home/maul/simulation_learning/sim_ws/install
[0.275s] DEBUG:colcon.colcon_installed_package_information.package_discovery:Found 1 installed packages in /home/maul/simulation_learning/articubot_one/install
[0.277s] DEBUG:colcon.colcon_installed_package_information.package_discovery:Found 424 installed packages in /opt/ros/jazzy
[0.280s] Level 1:colcon.colcon_core.package_discovery:discover_packages(prefix_path) using defaults
[0.357s] Level 5:colcon.colcon_core.verb:set package 'explore_lite' build argument 'cmake_args' from command line to 'None'
[0.357s] Level 5:colcon.colcon_core.verb:set package 'explore_lite' build argument 'cmake_target' from command line to 'None'
[0.357s] Level 5:colcon.colcon_core.verb:set package 'explore_lite' build argument 'cmake_target_skip_unavailable' from command line to 'False'
[0.357s] Level 5:colcon.colcon_core.verb:set package 'explore_lite' build argument 'cmake_clean_cache' from command line to 'False'
[0.357s] Level 5:colcon.colcon_core.verb:set package 'explore_lite' build argument 'cmake_clean_first' from command line to 'False'
[0.357s] Level 5:colcon.colcon_core.verb:set package 'explore_lite' build argument 'cmake_force_configure' from command line to 'False'
[0.357s] Level 5:colcon.colcon_core.verb:set package 'explore_lite' build argument 'ament_cmake_args' from command line to 'None'
[0.357s] Level 5:colcon.colcon_core.verb:set package 'explore_lite' build argument 'catkin_cmake_args' from command line to 'None'
[0.357s] Level 5:colcon.colcon_core.verb:set package 'explore_lite' build argument 'catkin_skip_building_tests' from command line to 'False'
[0.357s] DEBUG:colcon.colcon_core.verb:Building package 'explore_lite' with the following arguments: {'ament_cmake_args': None, 'build_base': '/home/maul/ws_kinclong_sim/build/explore_lite', 'catkin_cmake_args': None, 'catkin_skip_building_tests': False, 'cmake_args': None, 'cmake_clean_cache': False, 'cmake_clean_first': False, 'cmake_force_configure': False, 'cmake_target': None, 'cmake_target_skip_unavailable': False, 'install_base': '/home/maul/ws_kinclong_sim/install/explore_lite', 'merge_install': False, 'path': '/home/maul/ws_kinclong_sim/m-explore-ros2/explore', 'symlink_install': False, 'test_result_base': None}
[0.357s] Level 5:colcon.colcon_core.verb:set package 'multirobot_map_merge' build argument 'cmake_args' from command line to 'None'
[0.357s] Level 5:colcon.colcon_core.verb:set package 'multirobot_map_merge' build argument 'cmake_target' from command line to 'None'
[0.358s] Level 5:colcon.colcon_core.verb:set package 'multirobot_map_merge' build argument 'cmake_target_skip_unavailable' from command line to 'False'
[0.358s] Level 5:colcon.colcon_core.verb:set package 'multirobot_map_merge' build argument 'cmake_clean_cache' from command line to 'False'
[0.358s] Level 5:colcon.colcon_core.verb:set package 'multirobot_map_merge' build argument 'cmake_clean_first' from command line to 'False'
[0.358s] Level 5:colcon.colcon_core.verb:set package 'multirobot_map_merge' build argument 'cmake_force_configure' from command line to 'False'
[0.358s] Level 5:colcon.colcon_core.verb:set package 'multirobot_map_merge' build argument 'ament_cmake_args' from command line to 'None'
[0.358s] Level 5:colcon.colcon_core.verb:set package 'multirobot_map_merge' build argument 'catkin_cmake_args' from command line to 'None'
[0.358s] Level 5:colcon.colcon_core.verb:set package 'multirobot_map_merge' build argument 'catkin_skip_building_tests' from command line to 'False'
[0.358s] DEBUG:colcon.colcon_core.verb:Building package 'multirobot_map_merge' with the following arguments: {'ament_cmake_args': None, 'build_base': '/home/maul/ws_kinclong_sim/build/multirobot_map_merge', 'catkin_cmake_args': None, 'catkin_skip_building_tests': False, 'cmake_args': None, 'cmake_clean_cache': False, 'cmake_clean_first': False, 'cmake_force_configure': False, 'cmake_target': None, 'cmake_target_skip_unavailable': False, 'install_base': '/home/maul/ws_kinclong_sim/install/multirobot_map_merge', 'merge_install': False, 'path': '/home/maul/ws_kinclong_sim/m-explore-ros2/map_merge', 'symlink_install': False, 'test_result_base': None}
[0.358s] Level 5:colcon.colcon_core.verb:set package 'vac_bot' build argument 'cmake_args' from command line to 'None'
[0.358s] Level 5:colcon.colcon_core.verb:set package 'vac_bot' build argument 'cmake_target' from command line to 'None'
[0.358s] Level 5:colcon.colcon_core.verb:set package 'vac_bot' build argument 'cmake_target_skip_unavailable' from command line to 'False'
[0.358s] Level 5:colcon.colcon_core.verb:set package 'vac_bot' build argument 'cmake_clean_cache' from command line to 'False'
[0.358s] Level 5:colcon.colcon_core.verb:set package 'vac_bot' build argument 'cmake_clean_first' from command line to 'False'
[0.358s] Level 5:colcon.colcon_core.verb:set package 'vac_bot' build argument 'cmake_force_configure' from command line to 'False'
[0.358s] Level 5:colcon.colcon_core.verb:set package 'vac_bot' build argument 'ament_cmake_args' from command line to 'None'
[0.358s] Level 5:colcon.colcon_core.verb:set package 'vac_bot' build argument 'catkin_cmake_args' from command line to 'None'
[0.358s] Level 5:colcon.colcon_core.verb:set package 'vac_bot' build argument 'catkin_skip_building_tests' from command line to 'False'
[0.358s] DEBUG:colcon.colcon_core.verb:Building package 'vac_bot' with the following arguments: {'ament_cmake_args': None, 'build_base': '/home/maul/ws_kinclong_sim/build/vac_bot', 'catkin_cmake_args': None, 'catkin_skip_building_tests': False, 'cmake_args': None, 'cmake_clean_cache': False, 'cmake_clean_first': False, 'cmake_force_configure': False, 'cmake_target': None, 'cmake_target_skip_unavailable': False, 'install_base': '/home/maul/ws_kinclong_sim/install/vac_bot', 'merge_install': False, 'path': '/home/maul/ws_kinclong_sim/vac_bot/src/vac_bot', 'symlink_install': False, 'test_result_base': None}
[0.358s] INFO:colcon.colcon_core.executor:Executing jobs using 'parallel' executor
[0.359s] DEBUG:colcon.colcon_parallel_executor.executor.parallel:run_until_complete
[0.360s] INFO:colcon.colcon_ros.task.ament_cmake.build:Building ROS package in '/home/maul/ws_kinclong_sim/m-explore-ros2/explore' with build type 'ament_cmake'
[0.360s] INFO:colcon.colcon_cmake.task.cmake.build:Building CMake package in '/home/maul/ws_kinclong_sim/m-explore-ros2/explore'
[0.362s] INFO:colcon.colcon_core.plugin_system:Skipping extension 'colcon_core.shell.bat': Not used on non-Windows systems
[0.363s] INFO:colcon.colcon_core.shell:Skip shell extension 'powershell' for command environment: Not usable outside of PowerShell
[0.363s] DEBUG:colcon.colcon_core.shell:Skip shell extension 'dsv' for command environment
[0.369s] INFO:colcon.colcon_ros.task.ament_cmake.build:Building ROS package in '/home/maul/ws_kinclong_sim/m-explore-ros2/map_merge' with build type 'ament_cmake'
[0.369s] INFO:colcon.colcon_cmake.task.cmake.build:Building CMake package in '/home/maul/ws_kinclong_sim/m-explore-ros2/map_merge'
[0.369s] INFO:colcon.colcon_core.shell:Skip shell extension 'powershell' for command environment: Not usable outside of PowerShell
[0.369s] DEBUG:colcon.colcon_core.shell:Skip shell extension 'dsv' for command environment
[0.374s] INFO:colcon.colcon_ros.task.ament_cmake.build:Building ROS package in '/home/maul/ws_kinclong_sim/vac_bot/src/vac_bot' with build type 'ament_cmake'
[0.374s] INFO:colcon.colcon_cmake.task.cmake.build:Building CMake package in '/home/maul/ws_kinclong_sim/vac_bot/src/vac_bot'
[0.375s] INFO:colcon.colcon_core.shell:Skip shell extension 'powershell' for command environment: Not usable outside of PowerShell
[0.375s] DEBUG:colcon.colcon_core.shell:Skip shell extension 'dsv' for command environment
[0.384s] DEBUG:colcon.colcon_core.event_handler.log_command:Invoking command in '/home/maul/ws_kinclong_sim/build/explore_lite': CMAKE_PREFIX_PATH=${CMAKE_PREFIX_PATH}:/opt/ros/jazzy DEBUGINFOD_URLS=https://debuginfod.ubuntu.com PS1=\[\e]0;\u@\h: \w\a\]${debian_chroot:+($debian_chroot)}\[\033[01;32m\]\u@\h\[\033[00m\]:\[\033[01;34m\]\w\[\033[00m\]\$ VIRTUAL_ENV_PROMPT=(venv-ardupilot) /usr/bin/cmake --build /home/maul/ws_kinclong_sim/build/explore_lite -- -j8 -l8
[0.389s] DEBUG:colcon.colcon_core.event_handler.log_command:Invoking command in '/home/maul/ws_kinclong_sim/build/multirobot_map_merge': CMAKE_PREFIX_PATH=${CMAKE_PREFIX_PATH}:/opt/ros/jazzy DEBUGINFOD_URLS=https://debuginfod.ubuntu.com PS1=\[\e]0;\u@\h: \w\a\]${debian_chroot:+($debian_chroot)}\[\033[01;32m\]\u@\h\[\033[00m\]:\[\033[01;34m\]\w\[\033[00m\]\$ VIRTUAL_ENV_PROMPT=(venv-ardupilot) /usr/bin/cmake --build /home/maul/ws_kinclong_sim/build/multirobot_map_merge -- -j8 -l8
[0.394s] DEBUG:colcon.colcon_core.event_handler.log_command:Invoking command in '/home/maul/ws_kinclong_sim/build/vac_bot': CMAKE_PREFIX_PATH=${CMAKE_PREFIX_PATH}:/opt/ros/jazzy DEBUGINFOD_URLS=https://debuginfod.ubuntu.com PS1=\[\e]0;\u@\h: \w\a\]${debian_chroot:+($debian_chroot)}\[\033[01;32m\]\u@\h\[\033[00m\]:\[\033[01;34m\]\w\[\033[00m\]\$ VIRTUAL_ENV_PROMPT=(venv-ardupilot) /usr/bin/cmake --build /home/maul/ws_kinclong_sim/build/vac_bot -- -j8 -l8
[0.436s] DEBUG:colcon.colcon_core.event_handler.log_command:Invoked command in '/home/maul/ws_kinclong_sim/build/vac_bot' returned '0': CMAKE_PREFIX_PATH=${CMAKE_PREFIX_PATH}:/opt/ros/jazzy DEBUGINFOD_URLS=https://debuginfod.ubuntu.com PS1=\[\e]0;\u@\h: \w\a\]${debian_chroot:+($debian_chroot)}\[\033[01;32m\]\u@\h\[\033[00m\]:\[\033[01;34m\]\w\[\033[00m\]\$ VIRTUAL_ENV_PROMPT=(venv-ardupilot) /usr/bin/cmake --build /home/maul/ws_kinclong_sim/build/vac_bot -- -j8 -l8
[0.487s] DEBUG:colcon.colcon_core.event_handler.log_command:Invoking command in '/home/maul/ws_kinclong_sim/build/vac_bot': CMAKE_PREFIX_PATH=${CMAKE_PREFIX_PATH}:/opt/ros/jazzy DEBUGINFOD_URLS=https://debuginfod.ubuntu.com PS1=\[\e]0;\u@\h: \w\a\]${debian_chroot:+($debian_chroot)}\[\033[01;32m\]\u@\h\[\033[00m\]:\[\033[01;34m\]\w\[\033[00m\]\$ VIRTUAL_ENV_PROMPT=(venv-ardupilot) /usr/bin/cmake --install /home/maul/ws_kinclong_sim/build/vac_bot
[0.505s] Level 1:colcon.colcon_core.environment:create_environment_scripts_only(vac_bot)
[0.514s] DEBUG:colcon.colcon_core.event_handler.log_command:Invoked command in '/home/maul/ws_kinclong_sim/build/vac_bot' returned '0': CMAKE_PREFIX_PATH=${CMAKE_PREFIX_PATH}:/opt/ros/jazzy DEBUGINFOD_URLS=https://debuginfod.ubuntu.com PS1=\[\e]0;\u@\h: \w\a\]${debian_chroot:+($debian_chroot)}\[\033[01;32m\]\u@\h\[\033[00m\]:\[\033[01;34m\]\w\[\033[00m\]\$ VIRTUAL_ENV_PROMPT=(venv-ardupilot) /usr/bin/cmake --install /home/maul/ws_kinclong_sim/build/vac_bot
[0.516s] Level 1:colcon.colcon_core.environment:checking '/home/maul/ws_kinclong_sim/install/vac_bot' for CMake module files
[0.517s] Level 1:colcon.colcon_core.environment:checking '/home/maul/ws_kinclong_sim/install/vac_bot' for CMake config files
[0.517s] Level 1:colcon.colcon_core.shell:create_environment_hook('vac_bot', 'cmake_prefix_path')
[0.518s] INFO:colcon.colcon_core.shell:Creating environment hook '/home/maul/ws_kinclong_sim/install/vac_bot/share/vac_bot/hook/cmake_prefix_path.ps1'
[0.519s] INFO:colcon.colcon_core.shell:Creating environment descriptor '/home/maul/ws_kinclong_sim/install/vac_bot/share/vac_bot/hook/cmake_prefix_path.dsv'
[0.519s] INFO:colcon.colcon_core.shell:Creating environment hook '/home/maul/ws_kinclong_sim/install/vac_bot/share/vac_bot/hook/cmake_prefix_path.sh'
[0.520s] Level 1:colcon.colcon_core.environment:checking '/home/maul/ws_kinclong_sim/install/vac_bot/bin'
[0.521s] Level 1:colcon.colcon_core.environment:checking '/home/maul/ws_kinclong_sim/install/vac_bot/lib/pkgconfig/vac_bot.pc'
[0.521s] Level 1:colcon.colcon_core.environment:checking '/home/maul/ws_kinclong_sim/install/vac_bot/lib/python3.12/site-packages'
[0.521s] Level 1:colcon.colcon_core.environment:checking '/home/maul/ws_kinclong_sim/install/vac_bot/bin'
[0.521s] INFO:colcon.colcon_core.shell:Creating package script '/home/maul/ws_kinclong_sim/install/vac_bot/share/vac_bot/package.ps1'
[0.523s] INFO:colcon.colcon_core.shell:Creating package descriptor '/home/maul/ws_kinclong_sim/install/vac_bot/share/vac_bot/package.dsv'
[0.524s] INFO:colcon.colcon_core.shell:Creating package script '/home/maul/ws_kinclong_sim/install/vac_bot/share/vac_bot/package.sh'
[0.525s] INFO:colcon.colcon_core.shell:Creating package script '/home/maul/ws_kinclong_sim/install/vac_bot/share/vac_bot/package.bash'
[0.526s] INFO:colcon.colcon_core.shell:Creating package script '/home/maul/ws_kinclong_sim/install/vac_bot/share/vac_bot/package.zsh'
[0.527s] Level 1:colcon.colcon_core.environment:create_file_with_runtime_dependencies(/home/maul/ws_kinclong_sim/install/vac_bot/share/colcon-core/packages/vac_bot)
[0.557s] Level 1:colcon.colcon_core.environment:create_environment_scripts_only(vac_bot)
[0.558s] Level 1:colcon.colcon_core.environment:checking '/home/maul/ws_kinclong_sim/install/vac_bot' for CMake module files
[0.559s] Level 1:colcon.colcon_core.environment:checking '/home/maul/ws_kinclong_sim/install/vac_bot' for CMake config files
[0.559s] Level 1:colcon.colcon_core.shell:create_environment_hook('vac_bot', 'cmake_prefix_path')
[0.560s] INFO:colcon.colcon_core.shell:Creating environment hook '/home/maul/ws_kinclong_sim/install/vac_bot/share/vac_bot/hook/cmake_prefix_path.ps1'
[0.561s] INFO:colcon.colcon_core.shell:Creating environment descriptor '/home/maul/ws_kinclong_sim/install/vac_bot/share/vac_bot/hook/cmake_prefix_path.dsv'
[0.561s] INFO:colcon.colcon_core.shell:Creating environment hook '/home/maul/ws_kinclong_sim/install/vac_bot/share/vac_bot/hook/cmake_prefix_path.sh'
[0.562s] Level 1:colcon.colcon_core.environment:checking '/home/maul/ws_kinclong_sim/install/vac_bot/bin'
[0.563s] Level 1:colcon.colcon_core.environment:checking '/home/maul/ws_kinclong_sim/install/vac_bot/lib/pkgconfig/vac_bot.pc'
[0.563s] Level 1:colcon.colcon_core.environment:checking '/home/maul/ws_kinclong_sim/install/vac_bot/lib/python3.12/site-packages'
[0.563s] Level 1:colcon.colcon_core.environment:checking '/home/maul/ws_kinclong_sim/install/vac_bot/bin'
[0.564s] INFO:colcon.colcon_core.shell:Creating package script '/home/maul/ws_kinclong_sim/install/vac_bot/share/vac_bot/package.ps1'
[0.568s] INFO:colcon.colcon_core.shell:Creating package descriptor '/home/maul/ws_kinclong_sim/install/vac_bot/share/vac_bot/package.dsv'
[0.569s] INFO:colcon.colcon_core.shell:Creating package script '/home/maul/ws_kinclong_sim/install/vac_bot/share/vac_bot/package.sh'
[0.569s] INFO:colcon.colcon_core.shell:Creating package script '/home/maul/ws_kinclong_sim/install/vac_bot/share/vac_bot/package.bash'
[0.570s] INFO:colcon.colcon_core.shell:Creating package script '/home/maul/ws_kinclong_sim/install/vac_bot/share/vac_bot/package.zsh'
[0.571s] Level 1:colcon.colcon_core.environment:create_file_with_runtime_dependencies(/home/maul/ws_kinclong_sim/install/vac_bot/share/colcon-core/packages/vac_bot)
[0.605s] DEBUG:colcon.colcon_core.event_handler.log_command:Invoked command in '/home/maul/ws_kinclong_sim/build/explore_lite' returned '0': CMAKE_PREFIX_PATH=${CMAKE_PREFIX_PATH}:/opt/ros/jazzy DEBUGINFOD_URLS=https://debuginfod.ubuntu.com PS1=\[\e]0;\u@\h: \w\a\]${debian_chroot:+($debian_chroot)}\[\033[01;32m\]\u@\h\[\033[00m\]:\[\033[01;34m\]\w\[\033[00m\]\$ VIRTUAL_ENV_PROMPT=(venv-ardupilot) /usr/bin/cmake --build /home/maul/ws_kinclong_sim/build/explore_lite -- -j8 -l8
[0.608s] DEBUG:colcon.colcon_core.event_handler.log_command:Invoking command in '/home/maul/ws_kinclong_sim/build/explore_lite': CMAKE_PREFIX_PATH=${CMAKE_PREFIX_PATH}:/opt/ros/jazzy DEBUGINFOD_URLS=https://debuginfod.ubuntu.com PS1=\[\e]0;\u@\h: \w\a\]${debian_chroot:+($debian_chroot)}\[\033[01;32m\]\u@\h\[\033[00m\]:\[\033[01;34m\]\w\[\033[00m\]\$ VIRTUAL_ENV_PROMPT=(venv-ardupilot) /usr/bin/cmake --install /home/maul/ws_kinclong_sim/build/explore_lite
[0.620s] Level 1:colcon.colcon_core.environment:create_environment_scripts_only(explore_lite)
[0.621s] Level 1:colcon.colcon_core.environment:checking '/home/maul/ws_kinclong_sim/install/explore_lite' for CMake module files
[0.621s] DEBUG:colcon.colcon_core.event_handler.log_command:Invoked command in '/home/maul/ws_kinclong_sim/build/explore_lite' returned '0': CMAKE_PREFIX_PATH=${CMAKE_PREFIX_PATH}:/opt/ros/jazzy DEBUGINFOD_URLS=https://debuginfod.ubuntu.com PS1=\[\e]0;\u@\h: \w\a\]${debian_chroot:+($debian_chroot)}\[\033[01;32m\]\u@\h\[\033[00m\]:\[\033[01;34m\]\w\[\033[00m\]\$ VIRTUAL_ENV_PROMPT=(venv-ardupilot) /usr/bin/cmake --install /home/maul/ws_kinclong_sim/build/explore_lite
[0.622s] Level 1:colcon.colcon_core.environment:checking '/home/maul/ws_kinclong_sim/install/explore_lite' for CMake config files
[0.622s] Level 1:colcon.colcon_core.shell:create_environment_hook('explore_lite', 'cmake_prefix_path')
[0.623s] INFO:colcon.colcon_core.shell:Creating environment hook '/home/maul/ws_kinclong_sim/install/explore_lite/share/explore_lite/hook/cmake_prefix_path.ps1'
[0.624s] INFO:colcon.colcon_core.shell:Creating environment descriptor '/home/maul/ws_kinclong_sim/install/explore_lite/share/explore_lite/hook/cmake_prefix_path.dsv'
[0.624s] INFO:colcon.colcon_core.shell:Creating environment hook '/home/maul/ws_kinclong_sim/install/explore_lite/share/explore_lite/hook/cmake_prefix_path.sh'
[0.625s] Level 1:colcon.colcon_core.environment:checking '/home/maul/ws_kinclong_sim/install/explore_lite/lib'
[0.626s] Level 1:colcon.colcon_core.environment:checking '/home/maul/ws_kinclong_sim/install/explore_lite/bin'
[0.626s] Level 1:colcon.colcon_core.environment:checking '/home/maul/ws_kinclong_sim/install/explore_lite/lib/pkgconfig/explore_lite.pc'
[0.626s] Level 1:colcon.colcon_core.environment:checking '/home/maul/ws_kinclong_sim/install/explore_lite/lib/python3.12/site-packages'
[0.627s] Level 1:colcon.colcon_core.environment:checking '/home/maul/ws_kinclong_sim/install/explore_lite/bin'
[0.627s] INFO:colcon.colcon_core.shell:Creating package script '/home/maul/ws_kinclong_sim/install/explore_lite/share/explore_lite/package.ps1'
[0.628s] INFO:colcon.colcon_core.shell:Creating package descriptor '/home/maul/ws_kinclong_sim/install/explore_lite/share/explore_lite/package.dsv'
[0.629s] INFO:colcon.colcon_core.shell:Creating package script '/home/maul/ws_kinclong_sim/install/explore_lite/share/explore_lite/package.sh'
[0.630s] INFO:colcon.colcon_core.shell:Creating package script '/home/maul/ws_kinclong_sim/install/explore_lite/share/explore_lite/package.bash'
[0.630s] INFO:colcon.colcon_core.shell:Creating package script '/home/maul/ws_kinclong_sim/install/explore_lite/share/explore_lite/package.zsh'
[0.631s] Level 1:colcon.colcon_core.environment:create_file_with_runtime_dependencies(/home/maul/ws_kinclong_sim/install/explore_lite/share/colcon-core/packages/explore_lite)
[0.632s] Level 1:colcon.colcon_core.environment:create_environment_scripts_only(explore_lite)
[0.632s] Level 1:colcon.colcon_core.environment:checking '/home/maul/ws_kinclong_sim/install/explore_lite' for CMake module files
[0.633s] Level 1:colcon.colcon_core.environment:checking '/home/maul/ws_kinclong_sim/install/explore_lite' for CMake config files
[0.634s] Level 1:colcon.colcon_core.shell:create_environment_hook('explore_lite', 'cmake_prefix_path')
[0.634s] INFO:colcon.colcon_core.shell:Creating environment hook '/home/maul/ws_kinclong_sim/install/explore_lite/share/explore_lite/hook/cmake_prefix_path.ps1'
[0.635s] INFO:colcon.colcon_core.shell:Creating environment descriptor '/home/maul/ws_kinclong_sim/install/explore_lite/share/explore_lite/hook/cmake_prefix_path.dsv'
[0.635s] INFO:colcon.colcon_core.shell:Creating environment hook '/home/maul/ws_kinclong_sim/install/explore_lite/share/explore_lite/hook/cmake_prefix_path.sh'
[0.636s] Level 1:colcon.colcon_core.environment:checking '/home/maul/ws_kinclong_sim/install/explore_lite/lib'
[0.636s] Level 1:colcon.colcon_core.environment:checking '/home/maul/ws_kinclong_sim/install/explore_lite/bin'
[0.636s] Level 1:colcon.colcon_core.environment:checking '/home/maul/ws_kinclong_sim/install/explore_lite/lib/pkgconfig/explore_lite.pc'
[0.637s] Level 1:colcon.colcon_core.environment:checking '/home/maul/ws_kinclong_sim/install/explore_lite/lib/python3.12/site-packages'
[0.637s] Level 1:colcon.colcon_core.environment:checking '/home/maul/ws_kinclong_sim/install/explore_lite/bin'
[0.638s] INFO:colcon.colcon_core.shell:Creating package script '/home/maul/ws_kinclong_sim/install/explore_lite/share/explore_lite/package.ps1'
[0.639s] INFO:colcon.colcon_core.shell:Creating package descriptor '/home/maul/ws_kinclong_sim/install/explore_lite/share/explore_lite/package.dsv'
[0.639s] INFO:colcon.colcon_core.shell:Creating package script '/home/maul/ws_kinclong_sim/install/explore_lite/share/explore_lite/package.sh'
[0.640s] INFO:colcon.colcon_core.shell:Creating package script '/home/maul/ws_kinclong_sim/install/explore_lite/share/explore_lite/package.bash'
[0.641s] INFO:colcon.colcon_core.shell:Creating package script '/home/maul/ws_kinclong_sim/install/explore_lite/share/explore_lite/package.zsh'
[0.642s] Level 1:colcon.colcon_core.environment:create_file_with_runtime_dependencies(/home/maul/ws_kinclong_sim/install/explore_lite/share/colcon-core/packages/explore_lite)
[0.652s] DEBUG:colcon.colcon_core.event_handler.log_command:Invoked command in '/home/maul/ws_kinclong_sim/build/multirobot_map_merge' returned '0': CMAKE_PREFIX_PATH=${CMAKE_PREFIX_PATH}:/opt/ros/jazzy DEBUGINFOD_URLS=https://debuginfod.ubuntu.com PS1=\[\e]0;\u@\h: \w\a\]${debian_chroot:+($debian_chroot)}\[\033[01;32m\]\u@\h\[\033[00m\]:\[\033[01;34m\]\w\[\033[00m\]\$ VIRTUAL_ENV_PROMPT=(venv-ardupilot) /usr/bin/cmake --build /home/maul/ws_kinclong_sim/build/multirobot_map_merge -- -j8 -l8
[0.653s] DEBUG:colcon.colcon_core.event_handler.log_command:Invoking command in '/home/maul/ws_kinclong_sim/build/multirobot_map_merge': CMAKE_PREFIX_PATH=${CMAKE_PREFIX_PATH}:/opt/ros/jazzy DEBUGINFOD_URLS=https://debuginfod.ubuntu.com PS1=\[\e]0;\u@\h: \w\a\]${debian_chroot:+($debian_chroot)}\[\033[01;32m\]\u@\h\[\033[00m\]:\[\033[01;34m\]\w\[\033[00m\]\$ VIRTUAL_ENV_PROMPT=(venv-ardupilot) /usr/bin/cmake --install /home/maul/ws_kinclong_sim/build/multirobot_map_merge
[0.667s] Level 1:colcon.colcon_core.environment:create_environment_scripts_only(multirobot_map_merge)
[0.668s] Level 1:colcon.colcon_core.environment:checking '/home/maul/ws_kinclong_sim/install/multirobot_map_merge' for CMake module files
[0.669s] DEBUG:colcon.colcon_core.event_handler.log_command:Invoked command in '/home/maul/ws_kinclong_sim/build/multirobot_map_merge' returned '0': CMAKE_PREFIX_PATH=${CMAKE_PREFIX_PATH}:/opt/ros/jazzy DEBUGINFOD_URLS=https://debuginfod.ubuntu.com PS1=\[\e]0;\u@\h: \w\a\]${debian_chroot:+($debian_chroot)}\[\033[01;32m\]\u@\h\[\033[00m\]:\[\033[01;34m\]\w\[\033[00m\]\$ VIRTUAL_ENV_PROMPT=(venv-ardupilot) /usr/bin/cmake --install /home/maul/ws_kinclong_sim/build/multirobot_map_merge
[0.670s] Level 1:colcon.colcon_core.environment:checking '/home/maul/ws_kinclong_sim/install/multirobot_map_merge' for CMake config files
[0.670s] Level 1:colcon.colcon_core.shell:create_environment_hook('multirobot_map_merge', 'cmake_prefix_path')
[0.670s] INFO:colcon.colcon_core.shell:Creating environment hook '/home/maul/ws_kinclong_sim/install/multirobot_map_merge/share/multirobot_map_merge/hook/cmake_prefix_path.ps1'
[0.671s] INFO:colcon.colcon_core.shell:Creating environment descriptor '/home/maul/ws_kinclong_sim/install/multirobot_map_merge/share/multirobot_map_merge/hook/cmake_prefix_path.dsv'
[0.671s] INFO:colcon.colcon_core.shell:Creating environment hook '/home/maul/ws_kinclong_sim/install/multirobot_map_merge/share/multirobot_map_merge/hook/cmake_prefix_path.sh'
[0.672s] Level 1:colcon.colcon_core.environment:checking '/home/maul/ws_kinclong_sim/install/multirobot_map_merge/lib'
[0.672s] Level 1:colcon.colcon_core.environment:checking '/home/maul/ws_kinclong_sim/install/multirobot_map_merge/bin'
[0.672s] Level 1:colcon.colcon_core.environment:checking '/home/maul/ws_kinclong_sim/install/multirobot_map_merge/lib/pkgconfig/multirobot_map_merge.pc'
[0.672s] Level 1:colcon.colcon_core.environment:checking '/home/maul/ws_kinclong_sim/install/multirobot_map_merge/lib/python3.12/site-packages'
[0.673s] Level 1:colcon.colcon_core.environment:checking '/home/maul/ws_kinclong_sim/install/multirobot_map_merge/bin'
[0.673s] INFO:colcon.colcon_core.shell:Creating package script '/home/maul/ws_kinclong_sim/install/multirobot_map_merge/share/multirobot_map_merge/package.ps1'
[0.674s] INFO:colcon.colcon_core.shell:Creating package descriptor '/home/maul/ws_kinclong_sim/install/multirobot_map_merge/share/multirobot_map_merge/package.dsv'
[0.675s] INFO:colcon.colcon_core.shell:Creating package script '/home/maul/ws_kinclong_sim/install/multirobot_map_merge/share/multirobot_map_merge/package.sh'
[0.676s] INFO:colcon.colcon_core.shell:Creating package script '/home/maul/ws_kinclong_sim/install/multirobot_map_merge/share/multirobot_map_merge/package.bash'
[0.676s] INFO:colcon.colcon_core.shell:Creating package script '/home/maul/ws_kinclong_sim/install/multirobot_map_merge/share/multirobot_map_merge/package.zsh'
[0.677s] Level 1:colcon.colcon_core.environment:create_file_with_runtime_dependencies(/home/maul/ws_kinclong_sim/install/multirobot_map_merge/share/colcon-core/packages/multirobot_map_merge)
[0.677s] Level 1:colcon.colcon_core.environment:create_environment_scripts_only(multirobot_map_merge)
[0.678s] Level 1:colcon.colcon_core.environment:checking '/home/maul/ws_kinclong_sim/install/multirobot_map_merge' for CMake module files
[0.679s] Level 1:colcon.colcon_core.environment:checking '/home/maul/ws_kinclong_sim/install/multirobot_map_merge' for CMake config files
[0.679s] Level 1:colcon.colcon_core.shell:create_environment_hook('multirobot_map_merge', 'cmake_prefix_path')
[0.679s] INFO:colcon.colcon_core.shell:Creating environment hook '/home/maul/ws_kinclong_sim/install/multirobot_map_merge/share/multirobot_map_merge/hook/cmake_prefix_path.ps1'
[0.680s] INFO:colcon.colcon_core.shell:Creating environment descriptor '/home/maul/ws_kinclong_sim/install/multirobot_map_merge/share/multirobot_map_merge/hook/cmake_prefix_path.dsv'
[0.681s] INFO:colcon.colcon_core.shell:Creating environment hook '/home/maul/ws_kinclong_sim/install/multirobot_map_merge/share/multirobot_map_merge/hook/cmake_prefix_path.sh'
[0.682s] Level 1:colcon.colcon_core.environment:checking '/home/maul/ws_kinclong_sim/install/multirobot_map_merge/lib'
[0.682s] Level 1:colcon.colcon_core.environment:checking '/home/maul/ws_kinclong_sim/install/multirobot_map_merge/bin'
[0.682s] Level 1:colcon.colcon_core.environment:checking '/home/maul/ws_kinclong_sim/install/multirobot_map_merge/lib/pkgconfig/multirobot_map_merge.pc'
[0.682s] Level 1:colcon.colcon_core.environment:checking '/home/maul/ws_kinclong_sim/install/multirobot_map_merge/lib/python3.12/site-packages'
[0.683s] Level 1:colcon.colcon_core.environment:checking '/home/maul/ws_kinclong_sim/install/multirobot_map_merge/bin'
[0.683s] INFO:colcon.colcon_core.shell:Creating package script '/home/maul/ws_kinclong_sim/install/multirobot_map_merge/share/multirobot_map_merge/package.ps1'
[0.684s] INFO:colcon.colcon_core.shell:Creating package descriptor '/home/maul/ws_kinclong_sim/install/multirobot_map_merge/share/multirobot_map_merge/package.dsv'
[0.685s] INFO:colcon.colcon_core.shell:Creating package script '/home/maul/ws_kinclong_sim/install/multirobot_map_merge/share/multirobot_map_merge/package.sh'
[0.686s] INFO:colcon.colcon_core.shell:Creating package script '/home/maul/ws_kinclong_sim/install/multirobot_map_merge/share/multirobot_map_merge/package.bash'
[0.686s] INFO:colcon.colcon_core.shell:Creating package script '/home/maul/ws_kinclong_sim/install/multirobot_map_merge/share/multirobot_map_merge/package.zsh'
[0.687s] Level 1:colcon.colcon_core.environment:create_file_with_runtime_dependencies(/home/maul/ws_kinclong_sim/install/multirobot_map_merge/share/colcon-core/packages/multirobot_map_merge)
[0.687s] DEBUG:colcon.colcon_parallel_executor.executor.parallel:closing loop
[0.687s] DEBUG:colcon.colcon_parallel_executor.executor.parallel:loop closed
[0.687s] DEBUG:colcon.colcon_parallel_executor.executor.parallel:run_until_complete finished with '0'
[0.687s] DEBUG:colcon.colcon_core.event_reactor:joining thread
[0.696s] INFO:colcon.colcon_core.plugin_system:Skipping extension 'colcon_notification.desktop_notification.terminal_notifier': Not used on non-Darwin systems
[0.696s] INFO:colcon.colcon_core.plugin_system:Skipping extension 'colcon_notification.desktop_notification.win32': Not used on non-Windows systems
[0.696s] INFO:colcon.colcon_notification.desktop_notification:Sending desktop notification using 'notify2'
[0.704s] DEBUG:colcon.colcon_core.event_reactor:joined thread
[0.704s] INFO:colcon.colcon_core.shell:Creating prefix script '/home/maul/ws_kinclong_sim/install/local_setup.ps1'
[0.705s] INFO:colcon.colcon_core.shell:Creating prefix util module '/home/maul/ws_kinclong_sim/install/_local_setup_util_ps1.py'
[0.707s] INFO:colcon.colcon_core.shell:Creating prefix chain script '/home/maul/ws_kinclong_sim/install/setup.ps1'
[0.709s] INFO:colcon.colcon_core.shell:Creating prefix script '/home/maul/ws_kinclong_sim/install/local_setup.sh'
[0.709s] INFO:colcon.colcon_core.shell:Creating prefix util module '/home/maul/ws_kinclong_sim/install/_local_setup_util_sh.py'
[0.710s] INFO:colcon.colcon_core.shell:Creating prefix chain script '/home/maul/ws_kinclong_sim/install/setup.sh'
[0.712s] INFO:colcon.colcon_core.shell:Creating prefix script '/home/maul/ws_kinclong_sim/install/local_setup.bash'
[0.712s] INFO:colcon.colcon_core.shell:Creating prefix chain script '/home/maul/ws_kinclong_sim/install/setup.bash'
[0.713s] INFO:colcon.colcon_core.shell:Creating prefix script '/home/maul/ws_kinclong_sim/install/local_setup.zsh'
[0.714s] INFO:colcon.colcon_core.shell:Creating prefix chain script '/home/maul/ws_kinclong_sim/install/setup.zsh'
