[0.030s] Invoking command in '/home/maul/ws_kinclong_sim/build/vac_bot': CMAKE_PREFIX_PATH=${CMAKE_PREFIX_PATH}:/opt/ros/jazzy DEBUGINFOD_URLS=https://debuginfod.ubuntu.com PS1=\[\e]0;\u@\h: \w\a\]${debian_chroot:+($debian_chroot)}\[\033[01;32m\]\u@\h\[\033[00m\]:\[\033[01;34m\]\w\[\033[00m\]\$ VIRTUAL_ENV_PROMPT=(venv-ardupilot) /usr/bin/cmake --build /home/maul/ws_kinclong_sim/build/vac_bot -- -j8 -l8
[0.099s] Invoked command in '/home/maul/ws_kinclong_sim/build/vac_bot' returned '0': CMAKE_PREFIX_PATH=${CMAKE_PREFIX_PATH}:/opt/ros/jazzy DEBUGINFOD_URLS=https://debuginfod.ubuntu.com PS1=\[\e]0;\u@\h: \w\a\]${debian_chroot:+($debian_chroot)}\[\033[01;32m\]\u@\h\[\033[00m\]:\[\033[01;34m\]\w\[\033[00m\]\$ VIRTUAL_ENV_PROMPT=(venv-ardupilot) /usr/bin/cmake --build /home/maul/ws_kinclong_sim/build/vac_bot -- -j8 -l8
[0.184s] Invoking command in '/home/maul/ws_kinclong_sim/build/vac_bot': CMAKE_PREFIX_PATH=${CMAKE_PREFIX_PATH}:/opt/ros/jazzy DEBUGINFOD_URLS=https://debuginfod.ubuntu.com PS1=\[\e]0;\u@\h: \w\a\]${debian_chroot:+($debian_chroot)}\[\033[01;32m\]\u@\h\[\033[00m\]:\[\033[01;34m\]\w\[\033[00m\]\$ VIRTUAL_ENV_PROMPT=(venv-ardupilot) /usr/bin/cmake --install /home/maul/ws_kinclong_sim/build/vac_bot
[0.198s] -- Install configuration: ""
[0.198s] -- Up-to-date: /home/maul/ws_kinclong_sim/install/vac_bot/share/vac_bot/config
[0.199s] -- Up-to-date: /home/maul/ws_kinclong_sim/install/vac_bot/share/vac_bot/config/slam_toolbox_localization.yaml
[0.201s] -- Up-to-date: /home/maul/ws_kinclong_sim/install/vac_bot/share/vac_bot/config/view_bot.rviz
[0.201s] -- Installing: /home/maul/ws_kinclong_sim/install/vac_bot/share/vac_bot/config/amcl_localization.yaml
[0.201s] -- Up-to-date: /home/maul/ws_kinclong_sim/install/vac_bot/share/vac_bot/config/empty.yaml
[0.202s] -- Up-to-date: /home/maul/ws_kinclong_sim/install/vac_bot/share/vac_bot/config/navigation.yaml
[0.203s] -- Up-to-date: /home/maul/ws_kinclong_sim/install/vac_bot/share/vac_bot/config/slam_toolbox_mapping.yaml
[0.203s] -- Up-to-date: /home/maul/ws_kinclong_sim/install/vac_bot/share/vac_bot/config/mapper_params_online_async.yaml
[0.203s] -- Up-to-date: /home/maul/ws_kinclong_sim/install/vac_bot/share/vac_bot/config/gz_bridge.yaml
[0.203s] -- Up-to-date: /home/maul/ws_kinclong_sim/install/vac_bot/share/vac_bot/description
[0.204s] -- Up-to-date: /home/maul/ws_kinclong_sim/install/vac_bot/share/vac_bot/description/lidar.xacro
[0.204s] -- Up-to-date: /home/maul/ws_kinclong_sim/install/vac_bot/share/vac_bot/description/robot.urdf.xacro
[0.204s] -- Up-to-date: /home/maul/ws_kinclong_sim/install/vac_bot/share/vac_bot/description/robot_core.xacro
[0.204s] -- Up-to-date: /home/maul/ws_kinclong_sim/install/vac_bot/share/vac_bot/description/inertial_macros.xacro
[0.204s] -- Up-to-date: /home/maul/ws_kinclong_sim/install/vac_bot/share/vac_bot/description/gazebo_control.xacro
[0.205s] -- Up-to-date: /home/maul/ws_kinclong_sim/install/vac_bot/share/vac_bot/launch
[0.205s] -- Up-to-date: /home/maul/ws_kinclong_sim/install/vac_bot/share/vac_bot/launch/mapping.launch.py
[0.205s] -- Up-to-date: /home/maul/ws_kinclong_sim/install/vac_bot/share/vac_bot/launch/nav_slam.launch.py
[0.205s] -- Up-to-date: /home/maul/ws_kinclong_sim/install/vac_bot/share/vac_bot/launch/localization_slam_toolbox.launch.py
[0.206s] -- Up-to-date: /home/maul/ws_kinclong_sim/install/vac_bot/share/vac_bot/launch/localization.launch.py
[0.206s] -- Up-to-date: /home/maul/ws_kinclong_sim/install/vac_bot/share/vac_bot/launch/rsp.launch.py
[0.206s] -- Up-to-date: /home/maul/ws_kinclong_sim/install/vac_bot/share/vac_bot/launch/launch_sim.launch.py
[0.206s] -- Up-to-date: /home/maul/ws_kinclong_sim/install/vac_bot/share/vac_bot/launch/nav.launch.py
[0.206s] -- Up-to-date: /home/maul/ws_kinclong_sim/install/vac_bot/share/vac_bot/models
[0.206s] -- Up-to-date: /home/maul/ws_kinclong_sim/install/vac_bot/share/vac_bot/models/room
[0.207s] -- Up-to-date: /home/maul/ws_kinclong_sim/install/vac_bot/share/vac_bot/models/room/room.sdf
[0.208s] -- Up-to-date: /home/maul/ws_kinclong_sim/install/vac_bot/share/vac_bot/models/room/model.config
[0.211s] -- Up-to-date: /home/maul/ws_kinclong_sim/install/vac_bot/share/vac_bot/models/room/meshes
[0.211s] -- Up-to-date: /home/maul/ws_kinclong_sim/install/vac_bot/share/vac_bot/models/room/meshes/room2.dae
[0.211s] -- Up-to-date: /home/maul/ws_kinclong_sim/install/vac_bot/share/vac_bot/models/room/meshes/room.dae
[0.212s] -- Up-to-date: /home/maul/ws_kinclong_sim/install/vac_bot/share/vac_bot/worlds
[0.212s] -- Up-to-date: /home/maul/ws_kinclong_sim/install/vac_bot/share/vac_bot/worlds/obstacle.world
[0.212s] -- Up-to-date: /home/maul/ws_kinclong_sim/install/vac_bot/share/vac_bot/worlds/room.world
[0.212s] -- Up-to-date: /home/maul/ws_kinclong_sim/install/vac_bot/share/vac_bot/worlds/empty.world
[0.213s] -- Up-to-date: /home/maul/ws_kinclong_sim/install/vac_bot/share/vac_bot/maps
[0.213s] -- Up-to-date: /home/maul/ws_kinclong_sim/install/vac_bot/share/vac_bot/maps/room2.pgm
[0.213s] -- Up-to-date: /home/maul/ws_kinclong_sim/install/vac_bot/share/vac_bot/maps/room2Seial.data
[0.213s] -- Up-to-date: /home/maul/ws_kinclong_sim/install/vac_bot/share/vac_bot/maps/room1Serial.posegraph
[0.213s] -- Up-to-date: /home/maul/ws_kinclong_sim/install/vac_bot/share/vac_bot/maps/room1.yaml
[0.214s] -- Up-to-date: /home/maul/ws_kinclong_sim/install/vac_bot/share/vac_bot/maps/room2Seial.posegraph
[0.214s] -- Up-to-date: /home/maul/ws_kinclong_sim/install/vac_bot/share/vac_bot/maps/room1.pgm
[0.214s] -- Up-to-date: /home/maul/ws_kinclong_sim/install/vac_bot/share/vac_bot/maps/room1Serial.data
[0.214s] -- Up-to-date: /home/maul/ws_kinclong_sim/install/vac_bot/share/vac_bot/maps/room2.yaml
[0.216s] -- Up-to-date: /home/maul/ws_kinclong_sim/install/vac_bot/share/ament_index/resource_index/package_run_dependencies/vac_bot
[0.217s] -- Up-to-date: /home/maul/ws_kinclong_sim/install/vac_bot/share/ament_index/resource_index/parent_prefix_path/vac_bot
[0.217s] -- Up-to-date: /home/maul/ws_kinclong_sim/install/vac_bot/share/vac_bot/environment/ament_prefix_path.sh
[0.218s] -- Up-to-date: /home/maul/ws_kinclong_sim/install/vac_bot/share/vac_bot/environment/ament_prefix_path.dsv
[0.218s] -- Up-to-date: /home/maul/ws_kinclong_sim/install/vac_bot/share/vac_bot/environment/path.sh
[0.218s] -- Up-to-date: /home/maul/ws_kinclong_sim/install/vac_bot/share/vac_bot/environment/path.dsv
[0.219s] -- Up-to-date: /home/maul/ws_kinclong_sim/install/vac_bot/share/vac_bot/local_setup.bash
[0.219s] -- Up-to-date: /home/maul/ws_kinclong_sim/install/vac_bot/share/vac_bot/local_setup.sh
[0.219s] -- Up-to-date: /home/maul/ws_kinclong_sim/install/vac_bot/share/vac_bot/local_setup.zsh
[0.219s] -- Up-to-date: /home/maul/ws_kinclong_sim/install/vac_bot/share/vac_bot/local_setup.dsv
[0.219s] -- Installing: /home/maul/ws_kinclong_sim/install/vac_bot/share/vac_bot/package.dsv
[0.219s] -- Up-to-date: /home/maul/ws_kinclong_sim/install/vac_bot/share/ament_index/resource_index/packages/vac_bot
[0.220s] -- Up-to-date: /home/maul/ws_kinclong_sim/install/vac_bot/share/vac_bot/cmake/vac_botConfig.cmake
[0.220s] -- Up-to-date: /home/maul/ws_kinclong_sim/install/vac_bot/share/vac_bot/cmake/vac_botConfig-version.cmake
[0.220s] -- Up-to-date: /home/maul/ws_kinclong_sim/install/vac_bot/share/vac_bot/package.xml
[0.220s] Invoked command in '/home/maul/ws_kinclong_sim/build/vac_bot' returned '0': CMAKE_PREFIX_PATH=${CMAKE_PREFIX_PATH}:/opt/ros/jazzy DEBUGINFOD_URLS=https://debuginfod.ubuntu.com PS1=\[\e]0;\u@\h: \w\a\]${debian_chroot:+($debian_chroot)}\[\033[01;32m\]\u@\h\[\033[00m\]:\[\033[01;34m\]\w\[\033[00m\]\$ VIRTUAL_ENV_PROMPT=(venv-ardupilot) /usr/bin/cmake --install /home/maul/ws_kinclong_sim/build/vac_bot
