[0.013s] Invoking command in '/home/maul/simulation_learning/vac_bot/build/vac_bot': CMAKE_PREFIX_PATH=${CMAKE_PREFIX_PATH}:/opt/ros/jazzy DEBUGINFOD_URLS=https://debuginfod.ubuntu.com PS1=\[\e]0;\u@\h: \w\a\]${debian_chroot:+($debian_chroot)}\[\033[01;32m\]\u@\h\[\033[00m\]:\[\033[01;34m\]\w\[\033[00m\]\$ VIRTUAL_ENV_PROMPT=(venv-ardupilot) /usr/bin/cmake --build /home/maul/simulation_learning/vac_bot/build/vac_bot -- -j8 -l8
[0.035s] -- Found ament_cmake: 2.5.2 (/opt/ros/jazzy/share/ament_cmake/cmake)
[0.231s] -- Override CMake install command with custom implementation using symlinks instead of copying resources
[0.238s] -- Found ament_lint_auto: 0.17.1 (/opt/ros/jazzy/share/ament_lint_auto/cmake)
[0.400s] -- Added test 'copyright' to check source files copyright and LICENSE
[0.404s] -- Added test 'flake8' to check Python code syntax and style conventions
[0.404s] -- Configured 'flake8' exclude dirs and/or files: 
[0.404s] -- Added test 'lint_cmake' to check CMake code style
[0.405s] -- Added test 'pep257' to check Python code against some of the docstring style conventions in PEP 257
[0.407s] -- Added test 'xmllint' to check XML markup files
[0.408s] -- Configuring done (0.4s)
[0.413s] -- Generating done (0.0s)
[0.415s] -- Build files have been written to: /home/maul/simulation_learning/vac_bot/build/vac_bot
[0.444s] Invoked command in '/home/maul/simulation_learning/vac_bot/build/vac_bot' returned '0': CMAKE_PREFIX_PATH=${CMAKE_PREFIX_PATH}:/opt/ros/jazzy DEBUGINFOD_URLS=https://debuginfod.ubuntu.com PS1=\[\e]0;\u@\h: \w\a\]${debian_chroot:+($debian_chroot)}\[\033[01;32m\]\u@\h\[\033[00m\]:\[\033[01;34m\]\w\[\033[00m\]\$ VIRTUAL_ENV_PROMPT=(venv-ardupilot) /usr/bin/cmake --build /home/maul/simulation_learning/vac_bot/build/vac_bot -- -j8 -l8
[0.474s] Invoking command in '/home/maul/simulation_learning/vac_bot/build/vac_bot': CMAKE_PREFIX_PATH=${CMAKE_PREFIX_PATH}:/opt/ros/jazzy DEBUGINFOD_URLS=https://debuginfod.ubuntu.com PS1=\[\e]0;\u@\h: \w\a\]${debian_chroot:+($debian_chroot)}\[\033[01;32m\]\u@\h\[\033[00m\]:\[\033[01;34m\]\w\[\033[00m\]\$ VIRTUAL_ENV_PROMPT=(venv-ardupilot) /usr/bin/cmake --install /home/maul/simulation_learning/vac_bot/build/vac_bot
[0.481s] -- Install configuration: ""
[0.481s] -- Execute custom install script
[0.481s] -- Symlinking: /home/maul/simulation_learning/vac_bot/install/vac_bot/share/vac_bot/config/empty.yaml
[0.489s] -- Symlinking: /home/maul/simulation_learning/vac_bot/install/vac_bot/share/vac_bot/config/view_bot.rviz
[0.497s] -- Symlinking: /home/maul/simulation_learning/vac_bot/install/vac_bot/share/vac_bot/description/inertial_macros.xacro
[0.506s] -- Symlinking: /home/maul/simulation_learning/vac_bot/install/vac_bot/share/vac_bot/description/robot.urdf.xacro
[0.514s] -- Symlinking: /home/maul/simulation_learning/vac_bot/install/vac_bot/share/vac_bot/description/robot_core.xacro
[0.522s] -- Symlinking: /home/maul/simulation_learning/vac_bot/install/vac_bot/share/vac_bot/launch/rsp.launch.py
[0.530s] -- Symlinking: /home/maul/simulation_learning/vac_bot/install/vac_bot/share/vac_bot/worlds/empty.world
[0.538s] -- Up-to-date symlink: /home/maul/simulation_learning/vac_bot/install/vac_bot/share/ament_index/resource_index/package_run_dependencies/vac_bot
[0.538s] -- Up-to-date symlink: /home/maul/simulation_learning/vac_bot/install/vac_bot/share/ament_index/resource_index/parent_prefix_path/vac_bot
[0.538s] -- Up-to-date symlink: /home/maul/simulation_learning/vac_bot/install/vac_bot/share/vac_bot/environment/ament_prefix_path.sh
[0.539s] -- Up-to-date symlink: /home/maul/simulation_learning/vac_bot/install/vac_bot/share/vac_bot/environment/ament_prefix_path.dsv
[0.539s] -- Up-to-date symlink: /home/maul/simulation_learning/vac_bot/install/vac_bot/share/vac_bot/environment/path.sh
[0.539s] -- Up-to-date symlink: /home/maul/simulation_learning/vac_bot/install/vac_bot/share/vac_bot/environment/path.dsv
[0.539s] -- Up-to-date symlink: /home/maul/simulation_learning/vac_bot/install/vac_bot/share/vac_bot/local_setup.bash
[0.540s] -- Up-to-date symlink: /home/maul/simulation_learning/vac_bot/install/vac_bot/share/vac_bot/local_setup.sh
[0.540s] -- Up-to-date symlink: /home/maul/simulation_learning/vac_bot/install/vac_bot/share/vac_bot/local_setup.zsh
[0.540s] -- Up-to-date symlink: /home/maul/simulation_learning/vac_bot/install/vac_bot/share/vac_bot/local_setup.dsv
[0.541s] -- Symlinking: /home/maul/simulation_learning/vac_bot/install/vac_bot/share/vac_bot/package.dsv
[0.550s] -- Up-to-date symlink: /home/maul/simulation_learning/vac_bot/install/vac_bot/share/ament_index/resource_index/packages/vac_bot
[0.550s] -- Up-to-date symlink: /home/maul/simulation_learning/vac_bot/install/vac_bot/share/vac_bot/cmake/vac_botConfig.cmake
[0.550s] -- Up-to-date symlink: /home/maul/simulation_learning/vac_bot/install/vac_bot/share/vac_bot/cmake/vac_botConfig-version.cmake
[0.550s] -- Up-to-date symlink: /home/maul/simulation_learning/vac_bot/install/vac_bot/share/vac_bot/package.xml
[0.553s] Invoked command in '/home/maul/simulation_learning/vac_bot/build/vac_bot' returned '0': CMAKE_PREFIX_PATH=${CMAKE_PREFIX_PATH}:/opt/ros/jazzy DEBUGINFOD_URLS=https://debuginfod.ubuntu.com PS1=\[\e]0;\u@\h: \w\a\]${debian_chroot:+($debian_chroot)}\[\033[01;32m\]\u@\h\[\033[00m\]:\[\033[01;34m\]\w\[\033[00m\]\$ VIRTUAL_ENV_PROMPT=(venv-ardupilot) /usr/bin/cmake --install /home/maul/simulation_learning/vac_bot/build/vac_bot
