[0.104s] DEBUG:colcon:Command line arguments: ['/usr/bin/colcon', 'build', '--packages-select', 'vac_bot']
[0.104s] DEBUG:colcon:Parsed command line arguments: Namespace(log_base=None, log_level=None, verb_name='build', build_base='build', install_base='install', merge_install=False, symlink_install=False, test_result_base=None, continue_on_error=False, executor='parallel', parallel_workers=8, event_handlers=None, ignore_user_meta=False, metas=['./colcon.meta'], base_paths=['.'], packages_ignore=None, packages_ignore_regex=None, paths=None, packages_up_to=None, packages_up_to_regex=None, packages_above=None, packages_above_and_dependencies=None, packages_above_depth=None, packages_select_by_dep=None, packages_skip_by_dep=None, packages_skip_up_to=None, packages_select_build_failed=False, packages_skip_build_finished=False, packages_select_test_failures=False, packages_skip_test_passed=False, packages_select=['vac_bot'], packages_skip=None, packages_select_regex=None, packages_skip_regex=None, packages_start=None, packages_end=None, allow_overriding=[], cmake_args=None, cmake_target=None, cmake_target_skip_unavailable=False, cmake_clean_cache=False, cmake_clean_first=False, cmake_force_configure=False, ament_cmake_args=None, catkin_cmake_args=None, catkin_skip_building_tests=False, mixin_files=None, mixin=None, verb_parser=<colcon_mixin.mixin.mixin_argument.MixinArgumentDecorator object at 0x7dae3f8ac8f0>, verb_extension=<colcon_core.verb.build.BuildVerb object at 0x7dae3f8ac4a0>, main=<bound method BuildVerb.main of <colcon_core.verb.build.BuildVerb object at 0x7dae3f8ac4a0>>, mixin_verb=('build',))
[0.145s] Level 1:colcon.colcon_core.package_discovery:discover_packages(colcon_meta) check parameters
[0.145s] Level 1:colcon.colcon_core.package_discovery:discover_packages(recursive) check parameters
[0.146s] Level 1:colcon.colcon_core.package_discovery:discover_packages(ignore) check parameters
[0.146s] Level 1:colcon.colcon_core.package_discovery:discover_packages(path) check parameters
[0.146s] Level 1:colcon.colcon_core.package_discovery:discover_packages(colcon_meta) discover
[0.146s] Level 1:colcon.colcon_core.package_discovery:discover_packages(recursive) discover
[0.146s] INFO:colcon.colcon_core.package_discovery:Crawling recursively for packages in '/home/maul/simulation_learning/vac_bot'
[0.146s] Level 1:colcon.colcon_core.package_identification:_identify(.) by extensions ['ignore', 'ignore_ament_install']
[0.146s] Level 1:colcon.colcon_core.package_identification:_identify(.) by extension 'ignore'
[0.146s] Level 1:colcon.colcon_core.package_identification:_identify(.) by extension 'ignore_ament_install'
[0.146s] Level 1:colcon.colcon_core.package_identification:_identify(.) by extensions ['colcon_pkg']
[0.146s] Level 1:colcon.colcon_core.package_identification:_identify(.) by extension 'colcon_pkg'
[0.146s] Level 1:colcon.colcon_core.package_identification:_identify(.) by extensions ['colcon_meta']
[0.146s] Level 1:colcon.colcon_core.package_identification:_identify(.) by extension 'colcon_meta'
[0.146s] Level 1:colcon.colcon_core.package_identification:_identify(.) by extensions ['ros']
[0.146s] Level 1:colcon.colcon_core.package_identification:_identify(.) by extension 'ros'
[0.171s] Level 1:colcon.colcon_core.package_identification:_identify(.) by extensions ['cmake', 'python']
[0.171s] Level 1:colcon.colcon_core.package_identification:_identify(.) by extension 'cmake'
[0.171s] Level 1:colcon.colcon_core.package_identification:_identify(.) by extension 'python'
[0.171s] Level 1:colcon.colcon_core.package_identification:_identify(.) by extensions ['python_setup_py']
[0.171s] Level 1:colcon.colcon_core.package_identification:_identify(.) by extension 'python_setup_py'
[0.171s] Level 1:colcon.colcon_core.package_identification:_identify(build) by extensions ['ignore', 'ignore_ament_install']
[0.171s] Level 1:colcon.colcon_core.package_identification:_identify(build) by extension 'ignore'
[0.171s] Level 1:colcon.colcon_core.package_identification:_identify(build) ignored
[0.171s] Level 1:colcon.colcon_core.package_identification:_identify(install) by extensions ['ignore', 'ignore_ament_install']
[0.171s] Level 1:colcon.colcon_core.package_identification:_identify(install) by extension 'ignore'
[0.172s] Level 1:colcon.colcon_core.package_identification:_identify(install) ignored
[0.172s] Level 1:colcon.colcon_core.package_identification:_identify(log) by extensions ['ignore', 'ignore_ament_install']
[0.172s] Level 1:colcon.colcon_core.package_identification:_identify(log) by extension 'ignore'
[0.172s] Level 1:colcon.colcon_core.package_identification:_identify(log) ignored
[0.172s] Level 1:colcon.colcon_core.package_identification:_identify(src) by extensions ['ignore', 'ignore_ament_install']
[0.172s] Level 1:colcon.colcon_core.package_identification:_identify(src) by extension 'ignore'
[0.172s] Level 1:colcon.colcon_core.package_identification:_identify(src) by extension 'ignore_ament_install'
[0.172s] Level 1:colcon.colcon_core.package_identification:_identify(src) by extensions ['colcon_pkg']
[0.172s] Level 1:colcon.colcon_core.package_identification:_identify(src) by extension 'colcon_pkg'
[0.172s] Level 1:colcon.colcon_core.package_identification:_identify(src) by extensions ['colcon_meta']
[0.172s] Level 1:colcon.colcon_core.package_identification:_identify(src) by extension 'colcon_meta'
[0.172s] Level 1:colcon.colcon_core.package_identification:_identify(src) by extensions ['ros']
[0.172s] Level 1:colcon.colcon_core.package_identification:_identify(src) by extension 'ros'
[0.173s] Level 1:colcon.colcon_core.package_identification:_identify(src) by extensions ['cmake', 'python']
[0.173s] Level 1:colcon.colcon_core.package_identification:_identify(src) by extension 'cmake'
[0.173s] Level 1:colcon.colcon_core.package_identification:_identify(src) by extension 'python'
[0.173s] Level 1:colcon.colcon_core.package_identification:_identify(src) by extensions ['python_setup_py']
[0.173s] Level 1:colcon.colcon_core.package_identification:_identify(src) by extension 'python_setup_py'
[0.173s] Level 1:colcon.colcon_core.package_identification:_identify(src/vac_bot) by extensions ['ignore', 'ignore_ament_install']
[0.173s] Level 1:colcon.colcon_core.package_identification:_identify(src/vac_bot) by extension 'ignore'
[0.173s] Level 1:colcon.colcon_core.package_identification:_identify(src/vac_bot) by extension 'ignore_ament_install'
[0.173s] Level 1:colcon.colcon_core.package_identification:_identify(src/vac_bot) by extensions ['colcon_pkg']
[0.173s] Level 1:colcon.colcon_core.package_identification:_identify(src/vac_bot) by extension 'colcon_pkg'
[0.173s] Level 1:colcon.colcon_core.package_identification:_identify(src/vac_bot) by extensions ['colcon_meta']
[0.173s] Level 1:colcon.colcon_core.package_identification:_identify(src/vac_bot) by extension 'colcon_meta'
[0.174s] Level 1:colcon.colcon_core.package_identification:_identify(src/vac_bot) by extensions ['ros']
[0.174s] Level 1:colcon.colcon_core.package_identification:_identify(src/vac_bot) by extension 'ros'
[0.176s] DEBUG:colcon.colcon_core.package_identification:Package 'src/vac_bot' with type 'ros.ament_cmake' and name 'vac_bot'
[0.176s] Level 1:colcon.colcon_core.package_discovery:discover_packages(recursive) using defaults
[0.176s] Level 1:colcon.colcon_core.package_discovery:discover_packages(ignore) discover
[0.176s] Level 1:colcon.colcon_core.package_discovery:discover_packages(ignore) using defaults
[0.176s] Level 1:colcon.colcon_core.package_discovery:discover_packages(path) discover
[0.176s] Level 1:colcon.colcon_core.package_discovery:discover_packages(path) using defaults
[0.193s] Level 1:colcon.colcon_core.package_discovery:discover_packages(prefix_path) check parameters
[0.193s] Level 1:colcon.colcon_core.package_discovery:discover_packages(prefix_path) discover
[0.194s] WARNING:colcon.colcon_ros.prefix_path.catkin:The path '/usr/local/include/mavlink' in the environment variable CMAKE_PREFIX_PATH doesn't exist
[0.194s] WARNING:colcon.colcon_ros.prefix_path.catkin:The path '/usr/local/share/mavlink/cmake' in the environment variable CMAKE_PREFIX_PATH doesn't exist
[0.194s] DEBUG:colcon.colcon_installed_package_information.package_discovery:Found 1 installed packages in /home/maul/simulation_learning/vac_bot/install
[0.195s] DEBUG:colcon.colcon_installed_package_information.package_discovery:Found 1 installed packages in /home/maul/simulation_learning/sim_ws/install
[0.197s] DEBUG:colcon.colcon_installed_package_information.package_discovery:Found 418 installed packages in /opt/ros/jazzy
[0.200s] Level 1:colcon.colcon_core.package_discovery:discover_packages(prefix_path) using defaults
[0.255s] Level 5:colcon.colcon_core.verb:set package 'vac_bot' build argument 'cmake_args' from command line to 'None'
[0.255s] Level 5:colcon.colcon_core.verb:set package 'vac_bot' build argument 'cmake_target' from command line to 'None'
[0.255s] Level 5:colcon.colcon_core.verb:set package 'vac_bot' build argument 'cmake_target_skip_unavailable' from command line to 'False'
[0.255s] Level 5:colcon.colcon_core.verb:set package 'vac_bot' build argument 'cmake_clean_cache' from command line to 'False'
[0.255s] Level 5:colcon.colcon_core.verb:set package 'vac_bot' build argument 'cmake_clean_first' from command line to 'False'
[0.255s] Level 5:colcon.colcon_core.verb:set package 'vac_bot' build argument 'cmake_force_configure' from command line to 'False'
[0.255s] Level 5:colcon.colcon_core.verb:set package 'vac_bot' build argument 'ament_cmake_args' from command line to 'None'
[0.255s] Level 5:colcon.colcon_core.verb:set package 'vac_bot' build argument 'catkin_cmake_args' from command line to 'None'
[0.255s] Level 5:colcon.colcon_core.verb:set package 'vac_bot' build argument 'catkin_skip_building_tests' from command line to 'False'
[0.255s] DEBUG:colcon.colcon_core.verb:Building package 'vac_bot' with the following arguments: {'ament_cmake_args': None, 'build_base': '/home/maul/simulation_learning/vac_bot/build/vac_bot', 'catkin_cmake_args': None, 'catkin_skip_building_tests': False, 'cmake_args': None, 'cmake_clean_cache': False, 'cmake_clean_first': False, 'cmake_force_configure': False, 'cmake_target': None, 'cmake_target_skip_unavailable': False, 'install_base': '/home/maul/simulation_learning/vac_bot/install/vac_bot', 'merge_install': False, 'path': '/home/maul/simulation_learning/vac_bot/src/vac_bot', 'symlink_install': False, 'test_result_base': None}
[0.256s] INFO:colcon.colcon_core.executor:Executing jobs using 'parallel' executor
[0.257s] DEBUG:colcon.colcon_parallel_executor.executor.parallel:run_until_complete
[0.257s] INFO:colcon.colcon_ros.task.ament_cmake.build:Building ROS package in '/home/maul/simulation_learning/vac_bot/src/vac_bot' with build type 'ament_cmake'
[0.257s] INFO:colcon.colcon_cmake.task.cmake.build:Building CMake package in '/home/maul/simulation_learning/vac_bot/src/vac_bot'
[0.259s] INFO:colcon.colcon_core.plugin_system:Skipping extension 'colcon_core.shell.bat': Not used on non-Windows systems
[0.260s] INFO:colcon.colcon_core.shell:Skip shell extension 'powershell' for command environment: Not usable outside of PowerShell
[0.260s] DEBUG:colcon.colcon_core.shell:Skip shell extension 'dsv' for command environment
[0.270s] DEBUG:colcon.colcon_core.event_handler.log_command:Invoking command in '/home/maul/simulation_learning/vac_bot/build/vac_bot': CMAKE_PREFIX_PATH=${CMAKE_PREFIX_PATH}:/opt/ros/jazzy DEBUGINFOD_URLS=https://debuginfod.ubuntu.com PS1=\[\e]0;\u@\h: \w\a\]${debian_chroot:+($debian_chroot)}\[\033[01;32m\]\u@\h\[\033[00m\]:\[\033[01;34m\]\w\[\033[00m\]\$ VIRTUAL_ENV_PROMPT=(venv-ardupilot) /usr/bin/cmake --build /home/maul/simulation_learning/vac_bot/build/vac_bot -- -j8 -l8
[0.701s] DEBUG:colcon.colcon_core.event_handler.log_command:Invoked command in '/home/maul/simulation_learning/vac_bot/build/vac_bot' returned '0': CMAKE_PREFIX_PATH=${CMAKE_PREFIX_PATH}:/opt/ros/jazzy DEBUGINFOD_URLS=https://debuginfod.ubuntu.com PS1=\[\e]0;\u@\h: \w\a\]${debian_chroot:+($debian_chroot)}\[\033[01;32m\]\u@\h\[\033[00m\]:\[\033[01;34m\]\w\[\033[00m\]\$ VIRTUAL_ENV_PROMPT=(venv-ardupilot) /usr/bin/cmake --build /home/maul/simulation_learning/vac_bot/build/vac_bot -- -j8 -l8
[0.731s] DEBUG:colcon.colcon_core.event_handler.log_command:Invoking command in '/home/maul/simulation_learning/vac_bot/build/vac_bot': CMAKE_PREFIX_PATH=${CMAKE_PREFIX_PATH}:/opt/ros/jazzy DEBUGINFOD_URLS=https://debuginfod.ubuntu.com PS1=\[\e]0;\u@\h: \w\a\]${debian_chroot:+($debian_chroot)}\[\033[01;32m\]\u@\h\[\033[00m\]:\[\033[01;34m\]\w\[\033[00m\]\$ VIRTUAL_ENV_PROMPT=(venv-ardupilot) /usr/bin/cmake --install /home/maul/simulation_learning/vac_bot/build/vac_bot
[0.809s] Level 1:colcon.colcon_core.environment:create_environment_scripts_only(vac_bot)
[0.810s] DEBUG:colcon.colcon_core.event_handler.log_command:Invoked command in '/home/maul/simulation_learning/vac_bot/build/vac_bot' returned '0': CMAKE_PREFIX_PATH=${CMAKE_PREFIX_PATH}:/opt/ros/jazzy DEBUGINFOD_URLS=https://debuginfod.ubuntu.com PS1=\[\e]0;\u@\h: \w\a\]${debian_chroot:+($debian_chroot)}\[\033[01;32m\]\u@\h\[\033[00m\]:\[\033[01;34m\]\w\[\033[00m\]\$ VIRTUAL_ENV_PROMPT=(venv-ardupilot) /usr/bin/cmake --install /home/maul/simulation_learning/vac_bot/build/vac_bot
[0.812s] Level 1:colcon.colcon_core.environment:checking '/home/maul/simulation_learning/vac_bot/install/vac_bot' for CMake module files
[0.812s] Level 1:colcon.colcon_core.environment:checking '/home/maul/simulation_learning/vac_bot/install/vac_bot' for CMake config files
[0.812s] Level 1:colcon.colcon_core.shell:create_environment_hook('vac_bot', 'cmake_prefix_path')
[0.813s] INFO:colcon.colcon_core.shell:Creating environment hook '/home/maul/simulation_learning/vac_bot/install/vac_bot/share/vac_bot/hook/cmake_prefix_path.ps1'
[0.813s] INFO:colcon.colcon_core.shell:Creating environment descriptor '/home/maul/simulation_learning/vac_bot/install/vac_bot/share/vac_bot/hook/cmake_prefix_path.dsv'
[0.814s] INFO:colcon.colcon_core.shell:Creating environment hook '/home/maul/simulation_learning/vac_bot/install/vac_bot/share/vac_bot/hook/cmake_prefix_path.sh'
[0.814s] Level 1:colcon.colcon_core.environment:checking '/home/maul/simulation_learning/vac_bot/install/vac_bot/bin'
[0.815s] Level 1:colcon.colcon_core.environment:checking '/home/maul/simulation_learning/vac_bot/install/vac_bot/lib/pkgconfig/vac_bot.pc'
[0.815s] Level 1:colcon.colcon_core.environment:checking '/home/maul/simulation_learning/vac_bot/install/vac_bot/lib/python3.12/site-packages'
[0.815s] Level 1:colcon.colcon_core.environment:checking '/home/maul/simulation_learning/vac_bot/install/vac_bot/bin'
[0.815s] INFO:colcon.colcon_core.shell:Creating package script '/home/maul/simulation_learning/vac_bot/install/vac_bot/share/vac_bot/package.ps1'
[0.816s] INFO:colcon.colcon_core.shell:Creating package descriptor '/home/maul/simulation_learning/vac_bot/install/vac_bot/share/vac_bot/package.dsv'
[0.816s] INFO:colcon.colcon_core.shell:Creating package script '/home/maul/simulation_learning/vac_bot/install/vac_bot/share/vac_bot/package.sh'
[0.817s] INFO:colcon.colcon_core.shell:Creating package script '/home/maul/simulation_learning/vac_bot/install/vac_bot/share/vac_bot/package.bash'
[0.817s] INFO:colcon.colcon_core.shell:Creating package script '/home/maul/simulation_learning/vac_bot/install/vac_bot/share/vac_bot/package.zsh'
[0.818s] Level 1:colcon.colcon_core.environment:create_file_with_runtime_dependencies(/home/maul/simulation_learning/vac_bot/install/vac_bot/share/colcon-core/packages/vac_bot)
[0.836s] Level 1:colcon.colcon_core.environment:create_environment_scripts_only(vac_bot)
[0.836s] Level 1:colcon.colcon_core.environment:checking '/home/maul/simulation_learning/vac_bot/install/vac_bot' for CMake module files
[0.837s] Level 1:colcon.colcon_core.environment:checking '/home/maul/simulation_learning/vac_bot/install/vac_bot' for CMake config files
[0.837s] Level 1:colcon.colcon_core.shell:create_environment_hook('vac_bot', 'cmake_prefix_path')
[0.837s] INFO:colcon.colcon_core.shell:Creating environment hook '/home/maul/simulation_learning/vac_bot/install/vac_bot/share/vac_bot/hook/cmake_prefix_path.ps1'
[0.838s] INFO:colcon.colcon_core.shell:Creating environment descriptor '/home/maul/simulation_learning/vac_bot/install/vac_bot/share/vac_bot/hook/cmake_prefix_path.dsv'
[0.838s] INFO:colcon.colcon_core.shell:Creating environment hook '/home/maul/simulation_learning/vac_bot/install/vac_bot/share/vac_bot/hook/cmake_prefix_path.sh'
[0.839s] Level 1:colcon.colcon_core.environment:checking '/home/maul/simulation_learning/vac_bot/install/vac_bot/bin'
[0.839s] Level 1:colcon.colcon_core.environment:checking '/home/maul/simulation_learning/vac_bot/install/vac_bot/lib/pkgconfig/vac_bot.pc'
[0.839s] Level 1:colcon.colcon_core.environment:checking '/home/maul/simulation_learning/vac_bot/install/vac_bot/lib/python3.12/site-packages'
[0.839s] Level 1:colcon.colcon_core.environment:checking '/home/maul/simulation_learning/vac_bot/install/vac_bot/bin'
[0.840s] INFO:colcon.colcon_core.shell:Creating package script '/home/maul/simulation_learning/vac_bot/install/vac_bot/share/vac_bot/package.ps1'
[0.840s] INFO:colcon.colcon_core.shell:Creating package descriptor '/home/maul/simulation_learning/vac_bot/install/vac_bot/share/vac_bot/package.dsv'
[0.840s] INFO:colcon.colcon_core.shell:Creating package script '/home/maul/simulation_learning/vac_bot/install/vac_bot/share/vac_bot/package.sh'
[0.841s] INFO:colcon.colcon_core.shell:Creating package script '/home/maul/simulation_learning/vac_bot/install/vac_bot/share/vac_bot/package.bash'
[0.841s] INFO:colcon.colcon_core.shell:Creating package script '/home/maul/simulation_learning/vac_bot/install/vac_bot/share/vac_bot/package.zsh'
[0.842s] Level 1:colcon.colcon_core.environment:create_file_with_runtime_dependencies(/home/maul/simulation_learning/vac_bot/install/vac_bot/share/colcon-core/packages/vac_bot)
[0.842s] DEBUG:colcon.colcon_parallel_executor.executor.parallel:closing loop
[0.842s] DEBUG:colcon.colcon_parallel_executor.executor.parallel:loop closed
[0.842s] DEBUG:colcon.colcon_parallel_executor.executor.parallel:run_until_complete finished with '0'
[0.842s] DEBUG:colcon.colcon_core.event_reactor:joining thread
[0.849s] INFO:colcon.colcon_core.plugin_system:Skipping extension 'colcon_notification.desktop_notification.terminal_notifier': Not used on non-Darwin systems
[0.849s] INFO:colcon.colcon_core.plugin_system:Skipping extension 'colcon_notification.desktop_notification.win32': Not used on non-Windows systems
[0.849s] INFO:colcon.colcon_notification.desktop_notification:Sending desktop notification using 'notify2'
[0.860s] DEBUG:colcon.colcon_core.event_reactor:joined thread
[0.861s] INFO:colcon.colcon_core.shell:Creating prefix script '/home/maul/simulation_learning/vac_bot/install/local_setup.ps1'
[0.862s] INFO:colcon.colcon_core.shell:Creating prefix util module '/home/maul/simulation_learning/vac_bot/install/_local_setup_util_ps1.py'
[0.863s] INFO:colcon.colcon_core.shell:Creating prefix chain script '/home/maul/simulation_learning/vac_bot/install/setup.ps1'
[0.864s] INFO:colcon.colcon_core.shell:Creating prefix script '/home/maul/simulation_learning/vac_bot/install/local_setup.sh'
[0.865s] INFO:colcon.colcon_core.shell:Creating prefix util module '/home/maul/simulation_learning/vac_bot/install/_local_setup_util_sh.py'
[0.866s] INFO:colcon.colcon_core.shell:Creating prefix chain script '/home/maul/simulation_learning/vac_bot/install/setup.sh'
[0.867s] INFO:colcon.colcon_core.shell:Creating prefix script '/home/maul/simulation_learning/vac_bot/install/local_setup.bash'
[0.867s] INFO:colcon.colcon_core.shell:Creating prefix chain script '/home/maul/simulation_learning/vac_bot/install/setup.bash'
[0.868s] INFO:colcon.colcon_core.shell:Creating prefix script '/home/maul/simulation_learning/vac_bot/install/local_setup.zsh'
[0.869s] INFO:colcon.colcon_core.shell:Creating prefix chain script '/home/maul/simulation_learning/vac_bot/install/setup.zsh'
