[0.094s] Invoking command in '/home/maul/ws_kinclong_sim/build/explore_lite': CMAKE_PREFIX_PATH=${CMAKE_PREFIX_PATH}:/opt/ros/jazzy DEBUGINFOD_URLS=https://debuginfod.ubuntu.com PS1=\[\e]0;\u@\h: \w\a\]${debian_chroot:+($debian_chroot)}\[\033[01;32m\]\u@\h\[\033[00m\]:\[\033[01;34m\]\w\[\033[00m\]\$ VIRTUAL_ENV_PROMPT=(venv-ardupilot) /usr/bin/cmake --build /home/maul/ws_kinclong_sim/build/explore_lite -- -j8 -l8
[1.742s] [ 40%] Built target explore
[1.833s] [ 60%] Built target gtest
[1.913s] [ 80%] Built target gtest_main
[1.935s] [100%] Built target test_explore
[1.945s] Invoked command in '/home/maul/ws_kinclong_sim/build/explore_lite' returned '0': CMAKE_PREFIX_PATH=${CMAKE_PREFIX_PATH}:/opt/ros/jazzy DEBUGINFOD_URLS=https://debuginfod.ubuntu.com PS1=\[\e]0;\u@\h: \w\a\]${debian_chroot:+($debian_chroot)}\[\033[01;32m\]\u@\h\[\033[00m\]:\[\033[01;34m\]\w\[\033[00m\]\$ VIRTUAL_ENV_PROMPT=(venv-ardupilot) /usr/bin/cmake --build /home/maul/ws_kinclong_sim/build/explore_lite -- -j8 -l8
[1.975s] Invoking command in '/home/maul/ws_kinclong_sim/build/explore_lite': CMAKE_PREFIX_PATH=${CMAKE_PREFIX_PATH}:/opt/ros/jazzy DEBUGINFOD_URLS=https://debuginfod.ubuntu.com PS1=\[\e]0;\u@\h: \w\a\]${debian_chroot:+($debian_chroot)}\[\033[01;32m\]\u@\h\[\033[00m\]:\[\033[01;34m\]\w\[\033[00m\]\$ VIRTUAL_ENV_PROMPT=(venv-ardupilot) /usr/bin/cmake --install /home/maul/ws_kinclong_sim/build/explore_lite
[1.982s] -- Install configuration: ""
[1.982s] -- Up-to-date: /home/maul/ws_kinclong_sim/install/explore_lite/include/explore/
[1.982s] -- Up-to-date: /home/maul/ws_kinclong_sim/install/explore_lite/include/explore//explore.h
[1.982s] -- Up-to-date: /home/maul/ws_kinclong_sim/install/explore_lite/include/explore//costmap_tools.h
[1.982s] -- Up-to-date: /home/maul/ws_kinclong_sim/install/explore_lite/include/explore//frontier_search.h
[1.982s] -- Up-to-date: /home/maul/ws_kinclong_sim/install/explore_lite/include/explore//costmap_client.h
[1.983s] -- Up-to-date: /home/maul/ws_kinclong_sim/install/explore_lite/share/explore_lite/config
[1.983s] -- Up-to-date: /home/maul/ws_kinclong_sim/install/explore_lite/share/explore_lite/config/params.yaml
[1.983s] -- Up-to-date: /home/maul/ws_kinclong_sim/install/explore_lite/share/explore_lite/config/params_costmap.yaml
[1.983s] -- Up-to-date: /home/maul/ws_kinclong_sim/install/explore_lite/share/explore_lite/launch
[1.983s] -- Up-to-date: /home/maul/ws_kinclong_sim/install/explore_lite/share/explore_lite/launch/explore.launch.py
[2.103s] -- Up-to-date: /home/maul/ws_kinclong_sim/install/explore_lite/lib/explore_lite/explore
[2.104s] -- Up-to-date: /home/maul/ws_kinclong_sim/install/explore_lite/share/ament_index/resource_index/package_run_dependencies/explore_lite
[2.104s] -- Up-to-date: /home/maul/ws_kinclong_sim/install/explore_lite/share/ament_index/resource_index/parent_prefix_path/explore_lite
[2.104s] -- Up-to-date: /home/maul/ws_kinclong_sim/install/explore_lite/share/explore_lite/environment/ament_prefix_path.sh
[2.104s] -- Up-to-date: /home/maul/ws_kinclong_sim/install/explore_lite/share/explore_lite/environment/ament_prefix_path.dsv
[2.104s] -- Up-to-date: /home/maul/ws_kinclong_sim/install/explore_lite/share/explore_lite/environment/path.sh
[2.104s] -- Up-to-date: /home/maul/ws_kinclong_sim/install/explore_lite/share/explore_lite/environment/path.dsv
[2.105s] -- Up-to-date: /home/maul/ws_kinclong_sim/install/explore_lite/share/explore_lite/local_setup.bash
[2.105s] -- Up-to-date: /home/maul/ws_kinclong_sim/install/explore_lite/share/explore_lite/local_setup.sh
[2.105s] -- Up-to-date: /home/maul/ws_kinclong_sim/install/explore_lite/share/explore_lite/local_setup.zsh
[2.105s] -- Up-to-date: /home/maul/ws_kinclong_sim/install/explore_lite/share/explore_lite/local_setup.dsv
[2.105s] -- Installing: /home/maul/ws_kinclong_sim/install/explore_lite/share/explore_lite/package.dsv
[2.114s] -- Up-to-date: /home/maul/ws_kinclong_sim/install/explore_lite/share/ament_index/resource_index/packages/explore_lite
[2.114s] -- Up-to-date: /home/maul/ws_kinclong_sim/install/explore_lite/share/explore_lite/cmake/ament_cmake_export_include_directories-extras.cmake
[2.115s] -- Up-to-date: /home/maul/ws_kinclong_sim/install/explore_lite/share/explore_lite/cmake/explore_liteConfig.cmake
[2.115s] -- Up-to-date: /home/maul/ws_kinclong_sim/install/explore_lite/share/explore_lite/cmake/explore_liteConfig-version.cmake
[2.115s] -- Up-to-date: /home/maul/ws_kinclong_sim/install/explore_lite/share/explore_lite/package.xml
[2.118s] Invoked command in '/home/maul/ws_kinclong_sim/build/explore_lite' returned '0': CMAKE_PREFIX_PATH=${CMAKE_PREFIX_PATH}:/opt/ros/jazzy DEBUGINFOD_URLS=https://debuginfod.ubuntu.com PS1=\[\e]0;\u@\h: \w\a\]${debian_chroot:+($debian_chroot)}\[\033[01;32m\]\u@\h\[\033[00m\]:\[\033[01;34m\]\w\[\033[00m\]\$ VIRTUAL_ENV_PROMPT=(venv-ardupilot) /usr/bin/cmake --install /home/maul/ws_kinclong_sim/build/explore_lite
