[0.543s] DEBUG:colcon:Command line arguments: ['/usr/bin/colcon', 'build', '--packages-select', 'vac_bot']
[0.543s] DEBUG:colcon:Parsed command line arguments: Namespace(log_base=None, log_level=None, verb_name='build', build_base='build', install_base='install', merge_install=False, symlink_install=False, test_result_base=None, continue_on_error=False, executor='parallel', parallel_workers=8, event_handlers=None, ignore_user_meta=False, metas=['./colcon.meta'], base_paths=['.'], packages_ignore=None, packages_ignore_regex=None, paths=None, packages_up_to=None, packages_up_to_regex=None, packages_above=None, packages_above_and_dependencies=None, packages_above_depth=None, packages_select_by_dep=None, packages_skip_by_dep=None, packages_skip_up_to=None, packages_select_build_failed=False, packages_skip_build_finished=False, packages_select_test_failures=False, packages_skip_test_passed=False, packages_select=['vac_bot'], packages_skip=None, packages_select_regex=None, packages_skip_regex=None, packages_start=None, packages_end=None, allow_overriding=[], cmake_args=None, cmake_target=None, cmake_target_skip_unavailable=False, cmake_clean_cache=False, cmake_clean_first=False, cmake_force_configure=False, ament_cmake_args=None, catkin_cmake_args=None, catkin_skip_building_tests=False, mixin_files=None, mixin=None, verb_parser=<colcon_mixin.mixin.mixin_argument.MixinArgumentDecorator object at 0x72d7ffca4ad0>, verb_extension=<colcon_core.verb.build.BuildVerb object at 0x72d7ffca46e0>, main=<bound method BuildVerb.main of <colcon_core.verb.build.BuildVerb object at 0x72d7ffca46e0>>, mixin_verb=('build',))
[0.741s] Level 1:colcon.colcon_core.package_discovery:discover_packages(colcon_meta) check parameters
[0.741s] Level 1:colcon.colcon_core.package_discovery:discover_packages(recursive) check parameters
[0.741s] Level 1:colcon.colcon_core.package_discovery:discover_packages(ignore) check parameters
[0.742s] Level 1:colcon.colcon_core.package_discovery:discover_packages(path) check parameters
[0.742s] Level 1:colcon.colcon_core.package_discovery:discover_packages(colcon_meta) discover
[0.742s] Level 1:colcon.colcon_core.package_discovery:discover_packages(recursive) discover
[0.742s] INFO:colcon.colcon_core.package_discovery:Crawling recursively for packages in '/home/maul/simulation_learning/vac_bot'
[0.743s] Level 1:colcon.colcon_core.package_identification:_identify(.) by extensions ['ignore', 'ignore_ament_install']
[0.743s] Level 1:colcon.colcon_core.package_identification:_identify(.) by extension 'ignore'
[0.744s] Level 1:colcon.colcon_core.package_identification:_identify(.) by extension 'ignore_ament_install'
[0.744s] Level 1:colcon.colcon_core.package_identification:_identify(.) by extensions ['colcon_pkg']
[0.744s] Level 1:colcon.colcon_core.package_identification:_identify(.) by extension 'colcon_pkg'
[0.745s] Level 1:colcon.colcon_core.package_identification:_identify(.) by extensions ['colcon_meta']
[0.745s] Level 1:colcon.colcon_core.package_identification:_identify(.) by extension 'colcon_meta'
[0.745s] Level 1:colcon.colcon_core.package_identification:_identify(.) by extensions ['ros']
[0.745s] Level 1:colcon.colcon_core.package_identification:_identify(.) by extension 'ros'
[0.854s] Level 1:colcon.colcon_core.package_identification:_identify(.) by extensions ['cmake', 'python']
[0.854s] Level 1:colcon.colcon_core.package_identification:_identify(.) by extension 'cmake'
[0.854s] Level 1:colcon.colcon_core.package_identification:_identify(.) by extension 'python'
[0.854s] Level 1:colcon.colcon_core.package_identification:_identify(.) by extensions ['python_setup_py']
[0.855s] Level 1:colcon.colcon_core.package_identification:_identify(.) by extension 'python_setup_py'
[0.855s] Level 1:colcon.colcon_core.package_identification:_identify(build) by extensions ['ignore', 'ignore_ament_install']
[0.856s] Level 1:colcon.colcon_core.package_identification:_identify(build) by extension 'ignore'
[0.856s] Level 1:colcon.colcon_core.package_identification:_identify(build) ignored
[0.857s] Level 1:colcon.colcon_core.package_identification:_identify(install) by extensions ['ignore', 'ignore_ament_install']
[0.858s] Level 1:colcon.colcon_core.package_identification:_identify(install) by extension 'ignore'
[0.858s] Level 1:colcon.colcon_core.package_identification:_identify(install) ignored
[0.858s] Level 1:colcon.colcon_core.package_identification:_identify(log) by extensions ['ignore', 'ignore_ament_install']
[0.859s] Level 1:colcon.colcon_core.package_identification:_identify(log) by extension 'ignore'
[0.859s] Level 1:colcon.colcon_core.package_identification:_identify(log) ignored
[0.860s] Level 1:colcon.colcon_core.package_identification:_identify(src) by extensions ['ignore', 'ignore_ament_install']
[0.860s] Level 1:colcon.colcon_core.package_identification:_identify(src) by extension 'ignore'
[0.861s] Level 1:colcon.colcon_core.package_identification:_identify(src) by extension 'ignore_ament_install'
[0.861s] Level 1:colcon.colcon_core.package_identification:_identify(src) by extensions ['colcon_pkg']
[0.861s] Level 1:colcon.colcon_core.package_identification:_identify(src) by extension 'colcon_pkg'
[0.862s] Level 1:colcon.colcon_core.package_identification:_identify(src) by extensions ['colcon_meta']
[0.862s] Level 1:colcon.colcon_core.package_identification:_identify(src) by extension 'colcon_meta'
[0.862s] Level 1:colcon.colcon_core.package_identification:_identify(src) by extensions ['ros']
[0.862s] Level 1:colcon.colcon_core.package_identification:_identify(src) by extension 'ros'
[0.863s] Level 1:colcon.colcon_core.package_identification:_identify(src) by extensions ['cmake', 'python']
[0.863s] Level 1:colcon.colcon_core.package_identification:_identify(src) by extension 'cmake'
[0.863s] Level 1:colcon.colcon_core.package_identification:_identify(src) by extension 'python'
[0.864s] Level 1:colcon.colcon_core.package_identification:_identify(src) by extensions ['python_setup_py']
[0.864s] Level 1:colcon.colcon_core.package_identification:_identify(src) by extension 'python_setup_py'
[0.864s] Level 1:colcon.colcon_core.package_identification:_identify(src/vac_bot) by extensions ['ignore', 'ignore_ament_install']
[0.865s] Level 1:colcon.colcon_core.package_identification:_identify(src/vac_bot) by extension 'ignore'
[0.865s] Level 1:colcon.colcon_core.package_identification:_identify(src/vac_bot) by extension 'ignore_ament_install'
[0.866s] Level 1:colcon.colcon_core.package_identification:_identify(src/vac_bot) by extensions ['colcon_pkg']
[0.866s] Level 1:colcon.colcon_core.package_identification:_identify(src/vac_bot) by extension 'colcon_pkg'
[0.866s] Level 1:colcon.colcon_core.package_identification:_identify(src/vac_bot) by extensions ['colcon_meta']
[0.866s] Level 1:colcon.colcon_core.package_identification:_identify(src/vac_bot) by extension 'colcon_meta'
[0.867s] Level 1:colcon.colcon_core.package_identification:_identify(src/vac_bot) by extensions ['ros']
[0.867s] Level 1:colcon.colcon_core.package_identification:_identify(src/vac_bot) by extension 'ros'
[0.876s] DEBUG:colcon.colcon_core.package_identification:Package 'src/vac_bot' with type 'ros.ament_cmake' and name 'vac_bot'
[0.877s] Level 1:colcon.colcon_core.package_discovery:discover_packages(recursive) using defaults
[0.877s] Level 1:colcon.colcon_core.package_discovery:discover_packages(ignore) discover
[0.877s] Level 1:colcon.colcon_core.package_discovery:discover_packages(ignore) using defaults
[0.877s] Level 1:colcon.colcon_core.package_discovery:discover_packages(path) discover
[0.878s] Level 1:colcon.colcon_core.package_discovery:discover_packages(path) using defaults
[0.963s] Level 1:colcon.colcon_core.package_discovery:discover_packages(prefix_path) check parameters
[0.964s] Level 1:colcon.colcon_core.package_discovery:discover_packages(prefix_path) discover
[0.969s] WARNING:colcon.colcon_ros.prefix_path.catkin:The path '/usr/local/include/mavlink' in the environment variable CMAKE_PREFIX_PATH doesn't exist
[0.969s] WARNING:colcon.colcon_ros.prefix_path.catkin:The path '/usr/local/share/mavlink/cmake' in the environment variable CMAKE_PREFIX_PATH doesn't exist
[0.973s] DEBUG:colcon.colcon_installed_package_information.package_discovery:Found 1 installed packages in /home/maul/simulation_learning/vac_bot/install
[0.975s] DEBUG:colcon.colcon_installed_package_information.package_discovery:Found 1 installed packages in /home/maul/simulation_learning/sim_ws/install
[0.985s] DEBUG:colcon.colcon_installed_package_information.package_discovery:Found 418 installed packages in /opt/ros/jazzy
[0.994s] Level 1:colcon.colcon_core.package_discovery:discover_packages(prefix_path) using defaults
[1.277s] Level 5:colcon.colcon_core.verb:set package 'vac_bot' build argument 'cmake_args' from command line to 'None'
[1.277s] Level 5:colcon.colcon_core.verb:set package 'vac_bot' build argument 'cmake_target' from command line to 'None'
[1.277s] Level 5:colcon.colcon_core.verb:set package 'vac_bot' build argument 'cmake_target_skip_unavailable' from command line to 'False'
[1.277s] Level 5:colcon.colcon_core.verb:set package 'vac_bot' build argument 'cmake_clean_cache' from command line to 'False'
[1.277s] Level 5:colcon.colcon_core.verb:set package 'vac_bot' build argument 'cmake_clean_first' from command line to 'False'
[1.278s] Level 5:colcon.colcon_core.verb:set package 'vac_bot' build argument 'cmake_force_configure' from command line to 'False'
[1.278s] Level 5:colcon.colcon_core.verb:set package 'vac_bot' build argument 'ament_cmake_args' from command line to 'None'
[1.278s] Level 5:colcon.colcon_core.verb:set package 'vac_bot' build argument 'catkin_cmake_args' from command line to 'None'
[1.278s] Level 5:colcon.colcon_core.verb:set package 'vac_bot' build argument 'catkin_skip_building_tests' from command line to 'False'
[1.278s] DEBUG:colcon.colcon_core.verb:Building package 'vac_bot' with the following arguments: {'ament_cmake_args': None, 'build_base': '/home/maul/simulation_learning/vac_bot/build/vac_bot', 'catkin_cmake_args': None, 'catkin_skip_building_tests': False, 'cmake_args': None, 'cmake_clean_cache': False, 'cmake_clean_first': False, 'cmake_force_configure': False, 'cmake_target': None, 'cmake_target_skip_unavailable': False, 'install_base': '/home/maul/simulation_learning/vac_bot/install/vac_bot', 'merge_install': False, 'path': '/home/maul/simulation_learning/vac_bot/src/vac_bot', 'symlink_install': False, 'test_result_base': None}
[1.279s] INFO:colcon.colcon_core.executor:Executing jobs using 'parallel' executor
[1.283s] DEBUG:colcon.colcon_parallel_executor.executor.parallel:run_until_complete
[1.285s] INFO:colcon.colcon_ros.task.ament_cmake.build:Building ROS package in '/home/maul/simulation_learning/vac_bot/src/vac_bot' with build type 'ament_cmake'
[1.286s] INFO:colcon.colcon_cmake.task.cmake.build:Building CMake package in '/home/maul/simulation_learning/vac_bot/src/vac_bot'
[1.296s] INFO:colcon.colcon_core.plugin_system:Skipping extension 'colcon_core.shell.bat': Not used on non-Windows systems
[1.296s] INFO:colcon.colcon_core.shell:Skip shell extension 'powershell' for command environment: Not usable outside of PowerShell
[1.297s] DEBUG:colcon.colcon_core.shell:Skip shell extension 'dsv' for command environment
[1.337s] DEBUG:colcon.colcon_core.event_handler.log_command:Invoking command in '/home/maul/simulation_learning/vac_bot/build/vac_bot': CMAKE_PREFIX_PATH=${CMAKE_PREFIX_PATH}:/opt/ros/jazzy DEBUGINFOD_URLS=https://debuginfod.ubuntu.com PS1=\[\e]0;\u@\h: \w\a\]${debian_chroot:+($debian_chroot)}\[\033[01;32m\]\u@\h\[\033[00m\]:\[\033[01;34m\]\w\[\033[00m\]\$ VIRTUAL_ENV_PROMPT=(venv-ardupilot) /usr/bin/cmake /home/maul/simulation_learning/vac_bot/src/vac_bot -DCMAKE_INSTALL_PREFIX=/home/maul/simulation_learning/vac_bot/install/vac_bot
[2.822s] DEBUG:colcon.colcon_core.event_handler.log_command:Invoked command in '/home/maul/simulation_learning/vac_bot/build/vac_bot' returned '0': CMAKE_PREFIX_PATH=${CMAKE_PREFIX_PATH}:/opt/ros/jazzy DEBUGINFOD_URLS=https://debuginfod.ubuntu.com PS1=\[\e]0;\u@\h: \w\a\]${debian_chroot:+($debian_chroot)}\[\033[01;32m\]\u@\h\[\033[00m\]:\[\033[01;34m\]\w\[\033[00m\]\$ VIRTUAL_ENV_PROMPT=(venv-ardupilot) /usr/bin/cmake /home/maul/simulation_learning/vac_bot/src/vac_bot -DCMAKE_INSTALL_PREFIX=/home/maul/simulation_learning/vac_bot/install/vac_bot
[2.829s] DEBUG:colcon.colcon_core.event_handler.log_command:Invoking command in '/home/maul/simulation_learning/vac_bot/build/vac_bot': CMAKE_PREFIX_PATH=${CMAKE_PREFIX_PATH}:/opt/ros/jazzy DEBUGINFOD_URLS=https://debuginfod.ubuntu.com PS1=\[\e]0;\u@\h: \w\a\]${debian_chroot:+($debian_chroot)}\[\033[01;32m\]\u@\h\[\033[00m\]:\[\033[01;34m\]\w\[\033[00m\]\$ VIRTUAL_ENV_PROMPT=(venv-ardupilot) /usr/bin/cmake --build /home/maul/simulation_learning/vac_bot/build/vac_bot -- -j8 -l8
[2.987s] DEBUG:colcon.colcon_core.event_handler.log_command:Invoked command in '/home/maul/simulation_learning/vac_bot/build/vac_bot' returned '0': CMAKE_PREFIX_PATH=${CMAKE_PREFIX_PATH}:/opt/ros/jazzy DEBUGINFOD_URLS=https://debuginfod.ubuntu.com PS1=\[\e]0;\u@\h: \w\a\]${debian_chroot:+($debian_chroot)}\[\033[01;32m\]\u@\h\[\033[00m\]:\[\033[01;34m\]\w\[\033[00m\]\$ VIRTUAL_ENV_PROMPT=(venv-ardupilot) /usr/bin/cmake --build /home/maul/simulation_learning/vac_bot/build/vac_bot -- -j8 -l8
[3.110s] DEBUG:colcon.colcon_core.event_handler.log_command:Invoking command in '/home/maul/simulation_learning/vac_bot/build/vac_bot': CMAKE_PREFIX_PATH=${CMAKE_PREFIX_PATH}:/opt/ros/jazzy DEBUGINFOD_URLS=https://debuginfod.ubuntu.com PS1=\[\e]0;\u@\h: \w\a\]${debian_chroot:+($debian_chroot)}\[\033[01;32m\]\u@\h\[\033[00m\]:\[\033[01;34m\]\w\[\033[00m\]\$ VIRTUAL_ENV_PROMPT=(venv-ardupilot) /usr/bin/cmake --install /home/maul/simulation_learning/vac_bot/build/vac_bot
[3.203s] Level 1:colcon.colcon_core.environment:create_environment_scripts_only(vac_bot)
[3.206s] DEBUG:colcon.colcon_core.event_handler.log_command:Invoked command in '/home/maul/simulation_learning/vac_bot/build/vac_bot' returned '0': CMAKE_PREFIX_PATH=${CMAKE_PREFIX_PATH}:/opt/ros/jazzy DEBUGINFOD_URLS=https://debuginfod.ubuntu.com PS1=\[\e]0;\u@\h: \w\a\]${debian_chroot:+($debian_chroot)}\[\033[01;32m\]\u@\h\[\033[00m\]:\[\033[01;34m\]\w\[\033[00m\]\$ VIRTUAL_ENV_PROMPT=(venv-ardupilot) /usr/bin/cmake --install /home/maul/simulation_learning/vac_bot/build/vac_bot
[3.215s] Level 1:colcon.colcon_core.environment:checking '/home/maul/simulation_learning/vac_bot/install/vac_bot' for CMake module files
[3.217s] Level 1:colcon.colcon_core.environment:checking '/home/maul/simulation_learning/vac_bot/install/vac_bot' for CMake config files
[3.219s] Level 1:colcon.colcon_core.shell:create_environment_hook('vac_bot', 'cmake_prefix_path')
[3.220s] INFO:colcon.colcon_core.shell:Creating environment hook '/home/maul/simulation_learning/vac_bot/install/vac_bot/share/vac_bot/hook/cmake_prefix_path.ps1'
[3.224s] INFO:colcon.colcon_core.shell:Creating environment descriptor '/home/maul/simulation_learning/vac_bot/install/vac_bot/share/vac_bot/hook/cmake_prefix_path.dsv'
[3.226s] INFO:colcon.colcon_core.shell:Creating environment hook '/home/maul/simulation_learning/vac_bot/install/vac_bot/share/vac_bot/hook/cmake_prefix_path.sh'
[3.231s] Level 1:colcon.colcon_core.environment:checking '/home/maul/simulation_learning/vac_bot/install/vac_bot/bin'
[3.231s] Level 1:colcon.colcon_core.environment:checking '/home/maul/simulation_learning/vac_bot/install/vac_bot/lib/pkgconfig/vac_bot.pc'
[3.233s] Level 1:colcon.colcon_core.environment:checking '/home/maul/simulation_learning/vac_bot/install/vac_bot/lib/python3.12/site-packages'
[3.235s] Level 1:colcon.colcon_core.environment:checking '/home/maul/simulation_learning/vac_bot/install/vac_bot/bin'
[3.236s] INFO:colcon.colcon_core.shell:Creating package script '/home/maul/simulation_learning/vac_bot/install/vac_bot/share/vac_bot/package.ps1'
[3.240s] INFO:colcon.colcon_core.shell:Creating package descriptor '/home/maul/simulation_learning/vac_bot/install/vac_bot/share/vac_bot/package.dsv'
[3.244s] INFO:colcon.colcon_core.shell:Creating package script '/home/maul/simulation_learning/vac_bot/install/vac_bot/share/vac_bot/package.sh'
[3.248s] INFO:colcon.colcon_core.shell:Creating package script '/home/maul/simulation_learning/vac_bot/install/vac_bot/share/vac_bot/package.bash'
[3.253s] INFO:colcon.colcon_core.shell:Creating package script '/home/maul/simulation_learning/vac_bot/install/vac_bot/share/vac_bot/package.zsh'
[3.257s] Level 1:colcon.colcon_core.environment:create_file_with_runtime_dependencies(/home/maul/simulation_learning/vac_bot/install/vac_bot/share/colcon-core/packages/vac_bot)
[3.347s] Level 1:colcon.colcon_core.environment:create_environment_scripts_only(vac_bot)
[3.348s] Level 1:colcon.colcon_core.environment:checking '/home/maul/simulation_learning/vac_bot/install/vac_bot' for CMake module files
[3.350s] Level 1:colcon.colcon_core.environment:checking '/home/maul/simulation_learning/vac_bot/install/vac_bot' for CMake config files
[3.352s] Level 1:colcon.colcon_core.shell:create_environment_hook('vac_bot', 'cmake_prefix_path')
[3.353s] INFO:colcon.colcon_core.shell:Creating environment hook '/home/maul/simulation_learning/vac_bot/install/vac_bot/share/vac_bot/hook/cmake_prefix_path.ps1'
[3.355s] INFO:colcon.colcon_core.shell:Creating environment descriptor '/home/maul/simulation_learning/vac_bot/install/vac_bot/share/vac_bot/hook/cmake_prefix_path.dsv'
[3.356s] INFO:colcon.colcon_core.shell:Creating environment hook '/home/maul/simulation_learning/vac_bot/install/vac_bot/share/vac_bot/hook/cmake_prefix_path.sh'
[3.359s] Level 1:colcon.colcon_core.environment:checking '/home/maul/simulation_learning/vac_bot/install/vac_bot/bin'
[3.359s] Level 1:colcon.colcon_core.environment:checking '/home/maul/simulation_learning/vac_bot/install/vac_bot/lib/pkgconfig/vac_bot.pc'
[3.360s] Level 1:colcon.colcon_core.environment:checking '/home/maul/simulation_learning/vac_bot/install/vac_bot/lib/python3.12/site-packages'
[3.361s] Level 1:colcon.colcon_core.environment:checking '/home/maul/simulation_learning/vac_bot/install/vac_bot/bin'
[3.362s] INFO:colcon.colcon_core.shell:Creating package script '/home/maul/simulation_learning/vac_bot/install/vac_bot/share/vac_bot/package.ps1'
[3.365s] INFO:colcon.colcon_core.shell:Creating package descriptor '/home/maul/simulation_learning/vac_bot/install/vac_bot/share/vac_bot/package.dsv'
[3.367s] INFO:colcon.colcon_core.shell:Creating package script '/home/maul/simulation_learning/vac_bot/install/vac_bot/share/vac_bot/package.sh'
[3.369s] INFO:colcon.colcon_core.shell:Creating package script '/home/maul/simulation_learning/vac_bot/install/vac_bot/share/vac_bot/package.bash'
[3.371s] INFO:colcon.colcon_core.shell:Creating package script '/home/maul/simulation_learning/vac_bot/install/vac_bot/share/vac_bot/package.zsh'
[3.373s] Level 1:colcon.colcon_core.environment:create_file_with_runtime_dependencies(/home/maul/simulation_learning/vac_bot/install/vac_bot/share/colcon-core/packages/vac_bot)
[3.374s] DEBUG:colcon.colcon_parallel_executor.executor.parallel:closing loop
[3.377s] DEBUG:colcon.colcon_parallel_executor.executor.parallel:loop closed
[3.377s] DEBUG:colcon.colcon_parallel_executor.executor.parallel:run_until_complete finished with '0'
[3.378s] DEBUG:colcon.colcon_core.event_reactor:joining thread
[3.405s] INFO:colcon.colcon_core.plugin_system:Skipping extension 'colcon_notification.desktop_notification.terminal_notifier': Not used on non-Darwin systems
[3.405s] INFO:colcon.colcon_core.plugin_system:Skipping extension 'colcon_notification.desktop_notification.win32': Not used on non-Windows systems
[3.406s] INFO:colcon.colcon_notification.desktop_notification:Sending desktop notification using 'notify2'
[3.469s] DEBUG:colcon.colcon_core.event_reactor:joined thread
[3.470s] INFO:colcon.colcon_core.shell:Creating prefix script '/home/maul/simulation_learning/vac_bot/install/local_setup.ps1'
[3.474s] INFO:colcon.colcon_core.shell:Creating prefix util module '/home/maul/simulation_learning/vac_bot/install/_local_setup_util_ps1.py'
[3.479s] INFO:colcon.colcon_core.shell:Creating prefix chain script '/home/maul/simulation_learning/vac_bot/install/setup.ps1'
[3.485s] INFO:colcon.colcon_core.shell:Creating prefix script '/home/maul/simulation_learning/vac_bot/install/local_setup.sh'
[3.488s] INFO:colcon.colcon_core.shell:Creating prefix util module '/home/maul/simulation_learning/vac_bot/install/_local_setup_util_sh.py'
[3.493s] INFO:colcon.colcon_core.shell:Creating prefix chain script '/home/maul/simulation_learning/vac_bot/install/setup.sh'
[3.501s] INFO:colcon.colcon_core.shell:Creating prefix script '/home/maul/simulation_learning/vac_bot/install/local_setup.bash'
[3.505s] INFO:colcon.colcon_core.shell:Creating prefix chain script '/home/maul/simulation_learning/vac_bot/install/setup.bash'
[3.510s] INFO:colcon.colcon_core.shell:Creating prefix script '/home/maul/simulation_learning/vac_bot/install/local_setup.zsh'
[3.512s] INFO:colcon.colcon_core.shell:Creating prefix chain script '/home/maul/simulation_learning/vac_bot/install/setup.zsh'
