[0.198s] DEBUG:colcon:Command line arguments: ['/usr/bin/colcon', 'build']
[0.198s] DEBUG:colcon:Parsed command line arguments: Namespace(log_base=None, log_level=None, verb_name='build', build_base='build', install_base='install', merge_install=False, symlink_install=False, test_result_base=None, continue_on_error=False, executor='parallel', parallel_workers=8, event_handlers=None, ignore_user_meta=False, metas=['./colcon.meta'], base_paths=['.'], packages_ignore=None, packages_ignore_regex=None, paths=None, packages_up_to=None, packages_up_to_regex=None, packages_above=None, packages_above_and_dependencies=None, packages_above_depth=None, packages_select_by_dep=None, packages_skip_by_dep=None, packages_skip_up_to=None, packages_select_build_failed=False, packages_skip_build_finished=False, packages_select_test_failures=False, packages_skip_test_passed=False, packages_select=None, packages_skip=None, packages_select_regex=None, packages_skip_regex=None, packages_start=None, packages_end=None, allow_overriding=[], cmake_args=None, cmake_target=None, cmake_target_skip_unavailable=False, cmake_clean_cache=False, cmake_clean_first=False, cmake_force_configure=False, ament_cmake_args=None, catkin_cmake_args=None, catkin_skip_building_tests=False, mixin_files=None, mixin=None, verb_parser=<colcon_mixin.mixin.mixin_argument.MixinArgumentDecorator object at 0x73a34a9beab0>, verb_extension=<colcon_core.verb.build.BuildVerb object at 0x73a34a9be3c0>, main=<bound method BuildVerb.main of <colcon_core.verb.build.BuildVerb object at 0x73a34a9be3c0>>, mixin_verb=('build',))
[0.259s] Level 1:colcon.colcon_core.package_discovery:discover_packages(colcon_meta) check parameters
[0.259s] Level 1:colcon.colcon_core.package_discovery:discover_packages(recursive) check parameters
[0.259s] Level 1:colcon.colcon_core.package_discovery:discover_packages(ignore) check parameters
[0.259s] Level 1:colcon.colcon_core.package_discovery:discover_packages(path) check parameters
[0.259s] Level 1:colcon.colcon_core.package_discovery:discover_packages(colcon_meta) discover
[0.259s] Level 1:colcon.colcon_core.package_discovery:discover_packages(recursive) discover
[0.259s] INFO:colcon.colcon_core.package_discovery:Crawling recursively for packages in '/home/maul/ws_kinclong_sim'
[0.260s] Level 1:colcon.colcon_core.package_identification:_identify(.) by extensions ['ignore', 'ignore_ament_install']
[0.260s] Level 1:colcon.colcon_core.package_identification:_identify(.) by extension 'ignore'
[0.260s] Level 1:colcon.colcon_core.package_identification:_identify(.) by extension 'ignore_ament_install'
[0.260s] Level 1:colcon.colcon_core.package_identification:_identify(.) by extensions ['colcon_pkg']
[0.260s] Level 1:colcon.colcon_core.package_identification:_identify(.) by extension 'colcon_pkg'
[0.260s] Level 1:colcon.colcon_core.package_identification:_identify(.) by extensions ['colcon_meta']
[0.260s] Level 1:colcon.colcon_core.package_identification:_identify(.) by extension 'colcon_meta'
[0.260s] Level 1:colcon.colcon_core.package_identification:_identify(.) by extensions ['ros']
[0.261s] Level 1:colcon.colcon_core.package_identification:_identify(.) by extension 'ros'
[0.305s] Level 1:colcon.colcon_core.package_identification:_identify(.) by extensions ['cmake', 'python']
[0.305s] Level 1:colcon.colcon_core.package_identification:_identify(.) by extension 'cmake'
[0.305s] Level 1:colcon.colcon_core.package_identification:_identify(.) by extension 'python'
[0.305s] Level 1:colcon.colcon_core.package_identification:_identify(.) by extensions ['python_setup_py']
[0.305s] Level 1:colcon.colcon_core.package_identification:_identify(.) by extension 'python_setup_py'
[0.305s] Level 1:colcon.colcon_core.package_identification:_identify(build) by extensions ['ignore', 'ignore_ament_install']
[0.306s] Level 1:colcon.colcon_core.package_identification:_identify(build) by extension 'ignore'
[0.306s] Level 1:colcon.colcon_core.package_identification:_identify(build) ignored
[0.306s] Level 1:colcon.colcon_core.package_identification:_identify(install) by extensions ['ignore', 'ignore_ament_install']
[0.306s] Level 1:colcon.colcon_core.package_identification:_identify(install) by extension 'ignore'
[0.306s] Level 1:colcon.colcon_core.package_identification:_identify(install) ignored
[0.306s] Level 1:colcon.colcon_core.package_identification:_identify(log) by extensions ['ignore', 'ignore_ament_install']
[0.306s] Level 1:colcon.colcon_core.package_identification:_identify(log) by extension 'ignore'
[0.306s] Level 1:colcon.colcon_core.package_identification:_identify(log) ignored
[0.307s] Level 1:colcon.colcon_core.package_identification:_identify(m-explore-ros2) by extensions ['ignore', 'ignore_ament_install']
[0.307s] Level 1:colcon.colcon_core.package_identification:_identify(m-explore-ros2) by extension 'ignore'
[0.307s] Level 1:colcon.colcon_core.package_identification:_identify(m-explore-ros2) by extension 'ignore_ament_install'
[0.307s] Level 1:colcon.colcon_core.package_identification:_identify(m-explore-ros2) by extensions ['colcon_pkg']
[0.307s] Level 1:colcon.colcon_core.package_identification:_identify(m-explore-ros2) by extension 'colcon_pkg'
[0.307s] Level 1:colcon.colcon_core.package_identification:_identify(m-explore-ros2) by extensions ['colcon_meta']
[0.307s] Level 1:colcon.colcon_core.package_identification:_identify(m-explore-ros2) by extension 'colcon_meta'
[0.307s] Level 1:colcon.colcon_core.package_identification:_identify(m-explore-ros2) by extensions ['ros']
[0.307s] Level 1:colcon.colcon_core.package_identification:_identify(m-explore-ros2) by extension 'ros'
[0.307s] Level 1:colcon.colcon_core.package_identification:_identify(m-explore-ros2) by extensions ['cmake', 'python']
[0.307s] Level 1:colcon.colcon_core.package_identification:_identify(m-explore-ros2) by extension 'cmake'
[0.307s] Level 1:colcon.colcon_core.package_identification:_identify(m-explore-ros2) by extension 'python'
[0.307s] Level 1:colcon.colcon_core.package_identification:_identify(m-explore-ros2) by extensions ['python_setup_py']
[0.307s] Level 1:colcon.colcon_core.package_identification:_identify(m-explore-ros2) by extension 'python_setup_py'
[0.308s] Level 1:colcon.colcon_core.package_identification:_identify(m-explore-ros2/explore) by extensions ['ignore', 'ignore_ament_install']
[0.308s] Level 1:colcon.colcon_core.package_identification:_identify(m-explore-ros2/explore) by extension 'ignore'
[0.308s] Level 1:colcon.colcon_core.package_identification:_identify(m-explore-ros2/explore) by extension 'ignore_ament_install'
[0.308s] Level 1:colcon.colcon_core.package_identification:_identify(m-explore-ros2/explore) by extensions ['colcon_pkg']
[0.308s] Level 1:colcon.colcon_core.package_identification:_identify(m-explore-ros2/explore) by extension 'colcon_pkg'
[0.308s] Level 1:colcon.colcon_core.package_identification:_identify(m-explore-ros2/explore) by extensions ['colcon_meta']
[0.308s] Level 1:colcon.colcon_core.package_identification:_identify(m-explore-ros2/explore) by extension 'colcon_meta'
[0.308s] Level 1:colcon.colcon_core.package_identification:_identify(m-explore-ros2/explore) by extensions ['ros']
[0.308s] Level 1:colcon.colcon_core.package_identification:_identify(m-explore-ros2/explore) by extension 'ros'
[0.313s] DEBUG:colcon.colcon_core.package_identification:Package 'm-explore-ros2/explore' with type 'ros.ament_cmake' and name 'explore_lite'
[0.314s] Level 1:colcon.colcon_core.package_identification:_identify(m-explore-ros2/map_merge) by extensions ['ignore', 'ignore_ament_install']
[0.314s] Level 1:colcon.colcon_core.package_identification:_identify(m-explore-ros2/map_merge) by extension 'ignore'
[0.314s] Level 1:colcon.colcon_core.package_identification:_identify(m-explore-ros2/map_merge) by extension 'ignore_ament_install'
[0.314s] Level 1:colcon.colcon_core.package_identification:_identify(m-explore-ros2/map_merge) by extensions ['colcon_pkg']
[0.314s] Level 1:colcon.colcon_core.package_identification:_identify(m-explore-ros2/map_merge) by extension 'colcon_pkg'
[0.314s] Level 1:colcon.colcon_core.package_identification:_identify(m-explore-ros2/map_merge) by extensions ['colcon_meta']
[0.314s] Level 1:colcon.colcon_core.package_identification:_identify(m-explore-ros2/map_merge) by extension 'colcon_meta'
[0.314s] Level 1:colcon.colcon_core.package_identification:_identify(m-explore-ros2/map_merge) by extensions ['ros']
[0.314s] Level 1:colcon.colcon_core.package_identification:_identify(m-explore-ros2/map_merge) by extension 'ros'
[0.316s] DEBUG:colcon.colcon_core.package_identification:Package 'm-explore-ros2/map_merge' with type 'ros.ament_cmake' and name 'multirobot_map_merge'
[0.316s] Level 1:colcon.colcon_core.package_identification:_identify(vac_bot) by extensions ['ignore', 'ignore_ament_install']
[0.316s] Level 1:colcon.colcon_core.package_identification:_identify(vac_bot) by extension 'ignore'
[0.316s] Level 1:colcon.colcon_core.package_identification:_identify(vac_bot) by extension 'ignore_ament_install'
[0.316s] Level 1:colcon.colcon_core.package_identification:_identify(vac_bot) by extensions ['colcon_pkg']
[0.316s] Level 1:colcon.colcon_core.package_identification:_identify(vac_bot) by extension 'colcon_pkg'
[0.316s] Level 1:colcon.colcon_core.package_identification:_identify(vac_bot) by extensions ['colcon_meta']
[0.316s] Level 1:colcon.colcon_core.package_identification:_identify(vac_bot) by extension 'colcon_meta'
[0.317s] Level 1:colcon.colcon_core.package_identification:_identify(vac_bot) by extensions ['ros']
[0.317s] Level 1:colcon.colcon_core.package_identification:_identify(vac_bot) by extension 'ros'
[0.317s] Level 1:colcon.colcon_core.package_identification:_identify(vac_bot) by extensions ['cmake', 'python']
[0.317s] Level 1:colcon.colcon_core.package_identification:_identify(vac_bot) by extension 'cmake'
[0.317s] Level 1:colcon.colcon_core.package_identification:_identify(vac_bot) by extension 'python'
[0.317s] Level 1:colcon.colcon_core.package_identification:_identify(vac_bot) by extensions ['python_setup_py']
[0.317s] Level 1:colcon.colcon_core.package_identification:_identify(vac_bot) by extension 'python_setup_py'
[0.317s] Level 1:colcon.colcon_core.package_identification:_identify(vac_bot/build) by extensions ['ignore', 'ignore_ament_install']
[0.317s] Level 1:colcon.colcon_core.package_identification:_identify(vac_bot/build) by extension 'ignore'
[0.317s] Level 1:colcon.colcon_core.package_identification:_identify(vac_bot/build) ignored
[0.318s] Level 1:colcon.colcon_core.package_identification:_identify(vac_bot/install) by extensions ['ignore', 'ignore_ament_install']
[0.318s] Level 1:colcon.colcon_core.package_identification:_identify(vac_bot/install) by extension 'ignore'
[0.318s] Level 1:colcon.colcon_core.package_identification:_identify(vac_bot/install) ignored
[0.318s] Level 1:colcon.colcon_core.package_identification:_identify(vac_bot/log) by extensions ['ignore', 'ignore_ament_install']
[0.318s] Level 1:colcon.colcon_core.package_identification:_identify(vac_bot/log) by extension 'ignore'
[0.318s] Level 1:colcon.colcon_core.package_identification:_identify(vac_bot/log) ignored
[0.318s] Level 1:colcon.colcon_core.package_identification:_identify(vac_bot/src) by extensions ['ignore', 'ignore_ament_install']
[0.319s] Level 1:colcon.colcon_core.package_identification:_identify(vac_bot/src) by extension 'ignore'
[0.319s] Level 1:colcon.colcon_core.package_identification:_identify(vac_bot/src) by extension 'ignore_ament_install'
[0.319s] Level 1:colcon.colcon_core.package_identification:_identify(vac_bot/src) by extensions ['colcon_pkg']
[0.319s] Level 1:colcon.colcon_core.package_identification:_identify(vac_bot/src) by extension 'colcon_pkg'
[0.319s] Level 1:colcon.colcon_core.package_identification:_identify(vac_bot/src) by extensions ['colcon_meta']
[0.319s] Level 1:colcon.colcon_core.package_identification:_identify(vac_bot/src) by extension 'colcon_meta'
[0.319s] Level 1:colcon.colcon_core.package_identification:_identify(vac_bot/src) by extensions ['ros']
[0.319s] Level 1:colcon.colcon_core.package_identification:_identify(vac_bot/src) by extension 'ros'
[0.319s] Level 1:colcon.colcon_core.package_identification:_identify(vac_bot/src) by extensions ['cmake', 'python']
[0.319s] Level 1:colcon.colcon_core.package_identification:_identify(vac_bot/src) by extension 'cmake'
[0.319s] Level 1:colcon.colcon_core.package_identification:_identify(vac_bot/src) by extension 'python'
[0.319s] Level 1:colcon.colcon_core.package_identification:_identify(vac_bot/src) by extensions ['python_setup_py']
[0.319s] Level 1:colcon.colcon_core.package_identification:_identify(vac_bot/src) by extension 'python_setup_py'
[0.320s] Level 1:colcon.colcon_core.package_identification:_identify(vac_bot/src/vac_bot) by extensions ['ignore', 'ignore_ament_install']
[0.320s] Level 1:colcon.colcon_core.package_identification:_identify(vac_bot/src/vac_bot) by extension 'ignore'
[0.320s] Level 1:colcon.colcon_core.package_identification:_identify(vac_bot/src/vac_bot) by extension 'ignore_ament_install'
[0.320s] Level 1:colcon.colcon_core.package_identification:_identify(vac_bot/src/vac_bot) by extensions ['colcon_pkg']
[0.320s] Level 1:colcon.colcon_core.package_identification:_identify(vac_bot/src/vac_bot) by extension 'colcon_pkg'
[0.320s] Level 1:colcon.colcon_core.package_identification:_identify(vac_bot/src/vac_bot) by extensions ['colcon_meta']
[0.320s] Level 1:colcon.colcon_core.package_identification:_identify(vac_bot/src/vac_bot) by extension 'colcon_meta'
[0.320s] Level 1:colcon.colcon_core.package_identification:_identify(vac_bot/src/vac_bot) by extensions ['ros']
[0.320s] Level 1:colcon.colcon_core.package_identification:_identify(vac_bot/src/vac_bot) by extension 'ros'
[0.321s] DEBUG:colcon.colcon_core.package_identification:Package 'vac_bot/src/vac_bot' with type 'ros.ament_cmake' and name 'vac_bot'
[0.321s] Level 1:colcon.colcon_core.package_discovery:discover_packages(recursive) using defaults
[0.321s] Level 1:colcon.colcon_core.package_discovery:discover_packages(ignore) discover
[0.321s] Level 1:colcon.colcon_core.package_discovery:discover_packages(ignore) using defaults
[0.321s] Level 1:colcon.colcon_core.package_discovery:discover_packages(path) discover
[0.321s] Level 1:colcon.colcon_core.package_discovery:discover_packages(path) using defaults
[0.351s] Level 1:colcon.colcon_core.package_discovery:discover_packages(prefix_path) check parameters
[0.351s] Level 1:colcon.colcon_core.package_discovery:discover_packages(prefix_path) discover
[0.353s] WARNING:colcon.colcon_ros.prefix_path.catkin:The path '/usr/local/include/mavlink' in the environment variable CMAKE_PREFIX_PATH doesn't exist
[0.353s] WARNING:colcon.colcon_ros.prefix_path.catkin:The path '/usr/local/share/mavlink/cmake' in the environment variable CMAKE_PREFIX_PATH doesn't exist
[0.355s] DEBUG:colcon.colcon_installed_package_information.package_discovery:Found 3 installed packages in /home/maul/ws_kinclong_sim/install
[0.356s] DEBUG:colcon.colcon_installed_package_information.package_discovery:Found 1 installed packages in /home/maul/simulation_learning/sim_ws/install
[0.357s] DEBUG:colcon.colcon_installed_package_information.package_discovery:Found 1 installed packages in /home/maul/simulation_learning/articubot_one/install
[0.361s] DEBUG:colcon.colcon_installed_package_information.package_discovery:Found 424 installed packages in /opt/ros/jazzy
[0.365s] Level 1:colcon.colcon_core.package_discovery:discover_packages(prefix_path) using defaults
[0.468s] Level 5:colcon.colcon_core.verb:set package 'explore_lite' build argument 'cmake_args' from command line to 'None'
[0.468s] Level 5:colcon.colcon_core.verb:set package 'explore_lite' build argument 'cmake_target' from command line to 'None'
[0.468s] Level 5:colcon.colcon_core.verb:set package 'explore_lite' build argument 'cmake_target_skip_unavailable' from command line to 'False'
[0.468s] Level 5:colcon.colcon_core.verb:set package 'explore_lite' build argument 'cmake_clean_cache' from command line to 'False'
[0.468s] Level 5:colcon.colcon_core.verb:set package 'explore_lite' build argument 'cmake_clean_first' from command line to 'False'
[0.468s] Level 5:colcon.colcon_core.verb:set package 'explore_lite' build argument 'cmake_force_configure' from command line to 'False'
[0.468s] Level 5:colcon.colcon_core.verb:set package 'explore_lite' build argument 'ament_cmake_args' from command line to 'None'
[0.468s] Level 5:colcon.colcon_core.verb:set package 'explore_lite' build argument 'catkin_cmake_args' from command line to 'None'
[0.468s] Level 5:colcon.colcon_core.verb:set package 'explore_lite' build argument 'catkin_skip_building_tests' from command line to 'False'
[0.468s] DEBUG:colcon.colcon_core.verb:Building package 'explore_lite' with the following arguments: {'ament_cmake_args': None, 'build_base': '/home/maul/ws_kinclong_sim/build/explore_lite', 'catkin_cmake_args': None, 'catkin_skip_building_tests': False, 'cmake_args': None, 'cmake_clean_cache': False, 'cmake_clean_first': False, 'cmake_force_configure': False, 'cmake_target': None, 'cmake_target_skip_unavailable': False, 'install_base': '/home/maul/ws_kinclong_sim/install/explore_lite', 'merge_install': False, 'path': '/home/maul/ws_kinclong_sim/m-explore-ros2/explore', 'symlink_install': False, 'test_result_base': None}
[0.469s] Level 5:colcon.colcon_core.verb:set package 'multirobot_map_merge' build argument 'cmake_args' from command line to 'None'
[0.469s] Level 5:colcon.colcon_core.verb:set package 'multirobot_map_merge' build argument 'cmake_target' from command line to 'None'
[0.469s] Level 5:colcon.colcon_core.verb:set package 'multirobot_map_merge' build argument 'cmake_target_skip_unavailable' from command line to 'False'
[0.469s] Level 5:colcon.colcon_core.verb:set package 'multirobot_map_merge' build argument 'cmake_clean_cache' from command line to 'False'
[0.469s] Level 5:colcon.colcon_core.verb:set package 'multirobot_map_merge' build argument 'cmake_clean_first' from command line to 'False'
[0.469s] Level 5:colcon.colcon_core.verb:set package 'multirobot_map_merge' build argument 'cmake_force_configure' from command line to 'False'
[0.469s] Level 5:colcon.colcon_core.verb:set package 'multirobot_map_merge' build argument 'ament_cmake_args' from command line to 'None'
[0.469s] Level 5:colcon.colcon_core.verb:set package 'multirobot_map_merge' build argument 'catkin_cmake_args' from command line to 'None'
[0.469s] Level 5:colcon.colcon_core.verb:set package 'multirobot_map_merge' build argument 'catkin_skip_building_tests' from command line to 'False'
[0.469s] DEBUG:colcon.colcon_core.verb:Building package 'multirobot_map_merge' with the following arguments: {'ament_cmake_args': None, 'build_base': '/home/maul/ws_kinclong_sim/build/multirobot_map_merge', 'catkin_cmake_args': None, 'catkin_skip_building_tests': False, 'cmake_args': None, 'cmake_clean_cache': False, 'cmake_clean_first': False, 'cmake_force_configure': False, 'cmake_target': None, 'cmake_target_skip_unavailable': False, 'install_base': '/home/maul/ws_kinclong_sim/install/multirobot_map_merge', 'merge_install': False, 'path': '/home/maul/ws_kinclong_sim/m-explore-ros2/map_merge', 'symlink_install': False, 'test_result_base': None}
[0.470s] Level 5:colcon.colcon_core.verb:set package 'vac_bot' build argument 'cmake_args' from command line to 'None'
[0.470s] Level 5:colcon.colcon_core.verb:set package 'vac_bot' build argument 'cmake_target' from command line to 'None'
[0.470s] Level 5:colcon.colcon_core.verb:set package 'vac_bot' build argument 'cmake_target_skip_unavailable' from command line to 'False'
[0.470s] Level 5:colcon.colcon_core.verb:set package 'vac_bot' build argument 'cmake_clean_cache' from command line to 'False'
[0.470s] Level 5:colcon.colcon_core.verb:set package 'vac_bot' build argument 'cmake_clean_first' from command line to 'False'
[0.470s] Level 5:colcon.colcon_core.verb:set package 'vac_bot' build argument 'cmake_force_configure' from command line to 'False'
[0.470s] Level 5:colcon.colcon_core.verb:set package 'vac_bot' build argument 'ament_cmake_args' from command line to 'None'
[0.470s] Level 5:colcon.colcon_core.verb:set package 'vac_bot' build argument 'catkin_cmake_args' from command line to 'None'
[0.470s] Level 5:colcon.colcon_core.verb:set package 'vac_bot' build argument 'catkin_skip_building_tests' from command line to 'False'
[0.470s] DEBUG:colcon.colcon_core.verb:Building package 'vac_bot' with the following arguments: {'ament_cmake_args': None, 'build_base': '/home/maul/ws_kinclong_sim/build/vac_bot', 'catkin_cmake_args': None, 'catkin_skip_building_tests': False, 'cmake_args': None, 'cmake_clean_cache': False, 'cmake_clean_first': False, 'cmake_force_configure': False, 'cmake_target': None, 'cmake_target_skip_unavailable': False, 'install_base': '/home/maul/ws_kinclong_sim/install/vac_bot', 'merge_install': False, 'path': '/home/maul/ws_kinclong_sim/vac_bot/src/vac_bot', 'symlink_install': False, 'test_result_base': None}
[0.471s] INFO:colcon.colcon_core.executor:Executing jobs using 'parallel' executor
[0.472s] DEBUG:colcon.colcon_parallel_executor.executor.parallel:run_until_complete
[0.472s] INFO:colcon.colcon_ros.task.ament_cmake.build:Building ROS package in '/home/maul/ws_kinclong_sim/m-explore-ros2/explore' with build type 'ament_cmake'
[0.472s] INFO:colcon.colcon_cmake.task.cmake.build:Building CMake package in '/home/maul/ws_kinclong_sim/m-explore-ros2/explore'
[0.475s] INFO:colcon.colcon_core.plugin_system:Skipping extension 'colcon_core.shell.bat': Not used on non-Windows systems
[0.476s] INFO:colcon.colcon_core.shell:Skip shell extension 'powershell' for command environment: Not usable outside of PowerShell
[0.476s] DEBUG:colcon.colcon_core.shell:Skip shell extension 'dsv' for command environment
[0.486s] INFO:colcon.colcon_ros.task.ament_cmake.build:Building ROS package in '/home/maul/ws_kinclong_sim/m-explore-ros2/map_merge' with build type 'ament_cmake'
[0.487s] INFO:colcon.colcon_cmake.task.cmake.build:Building CMake package in '/home/maul/ws_kinclong_sim/m-explore-ros2/map_merge'
[0.487s] INFO:colcon.colcon_core.shell:Skip shell extension 'powershell' for command environment: Not usable outside of PowerShell
[0.487s] DEBUG:colcon.colcon_core.shell:Skip shell extension 'dsv' for command environment
[0.495s] INFO:colcon.colcon_ros.task.ament_cmake.build:Building ROS package in '/home/maul/ws_kinclong_sim/vac_bot/src/vac_bot' with build type 'ament_cmake'
[0.495s] INFO:colcon.colcon_cmake.task.cmake.build:Building CMake package in '/home/maul/ws_kinclong_sim/vac_bot/src/vac_bot'
[0.495s] INFO:colcon.colcon_core.shell:Skip shell extension 'powershell' for command environment: Not usable outside of PowerShell
[0.496s] DEBUG:colcon.colcon_core.shell:Skip shell extension 'dsv' for command environment
[0.512s] DEBUG:colcon.colcon_core.event_handler.log_command:Invoking command in '/home/maul/ws_kinclong_sim/build/explore_lite': CMAKE_PREFIX_PATH=${CMAKE_PREFIX_PATH}:/opt/ros/jazzy DEBUGINFOD_URLS=https://debuginfod.ubuntu.com PS1=\[\e]0;\u@\h: \w\a\]${debian_chroot:+($debian_chroot)}\[\033[01;32m\]\u@\h\[\033[00m\]:\[\033[01;34m\]\w\[\033[00m\]\$ VIRTUAL_ENV_PROMPT=(venv-ardupilot) /usr/bin/cmake --build /home/maul/ws_kinclong_sim/build/explore_lite -- -j8 -l8
[0.520s] DEBUG:colcon.colcon_core.event_handler.log_command:Invoking command in '/home/maul/ws_kinclong_sim/build/multirobot_map_merge': CMAKE_PREFIX_PATH=${CMAKE_PREFIX_PATH}:/opt/ros/jazzy DEBUGINFOD_URLS=https://debuginfod.ubuntu.com PS1=\[\e]0;\u@\h: \w\a\]${debian_chroot:+($debian_chroot)}\[\033[01;32m\]\u@\h\[\033[00m\]:\[\033[01;34m\]\w\[\033[00m\]\$ VIRTUAL_ENV_PROMPT=(venv-ardupilot) /usr/bin/cmake --build /home/maul/ws_kinclong_sim/build/multirobot_map_merge -- -j8 -l8
[0.529s] DEBUG:colcon.colcon_core.event_handler.log_command:Invoking command in '/home/maul/ws_kinclong_sim/build/vac_bot': CMAKE_PREFIX_PATH=${CMAKE_PREFIX_PATH}:/opt/ros/jazzy DEBUGINFOD_URLS=https://debuginfod.ubuntu.com PS1=\[\e]0;\u@\h: \w\a\]${debian_chroot:+($debian_chroot)}\[\033[01;32m\]\u@\h\[\033[00m\]:\[\033[01;34m\]\w\[\033[00m\]\$ VIRTUAL_ENV_PROMPT=(venv-ardupilot) /usr/bin/cmake --build /home/maul/ws_kinclong_sim/build/vac_bot -- -j8 -l8
[0.607s] DEBUG:colcon.colcon_core.event_handler.log_command:Invoked command in '/home/maul/ws_kinclong_sim/build/vac_bot' returned '0': CMAKE_PREFIX_PATH=${CMAKE_PREFIX_PATH}:/opt/ros/jazzy DEBUGINFOD_URLS=https://debuginfod.ubuntu.com PS1=\[\e]0;\u@\h: \w\a\]${debian_chroot:+($debian_chroot)}\[\033[01;32m\]\u@\h\[\033[00m\]:\[\033[01;34m\]\w\[\033[00m\]\$ VIRTUAL_ENV_PROMPT=(venv-ardupilot) /usr/bin/cmake --build /home/maul/ws_kinclong_sim/build/vac_bot -- -j8 -l8
[0.682s] DEBUG:colcon.colcon_core.event_handler.log_command:Invoking command in '/home/maul/ws_kinclong_sim/build/vac_bot': CMAKE_PREFIX_PATH=${CMAKE_PREFIX_PATH}:/opt/ros/jazzy DEBUGINFOD_URLS=https://debuginfod.ubuntu.com PS1=\[\e]0;\u@\h: \w\a\]${debian_chroot:+($debian_chroot)}\[\033[01;32m\]\u@\h\[\033[00m\]:\[\033[01;34m\]\w\[\033[00m\]\$ VIRTUAL_ENV_PROMPT=(venv-ardupilot) /usr/bin/cmake --install /home/maul/ws_kinclong_sim/build/vac_bot
[0.711s] Level 1:colcon.colcon_core.environment:create_environment_scripts_only(vac_bot)
[0.716s] Level 1:colcon.colcon_core.environment:checking '/home/maul/ws_kinclong_sim/install/vac_bot' for CMake module files
[0.721s] Level 1:colcon.colcon_core.environment:checking '/home/maul/ws_kinclong_sim/install/vac_bot' for CMake config files
[0.725s] DEBUG:colcon.colcon_core.event_handler.log_command:Invoked command in '/home/maul/ws_kinclong_sim/build/vac_bot' returned '0': CMAKE_PREFIX_PATH=${CMAKE_PREFIX_PATH}:/opt/ros/jazzy DEBUGINFOD_URLS=https://debuginfod.ubuntu.com PS1=\[\e]0;\u@\h: \w\a\]${debian_chroot:+($debian_chroot)}\[\033[01;32m\]\u@\h\[\033[00m\]:\[\033[01;34m\]\w\[\033[00m\]\$ VIRTUAL_ENV_PROMPT=(venv-ardupilot) /usr/bin/cmake --install /home/maul/ws_kinclong_sim/build/vac_bot
[0.726s] Level 1:colcon.colcon_core.shell:create_environment_hook('vac_bot', 'cmake_prefix_path')
[0.726s] INFO:colcon.colcon_core.shell:Creating environment hook '/home/maul/ws_kinclong_sim/install/vac_bot/share/vac_bot/hook/cmake_prefix_path.ps1'
[0.727s] INFO:colcon.colcon_core.shell:Creating environment descriptor '/home/maul/ws_kinclong_sim/install/vac_bot/share/vac_bot/hook/cmake_prefix_path.dsv'
[0.728s] INFO:colcon.colcon_core.shell:Creating environment hook '/home/maul/ws_kinclong_sim/install/vac_bot/share/vac_bot/hook/cmake_prefix_path.sh'
[0.730s] Level 1:colcon.colcon_core.environment:checking '/home/maul/ws_kinclong_sim/install/vac_bot/bin'
[0.730s] Level 1:colcon.colcon_core.environment:checking '/home/maul/ws_kinclong_sim/install/vac_bot/lib/pkgconfig/vac_bot.pc'
[0.731s] Level 1:colcon.colcon_core.environment:checking '/home/maul/ws_kinclong_sim/install/vac_bot/lib/python3.12/site-packages'
[0.731s] Level 1:colcon.colcon_core.environment:checking '/home/maul/ws_kinclong_sim/install/vac_bot/bin'
[0.732s] INFO:colcon.colcon_core.shell:Creating package script '/home/maul/ws_kinclong_sim/install/vac_bot/share/vac_bot/package.ps1'
[0.734s] INFO:colcon.colcon_core.shell:Creating package descriptor '/home/maul/ws_kinclong_sim/install/vac_bot/share/vac_bot/package.dsv'
[0.735s] INFO:colcon.colcon_core.shell:Creating package script '/home/maul/ws_kinclong_sim/install/vac_bot/share/vac_bot/package.sh'
[0.737s] INFO:colcon.colcon_core.shell:Creating package script '/home/maul/ws_kinclong_sim/install/vac_bot/share/vac_bot/package.bash'
[0.738s] INFO:colcon.colcon_core.shell:Creating package script '/home/maul/ws_kinclong_sim/install/vac_bot/share/vac_bot/package.zsh'
[0.740s] Level 1:colcon.colcon_core.environment:create_file_with_runtime_dependencies(/home/maul/ws_kinclong_sim/install/vac_bot/share/colcon-core/packages/vac_bot)
[0.745s] DEBUG:colcon.colcon_core.event_handler.log_command:Invoked command in '/home/maul/ws_kinclong_sim/build/explore_lite' returned '0': CMAKE_PREFIX_PATH=${CMAKE_PREFIX_PATH}:/opt/ros/jazzy DEBUGINFOD_URLS=https://debuginfod.ubuntu.com PS1=\[\e]0;\u@\h: \w\a\]${debian_chroot:+($debian_chroot)}\[\033[01;32m\]\u@\h\[\033[00m\]:\[\033[01;34m\]\w\[\033[00m\]\$ VIRTUAL_ENV_PROMPT=(venv-ardupilot) /usr/bin/cmake --build /home/maul/ws_kinclong_sim/build/explore_lite -- -j8 -l8
[0.750s] DEBUG:colcon.colcon_core.event_handler.log_command:Invoking command in '/home/maul/ws_kinclong_sim/build/explore_lite': CMAKE_PREFIX_PATH=${CMAKE_PREFIX_PATH}:/opt/ros/jazzy DEBUGINFOD_URLS=https://debuginfod.ubuntu.com PS1=\[\e]0;\u@\h: \w\a\]${debian_chroot:+($debian_chroot)}\[\033[01;32m\]\u@\h\[\033[00m\]:\[\033[01;34m\]\w\[\033[00m\]\$ VIRTUAL_ENV_PROMPT=(venv-ardupilot) /usr/bin/cmake --install /home/maul/ws_kinclong_sim/build/explore_lite
[0.776s] DEBUG:colcon.colcon_core.event_handler.log_command:Invoked command in '/home/maul/ws_kinclong_sim/build/multirobot_map_merge' returned '0': CMAKE_PREFIX_PATH=${CMAKE_PREFIX_PATH}:/opt/ros/jazzy DEBUGINFOD_URLS=https://debuginfod.ubuntu.com PS1=\[\e]0;\u@\h: \w\a\]${debian_chroot:+($debian_chroot)}\[\033[01;32m\]\u@\h\[\033[00m\]:\[\033[01;34m\]\w\[\033[00m\]\$ VIRTUAL_ENV_PROMPT=(venv-ardupilot) /usr/bin/cmake --build /home/maul/ws_kinclong_sim/build/multirobot_map_merge -- -j8 -l8
[0.779s] Level 1:colcon.colcon_core.environment:create_environment_scripts_only(explore_lite)
[0.779s] Level 1:colcon.colcon_core.environment:checking '/home/maul/ws_kinclong_sim/install/explore_lite' for CMake module files
[0.782s] Level 1:colcon.colcon_core.environment:checking '/home/maul/ws_kinclong_sim/install/explore_lite' for CMake config files
[0.783s] Level 1:colcon.colcon_core.shell:create_environment_hook('explore_lite', 'cmake_prefix_path')
[0.782s] DEBUG:colcon.colcon_core.event_handler.log_command:Invoking command in '/home/maul/ws_kinclong_sim/build/multirobot_map_merge': CMAKE_PREFIX_PATH=${CMAKE_PREFIX_PATH}:/opt/ros/jazzy DEBUGINFOD_URLS=https://debuginfod.ubuntu.com PS1=\[\e]0;\u@\h: \w\a\]${debian_chroot:+($debian_chroot)}\[\033[01;32m\]\u@\h\[\033[00m\]:\[\033[01;34m\]\w\[\033[00m\]\$ VIRTUAL_ENV_PROMPT=(venv-ardupilot) /usr/bin/cmake --install /home/maul/ws_kinclong_sim/build/multirobot_map_merge
[0.784s] INFO:colcon.colcon_core.shell:Creating environment hook '/home/maul/ws_kinclong_sim/install/explore_lite/share/explore_lite/hook/cmake_prefix_path.ps1'
[0.785s] DEBUG:colcon.colcon_core.event_handler.log_command:Invoked command in '/home/maul/ws_kinclong_sim/build/explore_lite' returned '0': CMAKE_PREFIX_PATH=${CMAKE_PREFIX_PATH}:/opt/ros/jazzy DEBUGINFOD_URLS=https://debuginfod.ubuntu.com PS1=\[\e]0;\u@\h: \w\a\]${debian_chroot:+($debian_chroot)}\[\033[01;32m\]\u@\h\[\033[00m\]:\[\033[01;34m\]\w\[\033[00m\]\$ VIRTUAL_ENV_PROMPT=(venv-ardupilot) /usr/bin/cmake --install /home/maul/ws_kinclong_sim/build/explore_lite
[0.786s] INFO:colcon.colcon_core.shell:Creating environment descriptor '/home/maul/ws_kinclong_sim/install/explore_lite/share/explore_lite/hook/cmake_prefix_path.dsv'
[0.787s] INFO:colcon.colcon_core.shell:Creating environment hook '/home/maul/ws_kinclong_sim/install/explore_lite/share/explore_lite/hook/cmake_prefix_path.sh'
[0.788s] Level 1:colcon.colcon_core.environment:checking '/home/maul/ws_kinclong_sim/install/explore_lite/lib'
[0.789s] Level 1:colcon.colcon_core.environment:checking '/home/maul/ws_kinclong_sim/install/explore_lite/bin'
[0.789s] Level 1:colcon.colcon_core.environment:checking '/home/maul/ws_kinclong_sim/install/explore_lite/lib/pkgconfig/explore_lite.pc'
[0.789s] Level 1:colcon.colcon_core.environment:checking '/home/maul/ws_kinclong_sim/install/explore_lite/lib/python3.12/site-packages'
[0.790s] Level 1:colcon.colcon_core.environment:checking '/home/maul/ws_kinclong_sim/install/explore_lite/bin'
[0.791s] INFO:colcon.colcon_core.shell:Creating package script '/home/maul/ws_kinclong_sim/install/explore_lite/share/explore_lite/package.ps1'
[0.792s] INFO:colcon.colcon_core.shell:Creating package descriptor '/home/maul/ws_kinclong_sim/install/explore_lite/share/explore_lite/package.dsv'
[0.793s] INFO:colcon.colcon_core.shell:Creating package script '/home/maul/ws_kinclong_sim/install/explore_lite/share/explore_lite/package.sh'
[0.794s] INFO:colcon.colcon_core.shell:Creating package script '/home/maul/ws_kinclong_sim/install/explore_lite/share/explore_lite/package.bash'
[0.795s] INFO:colcon.colcon_core.shell:Creating package script '/home/maul/ws_kinclong_sim/install/explore_lite/share/explore_lite/package.zsh'
[0.797s] Level 1:colcon.colcon_core.environment:create_file_with_runtime_dependencies(/home/maul/ws_kinclong_sim/install/explore_lite/share/colcon-core/packages/explore_lite)
[0.806s] Level 1:colcon.colcon_core.environment:create_environment_scripts_only(explore_lite)
[0.807s] Level 1:colcon.colcon_core.environment:checking '/home/maul/ws_kinclong_sim/install/explore_lite' for CMake module files
[0.812s] Level 1:colcon.colcon_core.environment:checking '/home/maul/ws_kinclong_sim/install/explore_lite' for CMake config files
[0.812s] Level 1:colcon.colcon_core.shell:create_environment_hook('explore_lite', 'cmake_prefix_path')
[0.813s] INFO:colcon.colcon_core.shell:Creating environment hook '/home/maul/ws_kinclong_sim/install/explore_lite/share/explore_lite/hook/cmake_prefix_path.ps1'
[0.815s] INFO:colcon.colcon_core.shell:Creating environment descriptor '/home/maul/ws_kinclong_sim/install/explore_lite/share/explore_lite/hook/cmake_prefix_path.dsv'
[0.817s] INFO:colcon.colcon_core.shell:Creating environment hook '/home/maul/ws_kinclong_sim/install/explore_lite/share/explore_lite/hook/cmake_prefix_path.sh'
[0.818s] Level 1:colcon.colcon_core.environment:checking '/home/maul/ws_kinclong_sim/install/explore_lite/lib'
[0.818s] Level 1:colcon.colcon_core.environment:checking '/home/maul/ws_kinclong_sim/install/explore_lite/bin'
[0.819s] Level 1:colcon.colcon_core.environment:checking '/home/maul/ws_kinclong_sim/install/explore_lite/lib/pkgconfig/explore_lite.pc'
[0.819s] Level 1:colcon.colcon_core.environment:checking '/home/maul/ws_kinclong_sim/install/explore_lite/lib/python3.12/site-packages'
[0.820s] Level 1:colcon.colcon_core.environment:checking '/home/maul/ws_kinclong_sim/install/explore_lite/bin'
[0.820s] INFO:colcon.colcon_core.shell:Creating package script '/home/maul/ws_kinclong_sim/install/explore_lite/share/explore_lite/package.ps1'
[0.822s] INFO:colcon.colcon_core.shell:Creating package descriptor '/home/maul/ws_kinclong_sim/install/explore_lite/share/explore_lite/package.dsv'
[0.823s] INFO:colcon.colcon_core.shell:Creating package script '/home/maul/ws_kinclong_sim/install/explore_lite/share/explore_lite/package.sh'
[0.825s] INFO:colcon.colcon_core.shell:Creating package script '/home/maul/ws_kinclong_sim/install/explore_lite/share/explore_lite/package.bash'
[0.826s] INFO:colcon.colcon_core.shell:Creating package script '/home/maul/ws_kinclong_sim/install/explore_lite/share/explore_lite/package.zsh'
[0.827s] Level 1:colcon.colcon_core.environment:create_file_with_runtime_dependencies(/home/maul/ws_kinclong_sim/install/explore_lite/share/colcon-core/packages/explore_lite)
[0.829s] Level 1:colcon.colcon_core.environment:create_environment_scripts_only(vac_bot)
[0.830s] Level 1:colcon.colcon_core.environment:checking '/home/maul/ws_kinclong_sim/install/vac_bot' for CMake module files
[0.832s] Level 1:colcon.colcon_core.environment:checking '/home/maul/ws_kinclong_sim/install/vac_bot' for CMake config files
[0.833s] Level 1:colcon.colcon_core.shell:create_environment_hook('vac_bot', 'cmake_prefix_path')
[0.833s] INFO:colcon.colcon_core.shell:Creating environment hook '/home/maul/ws_kinclong_sim/install/vac_bot/share/vac_bot/hook/cmake_prefix_path.ps1'
[0.835s] INFO:colcon.colcon_core.shell:Creating environment descriptor '/home/maul/ws_kinclong_sim/install/vac_bot/share/vac_bot/hook/cmake_prefix_path.dsv'
[0.836s] INFO:colcon.colcon_core.shell:Creating environment hook '/home/maul/ws_kinclong_sim/install/vac_bot/share/vac_bot/hook/cmake_prefix_path.sh'
[0.839s] Level 1:colcon.colcon_core.environment:checking '/home/maul/ws_kinclong_sim/install/vac_bot/bin'
[0.839s] Level 1:colcon.colcon_core.environment:checking '/home/maul/ws_kinclong_sim/install/vac_bot/lib/pkgconfig/vac_bot.pc'
[0.839s] Level 1:colcon.colcon_core.environment:checking '/home/maul/ws_kinclong_sim/install/vac_bot/lib/python3.12/site-packages'
[0.840s] Level 1:colcon.colcon_core.environment:checking '/home/maul/ws_kinclong_sim/install/vac_bot/bin'
[0.841s] INFO:colcon.colcon_core.shell:Creating package script '/home/maul/ws_kinclong_sim/install/vac_bot/share/vac_bot/package.ps1'
[0.842s] INFO:colcon.colcon_core.shell:Creating package descriptor '/home/maul/ws_kinclong_sim/install/vac_bot/share/vac_bot/package.dsv'
[0.844s] INFO:colcon.colcon_core.shell:Creating package script '/home/maul/ws_kinclong_sim/install/vac_bot/share/vac_bot/package.sh'
[0.845s] INFO:colcon.colcon_core.shell:Creating package script '/home/maul/ws_kinclong_sim/install/vac_bot/share/vac_bot/package.bash'
[0.846s] INFO:colcon.colcon_core.shell:Creating package script '/home/maul/ws_kinclong_sim/install/vac_bot/share/vac_bot/package.zsh'
[0.847s] Level 1:colcon.colcon_core.environment:create_file_with_runtime_dependencies(/home/maul/ws_kinclong_sim/install/vac_bot/share/colcon-core/packages/vac_bot)
[0.848s] Level 1:colcon.colcon_core.environment:create_environment_scripts_only(multirobot_map_merge)
[0.849s] Level 1:colcon.colcon_core.environment:checking '/home/maul/ws_kinclong_sim/install/multirobot_map_merge' for CMake module files
[0.850s] Level 1:colcon.colcon_core.environment:checking '/home/maul/ws_kinclong_sim/install/multirobot_map_merge' for CMake config files
[0.852s] DEBUG:colcon.colcon_core.event_handler.log_command:Invoked command in '/home/maul/ws_kinclong_sim/build/multirobot_map_merge' returned '0': CMAKE_PREFIX_PATH=${CMAKE_PREFIX_PATH}:/opt/ros/jazzy DEBUGINFOD_URLS=https://debuginfod.ubuntu.com PS1=\[\e]0;\u@\h: \w\a\]${debian_chroot:+($debian_chroot)}\[\033[01;32m\]\u@\h\[\033[00m\]:\[\033[01;34m\]\w\[\033[00m\]\$ VIRTUAL_ENV_PROMPT=(venv-ardupilot) /usr/bin/cmake --install /home/maul/ws_kinclong_sim/build/multirobot_map_merge
[0.853s] Level 1:colcon.colcon_core.shell:create_environment_hook('multirobot_map_merge', 'cmake_prefix_path')
[0.854s] INFO:colcon.colcon_core.shell:Creating environment hook '/home/maul/ws_kinclong_sim/install/multirobot_map_merge/share/multirobot_map_merge/hook/cmake_prefix_path.ps1'
[0.855s] INFO:colcon.colcon_core.shell:Creating environment descriptor '/home/maul/ws_kinclong_sim/install/multirobot_map_merge/share/multirobot_map_merge/hook/cmake_prefix_path.dsv'
[0.856s] INFO:colcon.colcon_core.shell:Creating environment hook '/home/maul/ws_kinclong_sim/install/multirobot_map_merge/share/multirobot_map_merge/hook/cmake_prefix_path.sh'
[0.857s] Level 1:colcon.colcon_core.environment:checking '/home/maul/ws_kinclong_sim/install/multirobot_map_merge/lib'
[0.857s] Level 1:colcon.colcon_core.environment:checking '/home/maul/ws_kinclong_sim/install/multirobot_map_merge/bin'
[0.857s] Level 1:colcon.colcon_core.environment:checking '/home/maul/ws_kinclong_sim/install/multirobot_map_merge/lib/pkgconfig/multirobot_map_merge.pc'
[0.858s] Level 1:colcon.colcon_core.environment:checking '/home/maul/ws_kinclong_sim/install/multirobot_map_merge/lib/python3.12/site-packages'
[0.858s] Level 1:colcon.colcon_core.environment:checking '/home/maul/ws_kinclong_sim/install/multirobot_map_merge/bin'
[0.859s] INFO:colcon.colcon_core.shell:Creating package script '/home/maul/ws_kinclong_sim/install/multirobot_map_merge/share/multirobot_map_merge/package.ps1'
[0.861s] INFO:colcon.colcon_core.shell:Creating package descriptor '/home/maul/ws_kinclong_sim/install/multirobot_map_merge/share/multirobot_map_merge/package.dsv'
[0.862s] INFO:colcon.colcon_core.shell:Creating package script '/home/maul/ws_kinclong_sim/install/multirobot_map_merge/share/multirobot_map_merge/package.sh'
[0.863s] INFO:colcon.colcon_core.shell:Creating package script '/home/maul/ws_kinclong_sim/install/multirobot_map_merge/share/multirobot_map_merge/package.bash'
[0.863s] INFO:colcon.colcon_core.shell:Creating package script '/home/maul/ws_kinclong_sim/install/multirobot_map_merge/share/multirobot_map_merge/package.zsh'
[0.864s] Level 1:colcon.colcon_core.environment:create_file_with_runtime_dependencies(/home/maul/ws_kinclong_sim/install/multirobot_map_merge/share/colcon-core/packages/multirobot_map_merge)
[0.866s] Level 1:colcon.colcon_core.environment:create_environment_scripts_only(multirobot_map_merge)
[0.866s] Level 1:colcon.colcon_core.environment:checking '/home/maul/ws_kinclong_sim/install/multirobot_map_merge' for CMake module files
[0.868s] Level 1:colcon.colcon_core.environment:checking '/home/maul/ws_kinclong_sim/install/multirobot_map_merge' for CMake config files
[0.869s] Level 1:colcon.colcon_core.shell:create_environment_hook('multirobot_map_merge', 'cmake_prefix_path')
[0.869s] INFO:colcon.colcon_core.shell:Creating environment hook '/home/maul/ws_kinclong_sim/install/multirobot_map_merge/share/multirobot_map_merge/hook/cmake_prefix_path.ps1'
[0.871s] INFO:colcon.colcon_core.shell:Creating environment descriptor '/home/maul/ws_kinclong_sim/install/multirobot_map_merge/share/multirobot_map_merge/hook/cmake_prefix_path.dsv'
[0.872s] INFO:colcon.colcon_core.shell:Creating environment hook '/home/maul/ws_kinclong_sim/install/multirobot_map_merge/share/multirobot_map_merge/hook/cmake_prefix_path.sh'
[0.874s] Level 1:colcon.colcon_core.environment:checking '/home/maul/ws_kinclong_sim/install/multirobot_map_merge/lib'
[0.875s] Level 1:colcon.colcon_core.environment:checking '/home/maul/ws_kinclong_sim/install/multirobot_map_merge/bin'
[0.875s] Level 1:colcon.colcon_core.environment:checking '/home/maul/ws_kinclong_sim/install/multirobot_map_merge/lib/pkgconfig/multirobot_map_merge.pc'
[0.875s] Level 1:colcon.colcon_core.environment:checking '/home/maul/ws_kinclong_sim/install/multirobot_map_merge/lib/python3.12/site-packages'
[0.876s] Level 1:colcon.colcon_core.environment:checking '/home/maul/ws_kinclong_sim/install/multirobot_map_merge/bin'
[0.877s] INFO:colcon.colcon_core.shell:Creating package script '/home/maul/ws_kinclong_sim/install/multirobot_map_merge/share/multirobot_map_merge/package.ps1'
[0.879s] INFO:colcon.colcon_core.shell:Creating package descriptor '/home/maul/ws_kinclong_sim/install/multirobot_map_merge/share/multirobot_map_merge/package.dsv'
[0.880s] INFO:colcon.colcon_core.shell:Creating package script '/home/maul/ws_kinclong_sim/install/multirobot_map_merge/share/multirobot_map_merge/package.sh'
[0.882s] INFO:colcon.colcon_core.shell:Creating package script '/home/maul/ws_kinclong_sim/install/multirobot_map_merge/share/multirobot_map_merge/package.bash'
[0.884s] INFO:colcon.colcon_core.shell:Creating package script '/home/maul/ws_kinclong_sim/install/multirobot_map_merge/share/multirobot_map_merge/package.zsh'
[0.886s] Level 1:colcon.colcon_core.environment:create_file_with_runtime_dependencies(/home/maul/ws_kinclong_sim/install/multirobot_map_merge/share/colcon-core/packages/multirobot_map_merge)
[0.886s] DEBUG:colcon.colcon_parallel_executor.executor.parallel:closing loop
[0.888s] DEBUG:colcon.colcon_parallel_executor.executor.parallel:loop closed
[0.888s] DEBUG:colcon.colcon_parallel_executor.executor.parallel:run_until_complete finished with '0'
[0.889s] DEBUG:colcon.colcon_core.event_reactor:joining thread
[0.905s] INFO:colcon.colcon_core.plugin_system:Skipping extension 'colcon_notification.desktop_notification.terminal_notifier': Not used on non-Darwin systems
[0.906s] INFO:colcon.colcon_core.plugin_system:Skipping extension 'colcon_notification.desktop_notification.win32': Not used on non-Windows systems
[0.906s] INFO:colcon.colcon_notification.desktop_notification:Sending desktop notification using 'notify2'
[0.941s] DEBUG:colcon.colcon_core.event_reactor:joined thread
[0.941s] INFO:colcon.colcon_core.shell:Creating prefix script '/home/maul/ws_kinclong_sim/install/local_setup.ps1'
[0.943s] INFO:colcon.colcon_core.shell:Creating prefix util module '/home/maul/ws_kinclong_sim/install/_local_setup_util_ps1.py'
[0.946s] INFO:colcon.colcon_core.shell:Creating prefix chain script '/home/maul/ws_kinclong_sim/install/setup.ps1'
[0.964s] INFO:colcon.colcon_core.shell:Creating prefix script '/home/maul/ws_kinclong_sim/install/local_setup.sh'
[0.966s] INFO:colcon.colcon_core.shell:Creating prefix util module '/home/maul/ws_kinclong_sim/install/_local_setup_util_sh.py'
[0.967s] INFO:colcon.colcon_core.shell:Creating prefix chain script '/home/maul/ws_kinclong_sim/install/setup.sh'
[0.970s] INFO:colcon.colcon_core.shell:Creating prefix script '/home/maul/ws_kinclong_sim/install/local_setup.bash'
[0.971s] INFO:colcon.colcon_core.shell:Creating prefix chain script '/home/maul/ws_kinclong_sim/install/setup.bash'
[0.974s] INFO:colcon.colcon_core.shell:Creating prefix script '/home/maul/ws_kinclong_sim/install/local_setup.zsh'
[0.975s] INFO:colcon.colcon_core.shell:Creating prefix chain script '/home/maul/ws_kinclong_sim/install/setup.zsh'
